INFO: topic #0 (1.000): 0.008*"variable" + 0.007*"global" + 0.006*"scope" + 0.005*"function" + 0.005*"local" + 0.005*"name" + 0.005*"c" + 0.005*"error" + 0.004*"value" + 0.004*"num"
INFO: topic #1 (1.000): 0.059*"program" + 0.046*"variable" + 0.045*"value" + 0.045*"loop" + 0.030*"definition" + 0.030*"class" + 0.016*"test" + 0.016*"access" + 0.016*"key" + 0.016*"other"
INFO: topic #2 (1.000): 0.066*"variable" + 0.044*"global" + 0.041*"local" + 0.038*"function" + 0.034*"scope" + 0.024*"name" + 0.023*"c" + 0.021*"assignment" + 0.020*"line" + 0.020*"num"
INFO: topic #0 (1.000): 0.057*"variable" + 0.039*"global" + 0.038*"local" + 0.034*"scope" + 0.028*"function" + 0.026*"name" + 0.024*"c" + 0.021*"assignment" + 0.021*"line" + 0.021*"num"
INFO: topic #1 (1.000): 0.117*"variable" + 0.106*"function" + 0.070*"global" + 0.048*"access" + 0.048*"local" + 0.032*"value" + 0.025*"scope" + 0.025*"inside" + 0.013*"practice" + 0.013*"good"
INFO: topic #2 (1.000): 0.062*"program" + 0.047*"variable" + 0.047*"loop" + 0.037*"value" + 0.032*"class" + 0.032*"definition" + 0.017*"test" + 0.017*"point" + 0.017*"version" + 0.017*"mind"
INFO: topic #0 (1.000): 0.057*"variable" + 0.039*"global" + 0.038*"local" + 0.034*"scope" + 0.028*"function" + 0.026*"name" + 0.024*"c" + 0.021*"assignment" + 0.021*"num" + 0.021*"line"
INFO: topic #1 (1.000): 0.122*"variable" + 0.109*"function" + 0.071*"global" + 0.049*"local" + 0.049*"access" + 0.028*"value" + 0.026*"scope" + 0.025*"inside" + 0.013*"test" + 0.013*"outside"
INFO: topic #2 (1.000): 0.060*"program" + 0.046*"loop" + 0.044*"variable" + 0.042*"value" + 0.031*"class" + 0.031*"definition" + 0.016*"mind" + 0.016*"version" + 0.016*"point" + 0.016*"print"
INFO: topic #0 (1.000): 0.059*"program" + 0.047*"variable" + 0.046*"value" + 0.045*"loop" + 0.030*"class" + 0.030*"definition" + 0.017*"test" + 0.016*"access" + 0.016*"point" + 0.016*"version"
INFO: topic #1 (1.000): 0.066*"variable" + 0.044*"global" + 0.041*"local" + 0.038*"function" + 0.034*"scope" + 0.024*"name" + 0.023*"c" + 0.021*"assignment" + 0.020*"line" + 0.020*"num"
INFO: topic #2 (1.000): 0.005*"variable" + 0.004*"global" + 0.004*"function" + 0.004*"scope" + 0.004*"local" + 0.004*"value" + 0.004*"c" + 0.004*"access" + 0.004*"error" + 0.004*"loop"
INFO: topic #0 (1.000): 0.060*"program" + 0.046*"loop" + 0.044*"value" + 0.043*"variable" + 0.031*"class" + 0.031*"definition" + 0.016*"point" + 0.016*"version" + 0.016*"mind" + 0.016*"test"
INFO: topic #1 (1.000): 0.057*"variable" + 0.039*"global" + 0.038*"local" + 0.034*"scope" + 0.028*"function" + 0.026*"name" + 0.024*"c" + 0.021*"assignment" + 0.021*"line" + 0.021*"num"
INFO: topic #2 (1.000): 0.119*"variable" + 0.107*"function" + 0.071*"global" + 0.050*"local" + 0.045*"access" + 0.027*"scope" + 0.026*"value" + 0.025*"inside" + 0.013*"assignment" + 0.013*"error"
INFO: topic #0 (1.000): 0.066*"variable" + 0.044*"global" + 0.041*"local" + 0.038*"function" + 0.034*"scope" + 0.024*"name" + 0.023*"c" + 0.021*"assignment" + 0.020*"line" + 0.020*"num"
INFO: topic #1 (1.000): 0.010*"variable" + 0.006*"global" + 0.006*"local" + 0.006*"function" + 0.005*"scope" + 0.005*"num" + 0.005*"c" + 0.005*"name" + 0.005*"error" + 0.005*"assignment"
INFO: topic #2 (1.000): 0.059*"program" + 0.046*"variable" + 0.046*"value" + 0.045*"loop" + 0.030*"class" + 0.030*"definition" + 0.016*"test" + 0.016*"version" + 0.016*"mind" + 0.016*"point"
INFO: topic #0 (1.000): 0.043*"loop" + 0.035*"access" + 0.032*"other" + 0.032*"appropriate" + 0.032*"value" + 0.004*"variable" + 0.004*"function" + 0.003*"global" + 0.003*"scope" + 0.003*"local"
INFO: topic #1 (1.000): 0.067*"variable" + 0.042*"global" + 0.039*"local" + 0.037*"function" + 0.034*"scope" + 0.023*"name" + 0.022*"c" + 0.020*"assignment" + 0.019*"line" + 0.019*"num"
INFO: topic #2 (1.000): 0.010*"variable" + 0.007*"local" + 0.007*"global" + 0.007*"function" + 0.006*"scope" + 0.005*"name" + 0.005*"value" + 0.005*"c" + 0.005*"assignment" + 0.005*"num"
INFO: topic #0 (1.000): 0.106*"variable" + 0.074*"function" + 0.047*"global" + 0.042*"value" + 0.034*"access" + 0.034*"program" + 0.033*"local" + 0.026*"loop" + 0.025*"scope" + 0.017*"inside"
INFO: topic #1 (1.000): 0.057*"variable" + 0.039*"global" + 0.038*"local" + 0.034*"scope" + 0.029*"function" + 0.026*"name" + 0.024*"c" + 0.021*"assignment" + 0.021*"line" + 0.021*"num"
INFO: topic #2 (1.000): 0.009*"global" + 0.009*"variable" + 0.008*"local" + 0.006*"scope" + 0.006*"function" + 0.005*"c" + 0.005*"assignment" + 0.005*"name" + 0.005*"num" + 0.005*"code"
INFO: topic #0 (1.000): 0.067*"variable" + 0.042*"global" + 0.039*"local" + 0.036*"function" + 0.034*"scope" + 0.023*"name" + 0.022*"c" + 0.020*"assignment" + 0.019*"num" + 0.019*"line"
INFO: topic #1 (1.000): 0.039*"loop" + 0.038*"access" + 0.033*"value" + 0.031*"other" + 0.031*"appropriate" + 0.008*"function" + 0.008*"variable" + 0.007*"global" + 0.004*"local" + 0.004*"scope"
INFO: topic #2 (1.000): 0.006*"variable" + 0.005*"function" + 0.005*"global" + 0.004*"local" + 0.004*"loop" + 0.004*"value" + 0.004*"access" + 0.004*"scope" + 0.004*"assignment" + 0.004*"appropriate"
INFO: topic #0 (1.000): 0.040*"loop" + 0.034*"access" + 0.033*"value" + 0.032*"other" + 0.032*"appropriate" + 0.005*"variable" + 0.005*"function" + 0.005*"global" + 0.004*"scope" + 0.004*"local"
INFO: topic #1 (1.000): 0.004*"variable" + 0.004*"function" + 0.004*"loop" + 0.004*"global" + 0.004*"value" + 0.004*"access" + 0.004*"local" + 0.004*"appropriate" + 0.004*"program" + 0.004*"scope"
INFO: topic #2 (1.000): 0.067*"variable" + 0.042*"global" + 0.039*"local" + 0.037*"function" + 0.034*"scope" + 0.023*"name" + 0.022*"c" + 0.020*"assignment" + 0.019*"num" + 0.019*"line"
