INFO: topic #0 (1.000): 0.039*"c" + 0.036*"scope" + 0.035*"num" + 0.031*"=" + 0.028*"name" + 0.023*"code" + 0.022*"line" + 0.021*"variable" + 0.021*"dictionary" + 0.017*"builtin"
INFO: topic #1 (1.000): 0.100*"variable" + 0.081*"global" + 0.079*"function" + 0.076*"local" + 0.034*"assignment" + 0.025*"scope" + 0.024*"case" + 0.021*"error" + 0.021*"value" + 0.020*"life"
INFO: topic #2 (1.000): 0.046*"program" + 0.040*"loop" + 0.036*"value" + 0.033*"variable" + 0.024*"definition" + 0.024*"class" + 0.013*"mind" + 0.013*"point" + 0.013*"version" + 0.013*"current"
INFO: topic #0 (1.000): 0.076*"variable" + 0.050*"local" + 0.038*"global" + 0.038*"function" + 0.034*"scope" + 0.026*"assignment" + 0.024*"name" + 0.021*"line" + 0.019*"c" + 0.018*"error"
INFO: topic #1 (1.000): 0.050*"loop" + 0.046*"program" + 0.037*"value" + 0.033*"variable" + 0.024*"definition" + 0.024*"class" + 0.013*"mind" + 0.013*"version" + 0.013*"point" + 0.013*"testing"
INFO: topic #2 (1.000): 0.137*"global" + 0.109*"function" + 0.059*"boss(live" + 0.035*"local" + 0.030*"coffee_machine" + 0.030*"start" + 0.030*"force" + 0.030*"condition" + 0.030*"new_live" + 0.030*"term"
INFO: topic #0 (1.000): 0.107*"variable" + 0.073*"local" + 0.071*"function" + 0.040*"life" + 0.029*"assignment" + 0.027*"global" + 0.026*"compiler" + 0.026*"case" + 0.026*"boss(live" + 0.024*"loop"
INFO: topic #1 (1.000): 0.178*"global" + 0.072*"function" + 0.042*"start" + 0.042*"coffee_machine" + 0.042*"force" + 0.041*"value" + 0.036*"line" + 0.002*"local" + 0.002*"other" + 0.002*"variable"
INFO: topic #2 (1.000): 0.055*"variable" + 0.039*"local" + 0.038*"global" + 0.033*"scope" + 0.028*"function" + 0.025*"name" + 0.023*"c" + 0.021*"line" + 0.021*"assignment" + 0.021*"num"
INFO: topic #0 (1.000): 0.072*"variable" + 0.053*"local" + 0.038*"function" + 0.037*"global" + 0.033*"scope" + 0.026*"assignment" + 0.024*"name" + 0.021*"line" + 0.019*"c" + 0.017*"error"
INFO: topic #1 (1.000): 0.118*"global" + 0.085*"function" + 0.056*"value" + 0.039*"variable" + 0.028*"program" + 0.027*"loop" + 0.026*"force" + 0.026*"start" + 0.026*"coffee_machine" + 0.025*"access"
INFO: topic #2 (1.000): 0.004*"global" + 0.004*"function" + 0.004*"variable" + 0.003*"local" + 0.003*"line" + 0.003*"scope" + 0.003*"name" + 0.003*"value" + 0.003*"c" + 0.003*"="
INFO: topic #0 (1.000): 0.074*"variable" + 0.051*"local" + 0.040*"function" + 0.037*"global" + 0.032*"scope" + 0.024*"assignment" + 0.023*"name" + 0.018*"c" + 0.017*"line" + 0.016*"error"
INFO: topic #1 (1.000): 0.004*"function" + 0.004*"global" + 0.004*"local" + 0.004*"variable" + 0.003*"value" + 0.003*"access" + 0.003*"line" + 0.003*"boss(live" + 0.003*"scope" + 0.003*"assignment"
INFO: topic #2 (1.000): 0.168*"global" + 0.088*"function" + 0.052*"value" + 0.040*"coffee_machine" + 0.040*"start" + 0.040*"force" + 0.031*"line" + 0.012*"appropriate" + 0.012*"other" + 0.002*"local"
INFO: topic #0 (1.000): 0.048*"program" + 0.035*"variable" + 0.028*"loop" + 0.027*"value" + 0.025*"class" + 0.025*"definition" + 0.015*"test" + 0.014*"version" + 0.014*"point" + 0.014*"mind"
INFO: topic #1 (1.000): 0.061*"variable" + 0.042*"local" + 0.036*"scope" + 0.035*"global" + 0.028*"assignment" + 0.028*"function" + 0.026*"name" + 0.021*"c" + 0.019*"error" + 0.019*"line"
INFO: topic #2 (1.000): 0.120*"function" + 0.111*"global" + 0.090*"variable" + 0.075*"local" + 0.037*"boss(live" + 0.032*"value" + 0.028*"inside" + 0.023*"outside" + 0.022*"loop" + 0.020*"access"
INFO: topic #0 (1.000): 0.048*"loop" + 0.048*"program" + 0.034*"variable" + 0.027*"value" + 0.025*"definition" + 0.025*"class" + 0.013*"point" + 0.013*"version" + 0.013*"mind" + 0.013*"test"
INFO: topic #1 (1.000): 0.161*"global" + 0.065*"function" + 0.050*"value" + 0.044*"start" + 0.044*"force" + 0.044*"coffee_machine" + 0.014*"other" + 0.014*"appropriate" + 0.002*"loop" + 0.002*"boss(live"
INFO: topic #2 (1.000): 0.073*"variable" + 0.053*"local" + 0.045*"function" + 0.040*"global" + 0.033*"scope" + 0.025*"assignment" + 0.023*"name" + 0.020*"line" + 0.018*"c" + 0.017*"error"
INFO: topic #0 (1.000): 0.060*"variable" + 0.039*"local" + 0.034*"global" + 0.033*"scope" + 0.027*"function" + 0.026*"name" + 0.024*"assignment" + 0.020*"c" + 0.019*"line" + 0.018*"num"
INFO: topic #1 (1.000): 0.004*"variable" + 0.004*"life" + 0.004*"local" + 0.004*"global" + 0.003*"function" + 0.003*"compiler" + 0.003*"assignment" + 0.003*"value" + 0.003*"error" + 0.003*"scope"
INFO: topic #2 (1.000): 0.113*"function" + 0.103*"global" + 0.097*"variable" + 0.076*"local" + 0.033*"boss(live" + 0.031*"value" + 0.026*"inside" + 0.021*"outside" + 0.019*"access" + 0.019*"loop"
INFO: topic #0 (1.000): 0.051*"value" + 0.045*"program" + 0.045*"loop" + 0.035*"variable" + 0.024*"class" + 0.024*"definition" + 0.013*"test" + 0.013*"point" + 0.013*"mind" + 0.013*"version"
INFO: topic #1 (1.000): 0.073*"variable" + 0.052*"local" + 0.046*"function" + 0.041*"global" + 0.032*"scope" + 0.025*"assignment" + 0.023*"name" + 0.020*"line" + 0.018*"c" + 0.017*"error"
INFO: topic #2 (1.000): 0.167*"global" + 0.052*"function" + 0.048*"coffee_machine" + 0.048*"force" + 0.048*"start" + 0.015*"appropriate" + 0.002*"other" + 0.002*"value" + 0.002*"line" + 0.002*"local"
INFO: topic #0 (1.000): 0.047*"program" + 0.047*"loop" + 0.038*"variable" + 0.027*"value" + 0.025*"class" + 0.024*"definition" + 0.013*"test" + 0.013*"mind" + 0.013*"point" + 0.013*"version"
INFO: topic #1 (1.000): 0.166*"global" + 0.090*"function" + 0.050*"value" + 0.039*"start" + 0.039*"coffee_machine" + 0.039*"force" + 0.035*"line" + 0.026*"local" + 0.012*"other" + 0.012*"appropriate"
INFO: topic #2 (1.000): 0.074*"variable" + 0.051*"local" + 0.042*"function" + 0.038*"global" + 0.032*"scope" + 0.025*"assignment" + 0.024*"name" + 0.019*"c" + 0.017*"error" + 0.017*"line"
