INFO: topic #0 (1.000): 0.006*"variable" + 0.006*"global" + 0.006*"local" + 0.005*"function" + 0.005*"scope" + 0.005*"c" + 0.005*"name" + 0.005*"value" + 0.005*"assignment" + 0.005*"num"
INFO: topic #1 (1.000): 0.034*"loop" + 0.034*"appropriate" + 0.034*"other" + 0.034*"access" + 0.032*"value" + 0.006*"variable" + 0.005*"local" + 0.005*"global" + 0.004*"scope" + 0.004*"assignment"
INFO: topic #2 (1.000): 0.058*"variable" + 0.040*"global" + 0.038*"local" + 0.034*"scope" + 0.030*"function" + 0.026*"name" + 0.024*"c" + 0.021*"num" + 0.021*"line" + 0.021*"assignment"
INFO: topic #0 (1.000): 0.035*"loop" + 0.035*"appropriate" + 0.034*"other" + 0.034*"access" + 0.033*"value" + 0.004*"variable" + 0.004*"function" + 0.004*"global" + 0.004*"local" + 0.004*"scope"
INFO: topic #1 (1.000): 0.005*"variable" + 0.005*"function" + 0.005*"global" + 0.004*"local" + 0.004*"scope" + 0.004*"name" + 0.004*"other" + 0.004*"access" + 0.004*"line" + 0.004*"c"
INFO: topic #2 (1.000): 0.058*"variable" + 0.040*"global" + 0.038*"local" + 0.034*"scope" + 0.030*"function" + 0.026*"name" + 0.024*"c" + 0.021*"num" + 0.021*"assignment" + 0.021*"line"
INFO: topic #0 (1.000): 0.034*"loop" + 0.034*"appropriate" + 0.034*"other" + 0.033*"access" + 0.033*"value" + 0.008*"variable" + 0.006*"global" + 0.005*"function" + 0.005*"scope" + 0.005*"local"
INFO: topic #1 (1.000): 0.058*"variable" + 0.040*"global" + 0.038*"local" + 0.034*"scope" + 0.030*"function" + 0.026*"name" + 0.024*"c" + 0.021*"assignment" + 0.021*"num" + 0.021*"line"
INFO: topic #2 (1.000): 0.005*"variable" + 0.004*"global" + 0.004*"name" + 0.004*"function" + 0.004*"local" + 0.004*"value" + 0.004*"c" + 0.004*"scope" + 0.004*"access" + 0.004*"line"
INFO: topic #0 (1.000): 0.058*"variable" + 0.040*"global" + 0.038*"local" + 0.034*"scope" + 0.030*"function" + 0.026*"name" + 0.024*"c" + 0.021*"assignment" + 0.021*"line" + 0.021*"num"
INFO: topic #1 (1.000): 0.009*"loop" + 0.009*"value" + 0.007*"access" + 0.007*"variable" + 0.006*"function" + 0.006*"global" + 0.005*"scope" + 0.005*"local" + 0.005*"c" + 0.004*"name"
INFO: topic #2 (1.000): 0.035*"other" + 0.035*"appropriate" + 0.032*"access" + 0.030*"loop" + 0.025*"value" + 0.004*"variable" + 0.004*"function" + 0.004*"global" + 0.004*"local" + 0.004*"scope"
INFO: topic #0 (1.000): 0.005*"function" + 0.005*"appropriate" + 0.005*"global" + 0.005*"variable" + 0.005*"other" + 0.004*"scope" + 0.004*"access" + 0.004*"name" + 0.004*"local" + 0.004*"c"
INFO: topic #1 (1.000): 0.058*"variable" + 0.039*"global" + 0.038*"local" + 0.034*"scope" + 0.030*"function" + 0.025*"name" + 0.024*"c" + 0.021*"assignment" + 0.021*"num" + 0.021*"line"
INFO: topic #2 (1.000): 0.020*"variable" + 0.016*"global" + 0.013*"local" + 0.011*"function" + 0.011*"name" + 0.010*"scope" + 0.008*"c" + 0.008*"line" + 0.008*"assignment" + 0.008*"num"
INFO: topic #0 (1.000): 0.007*"variable" + 0.006*"function" + 0.006*"global" + 0.006*"local" + 0.006*"scope" + 0.005*"name" + 0.005*"assignment" + 0.005*"c" + 0.005*"line" + 0.005*"num"
INFO: topic #1 (1.000): 0.034*"other" + 0.034*"loop" + 0.034*"appropriate" + 0.034*"access" + 0.032*"value" + 0.006*"variable" + 0.005*"global" + 0.005*"function" + 0.004*"scope" + 0.004*"c"
INFO: topic #2 (1.000): 0.058*"variable" + 0.040*"global" + 0.038*"local" + 0.034*"scope" + 0.030*"function" + 0.026*"name" + 0.024*"c" + 0.021*"line" + 0.021*"assignment" + 0.021*"num"
INFO: topic #0 (1.000): 0.011*"variable" + 0.008*"global" + 0.007*"function" + 0.007*"local" + 0.006*"scope" + 0.006*"name" + 0.006*"num" + 0.006*"c" + 0.005*"=" + 0.005*"assignment"
INFO: topic #1 (1.000): 0.058*"variable" + 0.040*"global" + 0.038*"local" + 0.034*"scope" + 0.030*"function" + 0.026*"name" + 0.024*"c" + 0.021*"line" + 0.021*"assignment" + 0.021*"num"
INFO: topic #2 (1.000): 0.035*"loop" + 0.035*"other" + 0.035*"appropriate" + 0.035*"access" + 0.033*"value" + 0.004*"variable" + 0.004*"function" + 0.004*"global" + 0.003*"local" + 0.003*"scope"
INFO: topic #0 (1.000): 0.058*"variable" + 0.040*"global" + 0.038*"local" + 0.034*"scope" + 0.030*"function" + 0.026*"name" + 0.024*"c" + 0.021*"num" + 0.021*"line" + 0.021*"assignment"
INFO: topic #1 (1.000): 0.006*"variable" + 0.006*"global" + 0.005*"local" + 0.005*"scope" + 0.005*"function" + 0.005*"name" + 0.005*"assignment" + 0.005*"c" + 0.005*"line" + 0.004*"error"
INFO: topic #2 (1.000): 0.035*"loop" + 0.035*"appropriate" + 0.035*"access" + 0.035*"other" + 0.034*"value" + 0.004*"variable" + 0.004*"global" + 0.004*"function" + 0.004*"scope" + 0.004*"name"
INFO: topic #0 (1.000): 0.009*"variable" + 0.008*"function" + 0.007*"global" + 0.006*"local" + 0.005*"scope" + 0.005*"assignment" + 0.005*"line" + 0.005*"name" + 0.005*"c" + 0.005*"="
INFO: topic #1 (1.000): 0.035*"loop" + 0.034*"other" + 0.034*"access" + 0.034*"appropriate" + 0.033*"value" + 0.005*"global" + 0.004*"variable" + 0.004*"function" + 0.004*"local" + 0.004*"scope"
INFO: topic #2 (1.000): 0.058*"variable" + 0.040*"global" + 0.038*"local" + 0.034*"scope" + 0.030*"function" + 0.026*"name" + 0.024*"c" + 0.021*"num" + 0.021*"assignment" + 0.021*"line"
