INFO: topic #0 (1.000): 0.060*"variable" + 0.039*"local" + 0.035*"global" + 0.034*"scope" + 0.028*"function" + 0.026*"name" + 0.023*"assignment" + 0.020*"c" + 0.020*"line" + 0.018*"="
INFO: topic #1 (1.000): 0.003*"variable" + 0.003*"function" + 0.003*"global" + 0.003*"scope" + 0.003*"local" + 0.003*"code" + 0.003*"value" + 0.003*"name" + 0.003*"line" + 0.003*"="
INFO: topic #2 (1.000): 0.114*"variable" + 0.099*"global" + 0.087*"function" + 0.055*"local" + 0.038*"var1" + 0.038*"f" + 0.038*"value" + 0.025*"inside" + 0.022*"scope" + 0.017*"work"
INFO: topic #0 (1.000): 0.118*"variable" + 0.099*"global" + 0.086*"function" + 0.056*"local" + 0.036*"var1" + 0.036*"f" + 0.029*"scope" + 0.024*"inside" + 0.020*"value" + 0.017*"work"
INFO: topic #1 (1.000): 0.059*"variable" + 0.039*"local" + 0.035*"global" + 0.032*"scope" + 0.028*"function" + 0.024*"name" + 0.022*"assignment" + 0.021*"c" + 0.020*"line" + 0.019*"="
INFO: topic #2 (1.000): 0.107*"value" + 0.047*"condition" + 0.024*"bit" + 0.024*"long" + 0.024*"define" + 0.024*"comment" + 0.024*"execute" + 0.024*"instance" + 0.024*"coffee_machine" + 0.024*"force"
INFO: topic #0 (1.000): 0.084*"value" + 0.039*"loop" + 0.039*"program" + 0.028*"condition" + 0.027*"variable" + 0.020*"class" + 0.020*"definition" + 0.019*"code" + 0.019*"test" + 0.015*"bit"
INFO: topic #1 (1.000): 0.120*"variable" + 0.100*"global" + 0.087*"function" + 0.056*"local" + 0.036*"var1" + 0.036*"f" + 0.030*"scope" + 0.024*"inside" + 0.019*"value" + 0.017*"work"
INFO: topic #2 (1.000): 0.059*"variable" + 0.041*"local" + 0.037*"global" + 0.033*"scope" + 0.030*"function" + 0.025*"name" + 0.023*"assignment" + 0.022*"c" + 0.021*"line" + 0.020*"="
INFO: topic #0 (1.000): 0.117*"variable" + 0.099*"global" + 0.086*"function" + 0.056*"local" + 0.036*"f" + 0.036*"var1" + 0.029*"scope" + 0.024*"inside" + 0.021*"value" + 0.017*"work"
INFO: topic #1 (1.000): 0.059*"variable" + 0.039*"local" + 0.035*"global" + 0.032*"scope" + 0.028*"function" + 0.024*"name" + 0.022*"assignment" + 0.021*"c" + 0.020*"line" + 0.019*"="
INFO: topic #2 (1.000): 0.100*"value" + 0.048*"condition" + 0.025*"comment" + 0.025*"bit" + 0.025*"define" + 0.025*"execute" + 0.025*"long" + 0.025*"instance" + 0.025*"coffee_machine" + 0.025*"force"
INFO: topic #0 (1.000): 0.115*"variable" + 0.083*"global" + 0.076*"function" + 0.054*"local" + 0.030*"var1" + 0.030*"f" + 0.029*"scope" + 0.023*"value" + 0.020*"inside" + 0.014*"work"
INFO: topic #1 (1.000): 0.056*"variable" + 0.039*"local" + 0.038*"global" + 0.033*"scope" + 0.028*"function" + 0.026*"name" + 0.023*"c" + 0.022*"assignment" + 0.022*"line" + 0.021*"="
INFO: topic #2 (1.000): 0.098*"value" + 0.048*"condition" + 0.025*"comment" + 0.025*"execute" + 0.025*"define" + 0.025*"instance" + 0.025*"long" + 0.025*"bit" + 0.025*"force" + 0.025*"start"
INFO: topic #0 (1.000): 0.120*"variable" + 0.090*"global" + 0.083*"function" + 0.051*"local" + 0.035*"f" + 0.035*"var1" + 0.028*"value" + 0.026*"scope" + 0.023*"inside" + 0.015*"work"
INFO: topic #1 (1.000): 0.093*"value" + 0.043*"condition" + 0.027*"comment" + 0.027*"define" + 0.027*"long" + 0.027*"execute" + 0.027*"bit" + 0.027*"instance" + 0.020*"appropriate" + 0.002*"code"
INFO: topic #2 (1.000): 0.057*"variable" + 0.040*"local" + 0.038*"global" + 0.034*"scope" + 0.028*"function" + 0.028*"name" + 0.024*"assignment" + 0.022*"line" + 0.021*"c" + 0.019*"="
INFO: topic #0 (1.000): 0.066*"variable" + 0.049*"local" + 0.040*"global" + 0.037*"function" + 0.035*"scope" + 0.025*"name" + 0.025*"assignment" + 0.020*"line" + 0.019*"c" + 0.019*"error"
INFO: topic #1 (1.000): 0.100*"variable" + 0.090*"global" + 0.067*"function" + 0.049*"value" + 0.042*"f" + 0.042*"var1" + 0.025*"local" + 0.022*"inside" + 0.018*"scope" + 0.015*"program"
INFO: topic #2 (1.000): 0.003*"global" + 0.003*"function" + 0.003*"variable" + 0.003*"local" + 0.003*"scope" + 0.003*"name" + 0.003*"line" + 0.003*"c" + 0.003*"assignment" + 0.003*"value"
INFO: topic #0 (1.000): 0.116*"variable" + 0.110*"global" + 0.086*"function" + 0.051*"local" + 0.044*"var1" + 0.044*"f" + 0.025*"scope" + 0.025*"inside" + 0.023*"value" + 0.019*"work"
INFO: topic #1 (1.000): 0.075*"value" + 0.039*"program" + 0.039*"loop" + 0.028*"condition" + 0.027*"variable" + 0.024*"code" + 0.020*"class" + 0.020*"definition" + 0.015*"note" + 0.015*"solution"
INFO: topic #2 (1.000): 0.064*"variable" + 0.044*"local" + 0.038*"global" + 0.034*"scope" + 0.034*"function" + 0.027*"name" + 0.026*"assignment" + 0.021*"c" + 0.020*"line" + 0.018*"num"
INFO: topic #0 (1.000): 0.075*"value" + 0.039*"program" + 0.038*"loop" + 0.028*"condition" + 0.026*"variable" + 0.023*"code" + 0.020*"class" + 0.020*"definition" + 0.015*"note" + 0.015*"solution"
INFO: topic #1 (1.000): 0.062*"variable" + 0.043*"local" + 0.038*"global" + 0.034*"scope" + 0.033*"function" + 0.025*"name" + 0.023*"assignment" + 0.021*"c" + 0.019*"line" + 0.019*"num"
INFO: topic #2 (1.000): 0.114*"variable" + 0.103*"global" + 0.083*"function" + 0.053*"local" + 0.039*"var1" + 0.039*"f" + 0.028*"scope" + 0.024*"inside" + 0.022*"value" + 0.018*"work"
INFO: topic #0 (1.000): 0.058*"variable" + 0.043*"local" + 0.039*"global" + 0.034*"scope" + 0.030*"function" + 0.027*"name" + 0.026*"assignment" + 0.022*"line" + 0.021*"c" + 0.020*"error"
INFO: topic #1 (1.000): 0.094*"value" + 0.033*"condition" + 0.025*"start" + 0.025*"coffee_machine" + 0.025*"force" + 0.025*"define" + 0.025*"instance" + 0.025*"bit" + 0.025*"long" + 0.025*"execute"
INFO: topic #2 (1.000): 0.123*"variable" + 0.093*"global" + 0.085*"function" + 0.047*"local" + 0.038*"var1" + 0.038*"f" + 0.028*"value" + 0.025*"inside" + 0.024*"scope" + 0.016*"work"
