18:40:02 INFO: ============================================================
18:40:02 INFO: Starts Training Model
18:40:02 INFO: ============================================================
18:40:02 INFO: adding document #0 to Dictionary<0 unique tokens: []>
18:40:02 INFO: built Dictionary<327 unique tokens: ["'", '+', '2.x', '3.x', '=']...> from 10 documents (total 987 corpus positions)
18:40:02 DEBUG: starting a new internal lifecycle event log for Dictionary
18:40:02 INFO: Dictionary lifecycle event {'msg': 'built Dictionary<327 unique tokens: ["\'", \'+\', \'2.x\', \'3.x\', \'=\']...> from 10 documents (total 987 corpus positions)', 'datetime': '2023-03-19T18:40:02.704358', 'gensim': '4.3.1', 'python': '3.9.2 (default, Mar  4 2021, 10:15:47) \n[Clang 10.0.0 (clang-1000.10.44.4)]', 'platform': 'macOS-10.16-x86_64-i386-64bit', 'event': 'created'}
18:40:02 INFO: using serial LDA version on this node
18:40:02 INFO: running online (multi-pass) LDA training, 9 topics, 10 passes over the supplied corpus of 10 documents, updating model once every 5 documents, evaluating perplexity every 5 documents, iterating 2000x with a convergence threshold of 0.001000
18:40:02 DEBUG: bound: at document #0
18:40:02 INFO: -8.465 per-word bound, 353.4 perplexity estimate based on a held-out corpus of 5 documents with 772 words
18:40:02 INFO: PROGRESS: pass 0, at document #5/10
18:40:02 DEBUG: performing inference on a chunk of 5 documents
18:40:02 DEBUG: 5/5 documents converged within 2000 iterations
18:40:02 DEBUG: updating topics
18:40:02 INFO: merging changes from 5 documents into a model of 10 documents
18:40:02 INFO: topic #2 (1.000): 0.032*"variable" + 0.028*"function" + 0.025*"global" + 0.021*"local" + 0.021*"scope" + 0.016*"value" + 0.015*"name" + 0.013*"error" + 0.012*"program" + 0.011*"="
18:40:02 INFO: topic #4 (1.000): 0.057*"variable" + 0.026*"local" + 0.026*"global" + 0.023*"function" + 0.023*"scope" + 0.016*"value" + 0.015*"name" + 0.015*"assignment" + 0.012*"c" + 0.012*"line"
18:40:02 INFO: topic #7 (1.000): 0.052*"variable" + 0.042*"function" + 0.038*"local" + 0.029*"scope" + 0.028*"global" + 0.022*"num" + 0.016*"line" + 0.016*"name" + 0.015*"c" + 0.013*"assignment"
18:40:02 INFO: topic #0 (1.000): 0.069*"variable" + 0.043*"global" + 0.038*"local" + 0.035*"scope" + 0.033*"function" + 0.022*"c" + 0.022*"name" + 0.020*"=" + 0.019*"assignment" + 0.017*"error"
18:40:02 INFO: topic #5 (1.000): 0.071*"variable" + 0.041*"global" + 0.038*"function" + 0.036*"scope" + 0.033*"local" + 0.020*"c" + 0.019*"assignment" + 0.019*"name" + 0.018*"value" + 0.017*"="
18:40:02 INFO: topic diff=3.615820, rho=1.000000
18:40:02 DEBUG: bound: at document #0
18:40:02 INFO: -11.460 per-word bound, 2817.0 perplexity estimate based on a held-out corpus of 5 documents with 215 words
18:40:02 INFO: PROGRESS: pass 0, at document #10/10
18:40:02 DEBUG: performing inference on a chunk of 5 documents
18:40:02 DEBUG: 5/5 documents converged within 2000 iterations
18:40:02 DEBUG: updating topics
18:40:02 INFO: merging changes from 5 documents into a model of 10 documents
18:40:02 INFO: topic #4 (1.000): 0.048*"variable" + 0.029*"global" + 0.023*"function" + 0.022*"local" + 0.019*"value" + 0.015*"scope" + 0.013*"f" + 0.013*"var1" + 0.010*"assignment" + 0.009*"name"
18:40:02 INFO: topic #1 (1.000): 0.036*"variable" + 0.035*"global" + 0.029*"local" + 0.025*"function" + 0.020*"value" + 0.018*"name" + 0.018*"scope" + 0.015*"line" + 0.012*"num" + 0.012*"error"
18:40:02 INFO: topic #3 (1.000): 0.044*"variable" + 0.040*"global" + 0.036*"local" + 0.029*"function" + 0.022*"assignment" + 0.022*"line" + 0.020*"scope" + 0.019*"name" + 0.018*"value" + 0.018*"num"
18:40:02 INFO: topic #7 (1.000): 0.047*"function" + 0.045*"variable" + 0.034*"local" + 0.033*"global" + 0.021*"scope" + 0.014*"value" + 0.013*"num" + 0.013*"line" + 0.011*"name" + 0.011*"inside"
18:40:02 INFO: topic #0 (1.000): 0.096*"variable" + 0.063*"global" + 0.053*"local" + 0.048*"function" + 0.035*"scope" + 0.021*"assignment" + 0.020*"name" + 0.019*"error" + 0.017*"code" + 0.014*"value"
18:40:02 INFO: topic diff=2.380467, rho=0.707107
18:40:02 DEBUG: bound: at document #0
18:40:02 DEBUG: bound: at document #5
18:40:02 INFO: Epoch 0: Perplexity estimate: 94.06809502361207
18:40:02 DEBUG: Setting topics to those of the model: LdaModel<num_terms=327, num_topics=9, decay=0.5, chunksize=5>
18:40:02 INFO: Epoch 0: Coherence estimate: -0.6732814457698425
18:40:02 DEBUG: bound: at document #0
18:40:02 INFO: -6.359 per-word bound, 82.1 perplexity estimate based on a held-out corpus of 5 documents with 772 words
18:40:02 INFO: PROGRESS: pass 1, at document #5/10
18:40:02 DEBUG: performing inference on a chunk of 5 documents
18:40:02 DEBUG: 5/5 documents converged within 2000 iterations
18:40:02 DEBUG: updating topics
18:40:02 INFO: merging changes from 5 documents into a model of 10 documents
18:40:02 INFO: topic #6 (1.000): 0.024*"function" + 0.021*"variable" + 0.020*"global" + 0.015*"var1" + 0.015*"f" + 0.008*"value" + 0.008*"scope" + 0.008*"local" + 0.007*"other" + 0.006*"loop"
18:40:02 INFO: topic #7 (1.000): 0.048*"program" + 0.041*"variable" + 0.028*"function" + 0.026*"loop" + 0.024*"definition" + 0.019*"value" + 0.019*"global" + 0.018*"local" + 0.017*"class" + 0.017*"scope"
18:40:02 INFO: topic #8 (1.000): 0.031*"variable" + 0.025*"other" + 0.023*"global" + 0.023*"value" + 0.021*"function" + 0.019*"local" + 0.018*"var1" + 0.018*"f" + 0.011*"loop" + 0.010*"scope"
18:40:02 INFO: topic #3 (1.000): 0.038*"variable" + 0.034*"global" + 0.029*"local" + 0.025*"function" + 0.018*"assignment" + 0.018*"value" + 0.018*"line" + 0.017*"scope" + 0.016*"name" + 0.015*"num"
18:40:02 INFO: topic #4 (1.000): 0.036*"variable" + 0.021*"global" + 0.017*"function" + 0.017*"value" + 0.015*"local" + 0.011*"scope" + 0.009*"f" + 0.009*"var1" + 0.008*"loop" + 0.007*"assignment"
18:40:02 INFO: topic diff=1.016700, rho=0.500000
18:40:02 DEBUG: bound: at document #0
18:40:02 INFO: -7.879 per-word bound, 235.4 perplexity estimate based on a held-out corpus of 5 documents with 215 words
18:40:02 INFO: PROGRESS: pass 1, at document #10/10
18:40:02 DEBUG: performing inference on a chunk of 5 documents
18:40:02 DEBUG: 5/5 documents converged within 2000 iterations
18:40:02 DEBUG: updating topics
18:40:02 INFO: merging changes from 5 documents into a model of 10 documents
18:40:02 INFO: topic #0 (1.000): 0.085*"variable" + 0.056*"global" + 0.051*"local" + 0.046*"function" + 0.036*"scope" + 0.023*"assignment" + 0.023*"name" + 0.018*"error" + 0.017*"line" + 0.016*"c"
18:40:02 INFO: topic #6 (1.000): 0.020*"function" + 0.017*"global" + 0.014*"variable" + 0.013*"condition" + 0.011*"f" + 0.011*"var1" + 0.010*"coffee_machine" + 0.010*"force" + 0.010*"start" + 0.009*"change"
18:40:02 INFO: topic #5 (1.000): 0.065*"global" + 0.059*"variable" + 0.055*"function" + 0.039*"value" + 0.025*"local" + 0.019*"scope" + 0.018*"inside" + 0.010*"line" + 0.010*"assignment" + 0.009*"name"
18:40:02 INFO: topic #3 (1.000): 0.033*"global" + 0.030*"variable" + 0.024*"local" + 0.023*"function" + 0.018*"value" + 0.015*"line" + 0.014*"assignment" + 0.013*"scope" + 0.012*"name" + 0.011*"num"
18:40:02 INFO: topic #2 (1.000): 0.016*"global" + 0.016*"value" + 0.015*"function" + 0.012*"variable" + 0.011*"condition" + 0.009*"define" + 0.009*"bit" + 0.009*"comment" + 0.009*"long" + 0.009*"execute"
18:40:02 INFO: topic diff=0.863238, rho=0.500000
18:40:02 DEBUG: bound: at document #0
18:40:02 DEBUG: bound: at document #5
18:40:02 INFO: Epoch 1: Perplexity estimate: 58.8203517721096
18:40:02 DEBUG: Setting topics to those of the model: LdaModel<num_terms=327, num_topics=9, decay=0.5, chunksize=5>
18:40:02 INFO: Epoch 1: Coherence estimate: -3.4654893565722884
18:40:02 DEBUG: bound: at document #0
18:40:02 INFO: -5.751 per-word bound, 53.8 perplexity estimate based on a held-out corpus of 5 documents with 772 words
18:40:02 INFO: PROGRESS: pass 2, at document #5/10
18:40:02 DEBUG: performing inference on a chunk of 5 documents
18:40:02 DEBUG: 5/5 documents converged within 2000 iterations
18:40:02 DEBUG: updating topics
18:40:02 INFO: merging changes from 5 documents into a model of 10 documents
18:40:02 INFO: topic #5 (1.000): 0.055*"global" + 0.051*"variable" + 0.049*"function" + 0.036*"value" + 0.019*"local" + 0.015*"scope" + 0.015*"inside" + 0.008*"line" + 0.008*"assignment" + 0.007*"name"
18:40:02 INFO: topic #8 (1.000): 0.060*"f" + 0.060*"var1" + 0.034*"variable" + 0.026*"global" + 0.025*"other" + 0.024*"value" + 0.020*"function" + 0.016*"caller" + 0.016*"load" + 0.016*"return"
18:40:02 INFO: topic #0 (1.000): 0.073*"variable" + 0.047*"global" + 0.045*"local" + 0.040*"function" + 0.036*"scope" + 0.024*"name" + 0.022*"assignment" + 0.020*"c" + 0.019*"line" + 0.018*"num"
18:40:02 INFO: topic #1 (1.000): 0.021*"appropriate" + 0.017*"global" + 0.015*"variable" + 0.015*"value" + 0.012*"function" + 0.011*"local" + 0.009*"access" + 0.007*"scope" + 0.007*"name" + 0.006*"line"
18:40:02 INFO: topic #4 (1.000): 0.018*"variable" + 0.013*"global" + 0.012*"value" + 0.010*"function" + 0.008*"local" + 0.006*"scope" + 0.006*"appropriate" + 0.006*"condition" + 0.005*"var1" + 0.005*"f"
18:40:02 INFO: topic diff=0.557995, rho=0.447214
18:40:02 DEBUG: bound: at document #0
18:40:02 INFO: -6.714 per-word bound, 105.0 perplexity estimate based on a held-out corpus of 5 documents with 215 words
18:40:02 INFO: PROGRESS: pass 2, at document #10/10
18:40:02 DEBUG: performing inference on a chunk of 5 documents
18:40:02 DEBUG: 5/5 documents converged within 2000 iterations
18:40:02 DEBUG: updating topics
18:40:02 INFO: merging changes from 5 documents into a model of 10 documents
18:40:02 INFO: topic #5 (1.000): 0.071*"global" + 0.059*"function" + 0.042*"value" + 0.041*"variable" + 0.023*"inside" + 0.015*"local" + 0.011*"scope" + 0.007*"line" + 0.006*"assignment" + 0.005*"code"
18:40:02 INFO: topic #3 (1.000): 0.022*"global" + 0.018*"variable" + 0.015*"function" + 0.014*"local" + 0.013*"value" + 0.009*"line" + 0.008*"assignment" + 0.008*"scope" + 0.007*"name" + 0.007*"num"
18:40:02 INFO: topic #0 (1.000): 0.083*"variable" + 0.055*"global" + 0.051*"local" + 0.047*"function" + 0.036*"scope" + 0.023*"name" + 0.023*"assignment" + 0.018*"line" + 0.017*"error" + 0.017*"c"
18:40:02 INFO: topic #7 (1.000): 0.047*"program" + 0.038*"loop" + 0.028*"variable" + 0.026*"value" + 0.024*"definition" + 0.021*"class" + 0.013*"tweak" + 0.013*"setup" + 0.013*"key" + 0.013*"information"
18:40:02 INFO: topic #8 (1.000): 0.080*"f" + 0.080*"var1" + 0.042*"variable" + 0.035*"global" + 0.030*"value" + 0.023*"function" + 0.021*"return" + 0.021*"caller" + 0.021*"load" + 0.019*"change"
18:40:02 INFO: topic diff=0.421725, rho=0.447214
18:40:02 DEBUG: bound: at document #0
18:40:02 DEBUG: bound: at document #5
18:40:02 INFO: Epoch 2: Perplexity estimate: 52.87789112092061
18:40:02 DEBUG: Setting topics to those of the model: LdaModel<num_terms=327, num_topics=9, decay=0.5, chunksize=5>
18:40:02 INFO: Epoch 2: Coherence estimate: -4.415869816852464
18:40:02 DEBUG: bound: at document #0
18:40:02 INFO: -5.621 per-word bound, 49.2 perplexity estimate based on a held-out corpus of 5 documents with 772 words
18:40:02 INFO: PROGRESS: pass 3, at document #5/10
18:40:02 DEBUG: performing inference on a chunk of 5 documents
18:40:02 DEBUG: 5/5 documents converged within 2000 iterations
18:40:02 DEBUG: updating topics
18:40:02 INFO: merging changes from 5 documents into a model of 10 documents
18:40:02 INFO: topic #5 (1.000): 0.058*"global" + 0.052*"function" + 0.036*"value" + 0.034*"variable" + 0.018*"inside" + 0.011*"local" + 0.008*"scope" + 0.005*"line" + 0.005*"assignment" + 0.005*"code"
18:40:02 INFO: topic #7 (1.000): 0.067*"program" + 0.051*"loop" + 0.034*"definition" + 0.034*"value" + 0.033*"variable" + 0.032*"class" + 0.018*"tweak" + 0.018*"setup" + 0.018*"key" + 0.018*"information"
18:40:02 INFO: topic #0 (1.000): 0.074*"variable" + 0.048*"global" + 0.045*"local" + 0.041*"function" + 0.036*"scope" + 0.024*"name" + 0.022*"assignment" + 0.020*"c" + 0.019*"line" + 0.018*"num"
18:40:02 INFO: topic #3 (1.000): 0.016*"global" + 0.013*"variable" + 0.012*"function" + 0.010*"local" + 0.010*"value" + 0.007*"line" + 0.006*"assignment" + 0.006*"scope" + 0.006*"name" + 0.005*"num"
18:40:02 INFO: topic #1 (1.000): 0.032*"appropriate" + 0.009*"global" + 0.009*"value" + 0.008*"variable" + 0.007*"function" + 0.007*"access" + 0.006*"local" + 0.004*"scope" + 0.004*"name" + 0.004*"line"
18:40:02 INFO: topic diff=0.313822, rho=0.408248
18:40:02 DEBUG: bound: at document #0
18:40:02 INFO: -6.448 per-word bound, 87.3 perplexity estimate based on a held-out corpus of 5 documents with 215 words
18:40:02 INFO: PROGRESS: pass 3, at document #10/10
18:40:02 DEBUG: performing inference on a chunk of 5 documents
18:40:02 DEBUG: 5/5 documents converged within 2000 iterations
18:40:02 DEBUG: updating topics
18:40:02 INFO: merging changes from 5 documents into a model of 10 documents
18:40:02 INFO: topic #6 (1.000): 0.032*"coffee_machine" + 0.032*"force" + 0.032*"start" + 0.010*"condition" + 0.007*"function" + 0.006*"global" + 0.004*"variable" + 0.004*"bit" + 0.004*"comment" + 0.004*"execute"
18:40:02 INFO: topic #0 (1.000): 0.081*"variable" + 0.054*"global" + 0.051*"local" + 0.047*"function" + 0.037*"scope" + 0.023*"name" + 0.023*"assignment" + 0.018*"line" + 0.017*"error" + 0.017*"c"
18:40:02 INFO: topic #1 (1.000): 0.021*"appropriate" + 0.007*"global" + 0.007*"value" + 0.006*"variable" + 0.006*"function" + 0.005*"access" + 0.005*"local" + 0.004*"scope" + 0.004*"name" + 0.004*"line"
18:40:02 INFO: topic #4 (1.000): 0.007*"variable" + 0.006*"value" + 0.006*"global" + 0.005*"function" + 0.004*"local" + 0.004*"condition" + 0.004*"appropriate" + 0.004*"scope" + 0.004*"var1" + 0.004*"f"
18:40:02 INFO: topic #8 (1.000): 0.080*"f" + 0.080*"var1" + 0.047*"variable" + 0.041*"global" + 0.035*"value" + 0.023*"function" + 0.021*"return" + 0.021*"caller" + 0.021*"load" + 0.020*"change"
18:40:02 INFO: topic diff=0.243505, rho=0.408248
18:40:02 DEBUG: bound: at document #0
18:40:02 DEBUG: bound: at document #5
18:40:02 INFO: Epoch 3: Perplexity estimate: 51.1385276998328
18:40:02 DEBUG: Setting topics to those of the model: LdaModel<num_terms=327, num_topics=9, decay=0.5, chunksize=5>
18:40:02 INFO: Epoch 3: Coherence estimate: -4.412454515317389
18:40:02 DEBUG: bound: at document #0
18:40:02 INFO: -5.577 per-word bound, 47.7 perplexity estimate based on a held-out corpus of 5 documents with 772 words
18:40:02 INFO: PROGRESS: pass 4, at document #5/10
18:40:02 DEBUG: performing inference on a chunk of 5 documents
18:40:02 DEBUG: 5/5 documents converged within 2000 iterations
18:40:02 DEBUG: updating topics
18:40:02 INFO: merging changes from 5 documents into a model of 10 documents
18:40:02 INFO: topic #4 (1.000): 0.006*"variable" + 0.005*"value" + 0.005*"global" + 0.004*"function" + 0.004*"local" + 0.004*"condition" + 0.003*"appropriate" + 0.003*"scope" + 0.003*"var1" + 0.003*"f"
18:40:02 INFO: topic #0 (1.000): 0.074*"variable" + 0.048*"global" + 0.046*"local" + 0.042*"function" + 0.036*"scope" + 0.024*"name" + 0.022*"assignment" + 0.020*"c" + 0.019*"line" + 0.018*"num"
18:40:02 INFO: topic #6 (1.000): 0.022*"coffee_machine" + 0.022*"force" + 0.022*"start" + 0.007*"condition" + 0.006*"function" + 0.005*"global" + 0.004*"variable" + 0.004*"bit" + 0.004*"comment" + 0.004*"execute"
18:40:02 INFO: topic #1 (1.000): 0.036*"appropriate" + 0.006*"value" + 0.006*"global" + 0.005*"variable" + 0.005*"access" + 0.005*"function" + 0.004*"local" + 0.004*"scope" + 0.004*"name" + 0.003*"line"
18:40:02 INFO: topic #5 (1.000): 0.056*"global" + 0.050*"function" + 0.032*"value" + 0.022*"variable" + 0.019*"inside" + 0.006*"local" + 0.005*"scope" + 0.004*"line" + 0.004*"assignment" + 0.003*"code"
18:40:02 INFO: topic diff=0.194468, rho=0.377964
18:40:02 DEBUG: bound: at document #0
18:40:02 INFO: -6.361 per-word bound, 82.2 perplexity estimate based on a held-out corpus of 5 documents with 215 words
18:40:02 INFO: PROGRESS: pass 4, at document #10/10
18:40:02 DEBUG: performing inference on a chunk of 5 documents
18:40:02 DEBUG: 5/5 documents converged within 2000 iterations
18:40:02 DEBUG: updating topics
18:40:02 INFO: merging changes from 5 documents into a model of 10 documents
18:40:02 INFO: topic #2 (1.000): 0.005*"condition" + 0.004*"value" + 0.004*"global" + 0.004*"function" + 0.004*"coffee_machine" + 0.004*"force" + 0.004*"start" + 0.004*"variable" + 0.004*"define" + 0.004*"bit"
18:40:02 INFO: topic #5 (1.000): 0.062*"global" + 0.054*"function" + 0.032*"value" + 0.024*"inside" + 0.017*"variable" + 0.005*"local" + 0.004*"scope" + 0.003*"line" + 0.003*"assignment" + 0.003*"code"
18:40:02 INFO: topic #0 (1.000): 0.080*"variable" + 0.054*"global" + 0.051*"local" + 0.047*"function" + 0.037*"scope" + 0.023*"name" + 0.023*"assignment" + 0.018*"line" + 0.017*"c" + 0.017*"error"
18:40:02 INFO: topic #7 (1.000): 0.053*"program" + 0.049*"loop" + 0.035*"value" + 0.027*"definition" + 0.027*"variable" + 0.026*"class" + 0.015*"tweak" + 0.015*"setup" + 0.015*"key" + 0.015*"information"
18:40:02 INFO: topic #3 (1.000): 0.007*"global" + 0.006*"variable" + 0.006*"function" + 0.005*"value" + 0.005*"local" + 0.004*"line" + 0.004*"assignment" + 0.004*"scope" + 0.004*"name" + 0.004*"num"
18:40:02 INFO: topic diff=0.161705, rho=0.377964
18:40:02 DEBUG: bound: at document #0
18:40:02 DEBUG: bound: at document #5
18:40:02 INFO: Epoch 4: Perplexity estimate: 50.522157186708085
18:40:02 DEBUG: Setting topics to those of the model: LdaModel<num_terms=327, num_topics=9, decay=0.5, chunksize=5>
18:40:02 INFO: Epoch 4: Coherence estimate: -4.401633667874034
18:40:02 DEBUG: bound: at document #0
18:40:02 INFO: -5.558 per-word bound, 47.1 perplexity estimate based on a held-out corpus of 5 documents with 772 words
18:40:02 INFO: PROGRESS: pass 5, at document #5/10
18:40:02 DEBUG: performing inference on a chunk of 5 documents
18:40:02 DEBUG: 5/5 documents converged within 2000 iterations
18:40:02 DEBUG: updating topics
18:40:02 INFO: merging changes from 5 documents into a model of 10 documents
18:40:02 INFO: topic #5 (1.000): 0.049*"global" + 0.045*"function" + 0.026*"value" + 0.018*"inside" + 0.013*"variable" + 0.004*"local" + 0.004*"scope" + 0.003*"line" + 0.003*"assignment" + 0.003*"code"
18:40:02 INFO: topic #8 (1.000): 0.068*"var1" + 0.068*"f" + 0.049*"variable" + 0.043*"global" + 0.039*"value" + 0.023*"function" + 0.022*"other" + 0.018*"return" + 0.018*"caller" + 0.018*"load"
18:40:02 INFO: topic #1 (1.000): 0.037*"appropriate" + 0.004*"value" + 0.004*"global" + 0.004*"access" + 0.004*"variable" + 0.004*"function" + 0.003*"local" + 0.003*"scope" + 0.003*"name" + 0.003*"line"
18:40:02 INFO: topic #4 (1.000): 0.004*"variable" + 0.004*"value" + 0.004*"global" + 0.004*"function" + 0.003*"local" + 0.003*"condition" + 0.003*"appropriate" + 0.003*"scope" + 0.003*"f" + 0.003*"var1"
18:40:02 INFO: topic #7 (1.000): 0.068*"program" + 0.055*"loop" + 0.040*"value" + 0.035*"definition" + 0.034*"class" + 0.031*"variable" + 0.018*"tweak" + 0.018*"setup" + 0.018*"key" + 0.018*"information"
18:40:02 INFO: topic diff=0.138074, rho=0.353553
18:40:02 DEBUG: bound: at document #0
18:40:02 INFO: -6.324 per-word bound, 80.1 perplexity estimate based on a held-out corpus of 5 documents with 215 words
18:40:02 INFO: PROGRESS: pass 5, at document #10/10
18:40:02 DEBUG: performing inference on a chunk of 5 documents
18:40:02 DEBUG: 5/5 documents converged within 2000 iterations
18:40:02 DEBUG: updating topics
18:40:02 INFO: merging changes from 5 documents into a model of 10 documents
18:40:02 INFO: topic #1 (1.000): 0.025*"appropriate" + 0.004*"value" + 0.004*"global" + 0.004*"access" + 0.004*"variable" + 0.003*"function" + 0.003*"local" + 0.003*"scope" + 0.003*"name" + 0.003*"line"
18:40:02 INFO: topic #0 (1.000): 0.079*"variable" + 0.053*"global" + 0.051*"local" + 0.047*"function" + 0.037*"scope" + 0.023*"name" + 0.023*"assignment" + 0.019*"line" + 0.017*"c" + 0.017*"error"
18:40:02 INFO: topic #3 (1.000): 0.005*"global" + 0.004*"variable" + 0.004*"function" + 0.004*"value" + 0.004*"local" + 0.003*"line" + 0.003*"assignment" + 0.003*"scope" + 0.003*"name" + 0.003*"num"
18:40:02 INFO: topic #8 (1.000): 0.076*"f" + 0.076*"var1" + 0.059*"variable" + 0.054*"global" + 0.042*"value" + 0.026*"function" + 0.020*"return" + 0.020*"caller" + 0.020*"load" + 0.020*"change"
18:40:02 INFO: topic #4 (1.000): 0.004*"variable" + 0.004*"value" + 0.003*"global" + 0.003*"function" + 0.003*"local" + 0.003*"condition" + 0.003*"appropriate" + 0.003*"scope" + 0.003*"f" + 0.003*"var1"
18:40:02 INFO: topic diff=0.121000, rho=0.353553
18:40:02 DEBUG: bound: at document #0
18:40:02 DEBUG: bound: at document #5
18:40:02 INFO: Epoch 5: Perplexity estimate: 50.24142433916445
18:40:02 DEBUG: Setting topics to those of the model: LdaModel<num_terms=327, num_topics=9, decay=0.5, chunksize=5>
18:40:02 INFO: Epoch 5: Coherence estimate: -4.396448332494077
18:40:02 DEBUG: bound: at document #0
18:40:02 INFO: -5.547 per-word bound, 46.8 perplexity estimate based on a held-out corpus of 5 documents with 772 words
18:40:02 INFO: PROGRESS: pass 6, at document #5/10
18:40:02 DEBUG: performing inference on a chunk of 5 documents
18:40:02 DEBUG: 5/5 documents converged within 2000 iterations
18:40:02 DEBUG: updating topics
18:40:02 INFO: merging changes from 5 documents into a model of 10 documents
18:40:02 INFO: topic #6 (1.000): 0.025*"coffee_machine" + 0.025*"force" + 0.025*"start" + 0.004*"condition" + 0.003*"function" + 0.003*"global" + 0.003*"variable" + 0.003*"bit" + 0.003*"long" + 0.003*"define"
18:40:02 INFO: topic #5 (1.000): 0.038*"global" + 0.035*"function" + 0.019*"value" + 0.016*"inside" + 0.008*"variable" + 0.004*"local" + 0.003*"scope" + 0.003*"line" + 0.003*"assignment" + 0.003*"code"
18:40:02 INFO: topic #7 (1.000): 0.067*"program" + 0.056*"loop" + 0.041*"value" + 0.034*"definition" + 0.034*"class" + 0.031*"variable" + 0.018*"tweak" + 0.018*"setup" + 0.018*"key" + 0.018*"information"
18:40:02 INFO: topic #1 (1.000): 0.037*"appropriate" + 0.003*"value" + 0.003*"global" + 0.003*"access" + 0.003*"variable" + 0.003*"function" + 0.003*"local" + 0.003*"scope" + 0.003*"name" + 0.003*"line"
18:40:02 INFO: topic #3 (1.000): 0.004*"global" + 0.004*"variable" + 0.004*"function" + 0.004*"value" + 0.004*"local" + 0.003*"line" + 0.003*"assignment" + 0.003*"scope" + 0.003*"name" + 0.003*"num"
18:40:02 INFO: topic diff=0.109990, rho=0.333333
18:40:02 DEBUG: bound: at document #0
18:40:02 INFO: -6.302 per-word bound, 78.9 perplexity estimate based on a held-out corpus of 5 documents with 215 words
18:40:02 INFO: PROGRESS: pass 6, at document #10/10
18:40:02 DEBUG: performing inference on a chunk of 5 documents
18:40:02 DEBUG: 5/5 documents converged within 2000 iterations
18:40:02 DEBUG: updating topics
18:40:02 INFO: merging changes from 5 documents into a model of 10 documents
18:40:02 INFO: topic #1 (1.000): 0.026*"appropriate" + 0.003*"value" + 0.003*"global" + 0.003*"access" + 0.003*"variable" + 0.003*"function" + 0.003*"local" + 0.003*"scope" + 0.003*"name" + 0.003*"line"
18:40:02 INFO: topic #7 (1.000): 0.055*"program" + 0.052*"loop" + 0.038*"value" + 0.028*"definition" + 0.028*"class" + 0.027*"variable" + 0.015*"tweak" + 0.015*"setup" + 0.015*"key" + 0.015*"information"
18:40:02 INFO: topic #4 (1.000): 0.003*"variable" + 0.003*"value" + 0.003*"global" + 0.003*"function" + 0.003*"local" + 0.003*"condition" + 0.003*"appropriate" + 0.003*"scope" + 0.003*"f" + 0.003*"var1"
18:40:02 INFO: topic #8 (1.000): 0.074*"f" + 0.074*"var1" + 0.064*"variable" + 0.062*"global" + 0.045*"value" + 0.029*"function" + 0.019*"load" + 0.019*"return" + 0.019*"caller" + 0.019*"change"
18:40:02 INFO: topic #6 (1.000): 0.036*"force" + 0.036*"coffee_machine" + 0.036*"start" + 0.003*"condition" + 0.003*"function" + 0.003*"global" + 0.003*"variable" + 0.003*"define" + 0.003*"bit" + 0.003*"long"
18:40:02 INFO: topic diff=0.100990, rho=0.333333
18:40:02 DEBUG: bound: at document #0
18:40:02 DEBUG: bound: at document #5
18:40:02 INFO: Epoch 6: Perplexity estimate: 50.06295520790356
18:40:02 DEBUG: Setting topics to those of the model: LdaModel<num_terms=327, num_topics=9, decay=0.5, chunksize=5>
18:40:02 INFO: Epoch 6: Coherence estimate: -4.396448332494077
18:40:02 DEBUG: bound: at document #0
18:40:02 INFO: -5.540 per-word bound, 46.5 perplexity estimate based on a held-out corpus of 5 documents with 772 words
18:40:02 INFO: PROGRESS: pass 7, at document #5/10
18:40:02 DEBUG: performing inference on a chunk of 5 documents
18:40:02 DEBUG: 5/5 documents converged within 2000 iterations
18:40:02 DEBUG: updating topics
18:40:02 INFO: merging changes from 5 documents into a model of 10 documents
18:40:02 INFO: topic #4 (1.000): 0.003*"variable" + 0.003*"value" + 0.003*"global" + 0.003*"function" + 0.003*"local" + 0.003*"condition" + 0.003*"appropriate" + 0.003*"scope" + 0.003*"loop" + 0.003*"f"
18:40:02 INFO: topic #6 (1.000): 0.026*"force" + 0.026*"coffee_machine" + 0.026*"start" + 0.003*"condition" + 0.003*"function" + 0.003*"global" + 0.003*"variable" + 0.003*"define" + 0.003*"bit" + 0.003*"long"
18:40:02 INFO: topic #1 (1.000): 0.037*"appropriate" + 0.003*"value" + 0.003*"global" + 0.003*"access" + 0.003*"variable" + 0.003*"function" + 0.003*"local" + 0.003*"scope" + 0.003*"name" + 0.003*"line"
18:40:02 INFO: topic #7 (1.000): 0.067*"program" + 0.057*"loop" + 0.042*"value" + 0.034*"definition" + 0.034*"class" + 0.031*"variable" + 0.018*"tweak" + 0.018*"setup" + 0.018*"key" + 0.018*"information"
18:40:02 INFO: topic #8 (1.000): 0.066*"f" + 0.066*"var1" + 0.060*"variable" + 0.058*"global" + 0.044*"value" + 0.028*"function" + 0.020*"other" + 0.017*"return" + 0.017*"caller" + 0.017*"load"
18:40:02 INFO: topic diff=0.094785, rho=0.316228
18:40:02 DEBUG: bound: at document #0
18:40:02 INFO: -6.285 per-word bound, 78.0 perplexity estimate based on a held-out corpus of 5 documents with 215 words
18:40:02 INFO: PROGRESS: pass 7, at document #10/10
18:40:02 DEBUG: performing inference on a chunk of 5 documents
18:40:02 DEBUG: 5/5 documents converged within 2000 iterations
18:40:02 DEBUG: updating topics
18:40:02 INFO: merging changes from 5 documents into a model of 10 documents
18:40:02 INFO: topic #1 (1.000): 0.027*"appropriate" + 0.003*"value" + 0.003*"global" + 0.003*"access" + 0.003*"variable" + 0.003*"function" + 0.003*"local" + 0.003*"scope" + 0.003*"name" + 0.003*"line"
18:40:02 INFO: topic #5 (1.000): 0.022*"global" + 0.021*"function" + 0.011*"inside" + 0.010*"value" + 0.005*"variable" + 0.003*"local" + 0.003*"scope" + 0.003*"line" + 0.003*"assignment" + 0.003*"code"
18:40:02 INFO: topic #7 (1.000): 0.055*"program" + 0.052*"loop" + 0.039*"value" + 0.029*"definition" + 0.028*"class" + 0.027*"variable" + 0.015*"tweak" + 0.015*"setup" + 0.015*"key" + 0.015*"information"
18:40:02 INFO: topic #3 (1.000): 0.003*"global" + 0.003*"variable" + 0.003*"function" + 0.003*"value" + 0.003*"local" + 0.003*"line" + 0.003*"assignment" + 0.003*"scope" + 0.003*"name" + 0.003*"num"
18:40:02 INFO: topic #4 (1.000): 0.003*"variable" + 0.003*"value" + 0.003*"global" + 0.003*"function" + 0.003*"local" + 0.003*"condition" + 0.003*"appropriate" + 0.003*"scope" + 0.003*"loop" + 0.003*"f"
18:40:02 INFO: topic diff=0.090118, rho=0.316228
18:40:02 DEBUG: bound: at document #0
18:40:02 DEBUG: bound: at document #5
18:40:02 INFO: Epoch 7: Perplexity estimate: 49.92472561400458
18:40:02 DEBUG: Setting topics to those of the model: LdaModel<num_terms=327, num_topics=9, decay=0.5, chunksize=5>
18:40:02 INFO: Epoch 7: Coherence estimate: -4.322068342530272
18:40:02 DEBUG: bound: at document #0
18:40:02 INFO: -5.534 per-word bound, 46.3 perplexity estimate based on a held-out corpus of 5 documents with 772 words
18:40:02 INFO: PROGRESS: pass 8, at document #5/10
18:40:02 DEBUG: performing inference on a chunk of 5 documents
18:40:02 DEBUG: 5/5 documents converged within 2000 iterations
18:40:02 DEBUG: updating topics
18:40:02 INFO: merging changes from 5 documents into a model of 10 documents
18:40:02 INFO: topic #4 (1.000): 0.003*"variable" + 0.003*"value" + 0.003*"global" + 0.003*"function" + 0.003*"local" + 0.003*"condition" + 0.003*"appropriate" + 0.003*"scope" + 0.003*"loop" + 0.003*"var1"
18:40:02 INFO: topic #7 (1.000): 0.067*"program" + 0.057*"loop" + 0.042*"value" + 0.034*"definition" + 0.034*"class" + 0.030*"variable" + 0.018*"tweak" + 0.018*"setup" + 0.018*"key" + 0.018*"information"
18:40:02 INFO: topic #8 (1.000): 0.067*"global" + 0.066*"variable" + 0.064*"var1" + 0.064*"f" + 0.046*"value" + 0.032*"function" + 0.020*"other" + 0.017*"caller" + 0.017*"load" + 0.017*"return"
18:40:02 INFO: topic #5 (1.000): 0.017*"global" + 0.017*"function" + 0.009*"inside" + 0.008*"value" + 0.004*"variable" + 0.003*"local" + 0.003*"scope" + 0.003*"line" + 0.003*"assignment" + 0.003*"code"
18:40:02 INFO: topic #0 (1.000): 0.072*"variable" + 0.047*"global" + 0.047*"local" + 0.043*"function" + 0.037*"scope" + 0.024*"name" + 0.022*"assignment" + 0.020*"c" + 0.019*"line" + 0.018*"num"
18:40:02 INFO: topic diff=0.085343, rho=0.301511
18:40:02 DEBUG: bound: at document #0
18:40:02 INFO: -6.270 per-word bound, 77.2 perplexity estimate based on a held-out corpus of 5 documents with 215 words
18:40:02 INFO: PROGRESS: pass 8, at document #10/10
18:40:02 DEBUG: performing inference on a chunk of 5 documents
18:40:02 DEBUG: 5/5 documents converged within 2000 iterations
18:40:02 DEBUG: updating topics
18:40:02 INFO: merging changes from 5 documents into a model of 10 documents
18:40:02 INFO: topic #3 (1.000): 0.003*"global" + 0.003*"variable" + 0.003*"function" + 0.003*"value" + 0.003*"local" + 0.003*"line" + 0.003*"assignment" + 0.003*"scope" + 0.003*"name" + 0.003*"num"
18:40:02 INFO: topic #0 (1.000): 0.076*"variable" + 0.052*"local" + 0.049*"global" + 0.046*"function" + 0.037*"scope" + 0.023*"name" + 0.023*"assignment" + 0.019*"line" + 0.018*"c" + 0.017*"error"
18:40:02 INFO: topic #8 (1.000): 0.079*"global" + 0.074*"variable" + 0.070*"f" + 0.070*"var1" + 0.048*"value" + 0.038*"function" + 0.018*"load" + 0.018*"return" + 0.018*"caller" + 0.018*"change"
18:40:02 INFO: topic #5 (1.000): 0.014*"global" + 0.013*"function" + 0.008*"inside" + 0.007*"value" + 0.004*"variable" + 0.003*"local" + 0.003*"scope" + 0.003*"line" + 0.003*"assignment" + 0.003*"code"
18:40:02 INFO: topic #7 (1.000): 0.056*"program" + 0.053*"loop" + 0.039*"value" + 0.029*"definition" + 0.028*"class" + 0.027*"variable" + 0.015*"point" + 0.015*"tweak" + 0.015*"setup" + 0.015*"key"
18:40:02 INFO: topic diff=0.083046, rho=0.301511
18:40:02 DEBUG: bound: at document #0
18:40:02 DEBUG: bound: at document #5
18:40:02 INFO: Epoch 8: Perplexity estimate: 49.810505360572826
18:40:02 DEBUG: Setting topics to those of the model: LdaModel<num_terms=327, num_topics=9, decay=0.5, chunksize=5>
18:40:02 INFO: Epoch 8: Coherence estimate: -4.340576882095193
18:40:02 DEBUG: bound: at document #0
18:40:02 INFO: -5.530 per-word bound, 46.2 perplexity estimate based on a held-out corpus of 5 documents with 772 words
18:40:02 INFO: PROGRESS: pass 9, at document #5/10
18:40:02 DEBUG: performing inference on a chunk of 5 documents
18:40:02 DEBUG: 5/5 documents converged within 2000 iterations
18:40:02 DEBUG: updating topics
18:40:02 INFO: merging changes from 5 documents into a model of 10 documents
18:40:02 INFO: topic #5 (1.000): 0.011*"global" + 0.011*"function" + 0.006*"inside" + 0.006*"value" + 0.004*"variable" + 0.003*"local" + 0.003*"scope" + 0.003*"line" + 0.003*"assignment" + 0.003*"code"
18:40:02 INFO: topic #2 (1.000): 0.003*"condition" + 0.003*"value" + 0.003*"global" + 0.003*"function" + 0.003*"force" + 0.003*"coffee_machine" + 0.003*"start" + 0.003*"variable" + 0.003*"comment" + 0.003*"execute"
18:40:02 INFO: topic #8 (1.000): 0.075*"global" + 0.071*"variable" + 0.063*"var1" + 0.063*"f" + 0.047*"value" + 0.038*"function" + 0.019*"other" + 0.016*"load" + 0.016*"caller" + 0.016*"return"
18:40:02 INFO: topic #4 (1.000): 0.003*"variable" + 0.003*"value" + 0.003*"global" + 0.003*"function" + 0.003*"local" + 0.003*"condition" + 0.003*"appropriate" + 0.003*"scope" + 0.003*"loop" + 0.003*"var1"
18:40:02 INFO: topic #7 (1.000): 0.067*"program" + 0.057*"loop" + 0.042*"value" + 0.034*"definition" + 0.034*"class" + 0.030*"variable" + 0.018*"tweak" + 0.018*"setup" + 0.018*"key" + 0.018*"information"
18:40:02 INFO: topic diff=0.079019, rho=0.288675
18:40:02 DEBUG: bound: at document #0
18:40:02 INFO: -6.258 per-word bound, 76.5 perplexity estimate based on a held-out corpus of 5 documents with 215 words
18:40:02 INFO: PROGRESS: pass 9, at document #10/10
18:40:02 DEBUG: performing inference on a chunk of 5 documents
18:40:02 DEBUG: 5/5 documents converged within 2000 iterations
18:40:02 DEBUG: updating topics
18:40:02 INFO: merging changes from 5 documents into a model of 10 documents
18:40:02 INFO: topic #2 (1.000): 0.003*"condition" + 0.003*"value" + 0.003*"global" + 0.003*"function" + 0.003*"start" + 0.003*"coffee_machine" + 0.003*"force" + 0.003*"variable" + 0.003*"long" + 0.003*"bit"
18:40:02 INFO: topic #1 (1.000): 0.027*"appropriate" + 0.003*"value" + 0.003*"global" + 0.003*"access" + 0.003*"variable" + 0.003*"function" + 0.003*"local" + 0.003*"scope" + 0.003*"name" + 0.003*"line"
18:40:02 INFO: topic #0 (1.000): 0.075*"variable" + 0.052*"local" + 0.048*"global" + 0.045*"function" + 0.038*"scope" + 0.024*"name" + 0.023*"assignment" + 0.019*"line" + 0.018*"c" + 0.017*"error"
18:40:02 INFO: topic #7 (1.000): 0.056*"program" + 0.053*"loop" + 0.039*"value" + 0.029*"definition" + 0.029*"class" + 0.027*"variable" + 0.016*"point" + 0.015*"tweak" + 0.015*"setup" + 0.015*"key"
18:40:02 INFO: topic #5 (1.000): 0.009*"global" + 0.009*"function" + 0.006*"inside" + 0.005*"value" + 0.003*"variable" + 0.003*"local" + 0.003*"scope" + 0.003*"line" + 0.003*"assignment" + 0.003*"code"
18:40:02 INFO: topic diff=0.077817, rho=0.288675
18:40:02 DEBUG: bound: at document #0
18:40:02 DEBUG: bound: at document #5
18:40:02 INFO: Epoch 9: Perplexity estimate: 49.71786779969592
18:40:02 DEBUG: Setting topics to those of the model: LdaModel<num_terms=327, num_topics=9, decay=0.5, chunksize=5>
18:40:02 INFO: Epoch 9: Coherence estimate: -4.465655578504795
18:40:02 DEBUG: starting a new internal lifecycle event log for LdaModel
18:40:02 INFO: LdaModel lifecycle event {'msg': 'trained LdaModel<num_terms=327, num_topics=9, decay=0.5, chunksize=5> in 0.21s', 'datetime': '2023-03-19T18:40:02.950602', 'gensim': '4.3.1', 'python': '3.9.2 (default, Mar  4 2021, 10:15:47) \n[Clang 10.0.0 (clang-1000.10.44.4)]', 'platform': 'macOS-10.16-x86_64-i386-64bit', 'event': 'created'}
18:40:02 INFO: <<Training Time>>: 0.2487790584564209
18:40:02 INFO: topic #0 (1.000): 0.075*"variable" + 0.052*"local" + 0.048*"global" + 0.045*"function" + 0.038*"scope" + 0.024*"name" + 0.023*"assignment" + 0.019*"line" + 0.018*"c" + 0.017*"error"
18:40:02 INFO: topic #1 (1.000): 0.027*"appropriate" + 0.003*"value" + 0.003*"global" + 0.003*"access" + 0.003*"variable" + 0.003*"function" + 0.003*"local" + 0.003*"scope" + 0.003*"name" + 0.003*"line"
18:40:02 INFO: topic #2 (1.000): 0.003*"condition" + 0.003*"value" + 0.003*"global" + 0.003*"function" + 0.003*"start" + 0.003*"coffee_machine" + 0.003*"force" + 0.003*"variable" + 0.003*"long" + 0.003*"bit"
18:40:02 INFO: topic #3 (1.000): 0.003*"global" + 0.003*"variable" + 0.003*"function" + 0.003*"value" + 0.003*"local" + 0.003*"line" + 0.003*"assignment" + 0.003*"scope" + 0.003*"name" + 0.003*"num"
18:40:02 INFO: topic #4 (1.000): 0.003*"variable" + 0.003*"value" + 0.003*"global" + 0.003*"function" + 0.003*"local" + 0.003*"condition" + 0.003*"appropriate" + 0.003*"scope" + 0.003*"loop" + 0.003*"coffee_machine"
18:40:02 INFO: topic #5 (1.000): 0.009*"global" + 0.009*"function" + 0.006*"inside" + 0.005*"value" + 0.003*"variable" + 0.003*"local" + 0.003*"scope" + 0.003*"line" + 0.003*"assignment" + 0.003*"code"
18:40:02 INFO: topic #6 (1.000): 0.035*"force" + 0.035*"start" + 0.035*"coffee_machine" + 0.003*"condition" + 0.003*"function" + 0.003*"global" + 0.003*"variable" + 0.003*"bit" + 0.003*"comment" + 0.003*"define"
18:40:02 INFO: topic #7 (1.000): 0.056*"program" + 0.053*"loop" + 0.039*"value" + 0.029*"definition" + 0.029*"class" + 0.027*"variable" + 0.016*"point" + 0.015*"tweak" + 0.015*"setup" + 0.015*"key"
18:40:02 INFO: topic #8 (1.000): 0.087*"global" + 0.078*"variable" + 0.069*"var1" + 0.069*"f" + 0.049*"value" + 0.044*"function" + 0.018*"caller" + 0.018*"load" + 0.018*"return" + 0.018*"change"
18:40:02 DEBUG: starting a new internal lifecycle event log for LdaState
18:40:02 INFO: LdaState lifecycle event {'fname_or_handle': 'model/topic_num/topicnum9/model.state', 'separately': 'None', 'sep_limit': 10485760, 'ignore': frozenset(), 'datetime': '2023-03-19T18:40:02.952047', 'gensim': '4.3.1', 'python': '3.9.2 (default, Mar  4 2021, 10:15:47) \n[Clang 10.0.0 (clang-1000.10.44.4)]', 'platform': 'macOS-10.16-x86_64-i386-64bit', 'event': 'saving'}
18:40:02 DEBUG: {'uri': 'model/topic_num/topicnum9/model.state', 'mode': 'wb', 'buffering': -1, 'encoding': None, 'errors': None, 'newline': None, 'closefd': True, 'opener': None, 'compression': 'infer_from_extension', 'transport_params': None}
18:40:02 INFO: saved model/topic_num/topicnum9/model.state
18:40:02 DEBUG: {'uri': 'model/topic_num/topicnum9/model.id2word', 'mode': 'wb', 'buffering': -1, 'encoding': None, 'errors': None, 'newline': None, 'closefd': True, 'opener': None, 'compression': 'infer_from_extension', 'transport_params': None}
18:40:02 INFO: LdaModel lifecycle event {'fname_or_handle': 'model/topic_num/topicnum9/model', 'separately': "['expElogbeta', 'sstats']", 'sep_limit': 10485760, 'ignore': ['state', 'dispatcher', 'id2word'], 'datetime': '2023-03-19T18:40:02.955604', 'gensim': '4.3.1', 'python': '3.9.2 (default, Mar  4 2021, 10:15:47) \n[Clang 10.0.0 (clang-1000.10.44.4)]', 'platform': 'macOS-10.16-x86_64-i386-64bit', 'event': 'saving'}
18:40:02 INFO: storing np array 'expElogbeta' to model/topic_num/topicnum9/model.expElogbeta.npy
18:40:02 INFO: not storing attribute state
18:40:02 INFO: not storing attribute dispatcher
18:40:02 INFO: not storing attribute id2word
18:40:02 DEBUG: {'uri': 'model/topic_num/topicnum9/model', 'mode': 'wb', 'buffering': -1, 'encoding': None, 'errors': None, 'newline': None, 'closefd': True, 'opener': None, 'compression': 'infer_from_extension', 'transport_params': None}
18:40:02 INFO: saved model/topic_num/topicnum9/model
