INFO: <<Objects>>
INFO: What is a class?
INFO: ['https://stackoverflow.com/questions/9921676/what-does-class-mean-in-java', 'https://stackoverflow.com/questions/15078935/what-does-class-mean-in-java', 'https://stackoverflow.com/questions/67741364/what-is-a-class', 'https://stackoverflow.com/questions/2485360/do-i-correctly-understand-what-a-class-is', 'https://stackoverflow.com/questions/13203532/what-exactly-is-a-class-and-an-object-in-java-please-explain-in-detail', 'https://stackoverflow.com/questions/41371835/why-is-a-class-called-an-abstraction-of-an-object', 'https://stackoverflow.com/questions/13775226/what-is-the-difference-between-classes-and-object-instances', 'https://stackoverflow.com/questions/62013688/what-does-classes-are-not-objects-mean', 'https://stackoverflow.com/questions/3686647/whats-the-best-way-to-define-the-words-class-and-object-to-someone-who-hasn', 'https://stackoverflow.com/questions/1215881/the-difference-between-classes-objects-and-instances']
DEBUG: Starting new HTTPS connection (1): api.stackexchange.com:443
DEBUG: https://api.stackexchange.com:443 "GET /2.3/questions/9921676;15078935;67741364;2485360;13203532;41371835;13775226;62013688;3686647;1215881?page=1&site=stackoverflow&filter=withbody HTTP/1.1" 200 5123
DEBUG: Starting new HTTPS connection (1): api.stackexchange.com:443
DEBUG: https://api.stackexchange.com:443 "GET /2.3/questions/9921676;15078935;67741364;2485360;13203532;41371835;13775226;62013688;3686647;1215881/answers?page=1&site=stackoverflow&filter=withbody HTTP/1.1" 200 11848
DEBUG: Starting new HTTPS connection (1): api.stackexchange.com:443
DEBUG: https://api.stackexchange.com:443 "GET /2.3/questions/9921676;15078935;67741364;2485360;13203532;41371835;13775226;62013688;3686647;1215881/answers?page=2&site=stackoverflow&filter=withbody HTTP/1.1" 200 11535
DEBUG: Starting new HTTPS connection (1): api.stackexchange.com:443
DEBUG: https://api.stackexchange.com:443 "GET /2.3/questions/9921676;15078935;67741364;2485360;13203532;41371835;13775226;62013688;3686647;1215881/answers?page=3&site=stackoverflow&filter=withbody HTTP/1.1" 200 10954
DEBUG: Starting new HTTPS connection (1): api.stackexchange.com:443
DEBUG: https://api.stackexchange.com:443 "GET /2.3/questions/9921676;15078935;67741364;2485360;13203532;41371835;13775226;62013688;3686647;1215881/answers?page=4&site=stackoverflow&filter=withbody HTTP/1.1" 200 1950
INFO: --------------------
INFO: What is a method?
INFO: ['https://stackoverflow.com/questions/155609/whats-the-difference-between-a-method-and-a-function', 'https://stackoverflow.com/questions/29551444/definition-of-method-function-operation-procedure-subroutine-whats-the-exact', 'https://stackoverflow.com/questions/4246883/what-is-method-property-and-function', 'https://stackoverflow.com/questions/54022620/definition-of-operation-and-method-in-oop', 'https://stackoverflow.com/questions/48710208/whats-the-type-of-method-itself-in-c', 'https://stackoverflow.com/questions/16223531/javas-methods-vs-functions', 'https://stackoverflow.com/questions/62619932/what-is-a-method-thats-inside-another-method-called', 'https://stackoverflow.com/questions/4841605/what-is-a-difference-between-a-method-and-a-function', 'https://stackoverflow.com/questions/5608476/whats-the-difference-between-a-method-and-a-selector', 'https://stackoverflow.com/questions/76026183/what-is-the-difference-between-a-method-and-a-function']
DEBUG: Starting new HTTPS connection (1): api.stackexchange.com:443
DEBUG: https://api.stackexchange.com:443 "GET /2.3/questions/155609;29551444;4246883;54022620;48710208;16223531;62619932;4841605;5608476;76026183?page=1&site=stackoverflow&filter=withbody HTTP/1.1" 200 4591
DEBUG: Starting new HTTPS connection (1): api.stackexchange.com:443
DEBUG: https://api.stackexchange.com:443 "GET /2.3/questions/155609;29551444;4246883;54022620;48710208;16223531;62619932;4841605;5608476;76026183/answers?page=1&site=stackoverflow&filter=withbody HTTP/1.1" 200 15156
DEBUG: Starting new HTTPS connection (1): api.stackexchange.com:443
DEBUG: https://api.stackexchange.com:443 "GET /2.3/questions/155609;29551444;4246883;54022620;48710208;16223531;62619932;4841605;5608476;76026183/answers?page=2&site=stackoverflow&filter=withbody HTTP/1.1" 200 11903
DEBUG: Starting new HTTPS connection (1): api.stackexchange.com:443
DEBUG: https://api.stackexchange.com:443 "GET /2.3/questions/155609;29551444;4246883;54022620;48710208;16223531;62619932;4841605;5608476;76026183/answers?page=3&site=stackoverflow&filter=withbody HTTP/1.1" 200 5003
INFO: --------------------
INFO: What is self?
INFO: ['https://stackoverflow.com/questions/54555141/what-is-self-in-python', 'https://stackoverflow.com/questions/39192798/what-does-self-mean-in-a-method', 'https://stackoverflow.com/questions/65184615/what-is-the-use-of-the-keyword-self-in-python-object-oriented-programming', 'https://stackoverflow.com/questions/66631340/what-is-t-self-in-swift5', 'https://stackoverflow.com/questions/71320867/what-is-self-in-swift', 'https://stackoverflow.com/questions/49737642/what-is-self-in-keras', 'https://stackoverflow.com/questions/71580346/what-is-self-and-what-does-it-do-in-lua', 'https://stackoverflow.com/questions/68140768/whatt-the-meaning-of-self-object-in-python', 'https://stackoverflow.com/questions/26835013/what-is-self-used-for-in-swift', 'https://stackoverflow.com/questions/65978620/tcloo-what-is-the-difference-between-my-and-self']
DEBUG: Starting new HTTPS connection (1): api.stackexchange.com:443
DEBUG: https://api.stackexchange.com:443 "GET /2.3/questions/54555141;39192798;65184615;66631340;71320867;49737642;71580346;68140768;26835013;65978620?page=1&site=stackoverflow&filter=withbody HTTP/1.1" 200 4683
DEBUG: Starting new HTTPS connection (1): api.stackexchange.com:443
DEBUG: https://api.stackexchange.com:443 "GET /2.3/questions/54555141;39192798;65184615;66631340;71320867;49737642;71580346;68140768;26835013;65978620/answers?page=1&site=stackoverflow&filter=withbody HTTP/1.1" 200 12272
INFO: --------------------
INFO: How do I check if an object is an instance of a given class or of a subclass of it?
INFO: ['https://stackoverflow.com/questions/13779614/check-if-an-object-is-an-instance-of-a-given-class-or-of-a-subclass-of-it', 'https://stackoverflow.com/questions/16688655/check-if-an-object-is-an-instance-of-a-class-but-not-an-instance-of-its-subclas', 'https://stackoverflow.com/questions/27475063/test-an-object-is-a-subclass-of-the-type-of-another-instance', 'https://stackoverflow.com/questions/56450218/how-to-check-if-an-instance-of-an-abstract-object-belongs-to-a-particular-subcla', 'https://stackoverflow.com/questions/67231734/what-is-the-best-way-to-check-if-an-object-is-a-subclass-and-not-the-base-class', 'https://stackoverflow.com/questions/68937249/check-if-object-is-an-instance-of-a-class-from-a-list-of-classes-and-cast', 'https://stackoverflow.com/questions/43828688/java-how-to-if-a-object-is-instance-of-parent-class-or-subclass', 'https://stackoverflow.com/questions/2410304/how-to-check-if-a-subclass-is-an-instance-of-a-class-at-runtime', 'https://stackoverflow.com/questions/15492944/ios-how-to-check-a-given-class-is-a-kind-of-uiviewcontroller-class', 'https://stackoverflow.com/questions/20052155/check-if-an-object-is-of-the-same-class-as-this']
DEBUG: Starting new HTTPS connection (1): api.stackexchange.com:443
DEBUG: https://api.stackexchange.com:443 "GET /2.3/questions/13779614;16688655;27475063;56450218;67231734;68937249;43828688;2410304;15492944;20052155?page=1&site=stackoverflow&filter=withbody HTTP/1.1" 200 5792
DEBUG: Starting new HTTPS connection (1): api.stackexchange.com:443
DEBUG: https://api.stackexchange.com:443 "GET /2.3/questions/13779614;16688655;27475063;56450218;67231734;68937249;43828688;2410304;15492944;20052155/answers?page=1&site=stackoverflow&filter=withbody HTTP/1.1" 200 9638
DEBUG: Starting new HTTPS connection (1): api.stackexchange.com:443
DEBUG: https://api.stackexchange.com:443 "GET /2.3/questions/13779614;16688655;27475063;56450218;67231734;68937249;43828688;2410304;15492944;20052155/answers?page=2&site=stackoverflow&filter=withbody HTTP/1.1" 200 2709
INFO: --------------------
INFO: What is delegation?
INFO: ['https://stackoverflow.com/questions/4701418/what-is-delegation-when-would-i-want-to-use-it', 'https://stackoverflow.com/questions/2044301/what-is-delegate', 'https://stackoverflow.com/questions/1224830/difference-between-strategy-pattern-and-delegation-pattern', 'https://stackoverflow.com/questions/20533602/what-is-delegation-in-ruby?rq=3', 'https://stackoverflow.com/questions/38194605/what-is-delegate-in-a-rails-form-object-file', 'https://stackoverflow.com/questions/56040048/what-is-the-difference-between-set-assignee-and-delegate-task-in-camunda', 'https://stackoverflow.com/questions/34979623/explain-how-the-concepts-of-encapsulation-and-delegation', 'https://stackoverflow.com/questions/832536/when-to-use-delegation-instead-of-inheritance', 'https://stackoverflow.com/questions/2534094/what-is-a-delegate-in-objective-cs-iphone-development', 'https://stackoverflow.com/questions/44231619/how-kotlin-delegation-is-useful']
DEBUG: Starting new HTTPS connection (1): api.stackexchange.com:443
DEBUG: https://api.stackexchange.com:443 "GET /2.3/questions/4701418;2044301;1224830;20533602;38194605;56040048;34979623;832536;2534094;44231619?page=1&site=stackoverflow&filter=withbody HTTP/1.1" 200 3611
DEBUG: Starting new HTTPS connection (1): api.stackexchange.com:443
DEBUG: https://api.stackexchange.com:443 "GET /2.3/questions/4701418;2044301;1224830;20533602;38194605;56040048;34979623;832536;2534094;44231619/answers?page=1&site=stackoverflow&filter=withbody HTTP/1.1" 200 15532
DEBUG: Starting new HTTPS connection (1): api.stackexchange.com:443
DEBUG: https://api.stackexchange.com:443 "GET /2.3/questions/4701418;2044301;1224830;20533602;38194605;56040048;34979623;832536;2534094;44231619/answers?page=2&site=stackoverflow&filter=withbody HTTP/1.1" 200 5170
INFO: --------------------
INFO: How do I call a method defined in a base class from a derived class that extends it?
INFO: ['https://stackoverflow.com/questions/44819707/call-a-base-class-method-using-a-derived-class-object-outside-the-derived-class', 'https://stackoverflow.com/questions/52631439/typescript-inheritance-call-function-from-base-class', 'https://stackoverflow.com/questions/268929/in-java-how-do-i-call-a-base-classs-method-from-the-overriding-method-in-a-der', 'https://stackoverflow.com/questions/56431762/why-does-java-base-class-constructor-call-derived-class-methods', 'https://stackoverflow.com/questions/357307/how-to-call-a-parent-class-function-from-derived-class-function', 'https://stackoverflow.com/questions/54977662/using-derived-class-instance-inside-base-class-to-call-base-class-method-with-de', 'https://stackoverflow.com/questions/15299686/calling-derived-class-method-using-base-class-object', 'https://stackoverflow.com/questions/61980377/im-trying-to-make-a-derived-class-method-available-through-a-base-class-referen', 'https://stackoverflow.com/questions/49779734/whose-method-gets-overridden-when-a-derived-class-extends-a-base-class-and-at-th', 'https://stackoverflow.com/questions/57300379/how-to-force-derived-class-to-call-super-class-method-at-multiple-layers']
DEBUG: Starting new HTTPS connection (1): api.stackexchange.com:443
DEBUG: https://api.stackexchange.com:443 "GET /2.3/questions/44819707;52631439;268929;56431762;357307;54977662;15299686;61980377;49779734;57300379?page=1&site=stackoverflow&filter=withbody HTTP/1.1" 200 6140
DEBUG: Starting new HTTPS connection (1): api.stackexchange.com:443
DEBUG: https://api.stackexchange.com:443 "GET /2.3/questions/44819707;52631439;268929;56431762;357307;54977662;15299686;61980377;49779734;57300379/answers?page=1&site=stackoverflow&filter=withbody HTTP/1.1" 200 9795
DEBUG: Starting new HTTPS connection (1): api.stackexchange.com:443
DEBUG: https://api.stackexchange.com:443 "GET /2.3/questions/44819707;52631439;268929;56431762;357307;54977662;15299686;61980377;49779734;57300379/answers?page=2&site=stackoverflow&filter=withbody HTTP/1.1" 200 1268
INFO: --------------------
INFO: How can I organize my code to make it easier to change the base class?
INFO: ['https://stackoverflow.com/questions/30376505/how-to-organize-a-set-of-classes-properly', 'https://stackoverflow.com/questions/17094298/organizing-class-best-practices', 'https://stackoverflow.com/questions/126898/organizing-the-source-code-base-when-mixing-two-or-more-languages-like-java-and', 'https://stackoverflow.com/questions/10307523/properly-designing-java-class-hierarchies-for-code-sharing-and-encapsulation', 'https://stackoverflow.com/questions/22183676/how-to-define-a-base-class', 'https://stackoverflow.com/questions/1932245/c-abstract-base-class-problem', 'https://stackoverflow.com/questions/3475005/modern-way-to-declare-a-class-in-php', 'https://stackoverflow.com/questions/5965120/where-to-implement-methods-when-derived-class-only-differs-by-context-and-retu', 'https://stackoverflow.com/questions/73627202/how-do-i-code-a-component-to-show-different-child-elements-attributes-of-base-c', 'https://stackoverflow.com/questions/75790825/how-to-organize-testclass-to-show-in-testexplorer-multiple-times-once-per-each']
DEBUG: Starting new HTTPS connection (1): api.stackexchange.com:443
DEBUG: https://api.stackexchange.com:443 "GET /2.3/questions/30376505;17094298;126898;10307523;22183676;1932245;3475005;5965120;73627202;75790825?page=1&site=stackoverflow&filter=withbody HTTP/1.1" 200 8521
DEBUG: Starting new HTTPS connection (1): api.stackexchange.com:443
DEBUG: https://api.stackexchange.com:443 "GET /2.3/questions/30376505;17094298;126898;10307523;22183676;1932245;3475005;5965120;73627202;75790825/answers?page=1&site=stackoverflow&filter=withbody HTTP/1.1" 200 15404
DEBUG: Starting new HTTPS connection (1): api.stackexchange.com:443
DEBUG: https://api.stackexchange.com:443 "GET /2.3/questions/30376505;17094298;126898;10307523;22183676;1932245;3475005;5965120;73627202;75790825/answers?page=2&site=stackoverflow&filter=withbody HTTP/1.1" 200 1579
INFO: --------------------
INFO: How do I create static class data and static class methods?
INFO: ['https://stackoverflow.com/questions/68799118/how-to-make-all-methods-from-static-class-available-in-another-static-class-in-c', 'https://stackoverflow.com/questions/56953683/c-class-with-all-members-and-methods-static', 'https://stackoverflow.com/questions/46384376/how-to-pass-data-in-static-class-method-from-non-static', 'https://stackoverflow.com/questions/17883433/what-is-diference-between-static-class-vs-class-with-only-static-methods', 'https://stackoverflow.com/questions/59474395/how-to-pass-in-class-to-a-method-and-call-static-methods-on-that-class', 'https://stackoverflow.com/questions/44232233/how-to-set-a-static-class-to-data-context', 'https://stackoverflow.com/questions/11464239/if-i-create-a-static-class-in-c-will-any-methods-inside-be-considered-static-a', 'https://stackoverflow.com/questions/57850367/c-sharp-how-assign-static-class-to-instance-variable', 'https://stackoverflow.com/questions/59998871/where-static-class-is-preferred', 'https://stackoverflow.com/questions/65508769/php-static-function-class-save-previous-function-call-data']
DEBUG: Starting new HTTPS connection (1): api.stackexchange.com:443
DEBUG: https://api.stackexchange.com:443 "GET /2.3/questions/68799118;56953683;46384376;17883433;59474395;44232233;11464239;57850367;59998871;65508769?page=1&site=stackoverflow&filter=withbody HTTP/1.1" 200 6271
DEBUG: Starting new HTTPS connection (1): api.stackexchange.com:443
DEBUG: https://api.stackexchange.com:443 "GET /2.3/questions/68799118;56953683;46384376;17883433;59474395;44232233;11464239;57850367;59998871;65508769/answers?page=1&site=stackoverflow&filter=withbody HTTP/1.1" 200 9649
INFO: --------------------
INFO: How can I overload constructors (or methods) in Python?
INFO: ['https://stackoverflow.com/questions/141545/how-to-overload-init-method-based-on-argument-type', 'https://stackoverflow.com/questions/58858556/how-can-i-perform-constructor-overloading-in-python', 'https://stackoverflow.com/questions/62155901/python-constructor-overloading', 'https://stackoverflow.com/questions/58142838/overloading-constructors-in-python', 'https://stackoverflow.com/questions/13989304/no-constructor-overloading-in-python-disadvantage', 'https://stackoverflow.com/questions/54722509/constructor-overloading-in-python-with-default-arguments', 'https://stackoverflow.com/questions/51541712/classmethod-for-constructor-overloading', 'https://stackoverflow.com/questions/66687053/how-to-overload-constructors-in-python', 'https://stackoverflow.com/questions/51515380/python-constructor-overload-with-different-number-of-parameters', 'https://stackoverflow.com/questions/46473267/constructor-overloading-in-python']
DEBUG: Starting new HTTPS connection (1): api.stackexchange.com:443
DEBUG: https://api.stackexchange.com:443 "GET /2.3/questions/141545;58858556;62155901;58142838;13989304;54722509;51541712;66687053;51515380;46473267?page=1&site=stackoverflow&filter=withbody HTTP/1.1" 200 5967
DEBUG: Starting new HTTPS connection (1): api.stackexchange.com:443
DEBUG: https://api.stackexchange.com:443 "GET /2.3/questions/141545;58858556;62155901;58142838;13989304;54722509;51541712;66687053;51515380;46473267/answers?page=1&site=stackoverflow&filter=withbody HTTP/1.1" 200 9363
INFO: --------------------
INFO: I try to use __spam and I get an error about _SomeClassName__spam.
INFO: ['https://stackoverflow.com/questions/52571094', 'https://stackoverflow.com/questions/18408531/xcode-build-failure-undefined-symbols-for-architecture-x86-64', 'https://stackoverflow.com/questions/23842770/python-function-takes-1-positional-argument-but-2-were-given-how', 'https://stackoverflow.com/questions/49226791/typescript-element-implicitly-has-an-any-type-because-type-typeof-css-file-ha', 'https://stackoverflow.com/questions/507138/how-to-add-a-class-to-a-given-element']
DEBUG: Starting new HTTPS connection (1): api.stackexchange.com:443
DEBUG: https://api.stackexchange.com:443 "GET /2.3/questions/52571094;18408531;23842770;49226791;507138?page=1&site=stackoverflow&filter=withbody HTTP/1.1" 200 4525
DEBUG: Starting new HTTPS connection (1): api.stackexchange.com:443
DEBUG: https://api.stackexchange.com:443 "GET /2.3/questions/52571094;18408531;23842770;49226791;507138/answers?page=1&site=stackoverflow&filter=withbody HTTP/1.1" 200 10206
DEBUG: Starting new HTTPS connection (1): api.stackexchange.com:443
DEBUG: https://api.stackexchange.com:443 "GET /2.3/questions/52571094;18408531;23842770;49226791;507138/answers?page=2&site=stackoverflow&filter=withbody HTTP/1.1" 200 10901
DEBUG: Starting new HTTPS connection (1): api.stackexchange.com:443
DEBUG: https://api.stackexchange.com:443 "GET /2.3/questions/52571094;18408531;23842770;49226791;507138/answers?page=3&site=stackoverflow&filter=withbody HTTP/1.1" 200 1247
INFO: --------------------
INFO: My class defines __del__ but it is not called when I delete the object.
INFO: ['https://stackoverflow.com/questions/6104535/i-dont-understand-this-python-del-behaviour', 'https://stackoverflow.com/questions/74721464/del-not-implicitly-called-on-object-when-its-last-reference-gets-deleted', 'https://stackoverflow.com/questions/36722390/python-3-super-del', 'https://stackoverflow.com/questions/53917228/deleting-the-del-method-from-an-existing-object-in-python', 'https://stackoverflow.com/questions/59508235/what-is-the-difference-between-del-and-delete', 'https://stackoverflow.com/questions/46957542/why-isnt-the-del-method-called', 'https://stackoverflow.com/questions/1481488/what-is-the-del-method-and-how-do-i-call-it', 'https://stackoverflow.com/questions/21766584/is-overriding-del-the-best-choice-here', 'https://stackoverflow.com/questions/32975036/why-is-del-called-at-the-end-of-a-with-block', 'https://stackoverflow.com/questions/1684099/is-it-possible-to-delete-a-method-from-an-object-not-class-in-python']
DEBUG: Starting new HTTPS connection (1): api.stackexchange.com:443
DEBUG: https://api.stackexchange.com:443 "GET /2.3/questions/6104535;74721464;36722390;53917228;59508235;46957542;1481488;21766584;32975036;1684099?page=1&site=stackoverflow&filter=withbody HTTP/1.1" 200 6959
DEBUG: Starting new HTTPS connection (1): api.stackexchange.com:443
DEBUG: https://api.stackexchange.com:443 "GET /2.3/questions/6104535;74721464;36722390;53917228;59508235;46957542;1481488;21766584;32975036;1684099/answers?page=1&site=stackoverflow&filter=withbody HTTP/1.1" 200 20997
DEBUG: Starting new HTTPS connection (1): api.stackexchange.com:443
DEBUG: https://api.stackexchange.com:443 "GET /2.3/questions/6104535;74721464;36722390;53917228;59508235;46957542;1481488;21766584;32975036;1684099/answers?page=2&site=stackoverflow&filter=withbody HTTP/1.1" 200 2899
INFO: --------------------
INFO: How do I get a list of all instances of a given class?
INFO: ['https://stackoverflow.com/questions/328851/printing-all-instances-of-a-class', 'https://stackoverflow.com/questions/21149708/how-to-get-all-instances-of-a-certain-class-in-python', 'https://stackoverflow.com/questions/61188218/how-to-get-all-instances-of-a-given-class-in-another-module', 'https://stackoverflow.com/questions/72436380/getting-list-of-all-instances-of-given-class', 'https://stackoverflow.com/questions/54129354/find-all-instances-of-a-certain-class', 'https://stackoverflow.com/questions/62121338/how-to-create-a-list-of-instances-of-a-given-class', 'https://stackoverflow.com/questions/55544878/how-to-easily-find-a-class-instance-in-a-list-with-a-given-class-attribute', 'https://stackoverflow.com/questions/19526456/get-all-instances-of-class-in-javascript', 'https://stackoverflow.com/questions/11112381/finding-all-instances-of-a-given-class-in-an-array', 'https://stackoverflow.com/questions/49997070/how-to-grab-all-members-of-a-class-instance-with-a-given-type']
DEBUG: Starting new HTTPS connection (1): api.stackexchange.com:443
DEBUG: https://api.stackexchange.com:443 "GET /2.3/questions/328851;21149708;61188218;72436380;54129354;62121338;55544878;19526456;11112381;49997070?page=1&site=stackoverflow&filter=withbody HTTP/1.1" 200 5430
DEBUG: Starting new HTTPS connection (1): api.stackexchange.com:443
DEBUG: https://api.stackexchange.com:443 "GET /2.3/questions/328851;21149708;61188218;72436380;54129354;62121338;55544878;19526456;11112381;49997070/answers?page=1&site=stackoverflow&filter=withbody HTTP/1.1" 200 11403
INFO: --------------------
INFO: Why does the result of id() appear to be not unique?
INFO: ['https://stackoverflow.com/questions/9454645/does-the-id-attribute-of-an-html-element-have-to-be-unique-in-the-whole-page', 'https://stackoverflow.com/questions/52096582/how-unique-is-pythons-id', 'https://stackoverflow.com/questions/20753364/why-is-the-id-of-a-python-class-not-unique-when-called-quickly', 'https://stackoverflow.com/questions/64274278/found-2-elements-with-non-unique-id', 'https://stackoverflow.com/questions/49864807/how-to-properly-correct-this-found-elements-with-non-unique-id-errors', 'https://stackoverflow.com/questions/3405351/jquery-basic-selector-usage-and-non-unique-element-id', 'https://stackoverflow.com/questions/58177734/understanding-python-id-uniqueness', 'https://stackoverflow.com/questions/76132364/subsetting-table-in-r-when-ids-are-non-unique-and-values-match', 'https://stackoverflow.com/questions/18136071/jquery-find-next-dom-element-by-id-where-id-is-not-unique', 'https://stackoverflow.com/questions/15878441/java-sql-sqlexception-column-id-is-not-unique']
DEBUG: Starting new HTTPS connection (1): api.stackexchange.com:443
DEBUG: https://api.stackexchange.com:443 "GET /2.3/questions/9454645;52096582;20753364;64274278;49864807;3405351;58177734;76132364;18136071;15878441?page=1&site=stackoverflow&filter=withbody HTTP/1.1" 200 9023
DEBUG: Starting new HTTPS connection (1): api.stackexchange.com:443
DEBUG: https://api.stackexchange.com:443 "GET /2.3/questions/9454645;52096582;20753364;64274278;49864807;3405351;58177734;76132364;18136071;15878441/answers?page=1&site=stackoverflow&filter=withbody HTTP/1.1" 200 14078
DEBUG: Starting new HTTPS connection (1): api.stackexchange.com:443
DEBUG: https://api.stackexchange.com:443 "GET /2.3/questions/9454645;52096582;20753364;64274278;49864807;3405351;58177734;76132364;18136071;15878441/answers?page=2&site=stackoverflow&filter=withbody HTTP/1.1" 200 4381
INFO: --------------------
INFO: When can I rely on identity tests with the is operator?
INFO: ['https://stackoverflow.com/questions/49268124/does-the-in-operator-use-or-is-for-comparisons', 'https://stackoverflow.com/questions/66993528/in-to-test-for-identity', 'https://stackoverflow.com/questions/19899935/is-there-a-time-when-the-is-operator-can-return-false-with-two-similar-strings', 'https://stackoverflow.com/questions/52268343/id-vs-is-operator-is-it-safe-to-compare-ids-does-the-same-id-mean-the', 'https://stackoverflow.com/questions/50881693/uncommon-behaviour-of-is-operator-in-python', 'https://stackoverflow.com/questions/57335770/why-does-is-operator-behave-differently-then-expected-in-idi-is-idj', 'https://stackoverflow.com/questions/21199809/purpose-of-overloading-identity-operator', 'https://stackoverflow.com/questions/132988/is-there-a-difference-between-and-is', 'https://stackoverflow.com/questions/306313/is-operator-behaves-unexpectedly-with-integers', 'https://stackoverflow.com/questions/11166748/identity-versus-equality-for-none-in-python']
DEBUG: Starting new HTTPS connection (1): api.stackexchange.com:443
DEBUG: https://api.stackexchange.com:443 "GET /2.3/questions/49268124;66993528;19899935;52268343;50881693;57335770;21199809;132988;306313;11166748?page=1&site=stackoverflow&filter=withbody HTTP/1.1" 200 4608
DEBUG: Starting new HTTPS connection (1): api.stackexchange.com:443
DEBUG: https://api.stackexchange.com:443 "GET /2.3/questions/49268124;66993528;19899935;52268343;50881693;57335770;21199809;132988;306313;11166748/answers?page=1&site=stackoverflow&filter=withbody HTTP/1.1" 200 23676
DEBUG: Starting new HTTPS connection (1): api.stackexchange.com:443
DEBUG: https://api.stackexchange.com:443 "GET /2.3/questions/49268124;66993528;19899935;52268343;50881693;57335770;21199809;132988;306313;11166748/answers?page=2&site=stackoverflow&filter=withbody HTTP/1.1" 200 7032
INFO: --------------------
INFO: How can a subclass control what data is stored in an immutable instance?
INFO: ['https://stackoverflow.com/questions/11320970/immutable-subclasses', 'https://stackoverflow.com/questions/31214446/immutable-classes-and-subclasses', 'https://stackoverflow.com/questions/54707731/this-class-inherits-from-a-class-marked-as-immutable-and-therefore-should-be-i', 'https://stackoverflow.com/questions/16061030/must-all-properties-of-an-immutable-object-be-final', 'https://stackoverflow.com/questions/203475/how-do-i-identify-immutable-objects-in-java', 'https://stackoverflow.com/questions/17603412/how-can-serialisation-deserialisation-break-immutability', 'https://stackoverflow.com/questions/13649584/immutable-class-object-private-constructor-factory-method', 'https://stackoverflow.com/questions/753375/creating-immutable-objects-from-javabean', 'https://stackoverflow.com/questions/28410386/in-immutable-class-why-fields-are-marked-as-private', 'https://stackoverflow.com/questions/26691935/overriding-a-stored-property-in-swift']
DEBUG: Starting new HTTPS connection (1): api.stackexchange.com:443
DEBUG: https://api.stackexchange.com:443 "GET /2.3/questions/11320970;31214446;54707731;16061030;203475;17603412;13649584;753375;28410386;26691935?page=1&site=stackoverflow&filter=withbody HTTP/1.1" 200 5507
DEBUG: Starting new HTTPS connection (1): api.stackexchange.com:443
DEBUG: https://api.stackexchange.com:443 "GET /2.3/questions/11320970;31214446;54707731;16061030;203475;17603412;13649584;753375;28410386;26691935/answers?page=1&site=stackoverflow&filter=withbody HTTP/1.1" 200 13667
DEBUG: Starting new HTTPS connection (1): api.stackexchange.com:443
DEBUG: https://api.stackexchange.com:443 "GET /2.3/questions/11320970;31214446;54707731;16061030;203475;17603412;13649584;753375;28410386;26691935/answers?page=2&site=stackoverflow&filter=withbody HTTP/1.1" 200 14547
DEBUG: Starting new HTTPS connection (1): api.stackexchange.com:443
DEBUG: https://api.stackexchange.com:443 "GET /2.3/questions/11320970;31214446;54707731;16061030;203475;17603412;13649584;753375;28410386;26691935/answers?page=3&site=stackoverflow&filter=withbody HTTP/1.1" 200 9085
INFO: --------------------
INFO: How do I cache method calls?
INFO: ['https://stackoverflow.com/questions/69367898/java-caching-the-result-of-a-method-call', 'https://stackoverflow.com/questions/17088812/caching-the-result-of-a-method-in-java', 'https://stackoverflow.com/questions/56094097/how-to-cache-a-method-with-two-parameters-in-spring-mvc', 'https://stackoverflow.com/questions/72440940/how-can-i-cache-methods-in-python', 'https://stackoverflow.com/questions/4929540/is-there-anyway-to-cache-function-method-in-c-sharp', 'https://stackoverflow.com/questions/58763234/cache-the-results-of-two-methods-in-a-single-cache-in-spring', 'https://stackoverflow.com/questions/815110/is-there-a-decorator-to-simply-cache-function-return-values', 'https://stackoverflow.com/questions/70478158/java-method-should-cache-the-results', 'https://stackoverflow.com/questions/44069122/cache-method-call-results-in-es6', 'https://stackoverflow.com/questions/70633223/cache-function-or-view']
DEBUG: Starting new HTTPS connection (1): api.stackexchange.com:443
DEBUG: https://api.stackexchange.com:443 "GET /2.3/questions/69367898;17088812;56094097;72440940;4929540;58763234;815110;70478158;44069122;70633223?page=1&site=stackoverflow&filter=withbody HTTP/1.1" 200 7387
DEBUG: Starting new HTTPS connection (1): api.stackexchange.com:443
DEBUG: https://api.stackexchange.com:443 "GET /2.3/questions/69367898;17088812;56094097;72440940;4929540;58763234;815110;70478158;44069122;70633223/answers?page=1&site=stackoverflow&filter=withbody HTTP/1.1" 200 17689
DEBUG: Starting new HTTPS connection (1): api.stackexchange.com:443
DEBUG: https://api.stackexchange.com:443 "GET /2.3/questions/69367898;17088812;56094097;72440940;4929540;58763234;815110;70478158;44069122;70633223/answers?page=2&site=stackoverflow&filter=withbody HTTP/1.1" 200 2912
INFO: --------------------
