INFO: <<GeneralQuestions>>
INFO: Is there a source code level debugger with breakpoints, single-stepping, etc.?
INFO: ['https://stackoverflow.com/questions/19564019/debugger-implementation-step-over-issue', 'https://stackoverflow.com/questions/25385173/what-is-a-debugger-and-how-can-it-help-me-diagnose-problems', 'https://stackoverflow.com/questions/35688569/effects-of-debugger-on-embedded-application', 'https://stackoverflow.com/questions/55621838/hardware-breakpoints-vs-software-breakpoints-in-embedded-systems', 'https://stackoverflow.com/questions/69436238/fast-way-to-find-javascript-source-file-in-debugger', 'https://stackoverflow.com/questions/7941988/why-single-stepping-instruction-on-x86', 'https://stackoverflow.com/questions/16492509/does-any-golang-interactive-debugger-exist/38471807', 'https://stackoverflow.com/questions/65492779/how-to-track-a-flow-of-a-c-program', 'https://stackoverflow.com/questions/7430123/debugging-python-code-in-notepad', 'https://stackoverflow.com/questions/41135561/how-does-adding-a-run-time-breakpoint-in-visual-studio-work']
DEBUG: Starting new HTTPS connection (1): api.stackexchange.com:443
DEBUG: https://api.stackexchange.com:443 "GET /2.3/questions/19564019;25385173;35688569;55621838;69436238;7941988;16492509;65492779;7430123;41135561?page=1&site=stackoverflow&filter=withbody HTTP/1.1" 200 5979
DEBUG: Starting new HTTPS connection (1): api.stackexchange.com:443
DEBUG: https://api.stackexchange.com:443 "GET /2.3/questions/19564019;25385173;35688569;55621838;69436238;7941988;16492509;65492779;7430123;41135561/answers?page=1&site=stackoverflow&filter=withbody HTTP/1.1" 200 27149
DEBUG: Starting new HTTPS connection (1): api.stackexchange.com:443
DEBUG: https://api.stackexchange.com:443 "GET /2.3/questions/19564019;25385173;35688569;55621838;69436238;7941988;16492509;65492779;7430123;41135561/answers?page=2&site=stackoverflow&filter=withbody HTTP/1.1" 200 1784
INFO: --------------------
INFO: Are there tools to help find bugs or perform static analysis?
INFO: ['https://stackoverflow.com/questions/19263704/is-there-a-tool-to-help-find-bugs-or-perform-static-analysis-in-python', 'https://stackoverflow.com/questions/18305195/have-you-ever-compared-the-static-analysis-tools-klocwork-and-findbugs', 'https://stackoverflow.com/questions/207652/how-do-commercial-java-static-analysis-tools-compare-with-the-free-ones', 'https://stackoverflow.com/questions/48917018/is-there-an-easy-way-to-write-a-findbugs-detector-for-comparisons', 'https://stackoverflow.com/questions/639694/are-c-static-code-analyis-tools-worth-it', 'https://stackoverflow.com/questions/10279346/static-code-analysis-in-python', 'https://stackoverflow.com/questions/34508491/how-do-i-create-custom-bug-detector-for-any-know-static-code-review-of-tool', 'https://stackoverflow.com/questions/575202/what-helps-to-you-improve-your-ability-to-find-a-bug', 'https://stackoverflow.com/questions/419637/do-you-find-source-code-analyzers-useful', 'https://stackoverflow.com/questions/1598882/are-there-any-tools-for-performing-static-analysis-of-scala-code']
DEBUG: Starting new HTTPS connection (1): api.stackexchange.com:443
DEBUG: https://api.stackexchange.com:443 "GET /2.3/questions/19263704;18305195;207652;48917018;639694;10279346;34508491;575202;419637;1598882?page=1&site=stackoverflow&filter=withbody HTTP/1.1" 200 4973
DEBUG: Starting new HTTPS connection (1): api.stackexchange.com:443
DEBUG: https://api.stackexchange.com:443 "GET /2.3/questions/19263704;18305195;207652;48917018;639694;10279346;34508491;575202;419637;1598882/answers?page=1&site=stackoverflow&filter=withbody HTTP/1.1" 200 15759
DEBUG: Starting new HTTPS connection (1): api.stackexchange.com:443
DEBUG: https://api.stackexchange.com:443 "GET /2.3/questions/19263704;18305195;207652;48917018;639694;10279346;34508491;575202;419637;1598882/answers?page=2&site=stackoverflow&filter=withbody HTTP/1.1" 200 10012
DEBUG: Starting new HTTPS connection (1): api.stackexchange.com:443
DEBUG: https://api.stackexchange.com:443 "GET /2.3/questions/19263704;18305195;207652;48917018;639694;10279346;34508491;575202;419637;1598882/answers?page=3&site=stackoverflow&filter=withbody HTTP/1.1" 200 1930
INFO: --------------------
INFO: How can I create a stand-alone binary from a Python script?
INFO: ['https://stackoverflow.com/questions/5458048/how-can-i-make-a-python-script-standalone-executable-to-run-without-any-dependen', 'https://stackoverflow.com/questions/68851790/how-to-compile-python-program-and-its-dependencies-into-a-single-c-like-binary', 'https://stackoverflow.com/questions/54212814/how-to-package-python-project-into-a-standalone-executable', 'https://stackoverflow.com/questions/30522451/creating-stand-alone-executable-for-windows-from-python-code', 'https://stackoverflow.com/questions/12339671/how-to-compile-python-script-to-binary-executable', 'https://stackoverflow.com/questions/59102199/making-a-python-game-as-a-stand-alone-application', 'https://stackoverflow.com/questions/39913847/is-there-a-way-to-compile-a-python-application-into-static-binary', 'https://stackoverflow.com/questions/65248123/how-to-make-any-python-program-run-standalone', 'https://stackoverflow.com/questions/59470367/how-can-i-create-a-python-standalone-executable-using-hy-modules', 'https://stackoverflow.com/questions/5888870/how-do-i-compile-a-pyqt-script-py-to-a-single-standalone-executable-file-for']
DEBUG: Starting new HTTPS connection (1): api.stackexchange.com:443
DEBUG: https://api.stackexchange.com:443 "GET /2.3/questions/5458048;68851790;54212814;30522451;12339671;59102199;39913847;65248123;59470367;5888870?page=1&site=stackoverflow&filter=withbody HTTP/1.1" 200 4868
DEBUG: Starting new HTTPS connection (1): api.stackexchange.com:443
DEBUG: https://api.stackexchange.com:443 "GET /2.3/questions/5458048;68851790;54212814;30522451;12339671;59102199;39913847;65248123;59470367;5888870/answers?page=1&site=stackoverflow&filter=withbody HTTP/1.1" 200 11071
DEBUG: Starting new HTTPS connection (1): api.stackexchange.com:443
DEBUG: https://api.stackexchange.com:443 "GET /2.3/questions/5458048;68851790;54212814;30522451;12339671;59102199;39913847;65248123;59470367;5888870/answers?page=2&site=stackoverflow&filter=withbody HTTP/1.1" 200 4998
INFO: --------------------
INFO: Are there coding standards or a style guide for Python programs?
INFO: ['https://stackoverflow.com/questions/2815272/common-coding-style-for-python', 'https://stackoverflow.com/questions/1318799/tool-to-enforce-python-code-style-standards', 'https://stackoverflow.com/questions/60627307/what-are-the-main-differences-between-pep8-and-google-python-style-guide', 'https://stackoverflow.com/questions/75115515/does-anything-supercede-pep-8', 'https://stackoverflow.com/questions/3892656/anyone-have-a-favorite-python-coding-style-enforcer', 'https://stackoverflow.com/questions/30772254/does-elixir-have-coding-standards-or-an-authoritative-style-guide-published-by-t', 'https://stackoverflow.com/questions/56013709/pandas-vs-pep-style-guide', 'https://stackoverflow.com/questions/66174512/are-there-any-common-python-naming-conventions-beginners-should-know', 'https://stackoverflow.com/questions/32279010/secure-coding-guidelines-for-python', 'https://stackoverflow.com/questions/41644544/what-is-pep8-actually-for-and-why-do-i-have-to-shorten-my-lines']
DEBUG: Starting new HTTPS connection (1): api.stackexchange.com:443
DEBUG: https://api.stackexchange.com:443 "GET /2.3/questions/2815272;1318799;60627307;75115515;3892656;30772254;56013709;66174512;32279010;41644544?page=1&site=stackoverflow&filter=withbody HTTP/1.1" 200 5588
DEBUG: Starting new HTTPS connection (1): api.stackexchange.com:443
DEBUG: https://api.stackexchange.com:443 "GET /2.3/questions/2815272;1318799;60627307;75115515;3892656;30772254;56013709;66174512;32279010;41644544/answers?page=1&site=stackoverflow&filter=withbody HTTP/1.1" 200 11466
INFO: --------------------
