INFO: <<Sequences_TuplesLists>>
INFO: Why does a_tuple[i] += [‘item’] raise an exception when the addition works?
INFO: ['https://stackoverflow.com/questions/38344244/tuples-operator-throws-exception-but-succeeds', 'https://stackoverflow.com/questions/39658446/why-can-you-extend-append-to-a-list-in-a-tuple-but-not-assign-to-it', 'https://stackoverflow.com/questions/62614078/why-does-mutating-a-list-in-a-tuple-raise-an-exception-but-mutate-it-anyway', 'https://stackoverflow.com/questions/35851782/why-does-handling-multiple-exceptions-require-a-tuple-but-not-a-list', 'https://stackoverflow.com/questions/41446833/what-is-the-difference-between-i-i-1-and-i-1-in-a-for-loop', 'https://stackoverflow.com/questions/29747224/append-to-a-list-defined-in-a-tuple-is-it-a-bug', 'https://stackoverflow.com/questions/32799300/are-tuples-really-immutable-in-python', 'https://stackoverflow.com/questions/21361281/mutate-tuple-of-lists-getting-tuple-object-does-not-support-item-assignment', 'https://stackoverflow.com/questions/9157210/how-do-i-raise-the-same-exception-with-a-custom-message-in-python', 'https://stackoverflow.com/questions/9172263/a-mutable-type-inside-an-immutable-container']
DEBUG: Starting new HTTPS connection (1): api.stackexchange.com:443
DEBUG: https://api.stackexchange.com:443 "GET /2.3/questions/38344244;39658446;62614078;35851782;41446833;29747224;32799300;21361281;9157210;9172263?page=1&site=stackoverflow&filter=withbody HTTP/1.1" 200 5539
DEBUG: Starting new HTTPS connection (1): api.stackexchange.com:443
DEBUG: https://api.stackexchange.com:443 "GET /2.3/questions/38344244;39658446;62614078;35851782;41446833;29747224;32799300;21361281;9157210;9172263/answers?page=1&site=stackoverflow&filter=withbody HTTP/1.1" 200 17281
DEBUG: Starting new HTTPS connection (1): api.stackexchange.com:443
DEBUG: https://api.stackexchange.com:443 "GET /2.3/questions/38344244;39658446;62614078;35851782;41446833;29747224;32799300;21361281;9157210;9172263/answers?page=2&site=stackoverflow&filter=withbody HTTP/1.1" 200 5763
INFO: --------------------
INFO: How do I convert between tuples and lists?
INFO: ['https://stackoverflow.com/questions/10941229/convert-list-of-tuples-to-list', 'https://stackoverflow.com/questions/74519459/how-to-convert-a-tuple-in-a-list-to-a-normal-list', 'https://stackoverflow.com/questions/66833359/should-lists-always-be-converted-to-tuples', 'https://stackoverflow.com/questions/65260928/python-list-elements-vs-converting-to-tuple-for-string-formatting', 'https://stackoverflow.com/questions/72307264/convert-tuple-of-list-to-list', 'https://stackoverflow.com/questions/16296643/convert-tuple-to-list-and-back', 'https://stackoverflow.com/questions/53545175/converting-tuple-to-list', 'https://stackoverflow.com/questions/31265092/how-to-convert-a-tuple-of-tuples-to-a-list-of-lists', 'https://stackoverflow.com/questions/8081545/how-to-convert-list-of-tuples-to-multiple-lists', 'https://stackoverflow.com/questions/58354904/python-convert-list-of-tuples-into-a-list-of-objects']
DEBUG: Starting new HTTPS connection (1): api.stackexchange.com:443
DEBUG: https://api.stackexchange.com:443 "GET /2.3/questions/10941229;74519459;66833359;65260928;72307264;16296643;53545175;31265092;8081545;58354904?page=1&site=stackoverflow&filter=withbody HTTP/1.1" 200 5060
DEBUG: Starting new HTTPS connection (1): api.stackexchange.com:443
DEBUG: https://api.stackexchange.com:443 "GET /2.3/questions/10941229;74519459;66833359;65260928;72307264;16296643;53545175;31265092;8081545;58354904/answers?page=1&site=stackoverflow&filter=withbody HTTP/1.1" 200 10234
DEBUG: Starting new HTTPS connection (1): api.stackexchange.com:443
DEBUG: https://api.stackexchange.com:443 "GET /2.3/questions/10941229;74519459;66833359;65260928;72307264;16296643;53545175;31265092;8081545;58354904/answers?page=2&site=stackoverflow&filter=withbody HTTP/1.1" 200 4750
INFO: --------------------
INFO: What is a negative index?
INFO: ['https://stackoverflow.com/questions/70425667/how-to-determine-the-negative-index-of-an-element-in-a-list', 'https://stackoverflow.com/questions/47170740/c-negative-array-index', 'https://stackoverflow.com/questions/7336679/in-r-what-does-a-negative-index-do', 'https://stackoverflow.com/questions/57197385/can-arrays-index-be-negative-number-in-java', 'https://stackoverflow.com/questions/61435459/python-negative-indexing-differences', 'https://stackoverflow.com/questions/53494616/how-to-create-a-matrix-with-negative-index-position', 'https://stackoverflow.com/questions/61045656/why-js-allows-negative-indices-in-array', 'https://stackoverflow.com/questions/37956197/what-is-the-negative-index-in-shape-arrays-used-for-tensorflow', 'https://stackoverflow.com/questions/23431191/negative-indexing-in-python', 'https://stackoverflow.com/questions/6889663/negative-index-of-array-in-php']
DEBUG: Starting new HTTPS connection (1): api.stackexchange.com:443
DEBUG: https://api.stackexchange.com:443 "GET /2.3/questions/70425667;47170740;7336679;57197385;61435459;53494616;61045656;37956197;23431191;6889663?page=1&site=stackoverflow&filter=withbody HTTP/1.1" 200 4300
DEBUG: Starting new HTTPS connection (1): api.stackexchange.com:443
DEBUG: https://api.stackexchange.com:443 "GET /2.3/questions/70425667;47170740;7336679;57197385;61435459;53494616;61045656;37956197;23431191;6889663/answers?page=1&site=stackoverflow&filter=withbody HTTP/1.1" 200 10893
DEBUG: Starting new HTTPS connection (1): api.stackexchange.com:443
DEBUG: https://api.stackexchange.com:443 "GET /2.3/questions/70425667;47170740;7336679;57197385;61435459;53494616;61045656;37956197;23431191;6889663/answers?page=2&site=stackoverflow&filter=withbody HTTP/1.1" 200 3353
INFO: --------------------
INFO: How do I iterate over a sequence in reverse order?
INFO: ['https://stackoverflow.com/questions/529424/traverse-a-list-in-reverse-order-in-python', 'https://stackoverflow.com/questions/51738699/iterating-an-interable-sequence-in-reverse-order', 'https://stackoverflow.com/questions/67957942/how-to-enumerate-over-a-list-in-python-backwards-with-indexfrom-the-end-to-the', 'https://stackoverflow.com/questions/1098117/can-one-do-a-for-each-loop-in-java-in-reverse-order', 'https://stackoverflow.com/questions/49627796/how-to-iterate-loop-in-reverse-order-in-scala', 'https://stackoverflow.com/questions/58673766/how-to-reduce-in-reverse-so-to-iterate-from-the-last-index-and-on-through-until', 'https://stackoverflow.com/questions/3940128/how-do-i-reverse-a-list-or-loop-over-it-backwards', 'https://stackoverflow.com/questions/2102499/iterating-through-a-list-in-reverse-order-in-java', 'https://stackoverflow.com/questions/69102162/looping-backwards-in-python-and-getting-the-index', 'https://stackoverflow.com/questions/1211608/possible-to-iterate-backwards-through-a-foreach']
DEBUG: Starting new HTTPS connection (1): api.stackexchange.com:443
DEBUG: https://api.stackexchange.com:443 "GET /2.3/questions/529424;51738699;67957942;1098117;49627796;58673766;3940128;2102499;69102162;1211608?page=1&site=stackoverflow&filter=withbody HTTP/1.1" 200 4156
DEBUG: Starting new HTTPS connection (1): api.stackexchange.com:443
DEBUG: https://api.stackexchange.com:443 "GET /2.3/questions/529424;51738699;67957942;1098117;49627796;58673766;3940128;2102499;69102162;1211608/answers?page=1&site=stackoverflow&filter=withbody HTTP/1.1" 200 11506
DEBUG: Starting new HTTPS connection (1): api.stackexchange.com:443
DEBUG: https://api.stackexchange.com:443 "GET /2.3/questions/529424;51738699;67957942;1098117;49627796;58673766;3940128;2102499;69102162;1211608/answers?page=2&site=stackoverflow&filter=withbody HTTP/1.1" 200 8760
DEBUG: Starting new HTTPS connection (1): api.stackexchange.com:443
DEBUG: https://api.stackexchange.com:443 "GET /2.3/questions/529424;51738699;67957942;1098117;49627796;58673766;3940128;2102499;69102162;1211608/answers?page=3&site=stackoverflow&filter=withbody HTTP/1.1" 200 9791
DEBUG: Starting new HTTPS connection (1): api.stackexchange.com:443
DEBUG: https://api.stackexchange.com:443 "GET /2.3/questions/529424;51738699;67957942;1098117;49627796;58673766;3940128;2102499;69102162;1211608/answers?page=4&site=stackoverflow&filter=withbody HTTP/1.1" 200 8373
DEBUG: Starting new HTTPS connection (1): api.stackexchange.com:443
DEBUG: https://api.stackexchange.com:443 "GET /2.3/questions/529424;51738699;67957942;1098117;49627796;58673766;3940128;2102499;69102162;1211608/answers?page=5&site=stackoverflow&filter=withbody HTTP/1.1" 200 1239
INFO: --------------------
INFO: How do you remove duplicates from a list?
INFO: ['https://stackoverflow.com/questions/7961363/removing-duplicates-in-lists', 'https://stackoverflow.com/questions/66558055/python-remove-duplicate-element-from-list', 'https://stackoverflow.com/questions/63318527/remove-duplicates-from-a-list-of-lists-based-on-duplicate-first-elements', 'https://stackoverflow.com/questions/32296933/removing-duplicates-of-a-list-of-sets', 'https://stackoverflow.com/questions/57261950/how-does-set-remove-duplicates-from-a-list', 'https://stackoverflow.com/questions/46567232/how-to-remove-duplicates-in-list-of-instances', 'https://stackoverflow.com/questions/26790493/remove-duplicates-and-original-from-list', 'https://stackoverflow.com/questions/34569966/remove-duplicates-in-python-list-but-remember-the-index', 'https://stackoverflow.com/questions/39033565/how-to-remove-duplicates-of-huge-lists-of-objects-in-python', 'https://stackoverflow.com/questions/37349688/remove-duplicates-from-listof-t']
DEBUG: Starting new HTTPS connection (1): api.stackexchange.com:443
DEBUG: https://api.stackexchange.com:443 "GET /2.3/questions/7961363;66558055;63318527;32296933;57261950;46567232;26790493;34569966;39033565;37349688?page=1&site=stackoverflow&filter=withbody HTTP/1.1" 200 6885
DEBUG: Starting new HTTPS connection (1): api.stackexchange.com:443
DEBUG: https://api.stackexchange.com:443 "GET /2.3/questions/7961363;66558055;63318527;32296933;57261950;46567232;26790493;34569966;39033565;37349688/answers?page=1&site=stackoverflow&filter=withbody HTTP/1.1" 200 12353
DEBUG: Starting new HTTPS connection (1): api.stackexchange.com:443
DEBUG: https://api.stackexchange.com:443 "GET /2.3/questions/7961363;66558055;63318527;32296933;57261950;46567232;26790493;34569966;39033565;37349688/answers?page=2&site=stackoverflow&filter=withbody HTTP/1.1" 200 10724
DEBUG: Starting new HTTPS connection (1): api.stackexchange.com:443
DEBUG: https://api.stackexchange.com:443 "GET /2.3/questions/7961363;66558055;63318527;32296933;57261950;46567232;26790493;34569966;39033565;37349688/answers?page=3&site=stackoverflow&filter=withbody HTTP/1.1" 200 8428
INFO: --------------------
INFO: How do you remove multiple items from a list
INFO: ['https://stackoverflow.com/questions/36268749/how-to-remove-multiple-items-from-a-list-in-just-one-statement', 'https://stackoverflow.com/questions/68764920/more-succinct-way-to-remove-multiple-elements-from-a-list', 'https://stackoverflow.com/questions/62280961/how-to-remove-multiple-elements-from-a-list-of-lists', 'https://stackoverflow.com/questions/63439887/how-to-simultaneously-delete-multiple-values-from-a-list-in-python-based-on-thei', 'https://stackoverflow.com/questions/65902284/how-to-remove-multiple-items-in-an-array-of-objects-in-react', 'https://stackoverflow.com/questions/11303225/how-to-remove-multiple-indexes-from-a-list-at-the-same-time', 'https://stackoverflow.com/questions/53094253/delete-multiple-elements-from-a-list', 'https://stackoverflow.com/questions/56505239/how-to-remove-multiple-items-from-nested-list-in-python-3', 'https://stackoverflow.com/questions/54731142/remove-multiple-elements-with-multiple-indexes-from-arraylist-in-java', 'https://stackoverflow.com/questions/53513347/how-to-remove-multiple-objects-in-list-by-id']
DEBUG: Starting new HTTPS connection (1): api.stackexchange.com:443
DEBUG: https://api.stackexchange.com:443 "GET /2.3/questions/36268749;68764920;62280961;63439887;65902284;11303225;53094253;56505239;54731142;53513347?page=1&site=stackoverflow&filter=withbody HTTP/1.1" 200 4708
DEBUG: Starting new HTTPS connection (1): api.stackexchange.com:443
DEBUG: https://api.stackexchange.com:443 "GET /2.3/questions/36268749;68764920;62280961;63439887;65902284;11303225;53094253;56505239;54731142;53513347/answers?page=1&site=stackoverflow&filter=withbody HTTP/1.1" 200 9401
DEBUG: Starting new HTTPS connection (1): api.stackexchange.com:443
DEBUG: https://api.stackexchange.com:443 "GET /2.3/questions/36268749;68764920;62280961;63439887;65902284;11303225;53094253;56505239;54731142;53513347/answers?page=2&site=stackoverflow&filter=withbody HTTP/1.1" 200 5716
INFO: --------------------
INFO: How do you make an array in Python?
INFO: ['https://stackoverflow.com/questions/1514553/how-do-i-declare-an-array-in-python', 'https://stackoverflow.com/questions/41189474/how-to-create-an-array-in-python', 'https://stackoverflow.com/questions/55059080/create-an-array-of-size-n-with-initialized-value', 'https://stackoverflow.com/questions/52051667/writing-an-arrays-inside-an-array-in-python', 'https://stackoverflow.com/questions/1859864/how-to-create-an-integer-array-in-python', 'https://stackoverflow.com/questions/33405358/python-how-to-make-an-array-of-arrays-of-pairs', 'https://stackoverflow.com/questions/68522868/create-a-numpy-array-from-parts-of-other-arrays-in-python', 'https://stackoverflow.com/questions/62377953/how-do-i-make-a-python-array-made-up-of-multiples-of-e-g-3', 'https://stackoverflow.com/questions/10487278/how-to-declare-and-add-items-to-an-array-in-python', 'https://stackoverflow.com/questions/45716569/python-how-to-create-an-array-based-on-condition']
DEBUG: Starting new HTTPS connection (1): api.stackexchange.com:443
DEBUG: https://api.stackexchange.com:443 "GET /2.3/questions/1514553;41189474;55059080;52051667;1859864;33405358;68522868;62377953;10487278;45716569?page=1&site=stackoverflow&filter=withbody HTTP/1.1" 200 5077
DEBUG: Starting new HTTPS connection (1): api.stackexchange.com:443
DEBUG: https://api.stackexchange.com:443 "GET /2.3/questions/1514553;41189474;55059080;52051667;1859864;33405358;68522868;62377953;10487278;45716569/answers?page=1&site=stackoverflow&filter=withbody HTTP/1.1" 200 9462
DEBUG: Starting new HTTPS connection (1): api.stackexchange.com:443
DEBUG: https://api.stackexchange.com:443 "GET /2.3/questions/1514553;41189474;55059080;52051667;1859864;33405358;68522868;62377953;10487278;45716569/answers?page=2&site=stackoverflow&filter=withbody HTTP/1.1" 200 9471
INFO: --------------------
INFO: How do I create a multidimensional list?
INFO: ['https://stackoverflow.com/questions/17636567/how-to-create-a-multi-dimensional-list', 'https://stackoverflow.com/questions/61871681/how-to-create-dynamic-multidimensional-list-in-python', 'https://stackoverflow.com/questions/71875601/how-to-create-a-multidimensional-list-of-a-variable-amount-of-dimensions-in-pyth', 'https://stackoverflow.com/questions/55325738/how-to-create-multidimensional-lists-and-loop-widgets-containing-the-lists-value', 'https://stackoverflow.com/questions/47703909/creating-a-multidimensional-list-in-python3-and-assign-values-in-a-loop', 'https://stackoverflow.com/questions/56927865/create-a-multidimensional-list-from-array-objects', 'https://stackoverflow.com/questions/13447882/python-2-7-creating-a-multidimensional-list', 'https://stackoverflow.com/questions/56199061/dynamic-multidimensional-list-in-python', 'https://stackoverflow.com/questions/34483800/how-to-create-a-multidimensional-array-from-lists-with-numpy', 'https://stackoverflow.com/questions/68779250/python-enumerate-a-multidimensional-list']
DEBUG: Starting new HTTPS connection (1): api.stackexchange.com:443
DEBUG: https://api.stackexchange.com:443 "GET /2.3/questions/17636567;61871681;71875601;55325738;47703909;56927865;13447882;56199061;34483800;68779250?page=1&site=stackoverflow&filter=withbody HTTP/1.1" 200 5842
DEBUG: Starting new HTTPS connection (1): api.stackexchange.com:443
DEBUG: https://api.stackexchange.com:443 "GET /2.3/questions/17636567;61871681;71875601;55325738;47703909;56927865;13447882;56199061;34483800;68779250/answers?page=1&site=stackoverflow&filter=withbody HTTP/1.1" 200 10655
DEBUG: Starting new HTTPS connection (1): api.stackexchange.com:443
DEBUG: https://api.stackexchange.com:443 "GET /2.3/questions/17636567;61871681;71875601;55325738;47703909;56927865;13447882;56199061;34483800;68779250/answers?page=2&site=stackoverflow&filter=withbody HTTP/1.1" 200 1533
INFO: --------------------
INFO: How do I apply a method or function to a sequence of objects?
INFO: ['https://stackoverflow.com/questions/50872410/how-to-apply-sequence-of-functions-to-an-object', 'https://stackoverflow.com/questions/72340656/calling-multiple-methods-of-an-object-in-sequence', 'https://stackoverflow.com/questions/55401522/calling-class-object-methods-in-sequence', 'https://stackoverflow.com/questions/32872589/apply-a-sequence-of-functions-to-value-and-get-the-final-result', 'https://stackoverflow.com/questions/22514947/call-methods-in-sequence', 'https://stackoverflow.com/questions/11736407/apply-list-of-functions-on-an-object-in-python', 'https://stackoverflow.com/questions/46293228/enforce-a-sequence-for-calling-methods-in-a-class', 'https://stackoverflow.com/questions/55883499/java-can-i-add-functions-to-a-collection-for-executing-in-sequence', 'https://stackoverflow.com/questions/39123375/apply-a-list-of-python-functions-in-order-elegantly', 'https://stackoverflow.com/questions/68083727/java-stream-how-to-apply-a-function-to-the-previous-result']
DEBUG: Starting new HTTPS connection (1): api.stackexchange.com:443
DEBUG: https://api.stackexchange.com:443 "GET /2.3/questions/50872410;72340656;55401522;32872589;22514947;11736407;46293228;55883499;39123375;68083727?page=1&site=stackoverflow&filter=withbody HTTP/1.1" 200 5062
DEBUG: Starting new HTTPS connection (1): api.stackexchange.com:443
DEBUG: https://api.stackexchange.com:443 "GET /2.3/questions/50872410;72340656;55401522;32872589;22514947;11736407;46293228;55883499;39123375;68083727/answers?page=1&site=stackoverflow&filter=withbody HTTP/1.1" 200 10765
DEBUG: Starting new HTTPS connection (1): api.stackexchange.com:443
DEBUG: https://api.stackexchange.com:443 "GET /2.3/questions/50872410;72340656;55401522;32872589;22514947;11736407;46293228;55883499;39123375;68083727/answers?page=2&site=stackoverflow&filter=withbody HTTP/1.1" 200 1508
INFO: --------------------
INFO: I want to do a complicated sort: can you do a Schwartzian Transform in Python?
INFO: ['https://stackoverflow.com/questions/44749903/how-do-i-implement-a-schwartzian-transform-in-python', 'https://stackoverflow.com/questions/61683696/how-to-sort-hierarchical-data-represented-in-a-flat-list', 'https://stackoverflow.com/questions/46860219/how-do-i-make-a-merge-sort-built-for-a-single-list-sort-a-list-of-list-inste', 'https://stackoverflow.com/questions/48240069/idiomatic-lazy-sorting-by-multiple-criteria', 'https://stackoverflow.com/questions/72899/how-to-sort-a-list-of-dictionaries-by-a-value-of-the-dictionary-in-python', 'https://stackoverflow.com/questions/42899405/sort-a-list-with-longest-items-first', 'https://stackoverflow.com/questions/5760733/perl-in-place-sort-lines-in-a-text-file', 'https://stackoverflow.com/questions/40358056/sorting-list-of-lists-and-getting-indices-in-unsorted-list', 'https://stackoverflow.com/questions/2019951/how-do-i-sort-this-list', 'https://stackoverflow.com/questions/6913512/how-to-sort-an-array-of-objects-by-multiple-fields']
DEBUG: Starting new HTTPS connection (1): api.stackexchange.com:443
DEBUG: https://api.stackexchange.com:443 "GET /2.3/questions/44749903;61683696;46860219;48240069;72899;42899405;5760733;40358056;2019951;6913512?page=1&site=stackoverflow&filter=withbody HTTP/1.1" 200 6795
DEBUG: Starting new HTTPS connection (1): api.stackexchange.com:443
DEBUG: https://api.stackexchange.com:443 "GET /2.3/questions/44749903;61683696;46860219;48240069;72899;42899405;5760733;40358056;2019951;6913512/answers?page=1&site=stackoverflow&filter=withbody HTTP/1.1" 200 15141
DEBUG: Starting new HTTPS connection (1): api.stackexchange.com:443
DEBUG: https://api.stackexchange.com:443 "GET /2.3/questions/44749903;61683696;46860219;48240069;72899;42899405;5760733;40358056;2019951;6913512/answers?page=2&site=stackoverflow&filter=withbody HTTP/1.1" 200 15403
DEBUG: Starting new HTTPS connection (1): api.stackexchange.com:443
DEBUG: https://api.stackexchange.com:443 "GET /2.3/questions/44749903;61683696;46860219;48240069;72899;42899405;5760733;40358056;2019951;6913512/answers?page=3&site=stackoverflow&filter=withbody HTTP/1.1" 200 11847
DEBUG: Starting new HTTPS connection (1): api.stackexchange.com:443
DEBUG: https://api.stackexchange.com:443 "GET /2.3/questions/44749903;61683696;46860219;48240069;72899;42899405;5760733;40358056;2019951;6913512/answers?page=4&site=stackoverflow&filter=withbody HTTP/1.1" 200 786
INFO: --------------------
INFO: How can I sort one list by values from another list?
INFO: ['https://stackoverflow.com/questions/6618515/sorting-list-according-to-corresponding-values-from-a-parallel-list', 'https://stackoverflow.com/questions/67826601/how-to-sort-one-list-and-re-sort-another-list-keeping-same-relation-python', 'https://stackoverflow.com/questions/64269092/how-to-sort-a-list-by-another-list', 'https://stackoverflow.com/questions/71773352/how-can-i-sort-a-list-based-on-another-list', 'https://stackoverflow.com/questions/60211248/sort-a-list-by-presence-of-items-in-another-list', 'https://stackoverflow.com/questions/67544062/c-sharp-sort-list-according-to-another-list-values', 'https://stackoverflow.com/questions/50702846/sort-a-list-according-to-another-list', 'https://stackoverflow.com/questions/61119161/sort-a-list-according-to-another-list-with-uneven-length', 'https://stackoverflow.com/questions/61024568/python-3-x-sort-one-list-based-on-another-list-and-then-return-both-lists-sor', 'https://stackoverflow.com/questions/67792194/how-to-filter-and-sort-a-list-using-another-list-in-kotlin']
DEBUG: Starting new HTTPS connection (1): api.stackexchange.com:443
DEBUG: https://api.stackexchange.com:443 "GET /2.3/questions/6618515;67826601;64269092;71773352;60211248;67544062;50702846;61119161;61024568;67792194?page=1&site=stackoverflow&filter=withbody HTTP/1.1" 200 4629
DEBUG: Starting new HTTPS connection (1): api.stackexchange.com:443
DEBUG: https://api.stackexchange.com:443 "GET /2.3/questions/6618515;67826601;64269092;71773352;60211248;67544062;50702846;61119161;61024568;67792194/answers?page=1&site=stackoverflow&filter=withbody HTTP/1.1" 200 11638
DEBUG: Starting new HTTPS connection (1): api.stackexchange.com:443
DEBUG: https://api.stackexchange.com:443 "GET /2.3/questions/6618515;67826601;64269092;71773352;60211248;67544062;50702846;61119161;61024568;67792194/answers?page=2&site=stackoverflow&filter=withbody HTTP/1.1" 200 3658
INFO: --------------------
