INFO: <<CoreLanguage>>
INFO: What are the “best practices” for using import in a module?
INFO: ['https://stackoverflow.com/questions/9916878/importing-modules-in-python-best-practice', 'https://stackoverflow.com/questions/66341940/module-importing-good-practice', 'https://stackoverflow.com/questions/69893772/python-best-practices-for-importing-module-inside-my-package', 'https://stackoverflow.com/questions/73783464/module-level-import-best-practices', 'https://stackoverflow.com/questions/44848556/python-import-good-practice', 'https://stackoverflow.com/questions/20009855/python-best-practices-import-modules', 'https://stackoverflow.com/questions/51956302/best-practice-for-nested-python-module-imports', 'https://stackoverflow.com/questions/44830327/best-practices-for-importing-rarely-used-package-in-python', 'https://stackoverflow.com/questions/710551/use-import-module-or-from-module-import', 'https://stackoverflow.com/questions/6372159/what-is-the-most-pythonic-way-to-import-modules-in-python']
DEBUG: Starting new HTTPS connection (1): api.stackexchange.com:443
DEBUG: https://api.stackexchange.com:443 "GET /2.3/questions/9916878;66341940;69893772;73783464;44848556;20009855;51956302;44830327;710551;6372159?page=1&site=stackoverflow&filter=withbody HTTP/1.1" 200 6880
DEBUG: Starting new HTTPS connection (1): api.stackexchange.com:443
DEBUG: https://api.stackexchange.com:443 "GET /2.3/questions/9916878;66341940;69893772;73783464;44848556;20009855;51956302;44830327;710551;6372159/answers?page=1&site=stackoverflow&filter=withbody HTTP/1.1" 200 16697
DEBUG: Starting new HTTPS connection (1): api.stackexchange.com:443
DEBUG: https://api.stackexchange.com:443 "GET /2.3/questions/9916878;66341940;69893772;73783464;44848556;20009855;51956302;44830327;710551;6372159/answers?page=2&site=stackoverflow&filter=withbody HTTP/1.1" 200 8693
INFO: --------------------
INFO: Why did changing list ‘y’ also change list ‘x’?
INFO: ['https://stackoverflow.com/questions/73251454/why-when-change-a-dictionary-from-a-list-of-dictionaries-the-list-also-changes', 'https://stackoverflow.com/questions/44425143/why-did-the-value-of-x-change', 'https://stackoverflow.com/questions/70315542/why-does-the-original-list-change-when-i-change-the-copied-list-python', 'https://stackoverflow.com/questions/73069075/why-updating-value-from-2-lists-behave-differently-one-of-the-item-in-list-is', 'https://stackoverflow.com/questions/240178/list-of-lists-changes-reflected-across-sublists-unexpectedly', 'https://stackoverflow.com/questions/16774913/why-is-list-changing-with-no-reason', 'https://stackoverflow.com/questions/76273800/why-do-my-previous-dictionaries-in-a-list-change-when-i-try-to-add-a-new-one', 'https://stackoverflow.com/questions/70403857/why-does-a-change-in-nested-list-doesnt-affect-the-first-layers-and-only-the-su', 'https://stackoverflow.com/questions/47101750/changing-instance-variable-in-python-also-changes-original-list', 'https://stackoverflow.com/questions/53752520/value-in-list-changed-after-running-through-loop']
DEBUG: Starting new HTTPS connection (1): api.stackexchange.com:443
DEBUG: https://api.stackexchange.com:443 "GET /2.3/questions/73251454;44425143;70315542;73069075;240178;16774913;76273800;70403857;47101750;53752520?page=1&site=stackoverflow&filter=withbody HTTP/1.1" 200 5409
DEBUG: Starting new HTTPS connection (1): api.stackexchange.com:443
DEBUG: https://api.stackexchange.com:443 "GET /2.3/questions/73251454;44425143;70315542;73069075;240178;16774913;76273800;70403857;47101750;53752520/answers?page=1&site=stackoverflow&filter=withbody HTTP/1.1" 200 13731
DEBUG: Starting new HTTPS connection (1): api.stackexchange.com:443
DEBUG: https://api.stackexchange.com:443 "GET /2.3/questions/73251454;44425143;70315542;73069075;240178;16774913;76273800;70403857;47101750;53752520/answers?page=2&site=stackoverflow&filter=withbody HTTP/1.1" 200 4991
INFO: --------------------
INFO: What’s up with the comma operator’s precedence?
INFO: ['https://stackoverflow.com/questions/57877543/comma-operator-precedence', 'https://stackoverflow.com/questions/52550/what-does-the-comma-operator-do', 'https://stackoverflow.com/questions/16854007/comma-operator-precedence-while-used-with-operator', 'https://stackoverflow.com/questions/6922677/does-python-have-a-comma-operator-like-c', 'https://stackoverflow.com/questions/68554636/in-python-what-is-the-order-of-operations-for-the-walrus-operator', 'https://stackoverflow.com/questions/16582301/why-doesnt-comma-operator-seem-to-work-between-a-if-statement-and-an-else-s', 'https://stackoverflow.com/questions/43805222/why-trailing-comma-in-if-else-expressions-second-condition-causes-first-conditi', 'https://stackoverflow.com/questions/66176774/python-tuple-ending-with-comma-difference', 'https://stackoverflow.com/questions/75908947/list-context-and-the-comma-operator-in-perl', 'https://stackoverflow.com/questions/72081593/assignment-destructuring-and-operator-precedence']
DEBUG: Starting new HTTPS connection (1): api.stackexchange.com:443
DEBUG: https://api.stackexchange.com:443 "GET /2.3/questions/57877543;52550;16854007;6922677;68554636;16582301;43805222;66176774;75908947;72081593?page=1&site=stackoverflow&filter=withbody HTTP/1.1" 200 5061
DEBUG: Starting new HTTPS connection (1): api.stackexchange.com:443
DEBUG: https://api.stackexchange.com:443 "GET /2.3/questions/57877543;52550;16854007;6922677;68554636;16582301;43805222;66176774;75908947;72081593/answers?page=1&site=stackoverflow&filter=withbody HTTP/1.1" 200 12114
DEBUG: Starting new HTTPS connection (1): api.stackexchange.com:443
DEBUG: https://api.stackexchange.com:443 "GET /2.3/questions/57877543;52550;16854007;6922677;68554636;16582301;43805222;66176774;75908947;72081593/answers?page=2&site=stackoverflow&filter=withbody HTTP/1.1" 200 1518
INFO: --------------------
INFO: Is there an equivalent of C’s “?:” ternary operator?
INFO: ['https://stackoverflow.com/questions/394809/does-python-have-a-ternary-conditional-operator', 'https://stackoverflow.com/questions/52201848/how-is-ternary-operator-implemented-in-python', 'https://stackoverflow.com/questions/30076116/difference-between-c-and-python-ternary-operators', 'https://stackoverflow.com/questions/55450694/is-there-a-c-like-exp1-exp2-exp3-in-python', 'https://stackoverflow.com/questions/76683114/using-elvis-ternary-operator-as-an-argument-to-a-function', 'https://stackoverflow.com/questions/160218/to-ternary-or-not-to-ternary', 'https://stackoverflow.com/questions/19979178/what-is-the-idiomatic-go-equivalent-of-cs-ternary-operator', 'https://stackoverflow.com/questions/45620834/cs-equivalent-to-pythons-or-in-assignment', 'https://stackoverflow.com/questions/5995350/equivalent-of-abc', 'https://stackoverflow.com/questions/75119456/syntax-of-ternary-operators-in-c']
DEBUG: Starting new HTTPS connection (1): api.stackexchange.com:443
DEBUG: https://api.stackexchange.com:443 "GET /2.3/questions/394809;52201848;30076116;55450694;76683114;160218;19979178;45620834;5995350;75119456?page=1&site=stackoverflow&filter=withbody HTTP/1.1" 200 5071
DEBUG: Starting new HTTPS connection (1): api.stackexchange.com:443
DEBUG: https://api.stackexchange.com:443 "GET /2.3/questions/394809;52201848;30076116;55450694;76683114;160218;19979178;45620834;5995350;75119456/answers?page=1&site=stackoverflow&filter=withbody HTTP/1.1" 200 16339
DEBUG: Starting new HTTPS connection (1): api.stackexchange.com:443
DEBUG: https://api.stackexchange.com:443 "GET /2.3/questions/394809;52201848;30076116;55450694;76683114;160218;19979178;45620834;5995350;75119456/answers?page=2&site=stackoverflow&filter=withbody HTTP/1.1" 200 12637
DEBUG: Starting new HTTPS connection (1): api.stackexchange.com:443
DEBUG: https://api.stackexchange.com:443 "GET /2.3/questions/394809;52201848;30076116;55450694;76683114;160218;19979178;45620834;5995350;75119456/answers?page=3&site=stackoverflow&filter=withbody HTTP/1.1" 200 12417
DEBUG: Starting new HTTPS connection (1): api.stackexchange.com:443
DEBUG: https://api.stackexchange.com:443 "GET /2.3/questions/394809;52201848;30076116;55450694;76683114;160218;19979178;45620834;5995350;75119456/answers?page=4&site=stackoverflow&filter=withbody HTTP/1.1" 200 10429
INFO: --------------------
INFO: Why am I getting an UnboundLocalError when the variable has a value?
INFO: ['https://stackoverflow.com/questions/71229025/why-am-i-getting-unboundlocalerror-local-variable-coffee-machine-referenced-b', 'https://stackoverflow.com/questions/43462964/why-am-i-getting-an-unboundlocalerror', 'https://stackoverflow.com/questions/9264763/why-does-this-unboundlocalerror-occur-closure', 'https://stackoverflow.com/questions/66319795/why-is-python-giving-me-an-unboundlocalerror-when-i-run-this-program', 'https://stackoverflow.com/questions/10851906/python-3-unboundlocalerror-local-variable-referenced-before-assignment', 'https://stackoverflow.com/questions/74412503/cannot-access-local-variable-a-where-it-is-not-associated-with-a-value-but', 'https://stackoverflow.com/questions/68701209/how-do-i-stop-unboundlocalerror-local-variable-referenced-before-assignment-err', 'https://stackoverflow.com/questions/44645109/unboundlocalerror-in-python-while-printing-global-variable', 'https://stackoverflow.com/questions/76239899/python-unbound-local-error-occurring-despite-initializing-the-local-variable', 'https://stackoverflow.com/questions/42579202/unboundlocalerror-local-variable-y-referenced-before-assignment']
DEBUG: Starting new HTTPS connection (1): api.stackexchange.com:443
DEBUG: https://api.stackexchange.com:443 "GET /2.3/questions/71229025;43462964;9264763;66319795;10851906;74412503;68701209;44645109;76239899;42579202?page=1&site=stackoverflow&filter=withbody HTTP/1.1" 200 5244
DEBUG: Starting new HTTPS connection (1): api.stackexchange.com:443
DEBUG: https://api.stackexchange.com:443 "GET /2.3/questions/71229025;43462964;9264763;66319795;10851906;74412503;68701209;44645109;76239899;42579202/answers?page=1&site=stackoverflow&filter=withbody HTTP/1.1" 200 10232
INFO: --------------------
INFO: What are the rules for local and global variables in Python?
INFO: ['https://stackoverflow.com/questions/423379/using-global-variables-in-a-function', 'https://stackoverflow.com/questions/56689105/difference-behavior-between-a-python-global-variable-and-a-global-list', 'https://stackoverflow.com/questions/62010259/the-rule-of-thumb-as-to-when-we-should-use-a-global-variable-in-a-function', 'https://stackoverflow.com/questions/75270283/how-to-declare-a-global-variable-in-python-correctly', 'https://stackoverflow.com/questions/2601269/arguments-local-variables-and-global-variables-coding-convention-in-python', 'https://stackoverflow.com/questions/76297911/what-are-the-common-ways-to-distinguish-between-identifier-of-local-variables-an', 'https://stackoverflow.com/questions/45077902/python-local-and-global-variable', 'https://stackoverflow.com/questions/70314166/python-variable-scope-global-vs-local-scope-clash', 'https://stackoverflow.com/questions/53007076/global-variable-reassignment-in-python', 'https://stackoverflow.com/questions/41925835/how-can-i-tell-whether-a-variable-is-global-or-local']
DEBUG: Starting new HTTPS connection (1): api.stackexchange.com:443
DEBUG: https://api.stackexchange.com:443 "GET /2.3/questions/423379;56689105;62010259;75270283;2601269;76297911;45077902;70314166;53007076;41925835?page=1&site=stackoverflow&filter=withbody HTTP/1.1" 200 6240
DEBUG: Starting new HTTPS connection (1): api.stackexchange.com:443
DEBUG: https://api.stackexchange.com:443 "GET /2.3/questions/423379;56689105;62010259;75270283;2601269;76297911;45077902;70314166;53007076;41925835/answers?page=1&site=stackoverflow&filter=withbody HTTP/1.1" 200 15336
DEBUG: Starting new HTTPS connection (1): api.stackexchange.com:443
DEBUG: https://api.stackexchange.com:443 "GET /2.3/questions/423379;56689105;62010259;75270283;2601269;76297911;45077902;70314166;53007076;41925835/answers?page=2&site=stackoverflow&filter=withbody HTTP/1.1" 200 7234
INFO: --------------------
INFO: Why do lambdas defined in a loop with different values all return the same result?
INFO: ['https://stackoverflow.com/questions/66039869/lambda-with-different-expression-returns-same-output', 'https://stackoverflow.com/questions/33983980/lambda-in-for-loop-only-takes-last-value', 'https://stackoverflow.com/questions/63123011/lambda-functions-created-in-a-for-loop-being-overwritten', 'https://stackoverflow.com/questions/19837486/lambda-in-a-loop', 'https://stackoverflow.com/questions/68550633/python-unexpected-behaviour-with-lambdas-when-iterating', 'https://stackoverflow.com/questions/40096323/lambda-function-does-not-return-correct-value', 'https://stackoverflow.com/questions/34997241/a-list-comprehension-of-lambdas-returns-the-same-values', 'https://stackoverflow.com/questions/62429039/lambda-in-loop-stored-in-list-prints-only-the-last-loops-evaluated-value-not-di', 'https://stackoverflow.com/questions/62414299/python-lambda-functions-defined-in-a-loop-end-up-pointing-to-the-same-operation', 'https://stackoverflow.com/questions/26578264/why-does-a-lambda-function-change-its-behavior-from-in-the-function-that-generat']
DEBUG: Starting new HTTPS connection (1): api.stackexchange.com:443
DEBUG: https://api.stackexchange.com:443 "GET /2.3/questions/66039869;33983980;63123011;19837486;68550633;40096323;34997241;62429039;62414299;26578264?page=1&site=stackoverflow&filter=withbody HTTP/1.1" 200 7668
DEBUG: Starting new HTTPS connection (1): api.stackexchange.com:443
DEBUG: https://api.stackexchange.com:443 "GET /2.3/questions/66039869;33983980;63123011;19837486;68550633;40096323;34997241;62429039;62414299;26578264/answers?page=1&site=stackoverflow&filter=withbody HTTP/1.1" 200 11318
INFO: --------------------
INFO: How do I share global variables across modules?
INFO: ['https://stackoverflow.com/questions/13034496/using-global-variables-between-files', 'https://stackoverflow.com/questions/68152369/global-variables-between-modules', 'https://stackoverflow.com/questions/62175203/how-to-share-global-variables-between-files-in-python-like-c', 'https://stackoverflow.com/questions/66450386/sharing-global-variables-across-modules-combined-with-from-module-import', 'https://stackoverflow.com/questions/65756343/sharing-global-variables-across-modules-best-practice', 'https://stackoverflow.com/questions/61735278/how-to-retain-global-variables-across-modules', 'https://stackoverflow.com/questions/32914488/global-variables-between-different-modules', 'https://stackoverflow.com/questions/48681438/access-global-variable-across-multiple-modules-and-threads', 'https://stackoverflow.com/questions/61431024/share-global-variables-between-modules', 'https://stackoverflow.com/questions/29304931/global-variables-in-python-to-share-variable-across-files']
DEBUG: Starting new HTTPS connection (1): api.stackexchange.com:443
DEBUG: https://api.stackexchange.com:443 "GET /2.3/questions/13034496;68152369;62175203;66450386;65756343;61735278;32914488;48681438;61431024;29304931?page=1&site=stackoverflow&filter=withbody HTTP/1.1" 200 6322
DEBUG: Starting new HTTPS connection (1): api.stackexchange.com:443
DEBUG: https://api.stackexchange.com:443 "GET /2.3/questions/13034496;68152369;62175203;66450386;65756343;61735278;32914488;48681438;61431024;29304931/answers?page=1&site=stackoverflow&filter=withbody HTTP/1.1" 200 9213
INFO: --------------------
INFO: Why are default values shared between objects?
INFO: ['https://stackoverflow.com/questions/6838255/python-class-function-default-variables-are-class-objects', 'https://stackoverflow.com/questions/61424737/default-values-in-functions', 'https://stackoverflow.com/questions/13389325/why-do-two-class-instances-appear-to-be-sharing-the-same-data', 'https://stackoverflow.com/questions/68362936/python-using-classes-as-default-values-of-another-class-attribute-nameerror', 'https://stackoverflow.com/questions/73598938/why-is-dataclass-field-shared-across-instances', 'https://stackoverflow.com/questions/64458794/attr-library-classes-are-sharing-default-value', 'https://stackoverflow.com/questions/1680528/how-to-avoid-having-class-data-shared-among-instances', 'https://stackoverflow.com/questions/2313075/default-value-in-a-function-in-python', 'https://stackoverflow.com/questions/366422/how-can-i-avoid-issues-caused-by-pythons-early-bound-default-parameters-e-g-m', 'https://stackoverflow.com/questions/56878667/setting-default-values-in-a-class']
DEBUG: Starting new HTTPS connection (1): api.stackexchange.com:443
DEBUG: https://api.stackexchange.com:443 "GET /2.3/questions/6838255;61424737;13389325;68362936;73598938;64458794;1680528;2313075;366422;56878667?page=1&site=stackoverflow&filter=withbody HTTP/1.1" 200 5908
DEBUG: Starting new HTTPS connection (1): api.stackexchange.com:443
DEBUG: https://api.stackexchange.com:443 "GET /2.3/questions/6838255;61424737;13389325;68362936;73598938;64458794;1680528;2313075;366422;56878667/answers?page=1&site=stackoverflow&filter=withbody HTTP/1.1" 200 17302
DEBUG: Starting new HTTPS connection (1): api.stackexchange.com:443
DEBUG: https://api.stackexchange.com:443 "GET /2.3/questions/6838255;61424737;13389325;68362936;73598938;64458794;1680528;2313075;366422;56878667/answers?page=2&site=stackoverflow&filter=withbody HTTP/1.1" 200 2157
INFO: --------------------
INFO: How can I pass optional or keyword parameters from one function to another?
INFO: ['https://stackoverflow.com/questions/49583152/passing-an-optional-function-and-optional-parameters-to-another-function-in-py', 'https://stackoverflow.com/questions/14017996/is-there-a-way-to-pass-optional-parameters-to-a-function', 'https://stackoverflow.com/questions/50495738/is-there-a-way-to-pass-optional-parameters-through-two-functions', 'https://stackoverflow.com/questions/64723092/call-function-with-multiple-optional-arguments-of-different-types', 'https://stackoverflow.com/questions/67402942/python-optional-arguments', 'https://stackoverflow.com/questions/46739019/is-it-possible-to-pass-the-same-optional-arguments-to-multiple-functions', 'https://stackoverflow.com/questions/69095606/adding-optional-arguments-to-a-function', 'https://stackoverflow.com/questions/62270103/pass-an-optional-parameter-based-on-value-in-python3', 'https://stackoverflow.com/questions/9867562/pass-kwargs-argument-to-another-function-with-kwargs', 'https://stackoverflow.com/questions/43279256/multiple-optional-arguments-python']
DEBUG: Starting new HTTPS connection (1): api.stackexchange.com:443
DEBUG: https://api.stackexchange.com:443 "GET /2.3/questions/49583152;14017996;50495738;64723092;67402942;46739019;69095606;62270103;9867562;43279256?page=1&site=stackoverflow&filter=withbody HTTP/1.1" 200 6256
DEBUG: Starting new HTTPS connection (1): api.stackexchange.com:443
DEBUG: https://api.stackexchange.com:443 "GET /2.3/questions/49583152;14017996;50495738;64723092;67402942;46739019;69095606;62270103;9867562;43279256/answers?page=1&site=stackoverflow&filter=withbody HTTP/1.1" 200 9518
INFO: --------------------
INFO: What is the difference between arguments and parameters?
INFO: ['https://stackoverflow.com/questions/47169033/parameter-vs-argument-python', 'https://stackoverflow.com/questions/76362069/what-is-the-difference-between-argument-and-parameter-in-python-functions-with-r', 'https://stackoverflow.com/questions/156767/whats-the-difference-between-an-argument-and-a-parameter', 'https://stackoverflow.com/questions/51054490/how-do-i-differentiate-parameters-and-arguments-in-python', 'https://stackoverflow.com/questions/48047865/what-is-the-difference-between-argument-and-parameter-in-python-perspective-not', 'https://stackoverflow.com/questions/63941547/what-is-the-difference-between-a-variable-and-a-parameter', 'https://stackoverflow.com/questions/68994163/attribute-and-parameter-differences-and-using', 'https://stackoverflow.com/questions/3176310/difference-between-parameter-and-argument', 'https://stackoverflow.com/questions/1788923/parameter-vs-argument', 'https://stackoverflow.com/questions/36495669/difference-between-terms-option-argument-and-parameter']
DEBUG: Starting new HTTPS connection (1): api.stackexchange.com:443
DEBUG: https://api.stackexchange.com:443 "GET /2.3/questions/47169033;76362069;156767;51054490;48047865;63941547;68994163;3176310;1788923;36495669?page=1&site=stackoverflow&filter=withbody HTTP/1.1" 200 3901
DEBUG: Starting new HTTPS connection (1): api.stackexchange.com:443
DEBUG: https://api.stackexchange.com:443 "GET /2.3/questions/47169033;76362069;156767;51054490;48047865;63941547;68994163;3176310;1788923;36495669/answers?page=1&site=stackoverflow&filter=withbody HTTP/1.1" 200 11950
DEBUG: Starting new HTTPS connection (1): api.stackexchange.com:443
DEBUG: https://api.stackexchange.com:443 "GET /2.3/questions/47169033;76362069;156767;51054490;48047865;63941547;68994163;3176310;1788923;36495669/answers?page=2&site=stackoverflow&filter=withbody HTTP/1.1" 200 12477
DEBUG: Starting new HTTPS connection (1): api.stackexchange.com:443
DEBUG: https://api.stackexchange.com:443 "GET /2.3/questions/47169033;76362069;156767;51054490;48047865;63941547;68994163;3176310;1788923;36495669/answers?page=3&site=stackoverflow&filter=withbody HTTP/1.1" 200 581
INFO: --------------------
INFO: How do I write a function with output parameters (call by reference)?
INFO: ['https://stackoverflow.com/questions/4702249/is-there-a-way-in-python-to-return-a-value-via-an-output-parameter', 'https://stackoverflow.com/questions/49183276/turning-an-input-parameter-into-an-output-parameter-in-python', 'https://stackoverflow.com/questions/13299427/python-functions-call-by-reference', 'https://stackoverflow.com/questions/47899965/out-parameter-using-call-by-reference-for-user-defined-object-in-python', 'https://stackoverflow.com/questions/72341337/how-can-i-write-my-own-function-that-accepts-and-uses-a-function-as-a-parameter', 'https://stackoverflow.com/questions/22558739/without-pointers-can-i-pass-references-as-arguments-in-python', 'https://stackoverflow.com/questions/3052793/how-do-i-get-a-result-output-from-a-function-how-can-i-use-the-result-later', 'https://stackoverflow.com/questions/65785263/how-to-call-a-c-function-with-an-output-parameter', 'https://stackoverflow.com/questions/63441764/calling-a-function-with-unknown-number-of-parameters-python', 'https://stackoverflow.com/questions/48797834/how-to-change-function-parameter-values-in-a-python-3-c-extension']
DEBUG: Starting new HTTPS connection (1): api.stackexchange.com:443
DEBUG: https://api.stackexchange.com:443 "GET /2.3/questions/4702249;49183276;13299427;47899965;72341337;22558739;3052793;65785263;63441764;48797834?page=1&site=stackoverflow&filter=withbody HTTP/1.1" 200 5899
DEBUG: Starting new HTTPS connection (1): api.stackexchange.com:443
DEBUG: https://api.stackexchange.com:443 "GET /2.3/questions/4702249;49183276;13299427;47899965;72341337;22558739;3052793;65785263;63441764;48797834/answers?page=1&site=stackoverflow&filter=withbody HTTP/1.1" 200 20011
DEBUG: Starting new HTTPS connection (1): api.stackexchange.com:443
DEBUG: https://api.stackexchange.com:443 "GET /2.3/questions/4702249;49183276;13299427;47899965;72341337;22558739;3052793;65785263;63441764;48797834/answers?page=2&site=stackoverflow&filter=withbody HTTP/1.1" 200 1253
INFO: --------------------
INFO: How do you make a higher order function in Python?
INFO: ['https://stackoverflow.com/questions/74483499/python-higher-order-function-with-varying-arguments', 'https://stackoverflow.com/questions/70168737/higher-order-function-callable-in-python', 'https://stackoverflow.com/questions/76856193/higher-order-function-in-python', 'https://stackoverflow.com/questions/47124302/higher-order-function-python', 'https://stackoverflow.com/questions/74854614/python-pass-function-with-parameters-as-parameter-to-higher-order-function', 'https://stackoverflow.com/questions/69102744/python-higher-order-functions-how-do-i-avoid-repeating-arguments', 'https://stackoverflow.com/questions/68150958/higher-order-functions-and-frame-stacking', 'https://stackoverflow.com/questions/48837431/higher-order-functions-on-python', 'https://stackoverflow.com/questions/71035822/python-higher-order-function-new-way-to-find-fibonacci-numbers', 'https://stackoverflow.com/questions/30609943/python-higher-order-functions-with-methods']
DEBUG: Starting new HTTPS connection (1): api.stackexchange.com:443
DEBUG: https://api.stackexchange.com:443 "GET /2.3/questions/74483499;70168737;76856193;47124302;74854614;69102744;68150958;48837431;71035822;30609943?page=1&site=stackoverflow&filter=withbody HTTP/1.1" 200 5989
DEBUG: Starting new HTTPS connection (1): api.stackexchange.com:443
DEBUG: https://api.stackexchange.com:443 "GET /2.3/questions/74483499;70168737;76856193;47124302;74854614;69102744;68150958;48837431;71035822;30609943/answers?page=1&site=stackoverflow&filter=withbody HTTP/1.1" 200 7139
INFO: --------------------
INFO: How do I copy an object in Python?
INFO: ['https://stackoverflow.com/questions/4794244/how-can-i-create-a-copy-of-an-object-in-python', 'https://stackoverflow.com/questions/72219980/how-to-copy-a-class-object-in-python', 'https://stackoverflow.com/questions/52345091/cloning-an-object-in-python', 'https://stackoverflow.com/questions/60825689/how-to-deep-copy-a-class-object-in-python3', 'https://stackoverflow.com/questions/42143461/make-copy-of-object-instance-in-python', 'https://stackoverflow.com/questions/29398336/how-to-copy-instances-of-a-custom-defined-class-in-python-3-3', 'https://stackoverflow.com/questions/72917225/how-to-completely-copy-a-class-instance-in-python-copy-deepcopy-doesnt-work', 'https://stackoverflow.com/questions/57349369/python-class-dict-usage-for-cloning-object-attributes', 'https://stackoverflow.com/questions/65636981/how-to-make-deep-copy-of-a-specificmutable-object', 'https://stackoverflow.com/questions/68736719/shouldnt-shallow-copy-create-an-object-with-different-id-in-python']
DEBUG: Starting new HTTPS connection (1): api.stackexchange.com:443
DEBUG: https://api.stackexchange.com:443 "GET /2.3/questions/4794244;72219980;52345091;60825689;42143461;29398336;72917225;57349369;65636981;68736719?page=1&site=stackoverflow&filter=withbody HTTP/1.1" 200 5389
DEBUG: Starting new HTTPS connection (1): api.stackexchange.com:443
DEBUG: https://api.stackexchange.com:443 "GET /2.3/questions/4794244;72219980;52345091;60825689;42143461;29398336;72917225;57349369;65636981;68736719/answers?page=1&site=stackoverflow&filter=withbody HTTP/1.1" 200 7077
INFO: --------------------
INFO: How can I find the methods or attributes of an object?
INFO: ['https://stackoverflow.com/questions/6886493/get-all-object-attributes-in-python', 'https://stackoverflow.com/questions/34439/finding-what-methods-a-python-object-has', 'https://stackoverflow.com/questions/2675028/list-attributes-of-an-object', 'https://stackoverflow.com/questions/63115155/how-to-know-attributes-vs-methods-in-python-object', 'https://stackoverflow.com/questions/687239/is-there-a-function-in-python-to-list-the-attributes-and-methods-of-a-particular', 'https://stackoverflow.com/questions/46312470/difference-between-methods-and-attributes-in-python', 'https://stackoverflow.com/questions/191010/how-to-get-a-complete-list-of-objects-methods-and-attributes', 'https://stackoverflow.com/questions/55114133/what-are-an-objects-attributes-in-python-and-in-general', 'https://stackoverflow.com/questions/16284702/python-how-can-i-check-if-an-attribute-of-an-object-is-a-method-or-not', 'https://stackoverflow.com/questions/52001152/how-python-display-list-of-all-attribute-and-method-using-dirobject']
DEBUG: Starting new HTTPS connection (1): api.stackexchange.com:443
DEBUG: https://api.stackexchange.com:443 "GET /2.3/questions/6886493;34439;2675028;63115155;687239;46312470;191010;55114133;16284702;52001152?page=1&site=stackoverflow&filter=withbody HTTP/1.1" 200 4192
DEBUG: Starting new HTTPS connection (1): api.stackexchange.com:443
DEBUG: https://api.stackexchange.com:443 "GET /2.3/questions/6886493;34439;2675028;63115155;687239;46312470;191010;55114133;16284702;52001152/answers?page=1&site=stackoverflow&filter=withbody HTTP/1.1" 200 13527
DEBUG: Starting new HTTPS connection (1): api.stackexchange.com:443
DEBUG: https://api.stackexchange.com:443 "GET /2.3/questions/6886493;34439;2675028;63115155;687239;46312470;191010;55114133;16284702;52001152/answers?page=2&site=stackoverflow&filter=withbody HTTP/1.1" 200 12163
DEBUG: Starting new HTTPS connection (1): api.stackexchange.com:443
DEBUG: https://api.stackexchange.com:443 "GET /2.3/questions/6886493;34439;2675028;63115155;687239;46312470;191010;55114133;16284702;52001152/answers?page=3&site=stackoverflow&filter=withbody HTTP/1.1" 200 3443
INFO: --------------------
INFO: How can my code discover the name of an object?
INFO: ['https://stackoverflow.com/questions/1538342/how-can-i-get-the-name-of-an-object', 'https://stackoverflow.com/questions/57648952/how-to-get-the-name-of-a-created-object-not-the-class-itself-in-python-3-x', 'https://stackoverflow.com/questions/38599015/print-object-instance-name-in-python', 'https://stackoverflow.com/questions/36289941/how-to-get-the-name-of-an-object-from-a-class-in-python', 'https://stackoverflow.com/questions/71790856/python-how-to-print-the-variable-name-of-an-object', 'https://stackoverflow.com/questions/17200117/how-to-get-the-object-name-from-within-the-class', 'https://stackoverflow.com/questions/17196474/getting-object-name-and-function-name', 'https://stackoverflow.com/questions/34439/finding-what-methods-a-python-object-has', 'https://stackoverflow.com/questions/72365443/finding-the-caller-object-given-its-name-only', 'https://stackoverflow.com/questions/53347379/how-to-use-input-as-a-name-for-object-in-python']
DEBUG: Starting new HTTPS connection (1): api.stackexchange.com:443
DEBUG: https://api.stackexchange.com:443 "GET /2.3/questions/1538342;57648952;38599015;36289941;71790856;17200117;17196474;34439;72365443;53347379?page=1&site=stackoverflow&filter=withbody HTTP/1.1" 200 6021
DEBUG: Starting new HTTPS connection (1): api.stackexchange.com:443
DEBUG: https://api.stackexchange.com:443 "GET /2.3/questions/1538342;57648952;38599015;36289941;71790856;17200117;17196474;34439;72365443;53347379/answers?page=1&site=stackoverflow&filter=withbody HTTP/1.1" 200 12296
DEBUG: Starting new HTTPS connection (1): api.stackexchange.com:443
DEBUG: https://api.stackexchange.com:443 "GET /2.3/questions/1538342;57648952;38599015;36289941;71790856;17200117;17196474;34439;72365443;53347379/answers?page=2&site=stackoverflow&filter=withbody HTTP/1.1" 200 10924
INFO: --------------------
INFO: Is it possible to write obfuscated one-liners in Python?
INFO: ['https://stackoverflow.com/questions/3344115/how-to-obfuscate-python-code-effectively', 'https://stackoverflow.com/questions/38030487/obfuscate-a-python-script-in-unicode-escape-sequences', 'https://stackoverflow.com/questions/64644518/pyarmor-the-obfuscation-write-specific-character-with-the-wrong-encoding-for', 'https://stackoverflow.com/questions/65306407/python-how-to-reduce-this-two-liner-to-one-line', 'https://stackoverflow.com/questions/18199290/is-there-a-way-to-combine-a-python-project-codebase-that-spans-across-different', 'https://stackoverflow.com/questions/25123727/obfuscated-mandlebrot-function-can-someone-deobfuscate-it', 'https://stackoverflow.com/questions/68725572/python-only-encryption-obfuscation', 'https://stackoverflow.com/questions/64766307/is-it-possible-to-combine-obfuscated-files-into-one-file-using-pyarmor', 'https://stackoverflow.com/questions/47615485/obfuscating-a-string-to-be-saved-in-a-text-file', 'https://stackoverflow.com/questions/75535298/py-to-exe-but-code-obfuscated-how-to-convert-it']
DEBUG: Starting new HTTPS connection (1): api.stackexchange.com:443
DEBUG: https://api.stackexchange.com:443 "GET /2.3/questions/3344115;38030487;64644518;65306407;18199290;25123727;68725572;64766307;47615485;75535298?page=1&site=stackoverflow&filter=withbody HTTP/1.1" 200 5868
DEBUG: Starting new HTTPS connection (1): api.stackexchange.com:443
DEBUG: https://api.stackexchange.com:443 "GET /2.3/questions/3344115;38030487;64644518;65306407;18199290;25123727;68725572;64766307;47615485;75535298/answers?page=1&site=stackoverflow&filter=withbody HTTP/1.1" 200 20184
DEBUG: Starting new HTTPS connection (1): api.stackexchange.com:443
DEBUG: https://api.stackexchange.com:443 "GET /2.3/questions/3344115;38030487;64644518;65306407;18199290;25123727;68725572;64766307;47615485;75535298/answers?page=2&site=stackoverflow&filter=withbody HTTP/1.1" 200 3064
INFO: --------------------
INFO: What does the slash(/) in the parameter list of a function mean?
INFO: ['https://stackoverflow.com/questions/24735311/what-does-the-slash-mean-when-help-is-listing-method-signatures', 'https://stackoverflow.com/questions/59661042/what-do-single-star-and-slash-do-as-independent-parameters', 'https://stackoverflow.com/questions/28243832/what-is-the-meaning-of-a-forward-slash-in-a-python-method-signature-as-show', 'https://stackoverflow.com/questions/77054732/python-what-does-do-in-a-function-definition', 'https://stackoverflow.com/questions/56514297/bare-forward-slash-in-python-function-definition', 'https://stackoverflow.com/questions/63490882/what-is-the-in-the-built-in-list-function-descriptions', 'https://stackoverflow.com/questions/52839856/how-to-implement-positional-only-parameter-in-a-user-defined-function-in-pytho', 'https://stackoverflow.com/questions/65620648/what-does-forward-slash-do-in-this-django-settings-py-python-list', 'https://stackoverflow.com/questions/76416817/got-an-unexpected-keyword-argument-when-calling-function-with-args', 'https://stackoverflow.com/questions/57235761/why-i-cant-pass-keyword-argument-to-list-index-method']
DEBUG: Starting new HTTPS connection (1): api.stackexchange.com:443
DEBUG: https://api.stackexchange.com:443 "GET /2.3/questions/24735311;59661042;28243832;77054732;56514297;63490882;52839856;65620648;76416817;57235761?page=1&site=stackoverflow&filter=withbody HTTP/1.1" 200 4775
DEBUG: Starting new HTTPS connection (1): api.stackexchange.com:443
DEBUG: https://api.stackexchange.com:443 "GET /2.3/questions/24735311;59661042;28243832;77054732;56514297;63490882;52839856;65620648;76416817;57235761/answers?page=1&site=stackoverflow&filter=withbody HTTP/1.1" 200 11042
INFO: --------------------
