INFO: <<NumbersAndstrings>>
INFO: Is there an equivalent to Perl’s chomp() for removing trailing newlines from strings?
INFO: ['https://stackoverflow.com/questions/275018/how-can-i-remove-a-trailing-newline', 'https://stackoverflow.com/questions/31262739/difference-between-chomp-and-trim-in-perl', 'https://stackoverflow.com/questions/59795526/how-to-remove-starting-newlines-or-the-starting-new-from-a-binary-file', 'https://stackoverflow.com/questions/7290445/clarification-on-chomp', 'https://stackoverflow.com/questions/11645696/perls-chomp-chomp-is-removing-the-whole-word-instead-of-the-newline', 'https://stackoverflow.com/questions/2693776/removing-trailing-newline-character-from-fgets-input', 'https://stackoverflow.com/questions/1654021/how-can-i-delete-a-newline-if-it-is-the-last-character-in-a-file', 'https://stackoverflow.com/questions/49183359/delete-newline-character-in-text-file-if-next-line-is-less-than-a-certain-length', 'https://stackoverflow.com/questions/56751930/how-to-remove-n-characters-from-the-end-of-line', 'https://stackoverflow.com/questions/9751161/removing-newline-character-from-a-string-in-perl']
DEBUG: Starting new HTTPS connection (1): api.stackexchange.com:443
DEBUG: https://api.stackexchange.com:443 "GET /2.3/questions/275018;31262739;59795526;7290445;11645696;2693776;1654021;49183359;56751930;9751161?page=1&site=stackoverflow&filter=withbody HTTP/1.1" 200 5909
DEBUG: Starting new HTTPS connection (1): api.stackexchange.com:443
DEBUG: https://api.stackexchange.com:443 "GET /2.3/questions/275018;31262739;59795526;7290445;11645696;2693776;1654021;49183359;56751930;9751161/answers?page=1&site=stackoverflow&filter=withbody HTTP/1.1" 200 13707
DEBUG: Starting new HTTPS connection (1): api.stackexchange.com:443
DEBUG: https://api.stackexchange.com:443 "GET /2.3/questions/275018;31262739;59795526;7290445;11645696;2693776;1654021;49183359;56751930;9751161/answers?page=2&site=stackoverflow&filter=withbody HTTP/1.1" 200 12222
DEBUG: Starting new HTTPS connection (1): api.stackexchange.com:443
DEBUG: https://api.stackexchange.com:443 "GET /2.3/questions/275018;31262739;59795526;7290445;11645696;2693776;1654021;49183359;56751930;9751161/answers?page=3&site=stackoverflow&filter=withbody HTTP/1.1" 200 10431
DEBUG: Starting new HTTPS connection (1): api.stackexchange.com:443
DEBUG: https://api.stackexchange.com:443 "GET /2.3/questions/275018;31262739;59795526;7290445;11645696;2693776;1654021;49183359;56751930;9751161/answers?page=4&site=stackoverflow&filter=withbody HTTP/1.1" 200 1160
INFO: --------------------
INFO: What does ‘UnicodeDecodeError’ or ‘UnicodeEncodeError’ error mean?
INFO: ['https://stackoverflow.com/questions/21129020/how-to-fix-unicodedecodeerror-ascii-codec-cant-decode-byte', 'https://stackoverflow.com/questions/368805/python-unicodedecodeerror-am-i-misunderstanding-encode', 'https://stackoverflow.com/questions/42339876/error-unicodedecodeerror-utf-8-codec-cant-decode-byte-0xff-in-position-0-in', 'https://stackoverflow.com/questions/8781661/how-to-solve-a-unicodedecodeerror', 'https://stackoverflow.com/questions/53562170/unicodedecodeerror-error-when-opening-random-file', 'https://stackoverflow.com/questions/45432467/unicode-decode-error-when-trying-to-read-csv-file-in-python', 'https://stackoverflow.com/questions/53458883/unicodedecodeerror-position-of-the-error', 'https://stackoverflow.com/questions/38518023/unicodedecodeerror-utf8-codec-cant-decode-byte-0x80-in-position-3131-invali', 'https://stackoverflow.com/questions/51026315/how-to-solve-unicodedecodeerror-in-python-3-6', 'https://stackoverflow.com/questions/9644099/why-does-encoding-a-string-result-in-a-decoding-error-unicodedecodeerror']
DEBUG: Starting new HTTPS connection (1): api.stackexchange.com:443
DEBUG: https://api.stackexchange.com:443 "GET /2.3/questions/21129020;368805;42339876;8781661;53562170;45432467;53458883;38518023;51026315;9644099?page=1&site=stackoverflow&filter=withbody HTTP/1.1" 200 7703
DEBUG: Starting new HTTPS connection (1): api.stackexchange.com:443
DEBUG: https://api.stackexchange.com:443 "GET /2.3/questions/21129020;368805;42339876;8781661;53562170;45432467;53458883;38518023;51026315;9644099/answers?page=1&site=stackoverflow&filter=withbody HTTP/1.1" 200 13201
DEBUG: Starting new HTTPS connection (1): api.stackexchange.com:443
DEBUG: https://api.stackexchange.com:443 "GET /2.3/questions/21129020;368805;42339876;8781661;53562170;45432467;53458883;38518023;51026315;9644099/answers?page=2&site=stackoverflow&filter=withbody HTTP/1.1" 200 12279
DEBUG: Starting new HTTPS connection (1): api.stackexchange.com:443
DEBUG: https://api.stackexchange.com:443 "GET /2.3/questions/21129020;368805;42339876;8781661;53562170;45432467;53458883;38518023;51026315;9644099/answers?page=3&site=stackoverflow&filter=withbody HTTP/1.1" 200 3899
INFO: --------------------
INFO: How do I specify hexadecimal and octal integers?
INFO: ['https://stackoverflow.com/questions/33955243/how-adding-a-hexadecimal-value-with-integer-work', 'https://stackoverflow.com/questions/14091444/differences-in-assignment-of-integer-variable', 'https://stackoverflow.com/questions/66684904/octal-or-hexadecimal-number-to-decimal-in-c', 'https://stackoverflow.com/questions/63997346/scanning-an-octal-and-hexadecimal-number-in-d-format-specifier-with-scanf', 'https://stackoverflow.com/questions/65555783/print-a-signed-64-bit-integer-in-hexadecimal-and-octal', 'https://stackoverflow.com/questions/50303656/how-does-java-treat-octal-and-decimal-number', 'https://stackoverflow.com/questions/30901500/assign-octal-hex-declared-int-uint-to-another-variable', 'https://stackoverflow.com/questions/17078299/figuring-out-if-a-number-is-decimal-hexadecimal-or-octal-in-python', 'https://stackoverflow.com/questions/47199335/why-would-you-write-in-octal-hexadecimal-binary-over-standard-notation', 'https://stackoverflow.com/questions/76154258/convert-function-in-hexadecimal-or-octal-base']
DEBUG: Starting new HTTPS connection (1): api.stackexchange.com:443
DEBUG: https://api.stackexchange.com:443 "GET /2.3/questions/33955243;14091444;66684904;63997346;65555783;50303656;30901500;17078299;47199335;76154258?page=1&site=stackoverflow&filter=withbody HTTP/1.1" 200 5063
DEBUG: Starting new HTTPS connection (1): api.stackexchange.com:443
DEBUG: https://api.stackexchange.com:443 "GET /2.3/questions/33955243;14091444;66684904;63997346;65555783;50303656;30901500;17078299;47199335;76154258/answers?page=1&site=stackoverflow&filter=withbody HTTP/1.1" 200 7875
INFO: --------------------
INFO: Why does -22 // 10 return -3?
INFO: ['https://stackoverflow.com/questions/30085018/why-does-10-0xa-evaluate-to-true-but-10-012-doesnt', 'https://stackoverflow.com/questions/72774703/why-does-this-program-crash-when-i-enter-big-numbers-like-10-5000000', 'https://stackoverflow.com/questions/53699434/javascripts-built-in-number-method-seems-to-return-an-incorrect-value', 'https://stackoverflow.com/questions/42200281/why-does-math-pow10e-int-returns-float64-rather-than-int64', 'https://stackoverflow.com/questions/25474351/why-does-gcc-compiler-output-pow10-2-as-99-not-100', 'https://stackoverflow.com/questions/48226799/why-tostring2-is-going-to-n-2-and-return-the-divisor-remainder', 'https://stackoverflow.com/questions/33465022/why-does-my-code-return-1-when-the-given-number-has-more-zeroes', 'https://stackoverflow.com/questions/57373338/random-times-232-1-always-returns-even-last-digit', 'https://stackoverflow.com/questions/68453217/using-nsexec-to-installing-inf-file-log-shows-return-value-10', 'https://stackoverflow.com/questions/64726719/why-does-the-user-always-get-a-return-true-in-java']
DEBUG: Starting new HTTPS connection (1): api.stackexchange.com:443
DEBUG: https://api.stackexchange.com:443 "GET /2.3/questions/30085018;72774703;53699434;42200281;25474351;48226799;33465022;57373338;68453217;64726719?page=1&site=stackoverflow&filter=withbody HTTP/1.1" 200 5765
DEBUG: Starting new HTTPS connection (1): api.stackexchange.com:443
DEBUG: https://api.stackexchange.com:443 "GET /2.3/questions/30085018;72774703;53699434;42200281;25474351;48226799;33465022;57373338;68453217;64726719/answers?page=1&site=stackoverflow&filter=withbody HTTP/1.1" 200 6394
INFO: --------------------
INFO: How do I get int literal attribute instead of SyntaxError?
INFO: ['https://stackoverflow.com/questions/26255693/attribute-access-on-int-literals', 'https://stackoverflow.com/questions/33054229/accessing-attributes-on-literals-work-on-all-types-but-not-int-why', 'https://stackoverflow.com/questions/11802214/integer-literal-is-an-object-in-python', 'https://stackoverflow.com/questions/74097754/not-able-to-access-attribute-which-name-begins-with-a-digit', 'https://stackoverflow.com/questions/64935152/python3-int-sizeof-produces-syntax-error', 'https://stackoverflow.com/questions/31037609/why-is-1-real-a-syntax-error-but-1-real-valid-in-python', 'https://stackoverflow.com/questions/9380077/why-cant-i-access-a-property-of-an-integer-with-a-single-dot', 'https://stackoverflow.com/questions/74427749/syntaxerror-cannot-assign-to-expression-and-syntaxerror-invalid-decimal-lit', 'https://stackoverflow.com/questions/29373310/syntaxerror-unterminated-string-literal?rq=1', 'https://stackoverflow.com/questions/30368910/why-does-00-0-cause-a-syntax-error']
DEBUG: Starting new HTTPS connection (1): api.stackexchange.com:443
DEBUG: https://api.stackexchange.com:443 "GET /2.3/questions/26255693;33054229;11802214;74097754;64935152;31037609;9380077;74427749;29373310;30368910?page=1&site=stackoverflow&filter=withbody HTTP/1.1" 200 5800
DEBUG: Starting new HTTPS connection (1): api.stackexchange.com:443
DEBUG: https://api.stackexchange.com:443 "GET /2.3/questions/26255693;33054229;11802214;74097754;64935152;31037609;9380077;74427749;29373310;30368910/answers?page=1&site=stackoverflow&filter=withbody HTTP/1.1" 200 15557
INFO: --------------------
INFO: How do I convert a string to a number?
INFO: ['https://stackoverflow.com/questions/1133770/how-to-convert-a-string-to-an-integer-in-javascript', 'https://stackoverflow.com/questions/62723058/what-is-the-most-efficient-way-to-convert-a-string-to-a-number', 'https://stackoverflow.com/questions/74454758/how-to-convert-a-string-button-to-number-in-javascript', 'https://stackoverflow.com/questions/62568464/how-to-convert-string-to-float-if-it-is-an-exact-number-not-only-start-with-num', 'https://stackoverflow.com/questions/53971935/convert-a-string-to-a-big-integer-in-javascript', 'https://stackoverflow.com/questions/60981664/javascript-how-to-convert-string-0-to-number-0', 'https://stackoverflow.com/questions/40685562/how-to-convert-a-string-to-number', 'https://stackoverflow.com/questions/67271684/how-can-i-convert-a-string-to-a-number-inside-of-a-usestate-hook', 'https://stackoverflow.com/questions/46103464/how-to-convert-string-to-number', 'https://stackoverflow.com/questions/8529656/how-do-i-convert-a-string-to-a-number-in-php']
DEBUG: Starting new HTTPS connection (1): api.stackexchange.com:443
DEBUG: https://api.stackexchange.com:443 "GET /2.3/questions/1133770;62723058;74454758;62568464;53971935;60981664;40685562;67271684;46103464;8529656?page=1&site=stackoverflow&filter=withbody HTTP/1.1" 200 5135
DEBUG: Starting new HTTPS connection (1): api.stackexchange.com:443
DEBUG: https://api.stackexchange.com:443 "GET /2.3/questions/1133770;62723058;74454758;62568464;53971935;60981664;40685562;67271684;46103464;8529656/answers?page=1&site=stackoverflow&filter=withbody HTTP/1.1" 200 11993
DEBUG: Starting new HTTPS connection (1): api.stackexchange.com:443
DEBUG: https://api.stackexchange.com:443 "GET /2.3/questions/1133770;62723058;74454758;62568464;53971935;60981664;40685562;67271684;46103464;8529656/answers?page=2&site=stackoverflow&filter=withbody HTTP/1.1" 200 9545
DEBUG: Starting new HTTPS connection (1): api.stackexchange.com:443
DEBUG: https://api.stackexchange.com:443 "GET /2.3/questions/1133770;62723058;74454758;62568464;53971935;60981664;40685562;67271684;46103464;8529656/answers?page=3&site=stackoverflow&filter=withbody HTTP/1.1" 200 8548
DEBUG: Starting new HTTPS connection (1): api.stackexchange.com:443
DEBUG: https://api.stackexchange.com:443 "GET /2.3/questions/1133770;62723058;74454758;62568464;53971935;60981664;40685562;67271684;46103464;8529656/answers?page=4&site=stackoverflow&filter=withbody HTTP/1.1" 200 1455
INFO: --------------------
INFO: How do I convert a number to a string?
INFO: ['https://stackoverflow.com/questions/5765398/whats-the-best-way-to-convert-a-number-to-a-string-in-javascript', 'https://stackoverflow.com/questions/75037901/how-to-convert-number-to-string-in-javascript', 'https://stackoverflow.com/questions/68529079/how-to-convert-number-to-string', 'https://stackoverflow.com/questions/58047748/how-to-convert-number-start-with-0-to-string-equivalent-of-the-value', 'https://stackoverflow.com/questions/39710778/how-to-implement-tostring-to-convert-a-number-to-a-string', 'https://stackoverflow.com/questions/8257714/how-can-i-convert-an-int-to-a-string-in-c', 'https://stackoverflow.com/questions/47811344/best-way-convert-number-to-string-javascript', 'https://stackoverflow.com/questions/1035634/converting-an-integer-to-a-string-in-php', 'https://stackoverflow.com/questions/61716230/convert-v-model-value-from-number-to-string', 'https://stackoverflow.com/questions/7123490/how-compiler-is-converting-integer-to-string-and-vice-versa']
DEBUG: Starting new HTTPS connection (1): api.stackexchange.com:443
DEBUG: https://api.stackexchange.com:443 "GET /2.3/questions/5765398;75037901;68529079;58047748;39710778;8257714;47811344;1035634;61716230;7123490?page=1&site=stackoverflow&filter=withbody HTTP/1.1" 200 3369
DEBUG: Starting new HTTPS connection (1): api.stackexchange.com:443
DEBUG: https://api.stackexchange.com:443 "GET /2.3/questions/5765398;75037901;68529079;58047748;39710778;8257714;47811344;1035634;61716230;7123490/answers?page=1&site=stackoverflow&filter=withbody HTTP/1.1" 200 10605
DEBUG: Starting new HTTPS connection (1): api.stackexchange.com:443
DEBUG: https://api.stackexchange.com:443 "GET /2.3/questions/5765398;75037901;68529079;58047748;39710778;8257714;47811344;1035634;61716230;7123490/answers?page=2&site=stackoverflow&filter=withbody HTTP/1.1" 200 9847
DEBUG: Starting new HTTPS connection (1): api.stackexchange.com:443
DEBUG: https://api.stackexchange.com:443 "GET /2.3/questions/5765398;75037901;68529079;58047748;39710778;8257714;47811344;1035634;61716230;7123490/answers?page=3&site=stackoverflow&filter=withbody HTTP/1.1" 200 3702
INFO: --------------------
INFO: How do I modify a string in place?
INFO: ['https://stackoverflow.com/questions/3463746/in-place-string-modifications-in-python', 'https://stackoverflow.com/questions/9440600/python-string-in-place-modification', 'https://stackoverflow.com/questions/19671770/replacing-a-string-in-place', 'https://stackoverflow.com/questions/63869708/modifying-a-string-in-place-without-creating-a-copy', 'https://stackoverflow.com/questions/46850850/python-function-to-modify-string', 'https://stackoverflow.com/questions/68151743/is-there-a-way-to-update-a-string-in-place-in-rust', 'https://stackoverflow.com/questions/27318076/edit-string-in-place-with-a-function', 'https://stackoverflow.com/questions/68175827/how-to-edit-a-string-to-add-a-variable-at-a-particular-place-in-python', 'https://stackoverflow.com/questions/13475581/the-replace-method-does-change-the-string-in-place', 'https://stackoverflow.com/questions/27202553/replace-characters-in-a-string-in-place']
DEBUG: Starting new HTTPS connection (1): api.stackexchange.com:443
DEBUG: https://api.stackexchange.com:443 "GET /2.3/questions/3463746;9440600;19671770;63869708;46850850;68151743;27318076;68175827;13475581;27202553?page=1&site=stackoverflow&filter=withbody HTTP/1.1" 200 6309
DEBUG: Starting new HTTPS connection (1): api.stackexchange.com:443
DEBUG: https://api.stackexchange.com:443 "GET /2.3/questions/3463746;9440600;19671770;63869708;46850850;68151743;27318076;68175827;13475581;27202553/answers?page=1&site=stackoverflow&filter=withbody HTTP/1.1" 200 12554
DEBUG: Starting new HTTPS connection (1): api.stackexchange.com:443
DEBUG: https://api.stackexchange.com:443 "GET /2.3/questions/3463746;9440600;19671770;63869708;46850850;68151743;27318076;68175827;13475581;27202553/answers?page=2&site=stackoverflow&filter=withbody HTTP/1.1" 200 2081
INFO: --------------------
INFO: How do I use strings to call functions/methods?
INFO: ['https://stackoverflow.com/questions/3061/calling-a-function-of-a-module-by-using-its-name-a-string', 'https://stackoverflow.com/questions/11649848/call-methods-by-string', 'https://stackoverflow.com/questions/60930604/calling-a-class-function-using-strings-in-python', 'https://stackoverflow.com/questions/42227477/call-a-function-from-a-stored-string-in-python', 'https://stackoverflow.com/questions/65915977/java-how-to-select-call-a-function-by-a-strings-content', 'https://stackoverflow.com/questions/58555611/how-to-call-a-string-type-method', 'https://stackoverflow.com/questions/4131864/use-a-string-to-call-function-in-python', 'https://stackoverflow.com/questions/68894606/calling-a-method-based-upon-string-input', 'https://stackoverflow.com/questions/60458257/how-do-you-use-a-string-from-a-list-to-call-a-function-with-the-same-name-in-py', 'https://stackoverflow.com/questions/31255560/string-input-to-specify-which-function-to-call-java-best-practice']
DEBUG: Starting new HTTPS connection (1): api.stackexchange.com:443
DEBUG: https://api.stackexchange.com:443 "GET /2.3/questions/3061;11649848;60930604;42227477;65915977;58555611;4131864;68894606;60458257;31255560?page=1&site=stackoverflow&filter=withbody HTTP/1.1" 200 5849
DEBUG: Starting new HTTPS connection (1): api.stackexchange.com:443
DEBUG: https://api.stackexchange.com:443 "GET /2.3/questions/3061;11649848;60930604;42227477;65915977;58555611;4131864;68894606;60458257;31255560/answers?page=1&site=stackoverflow&filter=withbody HTTP/1.1" 200 10589
DEBUG: Starting new HTTPS connection (1): api.stackexchange.com:443
DEBUG: https://api.stackexchange.com:443 "GET /2.3/questions/3061;11649848;60930604;42227477;65915977;58555611;4131864;68894606;60458257;31255560/answers?page=2&site=stackoverflow&filter=withbody HTTP/1.1" 200 3926
INFO: --------------------
INFO: Is there a scanf() or sscanf() equivalent?
INFO: ['https://stackoverflow.com/questions/2175080/sscanf-in-python', 'https://stackoverflow.com/questions/35574229/swift-which-the-equivalent-of-sscanf', 'https://stackoverflow.com/questions/58403537/what-can-i-use-for-input-conversion-instead-of-scanf', 'https://stackoverflow.com/questions/65055610/sscanf-equivalent-in-linux-bash', 'https://stackoverflow.com/questions/47958786/how-to-sscanf-in-java', 'https://stackoverflow.com/questions/6104821/c-equivalent-of-sscanf', 'https://stackoverflow.com/questions/65432889/nodejs-equivalent-of-c-sscanf', 'https://stackoverflow.com/questions/8430022/what-is-the-java-equivalent-of-sscanf-for-parsing-values-from-a-string-using-a-k', 'https://stackoverflow.com/questions/4223917/c-sharp-equivalent-of-c-sscanf', 'https://stackoverflow.com/questions/492262/is-there-an-equivalent-to-sscanf-in-net']
DEBUG: Starting new HTTPS connection (1): api.stackexchange.com:443
DEBUG: https://api.stackexchange.com:443 "GET /2.3/questions/2175080;35574229;58403537;65055610;47958786;6104821;65432889;8430022;4223917;492262?page=1&site=stackoverflow&filter=withbody HTTP/1.1" 200 4819
DEBUG: Starting new HTTPS connection (1): api.stackexchange.com:443
DEBUG: https://api.stackexchange.com:443 "GET /2.3/questions/2175080;35574229;58403537;65055610;47958786;6104821;65432889;8430022;4223917;492262/answers?page=1&site=stackoverflow&filter=withbody HTTP/1.1" 200 24744
DEBUG: Starting new HTTPS connection (1): api.stackexchange.com:443
DEBUG: https://api.stackexchange.com:443 "GET /2.3/questions/2175080;35574229;58403537;65055610;47958786;6104821;65432889;8430022;4223917;492262/answers?page=2&site=stackoverflow&filter=withbody HTTP/1.1" 200 8066
INFO: --------------------
INFO: Can I end a raw string with an odd number of backslashes?
INFO: ['https://stackoverflow.com/questions/647769/why-cant-pythons-raw-string-literals-end-with-a-single-backslash', 'https://stackoverflow.com/questions/11168076/why-cant-i-end-a-raw-string-with-a-backslash', 'https://stackoverflow.com/questions/23938753/how-to-print-an-odd-number-of-backslashes-in-python', 'https://stackoverflow.com/questions/23360807/trailing-slash-in-a-raw-string', 'https://stackoverflow.com/questions/14180729/error-with-string-with-ending-backslash', 'https://stackoverflow.com/questions/24051248/why-escapes-even-when-it-is-a-raw-string', 'https://stackoverflow.com/questions/65854576/including-a-backslash-at-the-end-of-a-raw-triple-quoted-string-fails', 'https://stackoverflow.com/questions/2870730/python-raw-strings-and-trailing-backslash', 'https://stackoverflow.com/questions/71459877/force-odd-number-of-backslashes-in-dictionary', 'https://stackoverflow.com/questions/30157185/python-raw-string-literals']
DEBUG: Starting new HTTPS connection (1): api.stackexchange.com:443
DEBUG: https://api.stackexchange.com:443 "GET /2.3/questions/647769;11168076;23938753;23360807;14180729;24051248;65854576;2870730;71459877;30157185?page=1&site=stackoverflow&filter=withbody HTTP/1.1" 200 5174
DEBUG: Starting new HTTPS connection (1): api.stackexchange.com:443
DEBUG: https://api.stackexchange.com:443 "GET /2.3/questions/647769;11168076;23938753;23360807;14180729;24051248;65854576;2870730;71459877;30157185/answers?page=1&site=stackoverflow&filter=withbody HTTP/1.1" 200 12525
DEBUG: Starting new HTTPS connection (1): api.stackexchange.com:443
DEBUG: https://api.stackexchange.com:443 "GET /2.3/questions/647769;11168076;23938753;23360807;14180729;24051248;65854576;2870730;71459877;30157185/answers?page=2&site=stackoverflow&filter=withbody HTTP/1.1" 200 1920
INFO: --------------------
