14:08:15 INFO: <<GeneralQuestions>>
14:08:15 INFO: Is there a source code level debugger with breakpoints, single-stepping, etc.?
14:08:16 INFO: ['python', 'source', 'code', 'level', 'debugger', 'breakpoint', 'single']
14:08:19 INFO: ['https://stackoverflow.com/questions/74273918/python-breakpoint-default-entry-point-is-one-level-down-than-expected', 'https://stackoverflow.com/questions/43026618/how-to-experiment-source-code-with-pdb-inspect-pprint', 'https://stackoverflow.com/questions/14139817/python-in-pdb-is-it-possible-to-enable-a-breakpoint-only-after-n-hit-counts', 'https://stackoverflow.com/questions/724924/how-to-make-pdb-recognize-that-the-source-has-changed-between-runs', 'https://stackoverflow.com/questions/46684041/gdb-debug-python-code-but-no-source-file-named-test-py', 'https://stackoverflow.com/questions/228642/python-debugger-stepping-into-a-function-that-you-have-called-interactively', 'https://stackoverflow.com/questions/1118183/how-to-debug-in-django-the-good-way', 'https://stackoverflow.com/questions/7430123/debugging-python-code-in-notepad', 'https://stackoverflow.com/questions/58385853/running-gdb-with-python', 'https://stackoverflow.com/questions/70240993/how-to-restart-python-code-from-any-desired-point-in-the-code-after-making-a-cha']
14:08:19 INFO: --------------------
14:08:19 INFO: Are there tools to help find bugs or perform static analysis?
14:08:19 INFO: ['python', 'tool', 'bug', 'static', 'analysis']
14:08:26 INFO: ['https://stackoverflow.com/questions/19263704/is-there-a-tool-to-help-find-bugs-or-perform-static-analysis-in-python', 'https://stackoverflow.com/questions/10279346/static-code-analysis-in-python', 'https://stackoverflow.com/questions/65749022/python-static-code-analysis-tools-code-analysis-preliminary-research-question', 'https://stackoverflow.com/questions/27412550/is-there-a-tool-to-statically-analyse-python-code-to-determine-if-mutable-parame', 'https://stackoverflow.com/questions/75694674/lint-to-check-for-a-missing-raise-keyword', 'https://stackoverflow.com/questions/6025714/tools-for-static-type-checking-in-python', 'https://stackoverflow.com/questions/956104/is-there-a-static-analysis-tool-for-python-ruby-sql-cobol-perl-and-pl-sql', 'https://stackoverflow.com/questions/12884623/static-and-dynamic-code-analysis', 'https://stackoverflow.com/questions/508277/is-there-a-good-dependency-analysis-tool-for-python', 'https://stackoverflow.com/questions/1598887/is-there-a-program-that-uses-static-analysis-to-look-for-bugs-in-actionscript-co']
14:08:26 INFO: --------------------
14:08:26 INFO: How can I create a stand-alone binary from a Python script?
14:08:27 INFO: ['python', 'binary', 'script']
14:08:31 INFO: ['https://stackoverflow.com/questions/12339671/how-to-compile-python-script-to-binary-executable', 'https://stackoverflow.com/questions/63949015/how-to-convert-python-scripts-to-binary-executable-using-pyinstaller', 'https://stackoverflow.com/questions/70769450/how-to-run-a-binary-file-with-python-script', 'https://stackoverflow.com/questions/69510190/python-script-starting-a-binary-script', 'https://stackoverflow.com/questions/68851790/how-to-compile-python-program-and-its-dependencies-into-a-single-c-like-binary', 'https://stackoverflow.com/questions/39913847/is-there-a-way-to-compile-a-python-application-into-static-binary', 'https://stackoverflow.com/questions/55645822/how-do-i-convert-python-script-into-linux-standalone-executable-binary-using-cyt', 'https://stackoverflow.com/questions/62493271/how-to-create-binary-of-python-script', 'https://stackoverflow.com/questions/46811800/is-it-possible-to-build-a-single-binary-for-cli-python-script-like-go-and-rust', 'https://stackoverflow.com/questions/75160581/downloading-binary-data-generated-by-a-pyscript-script']
14:08:31 INFO: --------------------
14:08:31 INFO: Are there coding standards or a style guide for Python programs?
14:08:32 INFO: ['python', 'standard', 'style', 'guide', 'program']
14:08:34 INFO: ['https://stackoverflow.com/questions/1318799/tool-to-enforce-python-code-style-standards', 'https://stackoverflow.com/questions/2815272/common-coding-style-for-python', 'https://stackoverflow.com/questions/356161/python-coding-standards-best-practices', 'https://stackoverflow.com/questions/46461631/python-style-guide-intermittent-variables', 'https://stackoverflow.com/questions/5117359/any-r-style-guide-checker', 'https://stackoverflow.com/questions/5426754/google-python-style-guide', 'https://stackoverflow.com/questions/3985563/python-best-formatting-practice-for-lists-dictionary-etc', 'https://stackoverflow.com/questions/159720/what-is-the-naming-convention-in-python-for-variable-and-function', 'https://stackoverflow.com/questions/3898572/what-are-the-most-common-python-docstring-formats', 'https://stackoverflow.com/questions/52827722/folder-naming-convention-for-python-projects']
14:08:34 INFO: --------------------
14:08:34 INFO: <<CoreLanguage>>
14:08:34 INFO: Why am I getting an UnboundLocalError when the variable has a value?
14:08:35 INFO: ['python', 'unboundlocalerror', 'variable', 'value']
14:08:38 INFO: ['https://stackoverflow.com/questions/10851906/python-3-unboundlocalerror-local-variable-referenced-before-assignment', 'https://stackoverflow.com/questions/10728678/unbound-local-error-with-global-variable', 'https://stackoverflow.com/questions/9264763/why-does-this-unboundlocalerror-occur-closure', 'https://stackoverflow.com/questions/71164122/python-giving-me-unboundlocalerror-local-variable-referenced-before-assignment', 'https://stackoverflow.com/questions/74297211/why-am-i-getting-unboundlocalerror-local-variable-value-referenced', 'https://stackoverflow.com/questions/44645109/unboundlocalerror-in-python-while-printing-global-variable', 'https://stackoverflow.com/questions/370357/unboundlocalerror-trying-to-use-a-variable-supposed-to-be-global-that-is-rea', 'https://stackoverflow.com/questions/59210278/python-functions-unboundlocalerror-local-variable-value-referenced-before-ass', 'https://stackoverflow.com/questions/48453558/python-if-variable-unboundlocalerror-local-variable-variable-referenced', 'https://stackoverflow.com/questions/71229025/why-am-i-getting-unboundlocalerror-local-variable-coffee-machine-referenced-b']
14:08:38 INFO: --------------------
14:08:38 INFO: What are the rules for local and global variables in Python?
14:08:39 INFO: ['python', 'local', 'global', 'variable']
14:08:43 INFO: ['https://stackoverflow.com/questions/423379/using-global-variables-in-a-function', 'https://stackoverflow.com/questions/14051916/how-to-make-a-local-variable-inside-a-function-global', 'https://stackoverflow.com/questions/56651307/global-and-local-scope-in-python', 'https://stackoverflow.com/questions/66773684/why-does-my-function-use-the-local-variable-instead-of-the-global', 'https://stackoverflow.com/questions/72922119/is-it-possible-to-take-the-local-variable-of-a-function-and-convert-it-to-a-glob', 'https://stackoverflow.com/questions/62212489/for-some-reason-my-code-thinks-a-global-variable-is-a-local-variable', 'https://stackoverflow.com/questions/75020080/global-variable-becomes-local', 'https://stackoverflow.com/questions/53584768/python-change-how-do-i-make-local-variable-global', 'https://stackoverflow.com/questions/62164888/make-local-copy-of-global-variable', 'https://stackoverflow.com/questions/40346739/python-confused-about-global-and-local-variables']
14:08:43 INFO: --------------------
14:08:43 INFO: Why do lambdas defined in a loop with different values all return the same result?
14:08:43 INFO: ['python', 'lambdas', 'loop', 'different', 'value', 'result']
14:08:48 INFO: ['https://stackoverflow.com/questions/19837486/lambda-in-a-loop', 'https://stackoverflow.com/questions/33983980/lambda-in-for-loop-only-takes-last-value', 'https://stackoverflow.com/questions/66039869/lambda-with-different-expression-returns-same-output', 'https://stackoverflow.com/questions/62429039/lambda-in-loop-stored-in-list-prints-only-the-last-loops-evaluated-value-not-di', 'https://stackoverflow.com/questions/63123011/lambda-functions-created-in-a-for-loop-being-overwritten', 'https://stackoverflow.com/questions/11723217/python-lambda-doesnt-remember-argument-in-for-loop', 'https://stackoverflow.com/questions/74977520/python-lambda-in-a-loop-ends-up-using-last-index-value-not-the-index-value-that', 'https://stackoverflow.com/questions/74746357/python-lambda-function-in-a-list-gives-unexpected-result', 'https://stackoverflow.com/questions/68717273/bind-loop-variable-value-to-lambda', 'https://stackoverflow.com/questions/68550633/python-unexpected-behaviour-with-lambdas-when-iterating']
14:08:48 INFO: --------------------
14:08:48 INFO: How do I share global variables across modules?
14:08:49 INFO: ['python', 'global', 'variable', 'module']
14:08:53 INFO: ['https://stackoverflow.com/questions/1977362/how-to-create-module-wide-variables-in-python', 'https://stackoverflow.com/questions/59221031/python-3-and-global-variable-in-module', 'https://stackoverflow.com/questions/48869966/how-to-use-global-variables-within-python-package', 'https://stackoverflow.com/questions/48190951/how-to-make-main-pys-global-variable-visible-in-imported-module', 'https://stackoverflow.com/questions/68152369/global-variables-between-modules', 'https://stackoverflow.com/questions/46023355/what-is-a-module-variable-vs-a-global-variable', 'https://stackoverflow.com/questions/67617829/global-variable-not-correctly-retrieve-from-other-module', 'https://stackoverflow.com/questions/67685552/fastapi-global-variable-vs-module-variable', 'https://stackoverflow.com/questions/71785266/using-global-variables-when-importing-functions', 'https://stackoverflow.com/questions/66869073/how-to-pass-around-global-variable-in-python-modules']
14:08:53 INFO: --------------------
14:08:53 INFO: Why are default values shared between objects?
14:08:55 INFO: ['python', 'default', 'value', 'object']
14:08:57 INFO: ['https://stackoverflow.com/questions/2681243/how-should-i-declare-default-values-for-instance-variables-in-python', 'https://stackoverflow.com/questions/32939159/create-object-with-attributes-that-have-default-values-python', 'https://stackoverflow.com/questions/61756422/creating-new-object-keeps-data-even-with-default-value', 'https://stackoverflow.com/questions/67959864/how-to-have-an-object-output-a-default-value', 'https://stackoverflow.com/questions/6838255/python-class-function-default-variables-are-class-objects', 'https://stackoverflow.com/questions/54132749/python-putting-an-object-property-as-default-value-for-one-of-his-functions', 'https://stackoverflow.com/questions/56878667/setting-default-values-in-a-class', 'https://stackoverflow.com/questions/58039685/how-to-print-default-value-of-class-object-when-using-setters-and-getters', 'https://stackoverflow.com/questions/65780014/why-cant-i-change-the-default-value-of-a-function-after-it-was-defined', 'https://stackoverflow.com/questions/13195989/using-an-attribute-of-the-current-class-instance-as-a-default-value-for-methods']
14:08:57 INFO: --------------------
14:08:57 INFO: How can I pass optional or keyword parameters from one function to another?
14:08:58 INFO: ['python', 'optional', 'keyword', 'parameter', 'function']
14:09:00 INFO: ['https://stackoverflow.com/questions/9539921/how-do-i-define-a-function-with-optional-arguments', 'https://stackoverflow.com/questions/67402942/python-optional-arguments', 'https://stackoverflow.com/questions/69095606/adding-optional-arguments-to-a-function', 'https://stackoverflow.com/questions/67027960/optional-arguments-without-a-default-value', 'https://stackoverflow.com/questions/56817339/optional-argument-with-a-mandatory-keyword', 'https://stackoverflow.com/questions/68168201/passing-optional-keyword-arguments-to-a-decorated-function', 'https://stackoverflow.com/questions/63808915/is-there-any-way-to-define-a-python-function-with-leading-optional-arguments', 'https://stackoverflow.com/questions/50397741/optional-argument-in-class-function-in-python', 'https://stackoverflow.com/questions/62826483/optional-argument-python', 'https://stackoverflow.com/questions/50495738/is-there-a-way-to-pass-optional-parameters-through-two-functions']
14:09:00 INFO: --------------------
14:09:00 INFO: What is the difference between arguments and parameters?
14:09:01 INFO: ['python', 'difference', 'argument', 'parameter']
14:09:03 INFO: ['https://stackoverflow.com/questions/47169033/parameter-vs-argument-python', 'https://stackoverflow.com/questions/156767/whats-the-difference-between-an-argument-and-a-parameter', 'https://stackoverflow.com/questions/51054490/how-do-i-differentiate-parameters-and-arguments-in-python', 'https://stackoverflow.com/questions/1788923/parameter-vs-argument', 'https://stackoverflow.com/questions/48047865/what-is-the-difference-between-argument-and-parameter-in-python-perspective-not', 'https://stackoverflow.com/questions/63941547/what-is-the-difference-between-a-variable-and-a-parameter', 'https://stackoverflow.com/questions/30101785/difference-between-attribute-and-parameter-and-argument', 'https://stackoverflow.com/questions/68994163/attribute-and-parameter-differences-and-using', 'https://stackoverflow.com/questions/3176310/difference-between-parameter-and-argument', 'https://stackoverflow.com/questions/36495669/difference-between-terms-option-argument-and-parameter']
14:09:03 INFO: --------------------
14:09:03 INFO: How do I write a function with output parameters (call by reference)?
14:09:04 INFO: ['python', 'function', 'output', 'parameter', 'reference']
14:09:08 INFO: ['https://stackoverflow.com/questions/4702249/is-there-a-way-in-python-to-return-a-value-via-an-output-parameter', 'https://stackoverflow.com/questions/54736309/how-to-use-output-for-one-function-as-parameter-for-another', 'https://stackoverflow.com/questions/47899965/out-parameter-using-call-by-reference-for-user-defined-object-in-python', 'https://stackoverflow.com/questions/49183276/turning-an-input-parameter-into-an-output-parameter-in-python', 'https://stackoverflow.com/questions/986006/how-do-i-pass-a-variable-by-reference', 'https://stackoverflow.com/questions/38691069/how-can-i-write-function-with-optional-output-parameters-in-python', 'https://stackoverflow.com/questions/13299427/python-functions-call-by-reference', 'https://stackoverflow.com/questions/36993359/is-there-a-simple-way-to-have-optional-output-arguments-in-a-python-function', 'https://stackoverflow.com/questions/53929453/python-by-value-and-by-reference-function-arguments', 'https://stackoverflow.com/questions/65785263/how-to-call-a-c-function-with-an-output-parameter']
14:09:08 INFO: --------------------
14:09:08 INFO: How do you make a higher order function in Python?
14:09:09 INFO: ['python', 'high', 'order', 'function']
14:09:11 INFO: ['https://stackoverflow.com/questions/62328661/what-is-the-difference-between-higher-order-functions-and-decorators', 'https://stackoverflow.com/questions/70168737/higher-order-function-callable-in-python', 'https://stackoverflow.com/questions/61810217/executing-higher-order-functions', 'https://stackoverflow.com/questions/65891682/what-is-the-difference-between-a-higher-order-function-and-a-class', 'https://stackoverflow.com/questions/72341337/how-can-i-write-my-own-function-that-accepts-and-uses-a-function-as-a-parameter', 'https://stackoverflow.com/questions/3774247/what-do-we-call-this-new-higher-order-function', 'https://stackoverflow.com/questions/74483499/python-higher-order-function-with-varying-arguments', 'https://stackoverflow.com/questions/70170618/higher-order-function-data-types-in-python', 'https://stackoverflow.com/questions/50622857/get-the-input-of-an-higher-order-function-in-python', 'https://stackoverflow.com/questions/73967166/python-simple-higher-order-function-questions']
14:09:11 INFO: --------------------
14:09:11 INFO: How do I copy an object in Python?
14:09:12 INFO: ['python', 'copy', 'object']
14:09:15 INFO: ['https://stackoverflow.com/questions/4794244/how-can-i-create-a-copy-of-an-object-in-python', 'https://stackoverflow.com/questions/42143461/make-copy-of-object-instance-in-python', 'https://stackoverflow.com/questions/72219980/how-to-copy-a-class-object-in-python', 'https://stackoverflow.com/questions/29398336/how-to-copy-instances-of-a-custom-defined-class-in-python-3-3', 'https://stackoverflow.com/questions/68736719/shouldnt-shallow-copy-create-an-object-with-different-id-in-python', 'https://stackoverflow.com/questions/19210971/python-prevent-copying-object-as-reference', 'https://stackoverflow.com/questions/21217574/python-how-to-copy-object-so-it-would-not-reference-old-object-without-using', 'https://stackoverflow.com/questions/40478253/python-copy-class-object-to-another-class', 'https://stackoverflow.com/questions/64590756/python-class-copying-an-object-deep-copy-without-importing-copy', 'https://stackoverflow.com/questions/65636981/how-to-make-deep-copy-of-a-specificmutable-object']
14:09:15 INFO: --------------------
14:09:15 INFO: How can I find the methods or attributes of an object?
14:09:16 INFO: ['python', 'method', 'object']
14:09:19 INFO: ['https://stackoverflow.com/questions/14298844/method-objects-vs-function-objects-python-class-instances-vs-class', 'https://stackoverflow.com/questions/37370578/different-way-to-create-an-instance-method-object-in-python', 'https://stackoverflow.com/questions/34439/finding-what-methods-a-python-object-has', 'https://stackoverflow.com/questions/52292599/can-i-replace-an-existing-method-of-an-object-in-python', 'https://stackoverflow.com/questions/972/adding-a-method-to-an-existing-object-instance-in-python', 'https://stackoverflow.com/questions/73990497/do-python-methods-belong-to-object-or-class', 'https://stackoverflow.com/questions/52328984/difference-between-object-method-and-methodobject-in-python', 'https://stackoverflow.com/questions/1911281/how-do-i-get-list-of-methods-in-a-python-class', 'https://stackoverflow.com/questions/46230482/what-is-an-instance-method', 'https://stackoverflow.com/questions/46312470/difference-between-methods-and-attributes-in-python']
14:09:19 INFO: --------------------
14:09:19 INFO: How can my code discover the name of an object?
14:09:19 INFO: ['python', 'code', 'discover', 'name', 'object']
14:09:22 INFO: ['https://stackoverflow.com/questions/1538342/how-can-i-get-the-name-of-an-object', 'https://stackoverflow.com/questions/38599015/print-object-instance-name-in-python', 'https://stackoverflow.com/questions/57648952/how-to-get-the-name-of-a-created-object-not-the-class-itself-in-python-3-x', 'https://stackoverflow.com/questions/17200117/how-to-get-the-object-name-from-within-the-class', 'https://stackoverflow.com/questions/36289941/how-to-get-the-name-of-an-object-from-a-class-in-python', 'https://stackoverflow.com/questions/17196474/getting-object-name-and-function-name', 'https://stackoverflow.com/questions/67092187/python-getting-a-class-object-name-based-on-attribute', 'https://stackoverflow.com/questions/8875202/can-an-object-inspect-the-name-of-the-variable-its-been-assigned-to', 'https://stackoverflow.com/questions/18425225/getting-the-name-of-a-variable-as-a-string', 'https://stackoverflow.com/questions/67663723/python-can-you-name-an-object-with-a-value-stored-in-a-variable']
14:09:22 INFO: --------------------
14:09:22 INFO: Is it possible to write obfuscated one-liners in Python?
14:09:23 INFO: ['python', 'possible', 'write', 'liner']
14:09:26 INFO: ['https://stackoverflow.com/questions/4005952/is-it-possible-to-write-one-liners-in-python', 'https://stackoverflow.com/questions/58550806/one-liner-with-raise', 'https://stackoverflow.com/questions/70051408/how-do-i-write-a-python-one-liner-to-create-a-list-of-all-words-in-a-file', 'https://stackoverflow.com/questions/18669836/is-it-possible-to-write-single-line-return-statement-with-if-statement', 'https://stackoverflow.com/questions/67347822/if-else-one-liner-in-python', 'https://stackoverflow.com/questions/39067759/python-one-liner-with-if-in-a-loop', 'https://stackoverflow.com/questions/6159900/correct-way-to-write-line-to-file', 'https://stackoverflow.com/questions/4172448/is-it-possible-to-break-a-long-line-to-multiple-lines-in-python', 'https://stackoverflow.com/questions/41772774/python-one-liner-with-if-block', 'https://stackoverflow.com/questions/36671077/one-line-exception-handling']
14:09:26 INFO: --------------------
14:09:26 INFO: What does the slash(/) in the parameter list of a function mean?
14:09:26 INFO: ['python', 'slash(/', 'parameter', 'list', 'function']
14:09:29 INFO: ['https://stackoverflow.com/questions/24735311/what-does-the-slash-mean-in-help-output', 'https://stackoverflow.com/questions/28243832/what-is-the-meaning-of-a-forward-slash-in-a-python-method-signature-as-show', 'https://stackoverflow.com/questions/59661042/what-do-single-star-and-slash-do-as-independent-parameters', 'https://stackoverflow.com/questions/56514297/bare-forward-slash-in-python-function-definition', 'https://stackoverflow.com/questions/73234949/discord-slash-commands-using-python', 'https://stackoverflow.com/questions/1945920/why-doesnt-os-path-join-work-in-this-case', 'https://stackoverflow.com/questions/44780357/how-to-use-newline-n-in-f-string-to-format-output-in-python-3-6', 'https://stackoverflow.com/questions/980255/should-a-directory-path-variable-end-with-a-trailing-slash', 'https://stackoverflow.com/questions/63490882/what-is-the-in-the-built-in-list-function-descriptions', 'https://stackoverflow.com/questions/4488570/how-do-i-write-a-tab-in-python']
14:09:29 INFO: --------------------
14:09:29 INFO: <<NumbersAndstrings>>
14:09:29 INFO: How do I specify hexadecimal and octal integers?
14:09:30 INFO: ['python', 'hexadecimal', 'octal', 'integer']
14:09:32 INFO: ['https://stackoverflow.com/questions/3042135/converting-hexadecimal-octal-numbers-into-decimal-form-using-python-script', 'https://stackoverflow.com/questions/17078299/figuring-out-if-a-number-is-decimal-hexadecimal-or-octal-in-python', 'https://stackoverflow.com/questions/34878286/python-format-to-print-the-decimal-oct-hex-and-binary-values', 'https://stackoverflow.com/questions/58038860/a-single-function-to-convert-decimal-values-to-binary-hexadecimal-and-octal-doe', 'https://stackoverflow.com/questions/59334185/how-to-create-a-python-decimal-binary-octal-and-hexadecimal-converter-with-men', 'https://stackoverflow.com/questions/49993743/python-string-formatting-for-number-system-conversion', 'https://stackoverflow.com/questions/63607655/how-can-i-prevent-implicit-conversion-of-octal-hex-binary-to-int-in-pyyaml', 'https://stackoverflow.com/questions/67085516/convert-decimal-to-binary-octa-and-hexadecimal-using-recursion-in-python', 'https://stackoverflow.com/questions/51557000/what-is-the-point-of-writing-integer-in-hexadecimal-octal-and-binary', 'https://stackoverflow.com/questions/48264515/getting-from-datatype-string-hexadecimal-to-integer-hexadecimal-type-in-python']
14:09:32 INFO: --------------------
14:09:32 INFO: Why does -22 // 10 return -3?
14:09:33 INFO: ['python', 'return']
14:09:36 INFO: ['https://stackoverflow.com/questions/50421958/returning-values-of-function-in-python', 'https://stackoverflow.com/questions/57518639/can-you-return-a-return-statement-in-python', 'https://stackoverflow.com/questions/33329069/return-statement-in-method-that-modifies-in-place', 'https://stackoverflow.com/questions/39345995/how-does-python-return-multiple-values-from-a-function', 'https://stackoverflow.com/questions/56449589/return-statement-in-python-function-not-returning-anything', 'https://stackoverflow.com/questions/37503864/returning-multiple-values-from-function-in-python-3-5', 'https://stackoverflow.com/questions/30703301/different-number-of-return-values-in-python-function', 'https://stackoverflow.com/questions/40953914/python-return-multiple-values-and-check-for-return-false', 'https://stackoverflow.com/questions/52209825/python-function-return-value', 'https://stackoverflow.com/questions/354883/alternatives-for-returning-multiple-values-from-a-python-function']
14:09:36 INFO: --------------------
14:09:36 INFO: How do I get int literal attribute instead of SyntaxError?
14:09:37 INFO: ['python', 'int', 'literal', 'attribute', 'syntaxerror']
14:09:41 INFO: ['https://stackoverflow.com/questions/33054229/accessing-attributes-on-literals-work-on-all-types-but-not-int-why', 'https://stackoverflow.com/questions/26255693/attribute-access-on-int-literals', 'https://stackoverflow.com/questions/11802214/integer-literal-is-an-object-in-python', 'https://stackoverflow.com/questions/31037609/why-is-1-real-a-syntax-error-but-1-real-valid-in-python', 'https://stackoverflow.com/questions/64935152/python3-int-sizeof-produces-syntax-error', 'https://stackoverflow.com/questions/23998026/why-isnt-this-a-syntax-error-in-python', 'https://stackoverflow.com/questions/17622874/invalid-syntax-confusion-on-python-integers', 'https://stackoverflow.com/questions/66538838/can-someone-please-explain-the-logic-behind-using-space-in-function-call-to-an-i', 'https://stackoverflow.com/questions/65512911/self-in-python-syntax-error-invalid-syntax-strings-attributes-inexisting', 'https://stackoverflow.com/questions/13011461/why-cant-i-call-methods-directly-on-int-objects']
14:09:41 INFO: --------------------
14:09:41 INFO: How do I convert a string to a number?
14:09:41 INFO: ['python', 'string', 'number']
14:09:45 INFO: ['https://stackoverflow.com/questions/3204614/how-to-change-any-data-type-into-a-string', 'https://stackoverflow.com/questions/44833017/how-do-i-represent-a-string-as-a-number', 'https://stackoverflow.com/questions/40097590/detect-whether-a-python-string-is-a-number-or-a-letter', 'https://stackoverflow.com/questions/354038/how-do-i-check-if-a-string-represents-a-number-float-or-int', 'https://stackoverflow.com/questions/31701991/string-of-text-to-unique-integer-method', 'https://stackoverflow.com/questions/74665788/how-to-convert-string-to-number-in-python', 'https://stackoverflow.com/questions/22044220/generate-string-of-numbers-python', 'https://stackoverflow.com/questions/6941866/check-string-for-numbers-in-python', 'https://stackoverflow.com/questions/73433744/python-string-to-number-list', 'https://stackoverflow.com/questions/19859282/check-if-a-string-contains-a-number']
14:09:45 INFO: --------------------
14:09:45 INFO: How do I convert a number to a string?
14:09:45 INFO: ['python', 'number', 'string']
14:09:50 INFO: ['https://stackoverflow.com/questions/961632/convert-integer-to-string-in-python', 'https://stackoverflow.com/questions/44833017/how-do-i-represent-a-string-as-a-number', 'https://stackoverflow.com/questions/47093829/generating-a-range-of-numbers-as-strings-python', 'https://stackoverflow.com/questions/13206698/convert-number-to-string-in-python', 'https://stackoverflow.com/questions/22617/format-numbers-to-strings-in-python', 'https://stackoverflow.com/questions/28526367/get-only-numbers-from-string-in-python', 'https://stackoverflow.com/questions/23270503/how-to-increment-a-numeric-string-0000000001-in-python', 'https://stackoverflow.com/questions/26446758/python-format-integer-into-fixed-length-strings', 'https://stackoverflow.com/questions/43483386/format-value-that-could-be-number-and-or-string-in-python-3', 'https://stackoverflow.com/questions/22044220/generate-string-of-numbers-python']
14:09:50 INFO: --------------------
14:09:50 INFO: How do I modify a string in place?
14:09:50 INFO: ['python', 'string', 'place']
14:09:54 INFO: ['https://stackoverflow.com/questions/72895845/string-formatting-in-place', 'https://stackoverflow.com/questions/3463746/in-place-string-modifications-in-python', 'https://stackoverflow.com/questions/43367998/place-variable-into-python-string', 'https://stackoverflow.com/questions/2294493/how-to-get-the-position-of-a-character-in-python', 'https://stackoverflow.com/questions/56589536/reverse-the-string-in-place-in-python', 'https://stackoverflow.com/questions/65940742/how-to-format-to-n-decimal-places-in-python', 'https://stackoverflow.com/questions/9440600/python-string-in-place-modification', 'https://stackoverflow.com/questions/66379311/prevent-formatting-in-some-places-in-string-python', 'https://stackoverflow.com/questions/54080861/how-to-format-string-to-place-variable-in-python', 'https://stackoverflow.com/questions/4288973/whats-the-difference-between-s-and-d-in-python-string-formatting']
14:09:54 INFO: --------------------
14:09:54 INFO: How do I use strings to call functions/methods?
14:09:55 INFO: ['python', 'string', 'function', 'method']
14:10:00 INFO: ['https://stackoverflow.com/questions/66038351/python-string-methods-in-a-variable', 'https://stackoverflow.com/questions/19102313/string-methods-in-python', 'https://stackoverflow.com/questions/9189172/why-doesnt-calling-a-string-method-such-as-replace-or-strip-modify-mutate', 'https://stackoverflow.com/questions/60611446/how-to-perform-a-method-on-a-string-in-list-in-a-list-in-python', 'https://stackoverflow.com/questions/70950737/where-can-you-find-the-list-of-all-the-methods-supported-by-strings-in-python', 'https://stackoverflow.com/questions/61804227/order-in-execution-of-multiple-string-methods-in-python', 'https://stackoverflow.com/questions/11649848/call-methods-by-string', 'https://stackoverflow.com/questions/3061/calling-a-function-of-a-module-by-using-its-name-a-string', 'https://stackoverflow.com/questions/22162392/create-my-own-string-function-python', 'https://stackoverflow.com/questions/21865382/create-your-own-find-string-function']
14:10:00 INFO: --------------------
14:10:00 INFO: Is there a scanf() or sscanf() equivalent?
14:10:00 INFO: ['python', 'scanf', 'sscanf', 'equivalent']
14:10:02 INFO: ['https://stackoverflow.com/questions/2175080/sscanf-in-python', 'https://stackoverflow.com/questions/41725535/python-function-for-taking-input-from-user-similar-to-scanf-in-c', 'https://stackoverflow.com/questions/40837978/python3-is-there-something-similar-to-scanf-in-python', 'https://stackoverflow.com/questions/30378453/string-splitting-like-sscanf-in-python', 'https://stackoverflow.com/questions/44642495/c-has-scanf-does-python-have-something-similar', 'https://stackoverflow.com/questions/27705095/python-scanf-like-input', 'https://stackoverflow.com/questions/27882108/reading-formatted-multi-lines-in-python', 'https://stackoverflow.com/questions/5402468/what-is-the-equivalent-of-matlab-fscanf-in-python', 'https://stackoverflow.com/questions/21224810/python-alternative-to-fscanf-c-code', 'https://stackoverflow.com/questions/58778829/fast-alternative-to-sscanf']
14:10:02 INFO: --------------------
14:10:02 INFO: Can I end a raw string with an odd number of backslashes?
14:10:03 INFO: ['python', 'raw', 'string', 'odd', 'number', 'backslashe']
14:10:06 INFO: ['https://stackoverflow.com/questions/647769/why-cant-pythons-raw-string-literals-end-with-a-single-backslash', 'https://stackoverflow.com/questions/23938753/how-to-print-an-odd-number-of-backslashes-in-python', 'https://stackoverflow.com/questions/11168076/why-cant-i-end-a-raw-string-with-a-backslash', 'https://stackoverflow.com/questions/71459877/force-odd-number-of-backslashes-in-dictionary', 'https://stackoverflow.com/questions/30157185/python-raw-string-literals', 'https://stackoverflow.com/questions/30283082/why-does-the-single-backslash-raw-string-in-python-cause-a-syntax-error', 'https://stackoverflow.com/questions/42598040/python-regex-for-matching-odd-number-of-consecutive-backslashes', 'https://stackoverflow.com/questions/24051248/why-escapes-even-when-it-is-a-raw-string', 'https://stackoverflow.com/questions/58254234/how-does-python-interpret-backslash-in-string', 'https://stackoverflow.com/questions/23360807/trailing-slash-in-a-raw-string']
14:10:06 INFO: --------------------
14:10:06 INFO: <<Performance>>
14:10:06 INFO: My program is too slow. How do I speed it up?
14:10:07 INFO: ['python', 'program', 'slow', 'speed']
14:10:09 INFO: ['https://stackoverflow.com/questions/8624779/my-python-program-is-very-slow-how-can-i-speed-it-up-am-i-doing-something-wron', 'https://stackoverflow.com/questions/30056244/how-to-troubleshoot-very-slow-python-code', 'https://stackoverflow.com/questions/67489843/why-is-my-python-code-running-so-slow-how-can-i-speed-it-up', 'https://stackoverflow.com/questions/56212288/python-script-slowing-down-over-time', 'https://stackoverflow.com/questions/3033329/why-are-python-programs-often-slower-than-the-equivalent-program-written-in-c-or', 'https://stackoverflow.com/questions/36949787/exact-same-python-code-20-times-slower-on-faster-machine', 'https://stackoverflow.com/questions/65169497/how-to-slow-speed-of-turtle-python', 'https://stackoverflow.com/questions/69244843/how-to-speed-up-the-computation-that-is-slow-even-with-numba', 'https://stackoverflow.com/questions/71182547/why-is-my-python-code-faster-than-my-c-code', 'https://stackoverflow.com/questions/19684408/why-do-python-programs-run-very-slow-the-first-time']
14:10:09 INFO: --------------------
14:10:09 INFO: What is the most efficient way to concatenate many strings together?
14:10:10 INFO: ['python', 'efficient', 'way', 'many', 'string']
14:10:12 INFO: ['https://stackoverflow.com/questions/1316887/what-is-the-most-efficient-string-concatenation-method-in-python', 'https://stackoverflow.com/questions/3367809/efficiently-carry-out-multiple-string-replacements-in-python', 'https://stackoverflow.com/questions/59072514/efficiently-make-many-multiple-substitutions-in-a-string', 'https://stackoverflow.com/questions/67181940/fastest-way-to-find-one-of-several-substrings-in-string', 'https://stackoverflow.com/questions/68523589/the-best-way-to-use-multiple-large-string-lists-in-python', 'https://stackoverflow.com/questions/62565677/search-multiple-strings-in-a-file-using-python-which-is-time-efficient', 'https://stackoverflow.com/questions/44528197/efficient-way-of-matching-and-replacing-multiple-strings-in-python-3', 'https://stackoverflow.com/questions/75717809/efficient-way-to-compare-multiple-unordered-large-strings-with-duplicate-charact', 'https://stackoverflow.com/questions/58046114/efficiently-search-for-many-different-strings-in-large-file', 'https://stackoverflow.com/questions/74873414/the-fastest-way-possible-to-split-a-long-string']
14:10:12 INFO: --------------------
14:10:12 INFO: <<Sequences_TuplesLists>>
14:10:12 INFO: How do I convert between tuples and lists?
14:10:13 INFO: ['python', 'tuple', 'list']
14:10:15 INFO: ['https://stackoverflow.com/questions/16296643/convert-tuple-to-list-and-back', 'https://stackoverflow.com/questions/1708510/list-vs-tuple-when-to-use-each', 'https://stackoverflow.com/questions/30518013/is-there-a-difference-between-a-list-and-a-tuple', 'https://stackoverflow.com/questions/31175223/append-a-tuple-to-a-list-whats-the-difference-between-two-ways', 'https://stackoverflow.com/questions/55904156/in-list-vs-in-tuple-condition-in-python', 'https://stackoverflow.com/questions/66073930/python-tuple-inside-list', 'https://stackoverflow.com/questions/53323223/how-to-modify-each-element-of-a-tuple-in-a-list-of-tuples', 'https://stackoverflow.com/questions/2249036/grouping-python-tuple-list', 'https://stackoverflow.com/questions/67817572/get-index-of-a-list-with-tuples-in-which-the-first-element-of-the-tuple-matches', 'https://stackoverflow.com/questions/53184318/comparing-elements-between-a-tuple-and-list']
14:10:15 INFO: --------------------
14:10:15 INFO: What is a negative index?
14:10:16 INFO: ['python', 'negative', 'index']
14:10:18 INFO: ['https://stackoverflow.com/questions/11367902/negative-list-index', 'https://stackoverflow.com/questions/49284661/how-can-i-slice-a-list-till-end-with-negative-indexes', 'https://stackoverflow.com/questions/56352784/except-for-python-is-there-any-other-language-supporting-negative-index', 'https://stackoverflow.com/questions/54077428/python-numpy-array-negative-indexing', 'https://stackoverflow.com/questions/53932704/array-insert-with-negative-index', 'https://stackoverflow.com/questions/52016803/convert-negative-index-in-python-to-positive-index', 'https://stackoverflow.com/questions/65695917/python-enumerate-a-slice-with-negative-indices', 'https://stackoverflow.com/questions/61435459/python-negative-indexing-differences', 'https://stackoverflow.com/questions/62018714/negative-index-on-nested-list', 'https://stackoverflow.com/questions/74507490/how-can-i-print-both-positive-and-negative-indexes-together-with-its-correspondi']
14:10:18 INFO: --------------------
14:10:18 INFO: How do I iterate over a sequence in reverse order?
14:10:18 INFO: ['python', 'iterate', 'sequence', 'reverse', 'order']
14:10:22 INFO: ['https://stackoverflow.com/questions/529424/traverse-a-list-in-reverse-order-in-python', 'https://stackoverflow.com/questions/51738699/iterating-an-interable-sequence-in-reverse-order', 'https://stackoverflow.com/questions/51718893/accept-iterable-sequence-and-return-them-in-reverse-order', 'https://stackoverflow.com/questions/7961499/best-way-to-loop-over-a-python-string-backwards', 'https://stackoverflow.com/questions/67957942/how-to-enumerate-over-a-list-in-python-backwards-with-indexfrom-the-end-to-the', 'https://stackoverflow.com/questions/7286365/print-a-list-in-reverse-order-with-range', 'https://stackoverflow.com/questions/3476732/how-to-loop-backwards-in-python', 'https://stackoverflow.com/questions/869885/loop-backwards-using-indices', 'https://stackoverflow.com/questions/10957812/how-to-for-loop-in-reverse', 'https://stackoverflow.com/questions/42896141/how-to-lazily-iterate-on-reverse-order-of-keys-in-ordereddict']
14:10:22 INFO: --------------------
14:10:22 INFO: How do you remove duplicates from a list?
14:10:23 INFO: ['python', 'duplicate', 'list']
14:10:26 INFO: ['https://stackoverflow.com/questions/2612802/how-do-i-clone-a-list-so-that-it-doesnt-change-unexpectedly-after-assignment', 'https://stackoverflow.com/questions/9835762/how-do-i-find-the-duplicates-in-a-list-and-create-another-list-with-them', 'https://stackoverflow.com/questions/184643/what-is-the-best-way-to-copy-a-list', 'https://stackoverflow.com/questions/62005086/how-to-make-n-copy-of-list-in-python', 'https://stackoverflow.com/questions/33046980/duplicating-a-list-n-number-of-times', 'https://stackoverflow.com/questions/28684154/python-copy-a-list-of-lists', 'https://stackoverflow.com/questions/72606476/duplicate-list-in-list-of-list', 'https://stackoverflow.com/questions/3459098/create-list-of-single-item-repeated-n-times', 'https://stackoverflow.com/questions/24225072/repeating-elements-of-a-list-n-times', 'https://stackoverflow.com/questions/66564572/find-the-duplicated-data-from-two-different-list']
14:10:26 INFO: --------------------
14:10:26 INFO: How do you remove multiple items from a list
14:10:27 INFO: ['python', 'multiple', 'item', 'list']
14:10:30 INFO: ['https://stackoverflow.com/questions/6159313/how-to-test-the-membership-of-multiple-values-in-a-list', 'https://stackoverflow.com/questions/18272160/access-multiple-elements-of-list-knowing-their-index', 'https://stackoverflow.com/questions/20196159/how-to-append-multiple-values-to-a-list-in-python', 'https://stackoverflow.com/questions/39541370/how-to-insert-multiple-elements-into-a-list', 'https://stackoverflow.com/questions/65641391/how-to-fetch-multiple-elements-from-list', 'https://stackoverflow.com/questions/65990613/how-to-append-multiple-items-to-a-list-in-python', 'https://stackoverflow.com/questions/533905/how-to-get-the-cartesian-product-of-multiple-lists', 'https://stackoverflow.com/questions/65561736/access-multiple-items-of-list', 'https://stackoverflow.com/questions/52372670/create-multiple-objects-from-list-of-strings-python', 'https://stackoverflow.com/questions/71353741/how-do-i-return-the-positions-of-multiple-items-in-a-list-python']
14:10:30 INFO: --------------------
14:10:30 INFO: How do you make an array in Python?
14:10:31 INFO: ['python', 'array']
14:10:36 INFO: ['https://stackoverflow.com/questions/56031261/what-is-differnces-between-array0-and-array01-in-python', 'https://stackoverflow.com/questions/62245970/python-what-exactly-is-meant-by-an-array-in-python', 'https://stackoverflow.com/questions/16815928/what-does-mean-on-numpy-arrays', 'https://stackoverflow.com/questions/46438039/how-to-have-an-array-of-arrays-in-python', 'https://stackoverflow.com/questions/67505118/python-array-and-a-list', 'https://stackoverflow.com/questions/50006255/python-array-elements-in-if-statement', 'https://stackoverflow.com/questions/36113747/how-to-declare-an-array-in-python', 'https://stackoverflow.com/questions/45072326/array-handling-python', 'https://stackoverflow.com/questions/176011/python-list-vs-array-when-to-use', 'https://stackoverflow.com/questions/51290791/numpy-arrays-vs-python-arrays']
14:10:36 INFO: --------------------
14:10:36 INFO: How do I create a multidimensional list?
14:10:37 INFO: ['python', 'multidimensional', 'list']
14:10:41 INFO: ['https://stackoverflow.com/questions/61871681/how-to-create-dynamic-multidimensional-list-in-python', 'https://stackoverflow.com/questions/17636567/how-to-create-a-multi-dimensional-list', 'https://stackoverflow.com/questions/68779250/python-enumerate-a-multidimensional-list', 'https://stackoverflow.com/questions/51543705/python-how-to-add-a-list-to-a-named-multidimensional-arrays', 'https://stackoverflow.com/questions/58303168/slicing-of-multi-dimensional-list-without-numpy', 'https://stackoverflow.com/questions/67795885/saving-a-multi-dimensional-list-in-a-file-python', 'https://stackoverflow.com/questions/6518291/using-index-on-multidimensional-lists', 'https://stackoverflow.com/questions/60761347/sort-multidimensional-list-python', 'https://stackoverflow.com/questions/51369718/python-how-can-i-find-if-an-item-exists-in-multidimensional-array', 'https://stackoverflow.com/questions/45765223/update-value-in-multidimensional-list-in-python']
14:10:41 INFO: --------------------
14:10:41 INFO: How do I apply a method or function to a sequence of objects?
14:10:41 INFO: ['python', 'method', 'function', 'sequence']
14:10:44 INFO: ['https://stackoverflow.com/questions/23434852/how-can-i-call-a-sequence-of-functions-until-the-return-value-meets-some-conditi', 'https://stackoverflow.com/questions/55401522/calling-class-object-methods-in-sequence', 'https://stackoverflow.com/questions/45025005/python-function-calling-order', 'https://stackoverflow.com/questions/74448113/testing-python-methods-call-sequence-in-a-multithreaded-context', 'https://stackoverflow.com/questions/50872410/how-to-apply-sequence-of-functions-to-an-object', 'https://stackoverflow.com/questions/55388288/how-to-ensure-functions-are-run-in-specific-order', 'https://stackoverflow.com/questions/46293228/enforce-a-sequence-for-calling-methods-in-a-class', 'https://stackoverflow.com/questions/44423786/does-the-order-of-functions-in-a-python-script-matter', 'https://stackoverflow.com/questions/72340656/calling-multiple-methods-of-an-object-in-sequence', 'https://stackoverflow.com/questions/57854621/python-function-execution-order']
14:10:44 INFO: --------------------
14:10:44 INFO: I want to do a complicated sort: can you do a Schwartzian Transform in Python?
14:10:45 INFO: ['python', 'complicated', 'sort', 'schwartzian', 'transform']
14:10:48 INFO: ['https://stackoverflow.com/questions/44749903/how-do-i-implement-a-schwartzian-transform-in-python', 'https://stackoverflow.com/questions/61683696/how-to-sort-hierarchical-data-represented-in-a-flat-list', 'https://stackoverflow.com/questions/72899/how-do-i-sort-a-list-of-dictionaries-by-a-value-of-the-dictionary', 'https://stackoverflow.com/questions/15126863/advice-on-chosing-data-structure-for-complicated-sort', 'https://stackoverflow.com/questions/42899405/sort-a-list-with-longest-items-first', 'https://stackoverflow.com/q/42900060', 'https://stackoverflow.com/questions/12877764/numpy-sort-by-key-function', 'https://stackoverflow.com/questions/75177279/what-is-the-rationale-for-using-x-sort-reverse-true-and-not-x-sort-reverse', 'https://stackoverflow.com/questions/46860219/how-do-i-make-a-merge-sort-built-for-a-single-list-sort-a-list-of-list-inste', 'https://stackoverflow.com/questions/5760733/perl-in-place-sort-lines-in-a-text-file']
14:10:48 INFO: --------------------
14:10:48 INFO: How can I sort one list by values from another list?
14:10:49 INFO: ['python', 'list', 'list']
14:10:55 INFO: ['https://stackoverflow.com/questions/11487049/python-list-of-lists', 'https://stackoverflow.com/questions/26514179/set-of-list-of-lists-in-python', 'https://stackoverflow.com/questions/18980396/building-a-list-inside-a-list-in-python', 'https://stackoverflow.com/questions/48003739/why-list-is-listlist-is-false-in-python', 'https://stackoverflow.com/questions/4081561/what-is-the-difference-between-list-and-list-in-python', 'https://stackoverflow.com/questions/70745344/finding-the-most-common-list-in-list-of-lists', 'https://stackoverflow.com/questions/38565104/how-to-name-list-of-lists-in-python', 'https://stackoverflow.com/questions/61671145/space-efficient-data-store-for-list-of-list-of-lists-elements-are-integers-and', 'https://stackoverflow.com/questions/62154215/difference-between-list-and-in-python-3', 'https://stackoverflow.com/questions/58983220/why-doesnt-listlist']
14:10:55 INFO: --------------------
14:10:55 INFO: <<Objects>>
14:10:55 INFO: What is a class?
14:10:55 INFO: ['python', 'class']
14:10:58 INFO: ['https://stackoverflow.com/questions/46636267/python-class-as-object', 'https://stackoverflow.com/questions/36640673/why-should-i-use-classes-in-python', 'https://stackoverflow.com/questions/19614196/what-does-object-do-next-to-class-name-in-python', 'https://stackoverflow.com/questions/61161661/how-to-read-number-of-methods-in-a-class-in-python', 'https://stackoverflow.com/questions/64366138/classes-vs-function-do-i-need-to-use-self-keyword-if-using-a-class-in-python', 'https://stackoverflow.com/questions/56722735/python-class-method-that-receives-an-object-of-its-class', 'https://stackoverflow.com/questions/66091209/what-is-id-of-a-python-class-not-class-instance', 'https://stackoverflow.com/questions/42963968/python-class-depending-on-variable', 'https://stackoverflow.com/questions/35958961/class-vs-type-in-python', 'https://stackoverflow.com/questions/74180645/python-classes-oop']
14:10:58 INFO: --------------------
14:10:58 INFO: What is a method?
14:10:59 INFO: ['python', 'method']
14:11:02 INFO: ['https://stackoverflow.com/questions/3786881/what-is-a-method-in-python', 'https://stackoverflow.com/questions/32129064/what-are-the-parentheses-for-at-the-end-of-python-method-names', 'https://stackoverflow.com/questions/46636190/python-method-vs-function', 'https://stackoverflow.com/questions/44741054/python-class-methods-when-is-self-not-needed', 'https://stackoverflow.com/questions/62233791/can-i-bypass-passing-self-object-to-a-python-class-method', 'https://stackoverflow.com/questions/66668746/how-does-python-turn-a-function-into-a-method', 'https://stackoverflow.com/questions/68719172/how-to-define-one-method-as-both-instance-method-and-class-method-sharing-the-s', 'https://stackoverflow.com/questions/62947484/what-method-does-python-call-when-i-access-an-attribute-of-a-class-via-the-class', 'https://stackoverflow.com/questions/64468324/no-value-for-argument-self-when-calling-a-method-in-python', 'https://stackoverflow.com/questions/70466099/how-can-i-make-a-method-available-only-from-within-the-class']
14:11:02 INFO: --------------------
14:11:02 INFO: What is self?
14:11:03 INFO: ['python', 'self']
14:11:08 INFO: ['https://stackoverflow.com/questions/54555141/what-is-self-in-python', 'https://stackoverflow.com/questions/65184615/what-is-the-use-of-the-keyword-self-in-python-object-oriented-programming', 'https://stackoverflow.com/questions/64366138/classes-vs-function-do-i-need-to-use-self-keyword-if-using-a-class-in-python', 'https://stackoverflow.com/questions/71025793/why-do-some-variables-need-self-and-others-dont-in-1-function', 'https://stackoverflow.com/questions/49442025/understanding-self-internally-in-python', 'https://stackoverflow.com/questions/65639571/what-is-the-actual-use-of-self-in-init-in-python', 'https://stackoverflow.com/questions/64468324/no-value-for-argument-self-when-calling-a-method-in-python', 'https://stackoverflow.com/questions/44741054/python-class-methods-when-is-self-not-needed', 'https://stackoverflow.com/questions/63660001/python-class-passing-value-to-self', 'https://stackoverflow.com/questions/65804367/why-does-python-think-self-is-a-argument']
14:11:08 INFO: --------------------
14:11:08 INFO: How do I check if an object is an instance of a given class or of a subclass of it?
14:11:09 INFO: ['python', 'object', 'instance', 'class', 'subclass']
14:11:13 INFO: ['https://stackoverflow.com/questions/27475063/test-an-object-is-a-subclass-of-the-type-of-another-instance', 'https://stackoverflow.com/questions/2588628/what-is-the-purpose-of-subclassing-the-class-object-in-python', 'https://stackoverflow.com/questions/55618102/how-to-create-a-subclass-instance-from-a-superclass-instance', 'https://stackoverflow.com/questions/44329238/python-data-model-subclass-vs-instance', 'https://stackoverflow.com/questions/71788325/when-should-i-make-a-subclass-instead-of-instances-of-a-class', 'https://stackoverflow.com/questions/73388831/python-method-that-returns-instance-of-class-or-subclass-while-keeping-subclass', 'https://stackoverflow.com/questions/55994337/why-a-subclass-is-instance-of-object', 'https://stackoverflow.com/questions/56908849/when-you-create-an-instance-of-a-subclass-an-instance-of-its-superclass-is-also', 'https://stackoverflow.com/questions/70927984/initialize-subclass-instance-when-creating-new-base-class-instance', 'https://stackoverflow.com/questions/49142505/subclassing-type-vs-object-in-python3']
14:11:13 INFO: --------------------
14:11:13 INFO: What is delegation?
14:11:14 INFO: ['python', 'delegation']
14:11:16 INFO: ['https://stackoverflow.com/questions/21961806/method-delegation-in-python', 'https://stackoverflow.com/questions/3643538/delegates-in-python', 'https://stackoverflow.com/questions/64264164/automatic-method-delegation-in-python', 'https://stackoverflow.com/questions/70329648/type-friendly-delegation-in-python', 'https://stackoverflow.com/questions/46677221/delegation-design-pattern-with-abstract-methods-in-python', 'https://stackoverflow.com/questions/72195089/creating-an-automatic-delegating-wrapper-class-in-python-3', 'https://stackoverflow.com/questions/74289149/delegation-pattern-in-python-using-annotation', 'https://stackoverflow.com/questions/41309627/automatic-delegation-for-classes-extending-python-abc-classes', 'https://stackoverflow.com/questions/5260675/delegation-vs-inheritance-python', 'https://stackoverflow.com/questions/44331810/python-property-setter-delegation']
14:11:16 INFO: --------------------
14:11:16 INFO: How do I call a method defined in a base class from a derived class that extends it?
14:11:17 INFO: ['python', 'method', 'base', 'class', 'class']
14:11:21 INFO: ['https://stackoverflow.com/questions/4747397/calling-base-class-method-in-python', 'https://stackoverflow.com/questions/805066/how-do-i-call-a-parent-classs-method-from-a-child-class-in-python', 'https://stackoverflow.com/questions/67237473/calling-super-method-vs-baseclass-methodself', 'https://stackoverflow.com/questions/55721635/can-i-call-base-class-method-in-my-setup-function', 'https://stackoverflow.com/questions/45000947/calling-base-class-method-after-child-class-init-from-base-class-init', 'https://stackoverflow.com/questions/55695067/how-to-protect-function-from-base-class-in-python', 'https://stackoverflow.com/questions/72666230/wrapping-derived-class-method-from-base-class', 'https://stackoverflow.com/questions/23778163/how-to-execute-baseclass-method-before-it-gets-overridden-by-derivedclass-method', 'https://stackoverflow.com/questions/70110533/type-hint-of-base-class-method-based-on-subclass', 'https://stackoverflow.com/questions/44819707/call-a-base-class-method-using-a-derived-class-object-outside-the-derived-class']
14:11:21 INFO: --------------------
14:11:21 INFO: How can I organize my code to make it easier to change the base class?
14:11:22 INFO: ['python', 'code', 'easy', 'change', 'base', 'class']
14:11:25 INFO: ['https://stackoverflow.com/questions/1334222/how-to-change-baseclass', 'https://stackoverflow.com/questions/10357394/changing-the-base-class-of-a-class-with-new', 'https://stackoverflow.com/questions/11442100/safe-to-change-base-class-in-python', 'https://stackoverflow.com/questions/9539052/how-to-dynamically-change-base-class-of-instances-at-runtime', 'https://stackoverflow.com/questions/36598311/python-change-base-class-attribute', 'https://stackoverflow.com/questions/29413046/python-how-to-rebase-or-dynamically-replace-a-class-with-a-different-base-class', 'https://stackoverflow.com/questions/37679421/adding-extra-functionality-to-parent-class-method-without-changing-its-name', 'https://stackoverflow.com/questions/29620443/python-inheritance-convert-from-base-class-to-derived-class', 'https://stackoverflow.com/questions/3464061/cast-base-class-to-derived-class-python-or-more-pythonic-way-of-extending-class', 'https://stackoverflow.com/questions/57273070/create-a-class-instance-in-python-where-its-base-class-is-specified-dynamically']
14:11:25 INFO: --------------------
14:11:25 INFO: How do I create static class data and static class methods?
14:11:25 INFO: ['python', 'static', 'class', 'datum', 'static', 'class', 'method']
