17:52:56 INFO: ============================================================
17:52:56 INFO: Starts Training Model
17:52:56 INFO: ============================================================
17:52:56 INFO: adding document #0 to Dictionary<0 unique tokens: []>
17:52:56 INFO: built Dictionary<327 unique tokens: ["'", '+', '2.x', '3.x', '=']...> from 10 documents (total 987 corpus positions)
17:52:56 DEBUG: starting a new internal lifecycle event log for Dictionary
17:52:56 INFO: Dictionary lifecycle event {'msg': 'built Dictionary<327 unique tokens: ["\'", \'+\', \'2.x\', \'3.x\', \'=\']...> from 10 documents (total 987 corpus positions)', 'datetime': '2023-03-19T17:52:56.089161', 'gensim': '4.3.1', 'python': '3.9.2 (default, Mar  4 2021, 10:15:47) \n[Clang 10.0.0 (clang-1000.10.44.4)]', 'platform': 'macOS-10.16-x86_64-i386-64bit', 'event': 'created'}
17:52:56 INFO: using serial LDA version on this node
17:52:56 INFO: running online (multi-pass) LDA training, 5 topics, 10 passes over the supplied corpus of 10 documents, updating model once every 3 documents, evaluating perplexity every 3 documents, iterating 2000x with a convergence threshold of 0.001000
17:52:56 DEBUG: bound: at document #0
17:52:56 INFO: -7.104 per-word bound, 137.6 perplexity estimate based on a held-out corpus of 3 documents with 686 words
17:52:56 INFO: PROGRESS: pass 0, at document #3/10
17:52:56 DEBUG: performing inference on a chunk of 3 documents
17:52:56 DEBUG: 3/3 documents converged within 2000 iterations
17:52:56 DEBUG: updating topics
17:52:56 INFO: merging changes from 3 documents into a model of 10 documents
17:52:56 INFO: topic #0 (1.000): 0.044*"variable" + 0.038*"name" + 0.035*"global" + 0.034*"function" + 0.033*"local" + 0.025*"scope" + 0.024*"assignment" + 0.023*"=" + 0.019*"line" + 0.019*"num"
17:52:56 INFO: topic #1 (1.000): 0.062*"variable" + 0.039*"local" + 0.039*"scope" + 0.038*"global" + 0.028*"function" + 0.026*"c" + 0.022*"num" + 0.022*"name" + 0.022*"line" + 0.021*"assignment"
17:52:56 INFO: topic #2 (1.000): 0.046*"variable" + 0.026*"local" + 0.023*"function" + 0.023*"global" + 0.019*"name" + 0.017*"c" + 0.016*"scope" + 0.015*"=" + 0.014*"value" + 0.014*"access"
17:52:56 INFO: topic #3 (1.000): 0.054*"variable" + 0.047*"global" + 0.038*"local" + 0.028*"function" + 0.026*"name" + 0.025*"scope" + 0.022*"c" + 0.021*"num" + 0.020*"line" + 0.018*"assignment"
17:52:56 INFO: topic #4 (1.000): 0.039*"global" + 0.028*"function" + 0.025*"variable" + 0.022*"local" + 0.015*"c" + 0.015*"scope" + 0.014*"value" + 0.013*"line" + 0.013*"appropriate" + 0.013*"assignment"
17:52:56 INFO: topic diff=3.436162, rho=1.000000
17:52:56 DEBUG: bound: at document #0
17:52:56 INFO: -11.290 per-word bound, 2503.9 perplexity estimate based on a held-out corpus of 3 documents with 98 words
17:52:56 INFO: PROGRESS: pass 0, at document #6/10
17:52:56 DEBUG: performing inference on a chunk of 3 documents
17:52:56 DEBUG: 3/3 documents converged within 2000 iterations
17:52:56 DEBUG: updating topics
17:52:56 INFO: merging changes from 3 documents into a model of 10 documents
17:52:56 INFO: topic #0 (1.000): 0.046*"variable" + 0.045*"function" + 0.043*"global" + 0.032*"local" + 0.028*"name" + 0.023*"value" + 0.022*"scope" + 0.020*"assignment" + 0.018*"line" + 0.017*"="
17:52:56 INFO: topic #1 (1.000): 0.082*"variable" + 0.048*"global" + 0.047*"function" + 0.044*"local" + 0.039*"scope" + 0.020*"c" + 0.020*"assignment" + 0.018*"line" + 0.017*"num" + 0.017*"name"
17:52:56 INFO: topic #2 (1.000): 0.049*"variable" + 0.027*"program" + 0.025*"value" + 0.024*"loop" + 0.023*"function" + 0.021*"global" + 0.017*"access" + 0.017*"local" + 0.014*"definition" + 0.012*"scope"
17:52:56 INFO: topic #3 (1.000): 0.065*"global" + 0.058*"variable" + 0.041*"function" + 0.038*"local" + 0.022*"scope" + 0.019*"line" + 0.018*"name" + 0.017*"value" + 0.015*"c" + 0.015*"num"
17:52:56 INFO: topic #4 (1.000): 0.046*"program" + 0.042*"global" + 0.037*"loop" + 0.032*"value" + 0.027*"function" + 0.026*"variable" + 0.024*"definition" + 0.013*"local" + 0.012*"project" + 0.012*"key"
17:52:56 INFO: topic diff=1.869454, rho=0.707107
17:52:56 DEBUG: bound: at document #0
17:52:56 INFO: -9.139 per-word bound, 563.8 perplexity estimate based on a held-out corpus of 3 documents with 186 words
17:52:56 INFO: PROGRESS: pass 0, at document #9/10
17:52:56 DEBUG: performing inference on a chunk of 3 documents
17:52:56 DEBUG: 3/3 documents converged within 2000 iterations
17:52:56 DEBUG: updating topics
17:52:56 INFO: merging changes from 3 documents into a model of 10 documents
17:52:56 INFO: topic #0 (1.000): 0.048*"function" + 0.045*"variable" + 0.045*"global" + 0.030*"local" + 0.024*"name" + 0.021*"value" + 0.019*"scope" + 0.017*"assignment" + 0.014*"line" + 0.013*"error"
17:52:56 INFO: topic #1 (1.000): 0.116*"variable" + 0.067*"global" + 0.064*"function" + 0.063*"local" + 0.041*"scope" + 0.024*"assignment" + 0.019*"inside" + 0.019*"name" + 0.018*"error" + 0.015*"case"
17:52:56 INFO: topic #2 (1.000): 0.055*"variable" + 0.044*"var1" + 0.044*"f" + 0.022*"global" + 0.022*"function" + 0.020*"value" + 0.015*"local" + 0.015*"other" + 0.015*"loop" + 0.012*"load"
17:52:56 INFO: topic #3 (1.000): 0.077*"global" + 0.061*"variable" + 0.046*"function" + 0.038*"local" + 0.019*"scope" + 0.017*"value" + 0.015*"name" + 0.014*"line" + 0.012*"assignment" + 0.011*"var1"
17:52:56 INFO: topic #4 (1.000): 0.041*"global" + 0.032*"loop" + 0.027*"value" + 0.026*"function" + 0.025*"program" + 0.023*"variable" + 0.015*"var1" + 0.015*"f" + 0.013*"definition" + 0.011*"local"
17:52:56 INFO: topic diff=1.964027, rho=0.577350
17:52:56 DEBUG: bound: at document #0
17:52:56 INFO: -13.326 per-word bound, 10266.4 perplexity estimate based on a held-out corpus of 1 documents with 17 words
17:52:56 INFO: PROGRESS: pass 0, at document #10/10
17:52:56 DEBUG: updating topics
17:52:56 INFO: merging changes from 1 documents into a model of 10 documents
17:52:56 INFO: topic #0 (1.000): 0.044*"value" + 0.032*"function" + 0.031*"variable" + 0.030*"global" + 0.022*"=" + 0.021*"local" + 0.016*"name" + 0.013*"scope" + 0.012*"assignment" + 0.012*"side"
17:52:56 INFO: topic #1 (1.000): 0.093*"variable" + 0.054*"global" + 0.051*"function" + 0.050*"local" + 0.038*"value" + 0.033*"scope" + 0.024*"code" + 0.020*"assignment" + 0.019*"=" + 0.017*"table"
17:52:56 INFO: topic #2 (1.000): 0.037*"variable" + 0.033*"value" + 0.029*"f" + 0.029*"var1" + 0.016*"global" + 0.015*"function" + 0.011*"local" + 0.011*"other" + 0.010*"loop" + 0.010*"instance"
17:52:56 INFO: topic #3 (1.000): 0.056*"global" + 0.045*"variable" + 0.033*"function" + 0.028*"local" + 0.026*"value" + 0.014*"scope" + 0.012*"code" + 0.012*"name" + 0.011*"line" + 0.010*"="
17:52:56 INFO: topic #4 (1.000): 0.064*"value" + 0.023*"global" + 0.020*"bit" + 0.020*"instance" + 0.020*"execute" + 0.020*"define" + 0.020*"long" + 0.020*"comment" + 0.018*"loop" + 0.017*"condition"
17:52:56 INFO: topic diff=1.097088, rho=0.500000
17:52:56 DEBUG: bound: at document #0
17:52:56 DEBUG: bound: at document #3
17:52:56 DEBUG: bound: at document #6
17:52:56 DEBUG: bound: at document #9
17:52:56 INFO: Epoch 0: Perplexity estimate: 84.95129245447777
17:52:56 DEBUG: Setting topics to those of the model: LdaModel<num_terms=327, num_topics=5, decay=0.5, chunksize=3>
17:52:56 INFO: Epoch 0: Coherence estimate: -3.286369474688525
17:52:56 DEBUG: bound: at document #0
17:52:56 INFO: -6.495 per-word bound, 90.2 perplexity estimate based on a held-out corpus of 3 documents with 686 words
17:52:56 INFO: PROGRESS: pass 1, at document #3/10
17:52:56 DEBUG: performing inference on a chunk of 3 documents
17:52:56 DEBUG: 3/3 documents converged within 2000 iterations
17:52:56 DEBUG: updating topics
17:52:56 INFO: merging changes from 3 documents into a model of 10 documents
17:52:56 INFO: topic #0 (1.000): 0.036*"value" + 0.028*"function" + 0.026*"global" + 0.025*"variable" + 0.017*"=" + 0.016*"local" + 0.013*"name" + 0.011*"scope" + 0.010*"assignment" + 0.010*"side"
17:52:56 INFO: topic #1 (1.000): 0.064*"variable" + 0.042*"global" + 0.041*"local" + 0.035*"scope" + 0.033*"function" + 0.024*"name" + 0.022*"c" + 0.021*"assignment" + 0.020*"=" + 0.020*"line"
17:52:56 INFO: topic #2 (1.000): 0.034*"other" + 0.029*"value" + 0.027*"variable" + 0.021*"var1" + 0.021*"f" + 0.015*"loop" + 0.012*"global" + 0.012*"function" + 0.011*"access" + 0.008*"local"
17:52:56 INFO: topic #3 (1.000): 0.048*"global" + 0.037*"variable" + 0.029*"function" + 0.021*"local" + 0.021*"value" + 0.011*"scope" + 0.010*"access" + 0.010*"code" + 0.009*"name" + 0.009*"line"
17:52:56 INFO: topic #4 (1.000): 0.057*"value" + 0.034*"loop" + 0.021*"appropriate" + 0.018*"global" + 0.014*"bit" + 0.014*"comment" + 0.014*"long" + 0.014*"execute" + 0.014*"instance" + 0.014*"define"
17:52:56 INFO: topic diff=0.955472, rho=0.433013
17:52:56 DEBUG: bound: at document #0
17:52:56 INFO: -7.838 per-word bound, 228.8 perplexity estimate based on a held-out corpus of 3 documents with 98 words
17:52:56 INFO: PROGRESS: pass 1, at document #6/10
17:52:56 DEBUG: performing inference on a chunk of 3 documents
17:52:56 DEBUG: 3/3 documents converged within 2000 iterations
17:52:56 DEBUG: updating topics
17:52:56 INFO: merging changes from 3 documents into a model of 10 documents
17:52:56 INFO: topic #0 (1.000): 0.030*"value" + 0.027*"function" + 0.025*"global" + 0.021*"variable" + 0.013*"local" + 0.012*"=" + 0.010*"name" + 0.008*"scope" + 0.008*"assignment" + 0.008*"code"
17:52:56 INFO: topic #1 (1.000): 0.076*"variable" + 0.050*"global" + 0.046*"function" + 0.044*"local" + 0.035*"scope" + 0.021*"name" + 0.020*"assignment" + 0.019*"c" + 0.019*"line" + 0.017*"="
17:52:56 INFO: topic #2 (1.000): 0.024*"value" + 0.023*"variable" + 0.023*"other" + 0.014*"f" + 0.014*"var1" + 0.012*"access" + 0.011*"loop" + 0.010*"function" + 0.010*"global" + 0.008*"utility"
17:52:56 INFO: topic #3 (1.000): 0.054*"global" + 0.032*"function" + 0.031*"variable" + 0.018*"value" + 0.018*"local" + 0.011*"access" + 0.009*"scope" + 0.007*"code" + 0.007*"line" + 0.007*"name"
17:52:56 INFO: topic #4 (1.000): 0.074*"program" + 0.062*"value" + 0.046*"loop" + 0.038*"definition" + 0.019*"setup" + 0.019*"revision" + 0.019*"run" + 0.019*"information" + 0.019*"try" + 0.019*"testing"
17:52:56 INFO: topic diff=0.675339, rho=0.433013
17:52:56 DEBUG: bound: at document #0
17:52:56 INFO: -6.893 per-word bound, 118.9 perplexity estimate based on a held-out corpus of 3 documents with 186 words
17:52:56 INFO: PROGRESS: pass 1, at document #9/10
17:52:56 DEBUG: performing inference on a chunk of 3 documents
17:52:56 DEBUG: 3/3 documents converged within 2000 iterations
17:52:56 DEBUG: updating topics
17:52:56 INFO: merging changes from 3 documents into a model of 10 documents
17:52:56 INFO: topic #0 (1.000): 0.024*"value" + 0.023*"function" + 0.020*"global" + 0.016*"variable" + 0.010*"local" + 0.009*"=" + 0.008*"name" + 0.007*"scope" + 0.006*"assignment" + 0.006*"code"
17:52:56 INFO: topic #1 (1.000): 0.100*"variable" + 0.066*"global" + 0.059*"function" + 0.057*"local" + 0.038*"scope" + 0.023*"assignment" + 0.021*"name" + 0.017*"error" + 0.015*"value" + 0.015*"line"
17:52:56 INFO: topic #2 (1.000): 0.100*"var1" + 0.100*"f" + 0.026*"variable" + 0.026*"caller" + 0.026*"return" + 0.026*"load" + 0.023*"change" + 0.018*"other" + 0.016*"value" + 0.013*"f(3"
17:52:56 INFO: topic #3 (1.000): 0.049*"global" + 0.029*"function" + 0.025*"variable" + 0.015*"value" + 0.014*"local" + 0.008*"access" + 0.007*"change" + 0.007*"scope" + 0.006*"code" + 0.006*"line"
17:52:56 INFO: topic #4 (1.000): 0.056*"program" + 0.054*"value" + 0.048*"loop" + 0.029*"definition" + 0.015*"setup" + 0.015*"revision" + 0.015*"information" + 0.015*"run" + 0.015*"try" + 0.015*"testing"
17:52:56 INFO: topic diff=0.739538, rho=0.433013
17:52:56 DEBUG: bound: at document #0
17:52:56 INFO: -9.834 per-word bound, 912.9 perplexity estimate based on a held-out corpus of 1 documents with 17 words
17:52:56 INFO: PROGRESS: pass 1, at document #10/10
17:52:56 DEBUG: updating topics
17:52:56 INFO: merging changes from 1 documents into a model of 10 documents
17:52:56 INFO: topic #0 (1.000): 0.023*"value" + 0.015*"function" + 0.014*"global" + 0.011*"variable" + 0.008*"=" + 0.008*"comment" + 0.008*"define" + 0.008*"bit" + 0.008*"long" + 0.008*"instance"
17:52:56 INFO: topic #1 (1.000): 0.088*"variable" + 0.058*"global" + 0.052*"function" + 0.050*"local" + 0.033*"scope" + 0.024*"code" + 0.021*"value" + 0.021*"=" + 0.020*"assignment" + 0.019*"name"
17:52:56 INFO: topic #2 (1.000): 0.082*"var1" + 0.082*"f" + 0.022*"variable" + 0.022*"caller" + 0.022*"return" + 0.022*"load" + 0.019*"change" + 0.015*"value" + 0.015*"other" + 0.011*"f(3"
17:52:56 INFO: topic #3 (1.000): 0.032*"global" + 0.019*"function" + 0.017*"variable" + 0.013*"value" + 0.010*"local" + 0.006*"access" + 0.005*"change" + 0.005*"scope" + 0.005*"code" + 0.005*"line"
17:52:56 INFO: topic #4 (1.000): 0.134*"value" + 0.051*"bit" + 0.051*"instance" + 0.051*"execute" + 0.051*"define" + 0.051*"comment" + 0.051*"long" + 0.024*"program" + 0.021*"loop" + 0.013*"definition"
17:52:56 INFO: topic diff=0.455389, rho=0.433013
17:52:56 DEBUG: bound: at document #0
17:52:56 DEBUG: bound: at document #3
17:52:56 DEBUG: bound: at document #6
17:52:56 DEBUG: bound: at document #9
17:52:56 INFO: Epoch 1: Perplexity estimate: 57.38262060196746
17:52:56 DEBUG: Setting topics to those of the model: LdaModel<num_terms=327, num_topics=5, decay=0.5, chunksize=3>
17:52:56 INFO: Epoch 1: Coherence estimate: -4.515831039752477
17:52:56 DEBUG: bound: at document #0
17:52:56 INFO: -5.904 per-word bound, 59.9 perplexity estimate based on a held-out corpus of 3 documents with 686 words
17:52:56 INFO: PROGRESS: pass 2, at document #3/10
17:52:56 DEBUG: performing inference on a chunk of 3 documents
17:52:56 DEBUG: 3/3 documents converged within 2000 iterations
17:52:56 DEBUG: updating topics
17:52:56 INFO: merging changes from 3 documents into a model of 10 documents
17:52:56 INFO: topic #0 (1.000): 0.016*"value" + 0.011*"function" + 0.010*"global" + 0.008*"variable" + 0.006*"=" + 0.006*"comment" + 0.006*"define" + 0.006*"bit" + 0.006*"long" + 0.006*"instance"
17:52:56 INFO: topic #1 (1.000): 0.065*"variable" + 0.044*"global" + 0.041*"local" + 0.035*"function" + 0.034*"scope" + 0.024*"name" + 0.022*"c" + 0.021*"assignment" + 0.020*"=" + 0.020*"line"
17:52:56 INFO: topic #2 (1.000): 0.064*"f" + 0.064*"var1" + 0.034*"other" + 0.018*"variable" + 0.017*"caller" + 0.017*"return" + 0.017*"load" + 0.015*"change" + 0.013*"value" + 0.009*"likely"
17:52:56 INFO: topic #3 (1.000): 0.024*"global" + 0.015*"function" + 0.012*"variable" + 0.010*"value" + 0.007*"local" + 0.006*"access" + 0.005*"change" + 0.004*"scope" + 0.004*"code" + 0.004*"line"
17:52:56 INFO: topic #4 (1.000): 0.119*"value" + 0.039*"define" + 0.039*"bit" + 0.039*"comment" + 0.039*"long" + 0.039*"instance" + 0.039*"execute" + 0.036*"loop" + 0.022*"appropriate" + 0.019*"program"
17:52:56 INFO: topic diff=0.493118, rho=0.397360
17:52:56 DEBUG: bound: at document #0
17:52:56 INFO: -7.168 per-word bound, 143.8 perplexity estimate based on a held-out corpus of 3 documents with 98 words
17:52:56 INFO: PROGRESS: pass 2, at document #6/10
17:52:56 DEBUG: performing inference on a chunk of 3 documents
17:52:56 DEBUG: 3/3 documents converged within 2000 iterations
17:52:56 DEBUG: updating topics
17:52:56 INFO: merging changes from 3 documents into a model of 10 documents
17:52:56 INFO: topic #0 (1.000): 0.012*"value" + 0.009*"function" + 0.008*"global" + 0.007*"variable" + 0.005*"=" + 0.005*"comment" + 0.005*"define" + 0.005*"long" + 0.005*"bit" + 0.005*"instance"
17:52:56 INFO: topic #1 (1.000): 0.076*"variable" + 0.053*"global" + 0.047*"function" + 0.044*"local" + 0.035*"scope" + 0.021*"name" + 0.020*"assignment" + 0.019*"line" + 0.019*"c" + 0.018*"="
17:52:56 INFO: topic #2 (1.000): 0.047*"f" + 0.047*"var1" + 0.025*"other" + 0.015*"variable" + 0.013*"caller" + 0.013*"return" + 0.013*"load" + 0.012*"change" + 0.011*"value" + 0.008*"likely"
17:52:56 INFO: topic #3 (1.000): 0.021*"global" + 0.012*"function" + 0.009*"variable" + 0.007*"value" + 0.007*"notice" + 0.007*"update" + 0.007*"utility" + 0.007*"variables" + 0.006*"local" + 0.005*"access"
17:52:56 INFO: topic #4 (1.000): 0.099*"value" + 0.068*"program" + 0.045*"loop" + 0.035*"definition" + 0.018*"instance" + 0.018*"long" + 0.018*"bit" + 0.018*"execute" + 0.018*"comment" + 0.018*"define"
17:52:56 INFO: topic diff=0.317259, rho=0.397360
17:52:56 DEBUG: bound: at document #0
17:52:56 INFO: -5.972 per-word bound, 62.8 perplexity estimate based on a held-out corpus of 3 documents with 186 words
17:52:56 INFO: PROGRESS: pass 2, at document #9/10
17:52:56 DEBUG: performing inference on a chunk of 3 documents
17:52:56 DEBUG: 3/3 documents converged within 2000 iterations
17:52:56 DEBUG: updating topics
17:52:56 INFO: merging changes from 3 documents into a model of 10 documents
17:52:56 INFO: topic #0 (1.000): 0.009*"value" + 0.007*"function" + 0.006*"global" + 0.005*"variable" + 0.004*"=" + 0.004*"comment" + 0.004*"define" + 0.004*"long" + 0.004*"bit" + 0.004*"instance"
17:52:56 INFO: topic #1 (1.000): 0.098*"variable" + 0.067*"global" + 0.059*"function" + 0.056*"local" + 0.037*"scope" + 0.023*"assignment" + 0.021*"name" + 0.017*"error" + 0.016*"line" + 0.016*"code"
17:52:56 INFO: topic #2 (1.000): 0.107*"var1" + 0.107*"f" + 0.027*"caller" + 0.027*"return" + 0.027*"load" + 0.027*"change" + 0.019*"other" + 0.016*"variable" + 0.014*"end" + 0.014*"likely"
17:52:56 INFO: topic #3 (1.000): 0.016*"global" + 0.009*"function" + 0.007*"variable" + 0.006*"value" + 0.005*"notice" + 0.005*"update" + 0.005*"utility" + 0.005*"variables" + 0.005*"local" + 0.004*"access"
17:52:56 INFO: topic #4 (1.000): 0.090*"value" + 0.054*"program" + 0.047*"loop" + 0.028*"definition" + 0.015*"comment" + 0.015*"bit" + 0.015*"long" + 0.015*"execute" + 0.015*"instance" + 0.015*"define"
17:52:56 INFO: topic diff=0.411565, rho=0.397360
17:52:56 DEBUG: bound: at document #0
17:52:56 INFO: -8.606 per-word bound, 389.7 perplexity estimate based on a held-out corpus of 1 documents with 17 words
17:52:56 INFO: PROGRESS: pass 2, at document #10/10
17:52:56 DEBUG: updating topics
17:52:56 INFO: merging changes from 1 documents into a model of 10 documents
17:52:56 INFO: topic #0 (1.000): 0.007*"value" + 0.005*"function" + 0.005*"global" + 0.004*"variable" + 0.004*"=" + 0.004*"comment" + 0.004*"define" + 0.004*"long" + 0.004*"bit" + 0.004*"instance"
17:52:56 INFO: topic #1 (1.000): 0.088*"variable" + 0.061*"global" + 0.053*"function" + 0.050*"local" + 0.033*"scope" + 0.023*"code" + 0.020*"=" + 0.020*"assignment" + 0.019*"name" + 0.017*"value"
17:52:56 INFO: topic #2 (1.000): 0.090*"var1" + 0.090*"f" + 0.024*"caller" + 0.024*"return" + 0.024*"load" + 0.023*"change" + 0.016*"other" + 0.014*"variable" + 0.012*"end" + 0.012*"likely"
17:52:56 INFO: topic #3 (1.000): 0.011*"global" + 0.007*"function" + 0.006*"variable" + 0.005*"value" + 0.004*"notice" + 0.004*"update" + 0.004*"utility" + 0.004*"variables" + 0.004*"local" + 0.004*"access"
17:52:56 INFO: topic #4 (1.000): 0.158*"value" + 0.052*"define" + 0.052*"comment" + 0.052*"bit" + 0.052*"long" + 0.052*"execute" + 0.052*"instance" + 0.026*"program" + 0.022*"loop" + 0.013*"definition"
17:52:56 INFO: topic diff=0.264377, rho=0.397360
17:52:56 DEBUG: bound: at document #0
17:52:56 DEBUG: bound: at document #3
17:52:56 DEBUG: bound: at document #6
17:52:56 DEBUG: bound: at document #9
17:52:56 INFO: Epoch 2: Perplexity estimate: 53.7447267014655
17:52:56 DEBUG: Setting topics to those of the model: LdaModel<num_terms=327, num_topics=5, decay=0.5, chunksize=3>
17:52:56 INFO: Epoch 2: Coherence estimate: -4.373779586743267
17:52:56 DEBUG: bound: at document #0
17:52:56 INFO: -5.797 per-word bound, 55.6 perplexity estimate based on a held-out corpus of 3 documents with 686 words
17:52:56 INFO: PROGRESS: pass 3, at document #3/10
17:52:56 DEBUG: performing inference on a chunk of 3 documents
17:52:56 DEBUG: 3/3 documents converged within 2000 iterations
17:52:56 DEBUG: updating topics
17:52:56 INFO: merging changes from 3 documents into a model of 10 documents
17:52:56 INFO: topic #0 (1.000): 0.006*"value" + 0.005*"function" + 0.004*"global" + 0.004*"variable" + 0.004*"=" + 0.004*"comment" + 0.004*"define" + 0.004*"long" + 0.004*"bit" + 0.004*"instance"
17:52:56 INFO: topic #1 (1.000): 0.067*"variable" + 0.046*"global" + 0.042*"local" + 0.036*"function" + 0.034*"scope" + 0.024*"name" + 0.022*"c" + 0.021*"assignment" + 0.020*"=" + 0.020*"line"
17:52:56 INFO: topic #2 (1.000): 0.072*"f" + 0.072*"var1" + 0.033*"other" + 0.019*"caller" + 0.019*"return" + 0.019*"load" + 0.019*"change" + 0.012*"variable" + 0.010*"end" + 0.010*"likely"
17:52:56 INFO: topic #3 (1.000): 0.008*"global" + 0.006*"function" + 0.005*"variable" + 0.004*"value" + 0.004*"notice" + 0.004*"update" + 0.004*"utility" + 0.004*"variables" + 0.004*"local" + 0.004*"access"
17:52:56 INFO: topic #4 (1.000): 0.141*"value" + 0.041*"instance" + 0.041*"execute" + 0.041*"define" + 0.041*"long" + 0.041*"comment" + 0.041*"bit" + 0.035*"loop" + 0.021*"appropriate" + 0.021*"program"
17:52:56 INFO: topic diff=0.356938, rho=0.369274
17:52:56 DEBUG: bound: at document #0
17:52:56 INFO: -6.954 per-word bound, 124.0 perplexity estimate based on a held-out corpus of 3 documents with 98 words
17:52:56 INFO: PROGRESS: pass 3, at document #6/10
17:52:56 DEBUG: performing inference on a chunk of 3 documents
17:52:56 DEBUG: 3/3 documents converged within 2000 iterations
17:52:56 DEBUG: updating topics
17:52:56 INFO: merging changes from 3 documents into a model of 10 documents
17:52:56 INFO: topic #0 (1.000): 0.005*"value" + 0.004*"function" + 0.004*"global" + 0.004*"variable" + 0.003*"=" + 0.003*"comment" + 0.003*"define" + 0.003*"long" + 0.003*"bit" + 0.003*"instance"
17:52:56 INFO: topic #1 (1.000): 0.077*"variable" + 0.054*"global" + 0.047*"function" + 0.044*"local" + 0.035*"scope" + 0.021*"name" + 0.020*"assignment" + 0.019*"c" + 0.019*"line" + 0.018*"="
17:52:56 INFO: topic #2 (1.000): 0.056*"f" + 0.056*"var1" + 0.026*"other" + 0.016*"caller" + 0.016*"return" + 0.016*"load" + 0.015*"change" + 0.010*"variable" + 0.009*"end" + 0.009*"likely"
17:52:56 INFO: topic #3 (1.000): 0.007*"global" + 0.005*"function" + 0.004*"variable" + 0.004*"update" + 0.004*"variables" + 0.004*"notice" + 0.004*"utility" + 0.004*"value" + 0.003*"local" + 0.003*"access"
17:52:56 INFO: topic #4 (1.000): 0.113*"value" + 0.065*"program" + 0.044*"loop" + 0.033*"definition" + 0.021*"long" + 0.021*"bit" + 0.021*"comment" + 0.021*"execute" + 0.021*"define" + 0.021*"instance"
17:52:56 INFO: topic diff=0.201092, rho=0.369274
17:52:56 DEBUG: bound: at document #0
17:52:56 INFO: -5.854 per-word bound, 57.9 perplexity estimate based on a held-out corpus of 3 documents with 186 words
17:52:56 INFO: PROGRESS: pass 3, at document #9/10
17:52:56 DEBUG: performing inference on a chunk of 3 documents
17:52:56 DEBUG: 3/3 documents converged within 2000 iterations
17:52:56 DEBUG: updating topics
17:52:56 INFO: merging changes from 3 documents into a model of 10 documents
17:52:56 INFO: topic #0 (1.000): 0.004*"value" + 0.004*"function" + 0.004*"global" + 0.003*"variable" + 0.003*"=" + 0.003*"comment" + 0.003*"define" + 0.003*"long" + 0.003*"bit" + 0.003*"instance"
17:52:56 INFO: topic #1 (1.000): 0.097*"variable" + 0.067*"global" + 0.058*"function" + 0.054*"local" + 0.037*"scope" + 0.022*"assignment" + 0.021*"name" + 0.017*"error" + 0.016*"line" + 0.016*"code"
17:52:56 INFO: topic #2 (1.000): 0.108*"var1" + 0.108*"f" + 0.028*"caller" + 0.028*"load" + 0.028*"return" + 0.028*"change" + 0.020*"other" + 0.014*"necessity" + 0.014*"likely" + 0.014*"parameter"
17:52:56 INFO: topic #3 (1.000): 0.005*"global" + 0.004*"function" + 0.004*"variable" + 0.003*"value" + 0.003*"variables" + 0.003*"utility" + 0.003*"update" + 0.003*"notice" + 0.003*"local" + 0.003*"access"
17:52:56 INFO: topic #4 (1.000): 0.104*"value" + 0.053*"program" + 0.045*"loop" + 0.027*"definition" + 0.017*"comment" + 0.017*"bit" + 0.017*"long" + 0.017*"instance" + 0.017*"define" + 0.017*"execute"
17:52:56 INFO: topic diff=0.317947, rho=0.369274
17:52:56 DEBUG: bound: at document #0
17:52:56 INFO: -8.466 per-word bound, 353.6 perplexity estimate based on a held-out corpus of 1 documents with 17 words
17:52:56 INFO: PROGRESS: pass 3, at document #10/10
17:52:56 DEBUG: updating topics
17:52:56 INFO: merging changes from 1 documents into a model of 10 documents
17:52:56 INFO: topic #0 (1.000): 0.004*"value" + 0.003*"function" + 0.003*"global" + 0.003*"variable" + 0.003*"=" + 0.003*"comment" + 0.003*"define" + 0.003*"long" + 0.003*"bit" + 0.003*"instance"
17:52:56 INFO: topic #1 (1.000): 0.089*"variable" + 0.061*"global" + 0.053*"function" + 0.050*"local" + 0.033*"scope" + 0.022*"code" + 0.020*"assignment" + 0.020*"=" + 0.020*"name" + 0.015*"error"
17:52:56 INFO: topic #2 (1.000): 0.092*"var1" + 0.092*"f" + 0.024*"caller" + 0.024*"load" + 0.024*"return" + 0.024*"change" + 0.017*"other" + 0.013*"necessity" + 0.013*"likely" + 0.013*"parameter"
17:52:56 INFO: topic #3 (1.000): 0.004*"global" + 0.004*"function" + 0.003*"variable" + 0.003*"value" + 0.003*"variables" + 0.003*"utility" + 0.003*"update" + 0.003*"notice" + 0.003*"local" + 0.003*"access"
17:52:56 INFO: topic #4 (1.000): 0.163*"value" + 0.051*"define" + 0.051*"bit" + 0.051*"comment" + 0.051*"long" + 0.051*"instance" + 0.051*"execute" + 0.027*"program" + 0.023*"loop" + 0.014*"definition"
17:52:56 INFO: topic diff=0.206161, rho=0.369274
17:52:56 DEBUG: bound: at document #0
17:52:56 DEBUG: bound: at document #3
17:52:56 DEBUG: bound: at document #6
17:52:56 DEBUG: bound: at document #9
17:52:56 INFO: Epoch 3: Perplexity estimate: 52.40728993631039
17:52:56 DEBUG: Setting topics to those of the model: LdaModel<num_terms=327, num_topics=5, decay=0.5, chunksize=3>
17:52:56 INFO: Epoch 3: Coherence estimate: -4.3686998173988245
17:52:56 DEBUG: bound: at document #0
17:52:56 INFO: -5.743 per-word bound, 53.6 perplexity estimate based on a held-out corpus of 3 documents with 686 words
17:52:56 INFO: PROGRESS: pass 4, at document #3/10
17:52:56 DEBUG: performing inference on a chunk of 3 documents
17:52:56 DEBUG: 3/3 documents converged within 2000 iterations
17:52:56 DEBUG: updating topics
17:52:56 INFO: merging changes from 3 documents into a model of 10 documents
17:52:56 INFO: topic #0 (1.000): 0.003*"value" + 0.003*"function" + 0.003*"global" + 0.003*"variable" + 0.003*"=" + 0.003*"comment" + 0.003*"define" + 0.003*"long" + 0.003*"bit" + 0.003*"instance"
17:52:56 INFO: topic #1 (1.000): 0.068*"variable" + 0.046*"global" + 0.042*"local" + 0.037*"function" + 0.034*"scope" + 0.024*"name" + 0.021*"assignment" + 0.021*"c" + 0.020*"=" + 0.020*"line"
17:52:56 INFO: topic #2 (1.000): 0.075*"var1" + 0.075*"f" + 0.032*"other" + 0.020*"return" + 0.020*"caller" + 0.020*"load" + 0.020*"change" + 0.011*"copy" + 0.011*"python3" + 0.011*"problematic"
17:52:56 INFO: topic #3 (1.000): 0.004*"global" + 0.003*"function" + 0.003*"variable" + 0.003*"value" + 0.003*"notice" + 0.003*"update" + 0.003*"utility" + 0.003*"variables" + 0.003*"local" + 0.003*"access"
17:52:56 INFO: topic #4 (1.000): 0.147*"value" + 0.041*"define" + 0.041*"bit" + 0.041*"long" + 0.041*"comment" + 0.041*"execute" + 0.041*"instance" + 0.035*"loop" + 0.022*"program" + 0.020*"appropriate"
17:52:56 INFO: topic diff=0.299857, rho=0.346410
17:52:56 DEBUG: bound: at document #0
17:52:56 INFO: -6.860 per-word bound, 116.1 perplexity estimate based on a held-out corpus of 3 documents with 98 words
17:52:56 INFO: PROGRESS: pass 4, at document #6/10
17:52:56 DEBUG: performing inference on a chunk of 3 documents
17:52:56 DEBUG: 3/3 documents converged within 2000 iterations
17:52:56 DEBUG: updating topics
17:52:56 INFO: merging changes from 3 documents into a model of 10 documents
17:52:56 INFO: topic #0 (1.000): 0.003*"value" + 0.003*"function" + 0.003*"global" + 0.003*"variable" + 0.003*"=" + 0.003*"define" + 0.003*"execute" + 0.003*"comment" + 0.003*"bit" + 0.003*"instance"
17:52:56 INFO: topic #1 (1.000): 0.077*"variable" + 0.054*"global" + 0.047*"function" + 0.044*"local" + 0.035*"scope" + 0.022*"name" + 0.020*"assignment" + 0.019*"c" + 0.019*"line" + 0.018*"="
17:52:56 INFO: topic #2 (1.000): 0.060*"f" + 0.060*"var1" + 0.026*"other" + 0.016*"caller" + 0.016*"load" + 0.016*"return" + 0.016*"change" + 0.009*"necessity" + 0.009*"2.7.6" + 0.009*"-="
17:52:56 INFO: topic #3 (1.000): 0.004*"global" + 0.003*"function" + 0.003*"variable" + 0.003*"utility" + 0.003*"variables" + 0.003*"update" + 0.003*"notice" + 0.003*"value" + 0.003*"local" + 0.003*"access"
17:52:56 INFO: topic #4 (1.000): 0.118*"value" + 0.063*"program" + 0.044*"loop" + 0.032*"definition" + 0.022*"bit" + 0.022*"comment" + 0.022*"long" + 0.022*"instance" + 0.022*"define" + 0.022*"execute"
17:52:56 INFO: topic diff=0.171146, rho=0.346410
17:52:56 DEBUG: bound: at document #0
17:52:56 INFO: -5.814 per-word bound, 56.3 perplexity estimate based on a held-out corpus of 3 documents with 186 words
17:52:56 INFO: PROGRESS: pass 4, at document #9/10
17:52:56 DEBUG: performing inference on a chunk of 3 documents
17:52:56 DEBUG: 3/3 documents converged within 2000 iterations
17:52:56 DEBUG: updating topics
17:52:56 INFO: merging changes from 3 documents into a model of 10 documents
17:52:56 INFO: topic #0 (1.000): 0.003*"value" + 0.003*"function" + 0.003*"global" + 0.003*"variable" + 0.003*"=" + 0.003*"define" + 0.003*"execute" + 0.003*"comment" + 0.003*"bit" + 0.003*"instance"
17:52:56 INFO: topic #1 (1.000): 0.096*"variable" + 0.066*"global" + 0.057*"function" + 0.054*"local" + 0.036*"scope" + 0.022*"assignment" + 0.021*"name" + 0.017*"error" + 0.016*"line" + 0.016*"code"
17:52:56 INFO: topic #2 (1.000): 0.108*"f" + 0.108*"var1" + 0.028*"caller" + 0.028*"return" + 0.028*"load" + 0.028*"change" + 0.020*"other" + 0.014*"necessity" + 0.014*"mask" + 0.014*"f(3"
17:52:56 INFO: topic #3 (1.000): 0.003*"global" + 0.003*"function" + 0.003*"variable" + 0.003*"update" + 0.003*"utility" + 0.003*"variables" + 0.003*"notice" + 0.003*"value" + 0.003*"local" + 0.003*"access"
17:52:56 INFO: topic #4 (1.000): 0.110*"value" + 0.052*"program" + 0.044*"loop" + 0.027*"definition" + 0.019*"bit" + 0.019*"instance" + 0.019*"long" + 0.019*"define" + 0.019*"execute" + 0.019*"comment"
17:52:56 INFO: topic diff=0.281991, rho=0.346410
17:52:56 DEBUG: bound: at document #0
17:52:56 INFO: -8.422 per-word bound, 342.9 perplexity estimate based on a held-out corpus of 1 documents with 17 words
17:52:56 INFO: PROGRESS: pass 4, at document #10/10
17:52:56 DEBUG: updating topics
17:52:56 INFO: merging changes from 1 documents into a model of 10 documents
17:52:56 INFO: topic #0 (1.000): 0.003*"value" + 0.003*"function" + 0.003*"global" + 0.003*"variable" + 0.003*"=" + 0.003*"instance" + 0.003*"define" + 0.003*"bit" + 0.003*"long" + 0.003*"comment"
17:52:56 INFO: topic #1 (1.000): 0.089*"variable" + 0.061*"global" + 0.053*"function" + 0.049*"local" + 0.034*"scope" + 0.021*"code" + 0.020*"assignment" + 0.020*"name" + 0.020*"=" + 0.016*"error"
17:52:56 INFO: topic #2 (1.000): 0.093*"f" + 0.093*"var1" + 0.024*"caller" + 0.024*"return" + 0.024*"load" + 0.024*"change" + 0.018*"other" + 0.013*"necessity" + 0.013*"mask" + 0.013*"f(3"
17:52:56 INFO: topic #3 (1.000): 0.003*"global" + 0.003*"function" + 0.003*"variable" + 0.003*"utility" + 0.003*"variables" + 0.003*"notice" + 0.003*"update" + 0.003*"value" + 0.003*"local" + 0.003*"access"
17:52:56 INFO: topic #4 (1.000): 0.164*"value" + 0.049*"bit" + 0.049*"instance" + 0.049*"execute" + 0.049*"long" + 0.049*"define" + 0.049*"comment" + 0.028*"program" + 0.024*"loop" + 0.015*"definition"
17:52:56 INFO: topic diff=0.181348, rho=0.346410
17:52:56 DEBUG: bound: at document #0
17:52:56 DEBUG: bound: at document #3
17:52:56 DEBUG: bound: at document #6
17:52:56 DEBUG: bound: at document #9
17:52:56 INFO: Epoch 4: Perplexity estimate: 51.619170949665
17:52:56 DEBUG: Setting topics to those of the model: LdaModel<num_terms=327, num_topics=5, decay=0.5, chunksize=3>
17:52:56 INFO: Epoch 4: Coherence estimate: -4.333534034916108
17:52:56 DEBUG: bound: at document #0
17:52:56 INFO: -5.705 per-word bound, 52.2 perplexity estimate based on a held-out corpus of 3 documents with 686 words
17:52:56 INFO: PROGRESS: pass 5, at document #3/10
17:52:56 DEBUG: performing inference on a chunk of 3 documents
17:52:56 DEBUG: 3/3 documents converged within 2000 iterations
17:52:56 DEBUG: updating topics
17:52:56 INFO: merging changes from 3 documents into a model of 10 documents
17:52:56 INFO: topic #0 (1.000): 0.003*"value" + 0.003*"function" + 0.003*"global" + 0.003*"variable" + 0.003*"=" + 0.003*"bit" + 0.003*"comment" + 0.003*"define" + 0.003*"execute" + 0.003*"instance"
17:52:56 INFO: topic #1 (1.000): 0.068*"variable" + 0.047*"global" + 0.042*"local" + 0.037*"function" + 0.034*"scope" + 0.024*"name" + 0.021*"assignment" + 0.021*"c" + 0.020*"=" + 0.020*"line"
17:52:56 INFO: topic #2 (1.000): 0.077*"var1" + 0.077*"f" + 0.031*"other" + 0.020*"load" + 0.020*"return" + 0.020*"caller" + 0.020*"change" + 0.011*"problematic" + 0.011*"context" + 0.011*"consistency"
17:52:56 INFO: topic #3 (1.000): 0.003*"global" + 0.003*"function" + 0.003*"variable" + 0.003*"variables" + 0.003*"utility" + 0.003*"update" + 0.003*"notice" + 0.003*"value" + 0.003*"local" + 0.003*"access"
17:52:56 INFO: topic #4 (1.000): 0.148*"value" + 0.040*"bit" + 0.040*"instance" + 0.040*"execute" + 0.040*"define" + 0.040*"long" + 0.040*"comment" + 0.035*"loop" + 0.023*"program" + 0.020*"appropriate"
17:52:56 INFO: topic diff=0.271214, rho=0.327327
17:52:56 DEBUG: bound: at document #0
17:52:56 INFO: -6.810 per-word bound, 112.2 perplexity estimate based on a held-out corpus of 3 documents with 98 words
17:52:56 INFO: PROGRESS: pass 5, at document #6/10
17:52:56 DEBUG: performing inference on a chunk of 3 documents
17:52:56 DEBUG: 3/3 documents converged within 2000 iterations
17:52:56 DEBUG: updating topics
17:52:56 INFO: merging changes from 3 documents into a model of 10 documents
17:52:56 INFO: topic #0 (1.000): 0.003*"value" + 0.003*"function" + 0.003*"global" + 0.003*"variable" + 0.003*"=" + 0.003*"define" + 0.003*"bit" + 0.003*"long" + 0.003*"comment" + 0.003*"execute"
17:52:56 INFO: topic #1 (1.000): 0.077*"variable" + 0.054*"global" + 0.047*"function" + 0.044*"local" + 0.035*"scope" + 0.022*"name" + 0.020*"assignment" + 0.019*"c" + 0.019*"line" + 0.018*"="
17:52:56 INFO: topic #2 (1.000): 0.063*"var1" + 0.063*"f" + 0.026*"other" + 0.017*"load" + 0.017*"caller" + 0.017*"return" + 0.017*"change" + 0.009*"consistency" + 0.009*"context" + 0.009*"developer"
17:52:56 INFO: topic #3 (1.000): 0.003*"global" + 0.003*"function" + 0.003*"variable" + 0.003*"utility" + 0.003*"update" + 0.003*"variables" + 0.003*"notice" + 0.003*"value" + 0.003*"local" + 0.003*"access"
17:52:56 INFO: topic #4 (1.000): 0.120*"value" + 0.062*"program" + 0.043*"loop" + 0.031*"definition" + 0.023*"bit" + 0.023*"comment" + 0.023*"define" + 0.023*"execute" + 0.023*"long" + 0.023*"instance"
17:52:56 INFO: topic diff=0.157051, rho=0.327327
17:52:56 DEBUG: bound: at document #0
17:52:56 INFO: -5.788 per-word bound, 55.3 perplexity estimate based on a held-out corpus of 3 documents with 186 words
17:52:56 INFO: PROGRESS: pass 5, at document #9/10
17:52:56 DEBUG: performing inference on a chunk of 3 documents
17:52:56 DEBUG: 3/3 documents converged within 2000 iterations
17:52:56 DEBUG: updating topics
17:52:56 INFO: merging changes from 3 documents into a model of 10 documents
17:52:56 INFO: topic #0 (1.000): 0.003*"value" + 0.003*"function" + 0.003*"global" + 0.003*"variable" + 0.003*"=" + 0.003*"define" + 0.003*"bit" + 0.003*"comment" + 0.003*"long" + 0.003*"execute"
17:52:56 INFO: topic #1 (1.000): 0.095*"variable" + 0.065*"global" + 0.056*"function" + 0.053*"local" + 0.036*"scope" + 0.022*"assignment" + 0.021*"name" + 0.017*"error" + 0.016*"line" + 0.016*"code"
17:52:56 INFO: topic #2 (1.000): 0.107*"f" + 0.107*"var1" + 0.028*"return" + 0.028*"caller" + 0.028*"load" + 0.028*"change" + 0.020*"other" + 0.014*"idea" + 0.014*"mask" + 0.014*"likely"
17:52:56 INFO: topic #3 (1.000): 0.003*"global" + 0.003*"function" + 0.003*"variable" + 0.003*"notice" + 0.003*"variables" + 0.003*"utility" + 0.003*"update" + 0.003*"value" + 0.003*"local" + 0.003*"access"
17:52:56 INFO: topic #4 (1.000): 0.112*"value" + 0.052*"program" + 0.044*"loop" + 0.027*"definition" + 0.019*"bit" + 0.019*"comment" + 0.019*"long" + 0.019*"execute" + 0.019*"instance" + 0.019*"define"
17:52:56 INFO: topic diff=0.260986, rho=0.327327
17:52:56 DEBUG: bound: at document #0
17:52:56 INFO: -8.394 per-word bound, 336.5 perplexity estimate based on a held-out corpus of 1 documents with 17 words
17:52:56 INFO: PROGRESS: pass 5, at document #10/10
17:52:56 DEBUG: updating topics
17:52:56 INFO: merging changes from 1 documents into a model of 10 documents
17:52:56 INFO: topic #0 (1.000): 0.003*"value" + 0.003*"function" + 0.003*"global" + 0.003*"variable" + 0.003*"=" + 0.003*"bit" + 0.003*"comment" + 0.003*"define" + 0.003*"long" + 0.003*"instance"
17:52:56 INFO: topic #1 (1.000): 0.088*"variable" + 0.060*"global" + 0.052*"function" + 0.049*"local" + 0.034*"scope" + 0.021*"code" + 0.021*"assignment" + 0.020*"name" + 0.019*"=" + 0.016*"error"
17:52:56 INFO: topic #2 (1.000): 0.093*"f" + 0.093*"var1" + 0.024*"return" + 0.024*"caller" + 0.024*"load" + 0.024*"change" + 0.018*"other" + 0.013*"idea" + 0.013*"mask" + 0.013*"likely"
17:52:56 INFO: topic #3 (1.000): 0.003*"global" + 0.003*"function" + 0.003*"variable" + 0.003*"notice" + 0.003*"utility" + 0.003*"update" + 0.003*"variables" + 0.003*"value" + 0.003*"local" + 0.003*"access"
17:52:56 INFO: topic #4 (1.000): 0.163*"value" + 0.048*"bit" + 0.048*"instance" + 0.048*"execute" + 0.048*"define" + 0.048*"long" + 0.048*"comment" + 0.029*"program" + 0.025*"loop" + 0.015*"definition"
17:52:56 INFO: topic diff=0.166115, rho=0.327327
17:52:56 DEBUG: bound: at document #0
17:52:56 DEBUG: bound: at document #3
17:52:56 DEBUG: bound: at document #6
17:52:56 DEBUG: bound: at document #9
17:52:56 INFO: Epoch 5: Perplexity estimate: 51.0639623448891
17:52:56 DEBUG: Setting topics to those of the model: LdaModel<num_terms=327, num_topics=5, decay=0.5, chunksize=3>
17:52:56 INFO: Epoch 5: Coherence estimate: -4.333534034916108
17:52:56 DEBUG: bound: at document #0
17:52:56 INFO: -5.677 per-word bound, 51.2 perplexity estimate based on a held-out corpus of 3 documents with 686 words
17:52:56 INFO: PROGRESS: pass 6, at document #3/10
17:52:56 DEBUG: performing inference on a chunk of 3 documents
17:52:56 DEBUG: 3/3 documents converged within 2000 iterations
17:52:56 DEBUG: updating topics
17:52:56 INFO: merging changes from 3 documents into a model of 10 documents
17:52:56 INFO: topic #0 (1.000): 0.003*"value" + 0.003*"function" + 0.003*"global" + 0.003*"variable" + 0.003*"=" + 0.003*"appropriate" + 0.003*"bit" + 0.003*"comment" + 0.003*"instance" + 0.003*"define"
17:52:56 INFO: topic #1 (1.000): 0.069*"variable" + 0.047*"global" + 0.042*"local" + 0.038*"function" + 0.034*"scope" + 0.024*"name" + 0.021*"assignment" + 0.021*"c" + 0.020*"=" + 0.020*"line"
17:52:56 INFO: topic #2 (1.000): 0.078*"var1" + 0.078*"f" + 0.031*"other" + 0.021*"return" + 0.021*"caller" + 0.021*"load" + 0.021*"change" + 0.011*"likely" + 0.011*"mask" + 0.011*"2.7.6"
17:52:56 INFO: topic #3 (1.000): 0.003*"global" + 0.003*"function" + 0.003*"variable" + 0.003*"variables" + 0.003*"notice" + 0.003*"utility" + 0.003*"update" + 0.003*"value" + 0.003*"access" + 0.003*"local"
17:52:56 INFO: topic #4 (1.000): 0.148*"value" + 0.040*"bit" + 0.040*"comment" + 0.040*"instance" + 0.040*"execute" + 0.040*"define" + 0.040*"long" + 0.035*"loop" + 0.024*"program" + 0.019*"appropriate"
17:52:56 INFO: topic diff=0.251034, rho=0.311086
17:52:56 DEBUG: bound: at document #0
17:52:56 INFO: -6.774 per-word bound, 109.5 perplexity estimate based on a held-out corpus of 3 documents with 98 words
17:52:56 INFO: PROGRESS: pass 6, at document #6/10
17:52:56 DEBUG: performing inference on a chunk of 3 documents
17:52:56 DEBUG: 3/3 documents converged within 2000 iterations
17:52:56 DEBUG: updating topics
17:52:56 INFO: merging changes from 3 documents into a model of 10 documents
17:52:56 INFO: topic #0 (1.000): 0.003*"value" + 0.003*"function" + 0.003*"global" + 0.003*"variable" + 0.003*"notice" + 0.003*"utility" + 0.003*"update" + 0.003*"variables" + 0.003*"=" + 0.003*"appropriate"
17:52:56 INFO: topic #1 (1.000): 0.077*"variable" + 0.054*"global" + 0.046*"function" + 0.044*"local" + 0.035*"scope" + 0.022*"name" + 0.020*"assignment" + 0.019*"c" + 0.019*"line" + 0.018*"="
17:52:56 INFO: topic #2 (1.000): 0.064*"f" + 0.064*"var1" + 0.026*"other" + 0.017*"return" + 0.017*"load" + 0.017*"caller" + 0.017*"change" + 0.010*"idea" + 0.010*"mask" + 0.010*"likely"
17:52:56 INFO: topic #3 (1.000): 0.003*"global" + 0.003*"function" + 0.003*"variables" + 0.003*"update" + 0.003*"notice" + 0.003*"utility" + 0.003*"variable" + 0.003*"value" + 0.003*"access" + 0.003*"local"
17:52:56 INFO: topic #4 (1.000): 0.122*"value" + 0.061*"program" + 0.043*"loop" + 0.031*"definition" + 0.023*"comment" + 0.023*"long" + 0.023*"bit" + 0.023*"instance" + 0.023*"define" + 0.023*"execute"
17:52:56 INFO: topic diff=0.147117, rho=0.311086
17:52:56 DEBUG: bound: at document #0
17:52:56 INFO: -5.768 per-word bound, 54.5 perplexity estimate based on a held-out corpus of 3 documents with 186 words
17:52:56 INFO: PROGRESS: pass 6, at document #9/10
17:52:56 DEBUG: performing inference on a chunk of 3 documents
17:52:56 DEBUG: 3/3 documents converged within 2000 iterations
17:52:56 DEBUG: updating topics
17:52:56 INFO: merging changes from 3 documents into a model of 10 documents
17:52:56 INFO: topic #0 (1.000): 0.003*"value" + 0.003*"function" + 0.003*"global" + 0.003*"variable" + 0.003*"variables" + 0.003*"notice" + 0.003*"utility" + 0.003*"update" + 0.003*"term" + 0.003*"throw"
17:52:56 INFO: topic #1 (1.000): 0.094*"variable" + 0.064*"global" + 0.056*"function" + 0.053*"local" + 0.036*"scope" + 0.022*"assignment" + 0.022*"name" + 0.017*"error" + 0.016*"line" + 0.016*"code"
17:52:56 INFO: topic #2 (1.000): 0.106*"var1" + 0.106*"f" + 0.027*"load" + 0.027*"return" + 0.027*"caller" + 0.027*"change" + 0.020*"other" + 0.014*"idea" + 0.014*"likely" + 0.014*"f(3"
17:52:56 INFO: topic #3 (1.000): 0.003*"global" + 0.003*"function" + 0.003*"update" + 0.003*"notice" + 0.003*"variables" + 0.003*"utility" + 0.003*"variable" + 0.003*"value" + 0.003*"access" + 0.003*"def"
17:52:56 INFO: topic #4 (1.000): 0.114*"value" + 0.052*"program" + 0.043*"loop" + 0.027*"definition" + 0.020*"long" + 0.020*"bit" + 0.020*"instance" + 0.020*"execute" + 0.020*"define" + 0.020*"comment"
17:52:56 INFO: topic diff=0.244608, rho=0.311086
17:52:56 DEBUG: bound: at document #0
17:52:56 INFO: -8.375 per-word bound, 331.9 perplexity estimate based on a held-out corpus of 1 documents with 17 words
17:52:56 INFO: PROGRESS: pass 6, at document #10/10
17:52:56 DEBUG: updating topics
17:52:56 INFO: merging changes from 1 documents into a model of 10 documents
17:52:56 INFO: topic #0 (1.000): 0.003*"value" + 0.003*"function" + 0.003*"solution" + 0.003*"note" + 0.003*"global" + 0.003*"default" + 0.003*"table" + 0.003*"condition" + 0.003*"variable" + 0.003*"variables"
17:52:56 INFO: topic #1 (1.000): 0.088*"variable" + 0.060*"global" + 0.052*"function" + 0.049*"local" + 0.034*"scope" + 0.021*"code" + 0.021*"assignment" + 0.020*"name" + 0.019*"=" + 0.016*"error"
17:52:56 INFO: topic #2 (1.000): 0.093*"f" + 0.093*"var1" + 0.024*"load" + 0.024*"return" + 0.024*"caller" + 0.024*"change" + 0.018*"other" + 0.013*"idea" + 0.013*"f(3" + 0.013*"likely"
17:52:56 INFO: topic #3 (1.000): 0.003*"global" + 0.003*"function" + 0.003*"utility" + 0.003*"update" + 0.003*"notice" + 0.003*"variables" + 0.003*"variable" + 0.003*"solution" + 0.003*"note" + 0.003*"value"
17:52:56 INFO: topic #4 (1.000): 0.162*"value" + 0.047*"bit" + 0.047*"comment" + 0.047*"instance" + 0.047*"execute" + 0.047*"define" + 0.047*"long" + 0.030*"program" + 0.025*"loop" + 0.016*"definition"
17:52:56 INFO: topic diff=0.154333, rho=0.311086
17:52:56 DEBUG: bound: at document #0
17:52:56 DEBUG: bound: at document #3
17:52:56 DEBUG: bound: at document #6
17:52:56 DEBUG: bound: at document #9
17:52:56 INFO: Epoch 6: Perplexity estimate: 50.65173912156343
17:52:56 DEBUG: Setting topics to those of the model: LdaModel<num_terms=327, num_topics=5, decay=0.5, chunksize=3>
17:52:56 INFO: Epoch 6: Coherence estimate: -4.0561013163436925
17:52:56 DEBUG: bound: at document #0
17:52:56 INFO: -5.654 per-word bound, 50.4 perplexity estimate based on a held-out corpus of 3 documents with 686 words
17:52:56 INFO: PROGRESS: pass 7, at document #3/10
17:52:56 DEBUG: performing inference on a chunk of 3 documents
17:52:56 DEBUG: 3/3 documents converged within 2000 iterations
17:52:56 DEBUG: updating topics
17:52:56 INFO: merging changes from 3 documents into a model of 10 documents
17:52:56 INFO: topic #0 (1.000): 0.003*"value" + 0.003*"appropriate" + 0.003*"access" + 0.003*"function" + 0.003*"solution" + 0.003*"note" + 0.003*"global" + 0.003*"default" + 0.003*"table" + 0.003*"condition"
17:52:56 INFO: topic #1 (1.000): 0.069*"variable" + 0.047*"global" + 0.043*"local" + 0.038*"function" + 0.034*"scope" + 0.024*"name" + 0.021*"assignment" + 0.021*"c" + 0.020*"=" + 0.019*"line"
17:52:56 INFO: topic #2 (1.000): 0.079*"var1" + 0.079*"f" + 0.030*"other" + 0.021*"load" + 0.021*"return" + 0.021*"caller" + 0.021*"change" + 0.011*"parameter" + 0.011*"necessity" + 0.011*"mask"
17:52:56 INFO: topic #3 (1.000): 0.003*"global" + 0.003*"function" + 0.003*"access" + 0.003*"appropriate" + 0.003*"utility" + 0.003*"update" + 0.003*"notice" + 0.003*"variables" + 0.003*"variable" + 0.003*"solution"
17:52:56 INFO: topic #4 (1.000): 0.148*"value" + 0.040*"bit" + 0.040*"comment" + 0.040*"long" + 0.040*"execute" + 0.040*"instance" + 0.040*"define" + 0.034*"loop" + 0.025*"program" + 0.019*"appropriate"
17:52:56 INFO: topic diff=0.235168, rho=0.297044
17:52:56 DEBUG: bound: at document #0
17:52:56 INFO: -6.745 per-word bound, 107.3 perplexity estimate based on a held-out corpus of 3 documents with 98 words
17:52:56 INFO: PROGRESS: pass 7, at document #6/10
17:52:56 DEBUG: performing inference on a chunk of 3 documents
17:52:56 DEBUG: 3/3 documents converged within 2000 iterations
17:52:56 DEBUG: updating topics
17:52:56 INFO: merging changes from 3 documents into a model of 10 documents
17:52:56 INFO: topic #0 (1.000): 0.003*"value" + 0.003*"notice" + 0.003*"variables" + 0.003*"utility" + 0.003*"update" + 0.003*"appropriate" + 0.003*"access" + 0.003*"coffee_machine" + 0.003*"force" + 0.003*"start"
17:52:56 INFO: topic #1 (1.000): 0.077*"variable" + 0.054*"global" + 0.046*"function" + 0.045*"local" + 0.035*"scope" + 0.022*"name" + 0.021*"assignment" + 0.019*"c" + 0.019*"line" + 0.018*"="
17:52:56 INFO: topic #2 (1.000): 0.066*"var1" + 0.066*"f" + 0.026*"other" + 0.018*"caller" + 0.018*"return" + 0.018*"load" + 0.018*"change" + 0.010*"end" + 0.010*"f(3" + 0.010*"idea"
17:52:56 INFO: topic #3 (1.000): 0.003*"global" + 0.003*"notice" + 0.003*"update" + 0.003*"utility" + 0.003*"variables" + 0.003*"function" + 0.003*"access" + 0.003*"appropriate" + 0.003*"force" + 0.003*"start"
17:52:56 INFO: topic #4 (1.000): 0.123*"value" + 0.060*"program" + 0.042*"loop" + 0.030*"definition" + 0.024*"define" + 0.024*"bit" + 0.024*"long" + 0.024*"instance" + 0.024*"execute" + 0.024*"comment"
17:52:56 INFO: topic diff=0.139229, rho=0.297044
17:52:56 DEBUG: bound: at document #0
17:52:56 INFO: -5.753 per-word bound, 53.9 perplexity estimate based on a held-out corpus of 3 documents with 186 words
17:52:56 INFO: PROGRESS: pass 7, at document #9/10
17:52:56 DEBUG: performing inference on a chunk of 3 documents
17:52:56 DEBUG: 3/3 documents converged within 2000 iterations
17:52:56 DEBUG: updating topics
17:52:56 INFO: merging changes from 3 documents into a model of 10 documents
17:52:56 INFO: topic #0 (1.000): 0.003*"def" + 0.003*"new_live" + 0.003*"throw" + 0.003*"term" + 0.003*"value" + 0.003*"variables" + 0.003*"utility" + 0.003*"notice" + 0.003*"update" + 0.003*"appropriate"
17:52:56 INFO: topic #1 (1.000): 0.094*"variable" + 0.064*"global" + 0.055*"function" + 0.052*"local" + 0.036*"scope" + 0.022*"assignment" + 0.022*"name" + 0.017*"error" + 0.017*"line" + 0.016*"code"
17:52:56 INFO: topic #2 (1.000): 0.106*"var1" + 0.106*"f" + 0.027*"caller" + 0.027*"return" + 0.027*"load" + 0.027*"change" + 0.020*"other" + 0.014*"likely" + 0.014*"f(3" + 0.014*"end"
17:52:56 INFO: topic #3 (1.000): 0.003*"global" + 0.003*"utility" + 0.003*"update" + 0.003*"variables" + 0.003*"notice" + 0.003*"throw" + 0.003*"term" + 0.003*"new_live" + 0.003*"def" + 0.003*"function"
17:52:56 INFO: topic #4 (1.000): 0.115*"value" + 0.051*"program" + 0.043*"loop" + 0.026*"definition" + 0.021*"long" + 0.021*"bit" + 0.021*"comment" + 0.021*"instance" + 0.021*"define" + 0.021*"execute"
17:52:56 INFO: topic diff=0.231107, rho=0.297044
17:52:56 DEBUG: bound: at document #0
17:52:56 INFO: -8.359 per-word bound, 328.2 perplexity estimate based on a held-out corpus of 1 documents with 17 words
17:52:56 INFO: PROGRESS: pass 7, at document #10/10
17:52:56 DEBUG: updating topics
17:52:56 INFO: merging changes from 1 documents into a model of 10 documents
17:52:56 INFO: topic #0 (1.000): 0.003*"solution" + 0.003*"note" + 0.003*"condition" + 0.003*"default" + 0.003*"table" + 0.003*"term" + 0.003*"throw" + 0.003*"new_live" + 0.003*"def" + 0.003*"value"
17:52:56 INFO: topic #1 (1.000): 0.088*"variable" + 0.060*"global" + 0.052*"function" + 0.049*"local" + 0.034*"scope" + 0.021*"assignment" + 0.020*"code" + 0.020*"name" + 0.019*"=" + 0.016*"error"
17:52:56 INFO: topic #2 (1.000): 0.093*"var1" + 0.093*"f" + 0.024*"load" + 0.024*"caller" + 0.024*"return" + 0.024*"change" + 0.018*"other" + 0.013*"mask" + 0.013*"calculated" + 0.013*"necessity"
17:52:56 INFO: topic #3 (1.000): 0.003*"global" + 0.003*"solution" + 0.003*"note" + 0.003*"condition" + 0.003*"default" + 0.003*"table" + 0.003*"variables" + 0.003*"notice" + 0.003*"utility" + 0.003*"update"
17:52:56 INFO: topic #4 (1.000): 0.161*"value" + 0.047*"define" + 0.047*"bit" + 0.047*"comment" + 0.047*"long" + 0.047*"instance" + 0.047*"execute" + 0.031*"program" + 0.026*"loop" + 0.016*"definition"
17:52:56 INFO: topic diff=0.144952, rho=0.297044
17:52:56 DEBUG: bound: at document #0
17:52:56 DEBUG: bound: at document #3
17:52:56 DEBUG: bound: at document #6
17:52:56 DEBUG: bound: at document #9
17:52:56 INFO: Epoch 7: Perplexity estimate: 50.33079472920203
17:52:56 DEBUG: Setting topics to those of the model: LdaModel<num_terms=327, num_topics=5, decay=0.5, chunksize=3>
17:52:56 INFO: Epoch 7: Coherence estimate: -7.002176766780413
17:52:56 DEBUG: bound: at document #0
17:52:56 INFO: -5.636 per-word bound, 49.7 perplexity estimate based on a held-out corpus of 3 documents with 686 words
17:52:56 INFO: PROGRESS: pass 8, at document #3/10
17:52:56 DEBUG: performing inference on a chunk of 3 documents
17:52:56 DEBUG: 3/3 documents converged within 2000 iterations
17:52:56 DEBUG: updating topics
17:52:56 INFO: merging changes from 3 documents into a model of 10 documents
17:52:56 INFO: topic #0 (1.000): 0.003*"appropriate" + 0.003*"access" + 0.003*"solution" + 0.003*"note" + 0.003*"default" + 0.003*"condition" + 0.003*"table" + 0.003*"value" + 0.003*"def" + 0.003*"throw"
17:52:56 INFO: topic #1 (1.000): 0.070*"variable" + 0.048*"global" + 0.043*"local" + 0.038*"function" + 0.034*"scope" + 0.024*"name" + 0.021*"assignment" + 0.021*"c" + 0.020*"=" + 0.019*"line"
17:52:56 INFO: topic #2 (1.000): 0.079*"f" + 0.079*"var1" + 0.030*"other" + 0.021*"caller" + 0.021*"return" + 0.021*"load" + 0.021*"change" + 0.011*"mask" + 0.011*"problematic" + 0.011*"necessity"
17:52:56 INFO: topic #3 (1.000): 0.003*"appropriate" + 0.003*"access" + 0.003*"global" + 0.003*"solution" + 0.003*"note" + 0.003*"condition" + 0.003*"default" + 0.003*"table" + 0.003*"update" + 0.003*"utility"
17:52:56 INFO: topic #4 (1.000): 0.148*"value" + 0.039*"long" + 0.039*"instance" + 0.039*"execute" + 0.039*"define" + 0.039*"comment" + 0.039*"bit" + 0.034*"loop" + 0.026*"program" + 0.018*"appropriate"
17:52:56 INFO: topic diff=0.222143, rho=0.284747
17:52:56 DEBUG: bound: at document #0
17:52:56 INFO: -6.720 per-word bound, 105.4 perplexity estimate based on a held-out corpus of 3 documents with 98 words
17:52:56 INFO: PROGRESS: pass 8, at document #6/10
17:52:56 DEBUG: performing inference on a chunk of 3 documents
17:52:56 DEBUG: 3/3 documents converged within 2000 iterations
17:52:56 DEBUG: updating topics
17:52:56 INFO: merging changes from 3 documents into a model of 10 documents
17:52:56 INFO: topic #0 (1.000): 0.003*"notice" + 0.003*"variables" + 0.003*"utility" + 0.003*"update" + 0.003*"appropriate" + 0.003*"access" + 0.003*"force" + 0.003*"start" + 0.003*"coffee_machine" + 0.003*"solution"
17:52:56 INFO: topic #1 (1.000): 0.077*"variable" + 0.054*"global" + 0.046*"function" + 0.045*"local" + 0.035*"scope" + 0.022*"name" + 0.021*"assignment" + 0.019*"c" + 0.019*"line" + 0.018*"="
17:52:56 INFO: topic #2 (1.000): 0.067*"var1" + 0.067*"f" + 0.026*"other" + 0.018*"load" + 0.018*"return" + 0.018*"caller" + 0.018*"change" + 0.010*"parameter" + 0.010*"necessity" + 0.010*"mask"
17:52:56 INFO: topic #3 (1.000): 0.003*"utility" + 0.003*"variables" + 0.003*"notice" + 0.003*"update" + 0.003*"appropriate" + 0.003*"access" + 0.003*"global" + 0.003*"start" + 0.003*"force" + 0.003*"coffee_machine"
17:52:56 INFO: topic #4 (1.000): 0.124*"value" + 0.059*"program" + 0.042*"loop" + 0.030*"definition" + 0.024*"instance" + 0.024*"comment" + 0.024*"long" + 0.024*"execute" + 0.024*"bit" + 0.024*"define"
17:52:56 INFO: topic diff=0.132763, rho=0.284747
17:52:56 DEBUG: bound: at document #0
17:52:56 INFO: -5.739 per-word bound, 53.4 perplexity estimate based on a held-out corpus of 3 documents with 186 words
17:52:56 INFO: PROGRESS: pass 8, at document #9/10
17:52:56 DEBUG: performing inference on a chunk of 3 documents
17:52:56 DEBUG: 3/3 documents converged within 2000 iterations
17:52:56 DEBUG: updating topics
17:52:56 INFO: merging changes from 3 documents into a model of 10 documents
17:52:56 INFO: topic #0 (1.000): 0.003*"term" + 0.003*"def" + 0.003*"throw" + 0.003*"new_live" + 0.003*"notice" + 0.003*"variables" + 0.003*"utility" + 0.003*"update" + 0.003*"appropriate" + 0.003*"access"
17:52:56 INFO: topic #1 (1.000): 0.093*"variable" + 0.063*"global" + 0.055*"function" + 0.052*"local" + 0.036*"scope" + 0.022*"assignment" + 0.022*"name" + 0.017*"line" + 0.017*"error" + 0.016*"code"
17:52:56 INFO: topic #2 (1.000): 0.105*"f" + 0.105*"var1" + 0.027*"caller" + 0.027*"load" + 0.027*"return" + 0.027*"change" + 0.021*"other" + 0.014*"mask" + 0.014*"necessity" + 0.014*"likely"
17:52:56 INFO: topic #3 (1.000): 0.003*"def" + 0.003*"throw" + 0.003*"term" + 0.003*"new_live" + 0.003*"variables" + 0.003*"update" + 0.003*"utility" + 0.003*"notice" + 0.003*"appropriate" + 0.003*"access"
17:52:56 INFO: topic #4 (1.000): 0.116*"value" + 0.051*"program" + 0.042*"loop" + 0.026*"definition" + 0.021*"bit" + 0.021*"comment" + 0.021*"instance" + 0.021*"execute" + 0.021*"define" + 0.021*"long"
17:52:56 INFO: topic diff=0.219644, rho=0.284747
17:52:56 DEBUG: bound: at document #0
17:52:56 INFO: -8.345 per-word bound, 325.1 perplexity estimate based on a held-out corpus of 1 documents with 17 words
17:52:56 INFO: PROGRESS: pass 8, at document #10/10
17:52:56 DEBUG: updating topics
17:52:56 INFO: merging changes from 1 documents into a model of 10 documents
17:52:56 INFO: topic #0 (1.000): 0.003*"solution" + 0.003*"note" + 0.003*"condition" + 0.003*"default" + 0.003*"table" + 0.003*"new_live" + 0.003*"term" + 0.003*"throw" + 0.003*"def" + 0.003*"update"
17:52:56 INFO: topic #1 (1.000): 0.087*"variable" + 0.059*"global" + 0.051*"function" + 0.049*"local" + 0.034*"scope" + 0.021*"assignment" + 0.020*"name" + 0.020*"code" + 0.019*"=" + 0.016*"line"
17:52:56 INFO: topic #2 (1.000): 0.093*"var1" + 0.093*"f" + 0.024*"caller" + 0.024*"return" + 0.024*"load" + 0.024*"change" + 0.019*"other" + 0.013*"end" + 0.013*"idea" + 0.013*"likely"
17:52:56 INFO: topic #3 (1.000): 0.003*"solution" + 0.003*"note" + 0.003*"condition" + 0.003*"default" + 0.003*"table" + 0.003*"term" + 0.003*"new_live" + 0.003*"throw" + 0.003*"def" + 0.003*"notice"
17:52:56 INFO: topic #4 (1.000): 0.160*"value" + 0.046*"comment" + 0.046*"bit" + 0.046*"long" + 0.046*"instance" + 0.046*"execute" + 0.046*"define" + 0.031*"program" + 0.026*"loop" + 0.016*"definition"
17:52:56 INFO: topic diff=0.137040, rho=0.284747
17:52:56 DEBUG: bound: at document #0
17:52:56 DEBUG: bound: at document #3
17:52:56 DEBUG: bound: at document #6
17:52:56 DEBUG: bound: at document #9
17:52:56 INFO: Epoch 8: Perplexity estimate: 50.07331048060481
17:52:56 DEBUG: Setting topics to those of the model: LdaModel<num_terms=327, num_topics=5, decay=0.5, chunksize=3>
17:52:56 INFO: Epoch 8: Coherence estimate: -8.091375719258844
17:52:56 DEBUG: bound: at document #0
17:52:56 INFO: -5.621 per-word bound, 49.2 perplexity estimate based on a held-out corpus of 3 documents with 686 words
17:52:56 INFO: PROGRESS: pass 9, at document #3/10
17:52:56 DEBUG: performing inference on a chunk of 3 documents
17:52:56 DEBUG: 3/3 documents converged within 2000 iterations
17:52:56 DEBUG: updating topics
17:52:56 INFO: merging changes from 3 documents into a model of 10 documents
17:52:56 INFO: topic #0 (1.000): 0.003*"appropriate" + 0.003*"access" + 0.003*"solution" + 0.003*"note" + 0.003*"condition" + 0.003*"default" + 0.003*"table" + 0.003*"term" + 0.003*"throw" + 0.003*"def"
17:52:56 INFO: topic #1 (1.000): 0.070*"variable" + 0.048*"global" + 0.043*"local" + 0.039*"function" + 0.034*"scope" + 0.024*"name" + 0.021*"assignment" + 0.021*"c" + 0.020*"=" + 0.019*"line"
17:52:56 INFO: topic #2 (1.000): 0.080*"var1" + 0.080*"f" + 0.030*"other" + 0.021*"caller" + 0.021*"return" + 0.021*"load" + 0.021*"change" + 0.011*"likely" + 0.011*"parameter" + 0.011*"mask"
17:52:56 INFO: topic #3 (1.000): 0.003*"appropriate" + 0.003*"access" + 0.003*"solution" + 0.003*"note" + 0.003*"condition" + 0.003*"default" + 0.003*"table" + 0.003*"term" + 0.003*"new_live" + 0.003*"def"
17:52:56 INFO: topic #4 (1.000): 0.148*"value" + 0.039*"instance" + 0.039*"execute" + 0.039*"define" + 0.039*"bit" + 0.039*"comment" + 0.039*"long" + 0.034*"loop" + 0.027*"program" + 0.018*"appropriate"
17:52:56 INFO: topic diff=0.211005, rho=0.273861
17:52:56 DEBUG: bound: at document #0
17:52:56 INFO: -6.699 per-word bound, 103.9 perplexity estimate based on a held-out corpus of 3 documents with 98 words
17:52:56 INFO: PROGRESS: pass 9, at document #6/10
17:52:56 DEBUG: performing inference on a chunk of 3 documents
17:52:56 DEBUG: 3/3 documents converged within 2000 iterations
17:52:56 DEBUG: updating topics
17:52:56 INFO: merging changes from 3 documents into a model of 10 documents
17:52:56 INFO: topic #0 (1.000): 0.003*"utility" + 0.003*"notice" + 0.003*"update" + 0.003*"variables" + 0.003*"appropriate" + 0.003*"access" + 0.003*"coffee_machine" + 0.003*"start" + 0.003*"force" + 0.003*"solution"
17:52:56 INFO: topic #1 (1.000): 0.077*"variable" + 0.054*"global" + 0.046*"function" + 0.045*"local" + 0.035*"scope" + 0.022*"name" + 0.021*"assignment" + 0.019*"c" + 0.019*"line" + 0.018*"="
17:52:56 INFO: topic #2 (1.000): 0.068*"var1" + 0.068*"f" + 0.026*"other" + 0.018*"caller" + 0.018*"return" + 0.018*"load" + 0.018*"change" + 0.010*"likely" + 0.010*"parameter" + 0.010*"necessity"
17:52:56 INFO: topic #3 (1.000): 0.003*"notice" + 0.003*"utility" + 0.003*"update" + 0.003*"variables" + 0.003*"access" + 0.003*"appropriate" + 0.003*"coffee_machine" + 0.003*"force" + 0.003*"start" + 0.003*"solution"
17:52:56 INFO: topic #4 (1.000): 0.124*"value" + 0.058*"program" + 0.042*"loop" + 0.030*"definition" + 0.024*"bit" + 0.024*"execute" + 0.024*"long" + 0.024*"comment" + 0.024*"instance" + 0.024*"define"
17:52:56 INFO: topic diff=0.127090, rho=0.273861
17:52:56 DEBUG: bound: at document #0
17:52:56 INFO: -5.728 per-word bound, 53.0 perplexity estimate based on a held-out corpus of 3 documents with 186 words
17:52:56 INFO: PROGRESS: pass 9, at document #9/10
17:52:56 DEBUG: performing inference on a chunk of 3 documents
17:52:56 DEBUG: 3/3 documents converged within 2000 iterations
17:52:56 DEBUG: updating topics
17:52:56 INFO: merging changes from 3 documents into a model of 10 documents
17:52:56 INFO: topic #0 (1.000): 0.003*"def" + 0.003*"new_live" + 0.003*"term" + 0.003*"throw" + 0.003*"notice" + 0.003*"utility" + 0.003*"variables" + 0.003*"update" + 0.003*"appropriate" + 0.003*"access"
17:52:56 INFO: topic #1 (1.000): 0.092*"variable" + 0.063*"global" + 0.054*"function" + 0.052*"local" + 0.036*"scope" + 0.022*"assignment" + 0.022*"name" + 0.017*"line" + 0.017*"error" + 0.016*"code"
17:52:56 INFO: topic #2 (1.000): 0.104*"var1" + 0.104*"f" + 0.027*"return" + 0.027*"caller" + 0.027*"load" + 0.027*"change" + 0.021*"other" + 0.014*"parameter" + 0.014*"necessity" + 0.014*"mask"
17:52:56 INFO: topic #3 (1.000): 0.003*"throw" + 0.003*"new_live" + 0.003*"term" + 0.003*"def" + 0.003*"notice" + 0.003*"variables" + 0.003*"update" + 0.003*"utility" + 0.003*"access" + 0.003*"appropriate"
17:52:56 INFO: topic #4 (1.000): 0.117*"value" + 0.051*"program" + 0.042*"loop" + 0.026*"definition" + 0.021*"bit" + 0.021*"long" + 0.021*"execute" + 0.021*"instance" + 0.021*"define" + 0.021*"comment"
17:52:56 INFO: topic diff=0.209711, rho=0.273861
17:52:56 DEBUG: bound: at document #0
17:52:56 INFO: -8.333 per-word bound, 322.4 perplexity estimate based on a held-out corpus of 1 documents with 17 words
17:52:56 INFO: PROGRESS: pass 9, at document #10/10
17:52:56 DEBUG: updating topics
17:52:56 INFO: merging changes from 1 documents into a model of 10 documents
17:52:56 INFO: topic #0 (1.000): 0.003*"solution" + 0.003*"note" + 0.003*"condition" + 0.003*"default" + 0.003*"table" + 0.003*"term" + 0.003*"throw" + 0.003*"def" + 0.003*"new_live" + 0.003*"side"
17:52:56 INFO: topic #1 (1.000): 0.087*"variable" + 0.059*"global" + 0.051*"function" + 0.049*"local" + 0.034*"scope" + 0.021*"assignment" + 0.020*"name" + 0.020*"code" + 0.019*"=" + 0.016*"line"
17:52:56 INFO: topic #2 (1.000): 0.093*"f" + 0.093*"var1" + 0.024*"caller" + 0.024*"return" + 0.024*"load" + 0.024*"change" + 0.019*"other" + 0.013*"end" + 0.013*"likely" + 0.013*"idea"
17:52:56 INFO: topic #3 (1.000): 0.003*"solution" + 0.003*"note" + 0.003*"condition" + 0.003*"default" + 0.003*"table" + 0.003*"new_live" + 0.003*"def" + 0.003*"throw" + 0.003*"term" + 0.003*"utility"
17:52:56 INFO: topic #4 (1.000): 0.159*"value" + 0.045*"comment" + 0.045*"bit" + 0.045*"long" + 0.045*"instance" + 0.045*"execute" + 0.045*"define" + 0.032*"program" + 0.026*"loop" + 0.016*"definition"
17:52:56 INFO: topic diff=0.130211, rho=0.273861
17:52:56 DEBUG: bound: at document #0
17:52:56 DEBUG: bound: at document #3
17:52:56 DEBUG: bound: at document #6
17:52:56 DEBUG: bound: at document #9
17:52:56 INFO: Epoch 9: Perplexity estimate: 49.86231956450626
17:52:56 DEBUG: Setting topics to those of the model: LdaModel<num_terms=327, num_topics=5, decay=0.5, chunksize=3>
17:52:56 INFO: Epoch 9: Coherence estimate: -7.516198968872433
17:52:56 DEBUG: starting a new internal lifecycle event log for LdaModel
17:52:56 INFO: LdaModel lifecycle event {'msg': 'trained LdaModel<num_terms=327, num_topics=5, decay=0.5, chunksize=3> in 0.20s', 'datetime': '2023-03-19T17:52:56.323487', 'gensim': '4.3.1', 'python': '3.9.2 (default, Mar  4 2021, 10:15:47) \n[Clang 10.0.0 (clang-1000.10.44.4)]', 'platform': 'macOS-10.16-x86_64-i386-64bit', 'event': 'created'}
17:52:56 INFO: <<Training Time>>: 0.23682403564453125
17:52:56 INFO: topic #0 (1.000): 0.003*"solution" + 0.003*"note" + 0.003*"condition" + 0.003*"default" + 0.003*"table" + 0.003*"term" + 0.003*"throw" + 0.003*"def" + 0.003*"new_live" + 0.003*"side"
17:52:56 INFO: topic #1 (1.000): 0.087*"variable" + 0.059*"global" + 0.051*"function" + 0.049*"local" + 0.034*"scope" + 0.021*"assignment" + 0.020*"name" + 0.020*"code" + 0.019*"=" + 0.016*"line"
17:52:56 INFO: topic #2 (1.000): 0.093*"f" + 0.093*"var1" + 0.024*"caller" + 0.024*"return" + 0.024*"load" + 0.024*"change" + 0.019*"other" + 0.013*"end" + 0.013*"likely" + 0.013*"idea"
17:52:56 INFO: topic #3 (1.000): 0.003*"solution" + 0.003*"note" + 0.003*"condition" + 0.003*"default" + 0.003*"table" + 0.003*"new_live" + 0.003*"def" + 0.003*"throw" + 0.003*"term" + 0.003*"utility"
17:52:56 INFO: topic #4 (1.000): 0.159*"value" + 0.045*"comment" + 0.045*"bit" + 0.045*"long" + 0.045*"instance" + 0.045*"execute" + 0.045*"define" + 0.032*"program" + 0.026*"loop" + 0.016*"definition"
17:52:56 DEBUG: starting a new internal lifecycle event log for LdaState
17:52:56 INFO: LdaState lifecycle event {'fname_or_handle': 'model/chunksize/chunksize3/model.state', 'separately': 'None', 'sep_limit': 10485760, 'ignore': frozenset(), 'datetime': '2023-03-19T17:52:56.324518', 'gensim': '4.3.1', 'python': '3.9.2 (default, Mar  4 2021, 10:15:47) \n[Clang 10.0.0 (clang-1000.10.44.4)]', 'platform': 'macOS-10.16-x86_64-i386-64bit', 'event': 'saving'}
17:52:56 DEBUG: {'uri': 'model/chunksize/chunksize3/model.state', 'mode': 'wb', 'buffering': -1, 'encoding': None, 'errors': None, 'newline': None, 'closefd': True, 'opener': None, 'compression': 'infer_from_extension', 'transport_params': None}
17:52:56 INFO: saved model/chunksize/chunksize3/model.state
17:52:56 DEBUG: {'uri': 'model/chunksize/chunksize3/model.id2word', 'mode': 'wb', 'buffering': -1, 'encoding': None, 'errors': None, 'newline': None, 'closefd': True, 'opener': None, 'compression': 'infer_from_extension', 'transport_params': None}
17:52:56 INFO: LdaModel lifecycle event {'fname_or_handle': 'model/chunksize/chunksize3/model', 'separately': "['expElogbeta', 'sstats']", 'sep_limit': 10485760, 'ignore': ['state', 'id2word', 'dispatcher'], 'datetime': '2023-03-19T17:52:56.331104', 'gensim': '4.3.1', 'python': '3.9.2 (default, Mar  4 2021, 10:15:47) \n[Clang 10.0.0 (clang-1000.10.44.4)]', 'platform': 'macOS-10.16-x86_64-i386-64bit', 'event': 'saving'}
17:52:56 INFO: storing np array 'expElogbeta' to model/chunksize/chunksize3/model.expElogbeta.npy
17:52:56 INFO: not storing attribute state
17:52:56 INFO: not storing attribute id2word
17:52:56 INFO: not storing attribute dispatcher
17:52:56 DEBUG: {'uri': 'model/chunksize/chunksize3/model', 'mode': 'wb', 'buffering': -1, 'encoding': None, 'errors': None, 'newline': None, 'closefd': True, 'opener': None, 'compression': 'infer_from_extension', 'transport_params': None}
17:52:56 INFO: saved model/chunksize/chunksize3/model
