17:53:13 INFO: ============================================================
17:53:13 INFO: Starts Training Model
17:53:13 INFO: ============================================================
17:53:13 INFO: adding document #0 to Dictionary<0 unique tokens: []>
17:53:13 INFO: built Dictionary<327 unique tokens: ["'", '+', '2.x', '3.x', '=']...> from 10 documents (total 987 corpus positions)
17:53:13 DEBUG: starting a new internal lifecycle event log for Dictionary
17:53:13 INFO: Dictionary lifecycle event {'msg': 'built Dictionary<327 unique tokens: ["\'", \'+\', \'2.x\', \'3.x\', \'=\']...> from 10 documents (total 987 corpus positions)', 'datetime': '2023-03-19T17:53:13.453422', 'gensim': '4.3.1', 'python': '3.9.2 (default, Mar  4 2021, 10:15:47) \n[Clang 10.0.0 (clang-1000.10.44.4)]', 'platform': 'macOS-10.16-x86_64-i386-64bit', 'event': 'created'}
17:53:13 INFO: using serial LDA version on this node
17:53:13 INFO: running online (multi-pass) LDA training, 5 topics, 10 passes over the supplied corpus of 10 documents, updating model once every 5 documents, evaluating perplexity every 5 documents, iterating 2000x with a convergence threshold of 0.001000
17:53:13 DEBUG: bound: at document #0
17:53:13 INFO: -7.523 per-word bound, 183.9 perplexity estimate based on a held-out corpus of 5 documents with 772 words
17:53:13 INFO: PROGRESS: pass 0, at document #5/10
17:53:13 DEBUG: performing inference on a chunk of 5 documents
17:53:13 DEBUG: 5/5 documents converged within 2000 iterations
17:53:13 DEBUG: updating topics
17:53:13 INFO: merging changes from 5 documents into a model of 10 documents
17:53:13 INFO: topic #0 (1.000): 0.057*"variable" + 0.046*"global" + 0.036*"local" + 0.026*"scope" + 0.025*"name" + 0.024*"c" + 0.022*"function" + 0.017*"error" + 0.016*"value" + 0.016*"="
17:53:13 INFO: topic #1 (1.000): 0.093*"variable" + 0.052*"global" + 0.050*"function" + 0.039*"local" + 0.024*"value" + 0.024*"scope" + 0.020*"access" + 0.017*"error" + 0.014*"c" + 0.012*"name"
17:53:13 INFO: topic #2 (1.000): 0.055*"variable" + 0.036*"function" + 0.033*"local" + 0.032*"global" + 0.028*"scope" + 0.023*"name" + 0.019*"c" + 0.018*"num" + 0.017*"line" + 0.016*"assignment"
17:53:13 INFO: topic #3 (1.000): 0.060*"variable" + 0.038*"scope" + 0.038*"local" + 0.036*"global" + 0.031*"function" + 0.024*"assignment" + 0.023*"name" + 0.022*"line" + 0.022*"c" + 0.021*"num"
17:53:13 INFO: topic #4 (1.000): 0.068*"function" + 0.060*"variable" + 0.037*"global" + 0.035*"local" + 0.025*"value" + 0.021*"scope" + 0.020*"access" + 0.016*"program" + 0.014*"assignment" + 0.012*"loop"
17:53:13 INFO: topic diff=3.098240, rho=1.000000
17:53:13 DEBUG: bound: at document #0
17:53:13 INFO: -10.711 per-word bound, 1676.6 perplexity estimate based on a held-out corpus of 5 documents with 215 words
17:53:13 INFO: PROGRESS: pass 0, at document #10/10
17:53:13 DEBUG: performing inference on a chunk of 5 documents
17:53:13 DEBUG: 5/5 documents converged within 2000 iterations
17:53:13 DEBUG: updating topics
17:53:13 INFO: merging changes from 5 documents into a model of 10 documents
17:53:13 INFO: topic #0 (1.000): 0.050*"variable" + 0.049*"global" + 0.034*"local" + 0.022*"scope" + 0.021*"function" + 0.021*"value" + 0.021*"name" + 0.018*"c" + 0.014*"line" + 0.014*"error"
17:53:13 INFO: topic #1 (1.000): 0.123*"variable" + 0.095*"global" + 0.067*"function" + 0.052*"local" + 0.028*"value" + 0.025*"scope" + 0.024*"inside" + 0.020*"f" + 0.020*"var1" + 0.016*"work"
17:53:13 INFO: topic #2 (1.000): 0.050*"variable" + 0.035*"function" + 0.035*"global" + 0.031*"local" + 0.023*"scope" + 0.019*"name" + 0.017*"value" + 0.015*"line" + 0.014*"assignment" + 0.013*"c"
17:53:13 INFO: topic #3 (1.000): 0.068*"variable" + 0.046*"local" + 0.040*"global" + 0.037*"scope" + 0.035*"function" + 0.027*"assignment" + 0.023*"name" + 0.018*"line" + 0.017*"=" + 0.017*"code"
17:53:13 INFO: topic #4 (1.000): 0.079*"function" + 0.059*"variable" + 0.054*"global" + 0.036*"local" + 0.036*"value" + 0.021*"f" + 0.021*"var1" + 0.017*"scope" + 0.015*"inside" + 0.010*"assignment"
17:53:13 INFO: topic diff=2.416138, rho=0.707107
17:53:13 DEBUG: bound: at document #0
17:53:13 DEBUG: bound: at document #5
17:53:13 INFO: Epoch 0: Perplexity estimate: 68.85925244372764
17:53:13 DEBUG: Setting topics to those of the model: LdaModel<num_terms=327, num_topics=5, decay=0.5, chunksize=5>
17:53:13 INFO: Epoch 0: Coherence estimate: -0.7253167572197714
17:53:13 DEBUG: bound: at document #0
17:53:13 INFO: -5.989 per-word bound, 63.5 perplexity estimate based on a held-out corpus of 5 documents with 772 words
17:53:13 INFO: PROGRESS: pass 1, at document #5/10
17:53:13 DEBUG: performing inference on a chunk of 5 documents
17:53:13 DEBUG: 5/5 documents converged within 2000 iterations
17:53:13 DEBUG: updating topics
17:53:13 INFO: merging changes from 5 documents into a model of 10 documents
17:53:13 INFO: topic #0 (1.000): 0.042*"variable" + 0.040*"global" + 0.027*"local" + 0.019*"value" + 0.018*"scope" + 0.018*"function" + 0.017*"name" + 0.014*"c" + 0.012*"error" + 0.012*"line"
17:53:13 INFO: topic #1 (1.000): 0.128*"variable" + 0.082*"function" + 0.081*"global" + 0.049*"local" + 0.035*"value" + 0.026*"scope" + 0.024*"inside" + 0.022*"access" + 0.015*"work" + 0.014*"error"
17:53:13 INFO: topic #2 (1.000): 0.041*"variable" + 0.030*"function" + 0.029*"global" + 0.025*"local" + 0.019*"scope" + 0.015*"value" + 0.015*"name" + 0.012*"line" + 0.012*"assignment" + 0.011*"code"
17:53:13 INFO: topic #3 (1.000): 0.060*"variable" + 0.040*"local" + 0.038*"global" + 0.035*"scope" + 0.030*"function" + 0.025*"name" + 0.022*"assignment" + 0.022*"c" + 0.021*"line" + 0.020*"num"
17:53:13 INFO: topic #4 (1.000): 0.064*"function" + 0.047*"variable" + 0.042*"global" + 0.036*"value" + 0.027*"local" + 0.015*"var1" + 0.015*"f" + 0.013*"loop" + 0.013*"scope" + 0.013*"other"
17:53:13 INFO: topic diff=1.080383, rho=0.500000
17:53:13 DEBUG: bound: at document #0
17:53:13 INFO: -7.114 per-word bound, 138.6 perplexity estimate based on a held-out corpus of 5 documents with 215 words
17:53:13 INFO: PROGRESS: pass 1, at document #10/10
17:53:13 DEBUG: performing inference on a chunk of 5 documents
17:53:13 DEBUG: 5/5 documents converged within 2000 iterations
17:53:13 DEBUG: updating topics
17:53:13 INFO: merging changes from 5 documents into a model of 10 documents
17:53:13 INFO: topic #0 (1.000): 0.034*"global" + 0.032*"variable" + 0.022*"local" + 0.017*"value" + 0.015*"function" + 0.014*"scope" + 0.013*"name" + 0.011*"c" + 0.011*"line" + 0.010*"code"
17:53:13 INFO: topic #1 (1.000): 0.122*"variable" + 0.093*"global" + 0.077*"function" + 0.054*"local" + 0.037*"f" + 0.037*"var1" + 0.026*"value" + 0.026*"scope" + 0.024*"inside" + 0.017*"work"
17:53:13 INFO: topic #2 (1.000): 0.031*"variable" + 0.024*"function" + 0.024*"global" + 0.020*"local" + 0.014*"scope" + 0.013*"value" + 0.012*"name" + 0.011*"line" + 0.009*"assignment" + 0.009*"code"
17:53:13 INFO: topic #3 (1.000): 0.059*"variable" + 0.041*"local" + 0.037*"global" + 0.034*"scope" + 0.029*"function" + 0.026*"name" + 0.024*"assignment" + 0.020*"line" + 0.019*"c" + 0.019*"="
17:53:13 INFO: topic #4 (1.000): 0.055*"value" + 0.051*"function" + 0.037*"global" + 0.030*"variable" + 0.028*"condition" + 0.021*"local" + 0.017*"define" + 0.017*"long" + 0.017*"bit" + 0.017*"comment"
17:53:13 INFO: topic diff=0.962999, rho=0.500000
17:53:13 DEBUG: bound: at document #0
17:53:13 DEBUG: bound: at document #5
17:53:13 INFO: Epoch 1: Perplexity estimate: 52.94118500197102
17:53:13 DEBUG: Setting topics to those of the model: LdaModel<num_terms=327, num_topics=5, decay=0.5, chunksize=5>
17:53:13 INFO: Epoch 1: Coherence estimate: -2.597025926673946
17:53:13 DEBUG: bound: at document #0
17:53:13 INFO: -5.670 per-word bound, 50.9 perplexity estimate based on a held-out corpus of 5 documents with 772 words
17:53:13 INFO: PROGRESS: pass 2, at document #5/10
17:53:13 DEBUG: performing inference on a chunk of 5 documents
17:53:13 DEBUG: 5/5 documents converged within 2000 iterations
17:53:13 DEBUG: updating topics
17:53:13 INFO: merging changes from 5 documents into a model of 10 documents
17:53:13 INFO: topic #0 (1.000): 0.025*"global" + 0.024*"variable" + 0.016*"local" + 0.014*"value" + 0.013*"appropriate" + 0.011*"function" + 0.011*"scope" + 0.010*"name" + 0.008*"c" + 0.008*"line"
17:53:13 INFO: topic #1 (1.000): 0.125*"variable" + 0.083*"function" + 0.081*"global" + 0.049*"local" + 0.032*"value" + 0.027*"scope" + 0.023*"inside" + 0.023*"f" + 0.023*"var1" + 0.020*"access"
17:53:13 INFO: topic #2 (1.000): 0.023*"variable" + 0.018*"function" + 0.018*"global" + 0.014*"local" + 0.011*"scope" + 0.011*"value" + 0.009*"name" + 0.008*"line" + 0.007*"appropriate" + 0.007*"assignment"
17:53:13 INFO: topic #3 (1.000): 0.058*"variable" + 0.039*"local" + 0.038*"global" + 0.034*"scope" + 0.029*"function" + 0.026*"name" + 0.023*"c" + 0.022*"assignment" + 0.021*"line" + 0.020*"num"
17:53:13 INFO: topic #4 (1.000): 0.051*"value" + 0.040*"function" + 0.028*"global" + 0.023*"variable" + 0.020*"condition" + 0.016*"loop" + 0.016*"local" + 0.012*"define" + 0.012*"long" + 0.012*"comment"
17:53:13 INFO: topic diff=0.592115, rho=0.447214
17:53:13 DEBUG: bound: at document #0
17:53:13 INFO: -6.353 per-word bound, 81.7 perplexity estimate based on a held-out corpus of 5 documents with 215 words
17:53:13 INFO: PROGRESS: pass 2, at document #10/10
17:53:13 DEBUG: performing inference on a chunk of 5 documents
17:53:13 DEBUG: 5/5 documents converged within 2000 iterations
17:53:13 DEBUG: updating topics
17:53:13 INFO: merging changes from 5 documents into a model of 10 documents
17:53:13 INFO: topic #0 (1.000): 0.020*"global" + 0.017*"variable" + 0.012*"local" + 0.011*"value" + 0.009*"appropriate" + 0.009*"function" + 0.008*"scope" + 0.008*"name" + 0.007*"line" + 0.006*"c"
17:53:13 INFO: topic #1 (1.000): 0.123*"variable" + 0.093*"global" + 0.080*"function" + 0.054*"local" + 0.038*"f" + 0.038*"var1" + 0.027*"scope" + 0.026*"value" + 0.024*"inside" + 0.017*"work"
17:53:13 INFO: topic #2 (1.000): 0.016*"variable" + 0.014*"global" + 0.013*"function" + 0.011*"local" + 0.008*"value" + 0.008*"scope" + 0.007*"name" + 0.007*"line" + 0.006*"appropriate" + 0.006*"assignment"
17:53:13 INFO: topic #3 (1.000): 0.058*"variable" + 0.041*"local" + 0.037*"global" + 0.033*"scope" + 0.029*"function" + 0.027*"name" + 0.024*"assignment" + 0.021*"line" + 0.020*"c" + 0.019*"="
17:53:13 INFO: topic #4 (1.000): 0.068*"value" + 0.039*"condition" + 0.032*"function" + 0.024*"global" + 0.024*"boss(live" + 0.021*"comment" + 0.021*"define" + 0.021*"long" + 0.021*"bit" + 0.021*"instance"
17:53:13 INFO: topic diff=0.510972, rho=0.447214
17:53:13 DEBUG: bound: at document #0
17:53:13 DEBUG: bound: at document #5
17:53:13 INFO: Epoch 2: Perplexity estimate: 49.273651521498195
17:53:13 DEBUG: Setting topics to those of the model: LdaModel<num_terms=327, num_topics=5, decay=0.5, chunksize=5>
17:53:13 INFO: Epoch 2: Coherence estimate: -4.39820463163507
17:53:13 DEBUG: bound: at document #0
17:53:13 INFO: -5.573 per-word bound, 47.6 perplexity estimate based on a held-out corpus of 5 documents with 772 words
17:53:13 INFO: PROGRESS: pass 3, at document #5/10
17:53:13 DEBUG: performing inference on a chunk of 5 documents
17:53:13 DEBUG: 5/5 documents converged within 2000 iterations
17:53:13 DEBUG: updating topics
17:53:13 INFO: merging changes from 5 documents into a model of 10 documents
17:53:13 INFO: topic #0 (1.000): 0.020*"appropriate" + 0.014*"global" + 0.013*"variable" + 0.009*"local" + 0.008*"value" + 0.007*"function" + 0.006*"scope" + 0.006*"name" + 0.005*"line" + 0.005*"c"
17:53:13 INFO: topic #1 (1.000): 0.124*"variable" + 0.083*"function" + 0.081*"global" + 0.049*"local" + 0.031*"value" + 0.027*"scope" + 0.025*"f" + 0.025*"var1" + 0.023*"inside" + 0.020*"access"
17:53:13 INFO: topic #2 (1.000): 0.012*"variable" + 0.010*"function" + 0.010*"global" + 0.008*"local" + 0.006*"value" + 0.006*"scope" + 0.006*"appropriate" + 0.005*"name" + 0.005*"line" + 0.005*"assignment"
17:53:13 INFO: topic #3 (1.000): 0.058*"variable" + 0.039*"local" + 0.038*"global" + 0.034*"scope" + 0.029*"function" + 0.026*"name" + 0.023*"c" + 0.022*"assignment" + 0.021*"line" + 0.020*"num"
17:53:13 INFO: topic #4 (1.000): 0.062*"value" + 0.028*"condition" + 0.025*"function" + 0.019*"global" + 0.018*"boss(live" + 0.016*"loop" + 0.016*"long" + 0.016*"comment" + 0.016*"define" + 0.016*"execute"
17:53:13 INFO: topic diff=0.340439, rho=0.408248
17:53:13 DEBUG: bound: at document #0
17:53:13 INFO: -6.187 per-word bound, 72.9 perplexity estimate based on a held-out corpus of 5 documents with 215 words
17:53:13 INFO: PROGRESS: pass 3, at document #10/10
17:53:13 DEBUG: performing inference on a chunk of 5 documents
17:53:13 DEBUG: 5/5 documents converged within 2000 iterations
17:53:13 DEBUG: updating topics
17:53:13 INFO: merging changes from 5 documents into a model of 10 documents
17:53:13 INFO: topic #0 (1.000): 0.014*"appropriate" + 0.011*"global" + 0.009*"variable" + 0.007*"local" + 0.007*"value" + 0.005*"function" + 0.005*"scope" + 0.005*"name" + 0.005*"line" + 0.004*"c"
17:53:13 INFO: topic #1 (1.000): 0.122*"variable" + 0.093*"global" + 0.081*"function" + 0.053*"local" + 0.038*"var1" + 0.038*"f" + 0.027*"scope" + 0.026*"value" + 0.024*"inside" + 0.016*"work"
17:53:13 INFO: topic #2 (1.000): 0.009*"variable" + 0.008*"global" + 0.008*"function" + 0.006*"local" + 0.005*"value" + 0.005*"scope" + 0.005*"appropriate" + 0.005*"name" + 0.004*"line" + 0.004*"assignment"
17:53:13 INFO: topic #3 (1.000): 0.058*"variable" + 0.041*"local" + 0.037*"global" + 0.033*"scope" + 0.029*"function" + 0.027*"name" + 0.023*"assignment" + 0.022*"line" + 0.021*"c" + 0.019*"="
17:53:13 INFO: topic #4 (1.000): 0.075*"value" + 0.042*"condition" + 0.033*"boss(live" + 0.022*"long" + 0.022*"comment" + 0.022*"define" + 0.022*"instance" + 0.022*"bit" + 0.022*"execute" + 0.021*"start"
17:53:13 INFO: topic diff=0.306898, rho=0.408248
17:53:13 DEBUG: bound: at document #0
17:53:13 DEBUG: bound: at document #5
17:53:13 INFO: Epoch 3: Perplexity estimate: 47.908186951981804
17:53:13 DEBUG: Setting topics to those of the model: LdaModel<num_terms=327, num_topics=5, decay=0.5, chunksize=5>
17:53:13 INFO: Epoch 3: Coherence estimate: -4.152700603562513
17:53:13 DEBUG: bound: at document #0
17:53:13 INFO: -5.531 per-word bound, 46.2 perplexity estimate based on a held-out corpus of 5 documents with 772 words
17:53:13 INFO: PROGRESS: pass 4, at document #5/10
17:53:13 DEBUG: performing inference on a chunk of 5 documents
17:53:13 DEBUG: 5/5 documents converged within 2000 iterations
17:53:13 DEBUG: updating topics
17:53:13 INFO: merging changes from 5 documents into a model of 10 documents
17:53:13 INFO: topic #0 (1.000): 0.028*"appropriate" + 0.008*"global" + 0.007*"variable" + 0.005*"local" + 0.005*"value" + 0.005*"function" + 0.004*"scope" + 0.004*"name" + 0.004*"line" + 0.004*"c"
17:53:13 INFO: topic #1 (1.000): 0.123*"variable" + 0.083*"function" + 0.082*"global" + 0.049*"local" + 0.031*"value" + 0.028*"scope" + 0.026*"f" + 0.026*"var1" + 0.023*"inside" + 0.020*"access"
17:53:13 INFO: topic #2 (1.000): 0.007*"variable" + 0.006*"global" + 0.006*"function" + 0.005*"local" + 0.004*"value" + 0.004*"scope" + 0.004*"appropriate" + 0.004*"name" + 0.004*"line" + 0.004*"assignment"
17:53:13 INFO: topic #3 (1.000): 0.058*"variable" + 0.040*"local" + 0.038*"global" + 0.034*"scope" + 0.029*"function" + 0.026*"name" + 0.023*"c" + 0.022*"assignment" + 0.022*"line" + 0.020*"num"
17:53:13 INFO: topic #4 (1.000): 0.067*"value" + 0.031*"condition" + 0.025*"boss(live" + 0.017*"comment" + 0.017*"bit" + 0.017*"execute" + 0.017*"long" + 0.017*"instance" + 0.017*"define" + 0.017*"function"
17:53:13 INFO: topic diff=0.224603, rho=0.377964
17:53:13 DEBUG: bound: at document #0
17:53:13 INFO: -6.116 per-word bound, 69.4 perplexity estimate based on a held-out corpus of 5 documents with 215 words
17:53:13 INFO: PROGRESS: pass 4, at document #10/10
17:53:13 DEBUG: performing inference on a chunk of 5 documents
17:53:13 DEBUG: 5/5 documents converged within 2000 iterations
17:53:13 DEBUG: updating topics
17:53:13 INFO: merging changes from 5 documents into a model of 10 documents
17:53:13 INFO: topic #0 (1.000): 0.019*"appropriate" + 0.006*"global" + 0.006*"variable" + 0.005*"local" + 0.005*"value" + 0.004*"function" + 0.004*"scope" + 0.004*"name" + 0.004*"line" + 0.004*"c"
17:53:13 INFO: topic #1 (1.000): 0.122*"variable" + 0.093*"global" + 0.082*"function" + 0.052*"local" + 0.037*"var1" + 0.037*"f" + 0.028*"scope" + 0.026*"value" + 0.024*"inside" + 0.016*"work"
17:53:13 INFO: topic #2 (1.000): 0.005*"variable" + 0.005*"global" + 0.005*"function" + 0.004*"local" + 0.004*"value" + 0.004*"scope" + 0.004*"appropriate" + 0.004*"name" + 0.004*"line" + 0.003*"code"
17:53:13 INFO: topic #3 (1.000): 0.058*"variable" + 0.041*"local" + 0.037*"global" + 0.033*"scope" + 0.029*"function" + 0.027*"name" + 0.023*"assignment" + 0.022*"line" + 0.021*"c" + 0.019*"="
17:53:13 INFO: topic #4 (1.000): 0.077*"value" + 0.042*"condition" + 0.039*"boss(live" + 0.022*"bit" + 0.022*"comment" + 0.022*"define" + 0.022*"long" + 0.022*"instance" + 0.022*"execute" + 0.022*"force"
17:53:13 INFO: topic diff=0.206965, rho=0.377964
17:53:13 DEBUG: bound: at document #0
17:53:13 DEBUG: bound: at document #5
17:53:13 INFO: Epoch 4: Perplexity estimate: 47.34537627706268
17:53:13 DEBUG: Setting topics to those of the model: LdaModel<num_terms=327, num_topics=5, decay=0.5, chunksize=5>
17:53:13 INFO: Epoch 4: Coherence estimate: -4.165023220105756
17:53:13 DEBUG: bound: at document #0
17:53:13 INFO: -5.511 per-word bound, 45.6 perplexity estimate based on a held-out corpus of 5 documents with 772 words
17:53:13 INFO: PROGRESS: pass 5, at document #5/10
17:53:13 DEBUG: performing inference on a chunk of 5 documents
17:53:13 DEBUG: 5/5 documents converged within 2000 iterations
17:53:13 DEBUG: updating topics
17:53:13 INFO: merging changes from 5 documents into a model of 10 documents
17:53:13 INFO: topic #0 (1.000): 0.033*"appropriate" + 0.005*"global" + 0.005*"variable" + 0.004*"local" + 0.004*"value" + 0.004*"function" + 0.003*"scope" + 0.003*"name" + 0.003*"line" + 0.003*"c"
17:53:13 INFO: topic #1 (1.000): 0.122*"variable" + 0.084*"function" + 0.083*"global" + 0.048*"local" + 0.031*"value" + 0.028*"scope" + 0.026*"f" + 0.026*"var1" + 0.023*"inside" + 0.019*"access"
17:53:13 INFO: topic #2 (1.000): 0.005*"variable" + 0.004*"global" + 0.004*"function" + 0.004*"local" + 0.004*"value" + 0.004*"scope" + 0.004*"appropriate" + 0.003*"name" + 0.003*"line" + 0.003*"code"
17:53:13 INFO: topic #3 (1.000): 0.058*"variable" + 0.040*"local" + 0.038*"global" + 0.034*"scope" + 0.029*"function" + 0.027*"name" + 0.023*"c" + 0.022*"assignment" + 0.022*"line" + 0.020*"num"
17:53:13 INFO: topic #4 (1.000): 0.069*"value" + 0.033*"condition" + 0.030*"boss(live" + 0.018*"bit" + 0.018*"comment" + 0.018*"define" + 0.018*"long" + 0.018*"instance" + 0.018*"execute" + 0.017*"force"
17:53:13 INFO: topic diff=0.171737, rho=0.353553
17:53:13 DEBUG: bound: at document #0
17:53:13 INFO: -6.080 per-word bound, 67.6 perplexity estimate based on a held-out corpus of 5 documents with 215 words
17:53:13 INFO: PROGRESS: pass 5, at document #10/10
17:53:13 DEBUG: performing inference on a chunk of 5 documents
17:53:13 DEBUG: 5/5 documents converged within 2000 iterations
17:53:13 DEBUG: updating topics
17:53:13 INFO: merging changes from 5 documents into a model of 10 documents
17:53:13 INFO: topic #0 (1.000): 0.023*"appropriate" + 0.004*"global" + 0.004*"variable" + 0.004*"local" + 0.004*"value" + 0.003*"function" + 0.003*"scope" + 0.003*"name" + 0.003*"line" + 0.003*"c"
17:53:13 INFO: topic #1 (1.000): 0.121*"variable" + 0.093*"global" + 0.082*"function" + 0.052*"local" + 0.037*"var1" + 0.037*"f" + 0.028*"scope" + 0.027*"value" + 0.024*"inside" + 0.016*"work"
17:53:13 INFO: topic #2 (1.000): 0.004*"variable" + 0.004*"global" + 0.004*"function" + 0.004*"local" + 0.003*"value" + 0.003*"scope" + 0.003*"appropriate" + 0.003*"name" + 0.003*"line" + 0.003*"code"
17:53:13 INFO: topic #3 (1.000): 0.058*"variable" + 0.041*"local" + 0.038*"global" + 0.033*"scope" + 0.029*"function" + 0.028*"name" + 0.023*"assignment" + 0.022*"line" + 0.021*"c" + 0.019*"="
17:53:13 INFO: topic #4 (1.000): 0.079*"value" + 0.043*"condition" + 0.041*"boss(live" + 0.022*"bit" + 0.022*"comment" + 0.022*"define" + 0.022*"long" + 0.022*"instance" + 0.022*"execute" + 0.022*"force"
17:53:13 INFO: topic diff=0.156589, rho=0.353553
17:53:13 DEBUG: bound: at document #0
17:53:13 DEBUG: bound: at document #5
17:53:13 INFO: Epoch 5: Perplexity estimate: 47.07420108066185
17:53:13 DEBUG: Setting topics to those of the model: LdaModel<num_terms=327, num_topics=5, decay=0.5, chunksize=5>
17:53:13 INFO: Epoch 5: Coherence estimate: -4.165023220105756
17:53:13 DEBUG: bound: at document #0
17:53:13 INFO: -5.500 per-word bound, 45.3 perplexity estimate based on a held-out corpus of 5 documents with 772 words
17:53:13 INFO: PROGRESS: pass 6, at document #5/10
17:53:13 DEBUG: performing inference on a chunk of 5 documents
17:53:13 DEBUG: 5/5 documents converged within 2000 iterations
17:53:13 DEBUG: updating topics
17:53:13 INFO: merging changes from 5 documents into a model of 10 documents
17:53:13 INFO: topic #0 (1.000): 0.035*"appropriate" + 0.004*"global" + 0.004*"variable" + 0.003*"local" + 0.003*"value" + 0.003*"function" + 0.003*"scope" + 0.003*"name" + 0.003*"line" + 0.003*"c"
17:53:13 INFO: topic #1 (1.000): 0.122*"variable" + 0.084*"function" + 0.083*"global" + 0.048*"local" + 0.031*"value" + 0.028*"scope" + 0.027*"f" + 0.027*"var1" + 0.023*"inside" + 0.019*"access"
17:53:13 INFO: topic #2 (1.000): 0.004*"variable" + 0.004*"global" + 0.004*"function" + 0.003*"local" + 0.003*"value" + 0.003*"scope" + 0.003*"appropriate" + 0.003*"name" + 0.003*"line" + 0.003*"code"
17:53:13 INFO: topic #3 (1.000): 0.058*"variable" + 0.040*"local" + 0.038*"global" + 0.034*"scope" + 0.029*"function" + 0.027*"name" + 0.023*"c" + 0.022*"assignment" + 0.022*"line" + 0.020*"num"
17:53:13 INFO: topic #4 (1.000): 0.070*"value" + 0.034*"condition" + 0.033*"boss(live" + 0.018*"bit" + 0.018*"comment" + 0.018*"define" + 0.018*"long" + 0.018*"instance" + 0.018*"execute" + 0.018*"force"
17:53:13 INFO: topic diff=0.142192, rho=0.333333
17:53:13 DEBUG: bound: at document #0
17:53:13 INFO: -6.058 per-word bound, 66.6 perplexity estimate based on a held-out corpus of 5 documents with 215 words
17:53:13 INFO: PROGRESS: pass 6, at document #10/10
17:53:13 DEBUG: performing inference on a chunk of 5 documents
17:53:13 DEBUG: 5/5 documents converged within 2000 iterations
17:53:13 DEBUG: updating topics
17:53:13 INFO: merging changes from 5 documents into a model of 10 documents
17:53:13 INFO: topic #0 (1.000): 0.025*"appropriate" + 0.004*"global" + 0.003*"variable" + 0.003*"local" + 0.003*"value" + 0.003*"function" + 0.003*"scope" + 0.003*"name" + 0.003*"line" + 0.003*"c"
17:53:13 INFO: topic #1 (1.000): 0.121*"variable" + 0.093*"global" + 0.082*"function" + 0.052*"local" + 0.036*"var1" + 0.036*"f" + 0.028*"scope" + 0.027*"value" + 0.023*"inside" + 0.016*"work"
17:53:13 INFO: topic #2 (1.000): 0.004*"variable" + 0.003*"global" + 0.003*"function" + 0.003*"local" + 0.003*"value" + 0.003*"scope" + 0.003*"appropriate" + 0.003*"name" + 0.003*"line" + 0.003*"code"
17:53:13 INFO: topic #3 (1.000): 0.058*"variable" + 0.041*"local" + 0.038*"global" + 0.033*"scope" + 0.029*"function" + 0.028*"name" + 0.023*"assignment" + 0.022*"line" + 0.021*"c" + 0.019*"="
17:53:13 INFO: topic #4 (1.000): 0.079*"value" + 0.043*"condition" + 0.042*"boss(live" + 0.022*"bit" + 0.022*"comment" + 0.022*"define" + 0.022*"long" + 0.022*"instance" + 0.022*"execute" + 0.022*"force"
17:53:13 INFO: topic diff=0.131088, rho=0.333333
17:53:13 DEBUG: bound: at document #0
17:53:13 DEBUG: bound: at document #5
17:53:13 INFO: Epoch 6: Perplexity estimate: 46.92591192191328
17:53:13 DEBUG: Setting topics to those of the model: LdaModel<num_terms=327, num_topics=5, decay=0.5, chunksize=5>
17:53:13 INFO: Epoch 6: Coherence estimate: -4.165023220105756
17:53:13 DEBUG: bound: at document #0
17:53:13 INFO: -5.493 per-word bound, 45.0 perplexity estimate based on a held-out corpus of 5 documents with 772 words
17:53:13 INFO: PROGRESS: pass 7, at document #5/10
17:53:13 DEBUG: performing inference on a chunk of 5 documents
17:53:13 DEBUG: 5/5 documents converged within 2000 iterations
17:53:13 DEBUG: updating topics
17:53:13 INFO: merging changes from 5 documents into a model of 10 documents
17:53:13 INFO: topic #0 (1.000): 0.036*"appropriate" + 0.003*"global" + 0.003*"variable" + 0.003*"value" + 0.003*"local" + 0.003*"function" + 0.003*"scope" + 0.003*"name" + 0.003*"line" + 0.003*"c"
17:53:13 INFO: topic #1 (1.000): 0.121*"variable" + 0.084*"global" + 0.084*"function" + 0.048*"local" + 0.031*"value" + 0.028*"scope" + 0.027*"f" + 0.027*"var1" + 0.023*"inside" + 0.019*"program"
17:53:13 INFO: topic #2 (1.000): 0.003*"variable" + 0.003*"global" + 0.003*"function" + 0.003*"local" + 0.003*"value" + 0.003*"scope" + 0.003*"appropriate" + 0.003*"name" + 0.003*"line" + 0.003*"code"
17:53:13 INFO: topic #3 (1.000): 0.058*"variable" + 0.040*"local" + 0.038*"global" + 0.034*"scope" + 0.029*"function" + 0.027*"name" + 0.023*"c" + 0.022*"assignment" + 0.022*"line" + 0.020*"num"
17:53:13 INFO: topic #4 (1.000): 0.071*"value" + 0.034*"condition" + 0.034*"boss(live" + 0.018*"define" + 0.018*"instance" + 0.018*"execute" + 0.018*"long" + 0.018*"bit" + 0.018*"comment" + 0.018*"force"
17:53:13 INFO: topic diff=0.123485, rho=0.316228
17:53:13 DEBUG: bound: at document #0
17:53:13 INFO: -6.044 per-word bound, 66.0 perplexity estimate based on a held-out corpus of 5 documents with 215 words
17:53:13 INFO: PROGRESS: pass 7, at document #10/10
17:53:13 DEBUG: performing inference on a chunk of 5 documents
17:53:13 DEBUG: 5/5 documents converged within 2000 iterations
17:53:13 DEBUG: updating topics
17:53:13 INFO: merging changes from 5 documents into a model of 10 documents
17:53:13 INFO: topic #0 (1.000): 0.026*"appropriate" + 0.003*"global" + 0.003*"variable" + 0.003*"value" + 0.003*"local" + 0.003*"function" + 0.003*"scope" + 0.003*"name" + 0.003*"line" + 0.003*"c"
17:53:13 INFO: topic #1 (1.000): 0.121*"variable" + 0.092*"global" + 0.082*"function" + 0.051*"local" + 0.036*"f" + 0.036*"var1" + 0.028*"scope" + 0.027*"value" + 0.023*"inside" + 0.016*"work"
17:53:13 INFO: topic #2 (1.000): 0.003*"variable" + 0.003*"global" + 0.003*"function" + 0.003*"local" + 0.003*"value" + 0.003*"scope" + 0.003*"appropriate" + 0.003*"name" + 0.003*"line" + 0.003*"code"
17:53:13 INFO: topic #3 (1.000): 0.058*"variable" + 0.041*"local" + 0.038*"global" + 0.033*"scope" + 0.029*"function" + 0.028*"name" + 0.023*"assignment" + 0.023*"line" + 0.021*"c" + 0.019*"="
17:53:13 INFO: topic #4 (1.000): 0.079*"value" + 0.043*"condition" + 0.043*"boss(live" + 0.022*"comment" + 0.022*"define" + 0.022*"bit" + 0.022*"instance" + 0.022*"long" + 0.022*"execute" + 0.022*"force"
17:53:13 INFO: topic diff=0.116625, rho=0.316228
17:53:13 DEBUG: bound: at document #0
17:53:13 DEBUG: bound: at document #5
17:53:13 INFO: Epoch 7: Perplexity estimate: 46.83708293686352
17:53:13 DEBUG: Setting topics to those of the model: LdaModel<num_terms=327, num_topics=5, decay=0.5, chunksize=5>
17:53:13 INFO: Epoch 7: Coherence estimate: -4.167112125124627
17:53:13 DEBUG: bound: at document #0
17:53:13 INFO: -5.487 per-word bound, 44.9 perplexity estimate based on a held-out corpus of 5 documents with 772 words
17:53:13 INFO: PROGRESS: pass 8, at document #5/10
17:53:13 DEBUG: performing inference on a chunk of 5 documents
17:53:13 DEBUG: 5/5 documents converged within 2000 iterations
17:53:13 DEBUG: updating topics
17:53:13 INFO: merging changes from 5 documents into a model of 10 documents
17:53:13 INFO: topic #0 (1.000): 0.037*"appropriate" + 0.003*"global" + 0.003*"variable" + 0.003*"value" + 0.003*"local" + 0.003*"function" + 0.003*"scope" + 0.003*"name" + 0.003*"line" + 0.003*"c"
17:53:13 INFO: topic #1 (1.000): 0.121*"variable" + 0.084*"global" + 0.083*"function" + 0.048*"local" + 0.031*"value" + 0.028*"scope" + 0.027*"f" + 0.027*"var1" + 0.022*"inside" + 0.019*"program"
17:53:13 INFO: topic #2 (1.000): 0.003*"variable" + 0.003*"global" + 0.003*"function" + 0.003*"local" + 0.003*"value" + 0.003*"scope" + 0.003*"appropriate" + 0.003*"name" + 0.003*"line" + 0.003*"code"
17:53:13 INFO: topic #3 (1.000): 0.058*"variable" + 0.040*"local" + 0.038*"global" + 0.034*"scope" + 0.029*"function" + 0.027*"name" + 0.023*"c" + 0.022*"assignment" + 0.022*"line" + 0.020*"num"
17:53:13 INFO: topic #4 (1.000): 0.071*"value" + 0.035*"condition" + 0.035*"boss(live" + 0.018*"comment" + 0.018*"define" + 0.018*"bit" + 0.018*"instance" + 0.018*"long" + 0.018*"execute" + 0.018*"force"
17:53:13 INFO: topic diff=0.111248, rho=0.301511
17:53:13 DEBUG: bound: at document #0
17:53:13 INFO: -6.034 per-word bound, 65.5 perplexity estimate based on a held-out corpus of 5 documents with 215 words
17:53:13 INFO: PROGRESS: pass 8, at document #10/10
17:53:13 DEBUG: performing inference on a chunk of 5 documents
17:53:13 DEBUG: 5/5 documents converged within 2000 iterations
17:53:13 DEBUG: updating topics
17:53:13 INFO: merging changes from 5 documents into a model of 10 documents
17:53:13 INFO: topic #0 (1.000): 0.027*"appropriate" + 0.003*"global" + 0.003*"variable" + 0.003*"value" + 0.003*"local" + 0.003*"function" + 0.003*"scope" + 0.003*"name" + 0.003*"line" + 0.003*"c"
17:53:13 INFO: topic #1 (1.000): 0.120*"variable" + 0.092*"global" + 0.082*"function" + 0.051*"local" + 0.035*"f" + 0.035*"var1" + 0.028*"scope" + 0.027*"value" + 0.023*"inside" + 0.016*"work"
17:53:13 INFO: topic #2 (1.000): 0.003*"variable" + 0.003*"global" + 0.003*"function" + 0.003*"local" + 0.003*"value" + 0.003*"scope" + 0.003*"appropriate" + 0.003*"name" + 0.003*"line" + 0.003*"code"
17:53:13 INFO: topic #3 (1.000): 0.058*"variable" + 0.041*"local" + 0.038*"global" + 0.033*"scope" + 0.029*"function" + 0.028*"name" + 0.023*"assignment" + 0.023*"line" + 0.021*"c" + 0.020*"="
17:53:13 INFO: topic #4 (1.000): 0.079*"value" + 0.043*"condition" + 0.043*"boss(live" + 0.022*"comment" + 0.022*"define" + 0.022*"bit" + 0.022*"long" + 0.022*"execute" + 0.022*"instance" + 0.022*"coffee_machine"
17:53:13 INFO: topic diff=0.106815, rho=0.301511
17:53:13 DEBUG: bound: at document #0
17:53:13 DEBUG: bound: at document #5
17:53:13 INFO: Epoch 8: Perplexity estimate: 46.78084764122909
17:53:13 DEBUG: Setting topics to those of the model: LdaModel<num_terms=327, num_topics=5, decay=0.5, chunksize=5>
17:53:13 INFO: Epoch 8: Coherence estimate: -4.167112125124627
17:53:13 DEBUG: bound: at document #0
17:53:13 INFO: -5.483 per-word bound, 44.7 perplexity estimate based on a held-out corpus of 5 documents with 772 words
17:53:13 INFO: PROGRESS: pass 9, at document #5/10
17:53:13 DEBUG: performing inference on a chunk of 5 documents
17:53:13 DEBUG: 5/5 documents converged within 2000 iterations
17:53:13 DEBUG: updating topics
17:53:13 INFO: merging changes from 5 documents into a model of 10 documents
17:53:13 INFO: topic #0 (1.000): 0.037*"appropriate" + 0.003*"global" + 0.003*"variable" + 0.003*"value" + 0.003*"local" + 0.003*"function" + 0.003*"scope" + 0.003*"name" + 0.003*"line" + 0.003*"c"
17:53:13 INFO: topic #1 (1.000): 0.121*"variable" + 0.084*"global" + 0.083*"function" + 0.048*"local" + 0.031*"value" + 0.028*"scope" + 0.027*"f" + 0.027*"var1" + 0.022*"inside" + 0.018*"program"
17:53:13 INFO: topic #2 (1.000): 0.003*"variable" + 0.003*"global" + 0.003*"function" + 0.003*"local" + 0.003*"value" + 0.003*"appropriate" + 0.003*"scope" + 0.003*"name" + 0.003*"line" + 0.003*"code"
17:53:13 INFO: topic #3 (1.000): 0.058*"variable" + 0.040*"local" + 0.038*"global" + 0.034*"scope" + 0.029*"function" + 0.027*"name" + 0.023*"c" + 0.022*"assignment" + 0.022*"line" + 0.020*"num"
17:53:13 INFO: topic #4 (1.000): 0.071*"value" + 0.035*"condition" + 0.035*"boss(live" + 0.019*"comment" + 0.019*"long" + 0.019*"instance" + 0.019*"define" + 0.019*"execute" + 0.019*"bit" + 0.019*"force"
17:53:13 INFO: topic diff=0.102573, rho=0.288675
17:53:13 DEBUG: bound: at document #0
17:53:13 INFO: -6.027 per-word bound, 65.2 perplexity estimate based on a held-out corpus of 5 documents with 215 words
17:53:13 INFO: PROGRESS: pass 9, at document #10/10
17:53:13 DEBUG: performing inference on a chunk of 5 documents
17:53:13 DEBUG: 5/5 documents converged within 2000 iterations
17:53:13 DEBUG: updating topics
17:53:13 INFO: merging changes from 5 documents into a model of 10 documents
17:53:13 INFO: topic #0 (1.000): 0.027*"appropriate" + 0.003*"global" + 0.003*"variable" + 0.003*"value" + 0.003*"local" + 0.003*"function" + 0.003*"scope" + 0.003*"name" + 0.003*"line" + 0.003*"c"
17:53:13 INFO: topic #1 (1.000): 0.120*"variable" + 0.091*"global" + 0.082*"function" + 0.051*"local" + 0.035*"f" + 0.035*"var1" + 0.028*"scope" + 0.027*"value" + 0.023*"inside" + 0.016*"work"
17:53:13 INFO: topic #2 (1.000): 0.003*"variable" + 0.003*"global" + 0.003*"function" + 0.003*"local" + 0.003*"value" + 0.003*"appropriate" + 0.003*"scope" + 0.003*"name" + 0.003*"line" + 0.003*"code"
17:53:13 INFO: topic #3 (1.000): 0.058*"variable" + 0.041*"local" + 0.038*"global" + 0.033*"scope" + 0.029*"function" + 0.028*"name" + 0.023*"assignment" + 0.023*"line" + 0.022*"c" + 0.020*"="
17:53:13 INFO: topic #4 (1.000): 0.079*"value" + 0.043*"condition" + 0.043*"boss(live" + 0.022*"long" + 0.022*"execute" + 0.022*"bit" + 0.022*"define" + 0.022*"instance" + 0.022*"comment" + 0.022*"coffee_machine"
17:53:13 INFO: topic diff=0.099729, rho=0.288675
17:53:13 DEBUG: bound: at document #0
17:53:13 DEBUG: bound: at document #5
17:53:13 INFO: Epoch 9: Perplexity estimate: 46.742780269107506
17:53:13 DEBUG: Setting topics to those of the model: LdaModel<num_terms=327, num_topics=5, decay=0.5, chunksize=5>
17:53:13 INFO: Epoch 9: Coherence estimate: -4.159959067736031
17:53:13 DEBUG: starting a new internal lifecycle event log for LdaModel
17:53:13 INFO: LdaModel lifecycle event {'msg': 'trained LdaModel<num_terms=327, num_topics=5, decay=0.5, chunksize=5> in 0.20s', 'datetime': '2023-03-19T17:53:13.696857', 'gensim': '4.3.1', 'python': '3.9.2 (default, Mar  4 2021, 10:15:47) \n[Clang 10.0.0 (clang-1000.10.44.4)]', 'platform': 'macOS-10.16-x86_64-i386-64bit', 'event': 'created'}
17:53:13 INFO: <<Training Time>>: 0.24617862701416016
17:53:13 INFO: topic #0 (1.000): 0.027*"appropriate" + 0.003*"global" + 0.003*"variable" + 0.003*"value" + 0.003*"local" + 0.003*"function" + 0.003*"scope" + 0.003*"name" + 0.003*"line" + 0.003*"c"
17:53:13 INFO: topic #1 (1.000): 0.120*"variable" + 0.091*"global" + 0.082*"function" + 0.051*"local" + 0.035*"f" + 0.035*"var1" + 0.028*"scope" + 0.027*"value" + 0.023*"inside" + 0.016*"work"
17:53:13 INFO: topic #2 (1.000): 0.003*"variable" + 0.003*"global" + 0.003*"function" + 0.003*"local" + 0.003*"value" + 0.003*"appropriate" + 0.003*"scope" + 0.003*"name" + 0.003*"line" + 0.003*"code"
17:53:13 INFO: topic #3 (1.000): 0.058*"variable" + 0.041*"local" + 0.038*"global" + 0.033*"scope" + 0.029*"function" + 0.028*"name" + 0.023*"assignment" + 0.023*"line" + 0.022*"c" + 0.020*"="
17:53:13 INFO: topic #4 (1.000): 0.079*"value" + 0.043*"condition" + 0.043*"boss(live" + 0.022*"long" + 0.022*"execute" + 0.022*"bit" + 0.022*"define" + 0.022*"instance" + 0.022*"comment" + 0.022*"coffee_machine"
17:53:13 DEBUG: starting a new internal lifecycle event log for LdaState
17:53:13 INFO: LdaState lifecycle event {'fname_or_handle': 'model/chunksize/chunksize5/model.state', 'separately': 'None', 'sep_limit': 10485760, 'ignore': frozenset(), 'datetime': '2023-03-19T17:53:13.697826', 'gensim': '4.3.1', 'python': '3.9.2 (default, Mar  4 2021, 10:15:47) \n[Clang 10.0.0 (clang-1000.10.44.4)]', 'platform': 'macOS-10.16-x86_64-i386-64bit', 'event': 'saving'}
17:53:13 DEBUG: {'uri': 'model/chunksize/chunksize5/model.state', 'mode': 'wb', 'buffering': -1, 'encoding': None, 'errors': None, 'newline': None, 'closefd': True, 'opener': None, 'compression': 'infer_from_extension', 'transport_params': None}
17:53:13 INFO: saved model/chunksize/chunksize5/model.state
17:53:13 DEBUG: {'uri': 'model/chunksize/chunksize5/model.id2word', 'mode': 'wb', 'buffering': -1, 'encoding': None, 'errors': None, 'newline': None, 'closefd': True, 'opener': None, 'compression': 'infer_from_extension', 'transport_params': None}
17:53:13 INFO: LdaModel lifecycle event {'fname_or_handle': 'model/chunksize/chunksize5/model', 'separately': "['expElogbeta', 'sstats']", 'sep_limit': 10485760, 'ignore': ['state', 'dispatcher', 'id2word'], 'datetime': '2023-03-19T17:53:13.701448', 'gensim': '4.3.1', 'python': '3.9.2 (default, Mar  4 2021, 10:15:47) \n[Clang 10.0.0 (clang-1000.10.44.4)]', 'platform': 'macOS-10.16-x86_64-i386-64bit', 'event': 'saving'}
17:53:13 INFO: storing np array 'expElogbeta' to model/chunksize/chunksize5/model.expElogbeta.npy
17:53:13 INFO: not storing attribute state
17:53:13 INFO: not storing attribute dispatcher
17:53:13 INFO: not storing attribute id2word
17:53:13 DEBUG: {'uri': 'model/chunksize/chunksize5/model', 'mode': 'wb', 'buffering': -1, 'encoding': None, 'errors': None, 'newline': None, 'closefd': True, 'opener': None, 'compression': 'infer_from_extension', 'transport_params': None}
17:53:13 INFO: saved model/chunksize/chunksize5/model
