17:53:49 INFO: ============================================================
17:53:49 INFO: Starts Training Model
17:53:49 INFO: ============================================================
17:53:49 INFO: adding document #0 to Dictionary<0 unique tokens: []>
17:53:49 INFO: built Dictionary<327 unique tokens: ["'", '+', '2.x', '3.x', '=']...> from 10 documents (total 987 corpus positions)
17:53:49 DEBUG: starting a new internal lifecycle event log for Dictionary
17:53:49 INFO: Dictionary lifecycle event {'msg': 'built Dictionary<327 unique tokens: ["\'", \'+\', \'2.x\', \'3.x\', \'=\']...> from 10 documents (total 987 corpus positions)', 'datetime': '2023-03-19T17:53:49.026616', 'gensim': '4.3.1', 'python': '3.9.2 (default, Mar  4 2021, 10:15:47) \n[Clang 10.0.0 (clang-1000.10.44.4)]', 'platform': 'macOS-10.16-x86_64-i386-64bit', 'event': 'created'}
17:53:49 INFO: using serial LDA version on this node
17:53:49 INFO: running online (multi-pass) LDA training, 5 topics, 10 passes over the supplied corpus of 10 documents, updating model once every 9 documents, evaluating perplexity every 9 documents, iterating 2000x with a convergence threshold of 0.001000
17:53:49 DEBUG: bound: at document #0
17:53:49 INFO: -8.031 per-word bound, 261.5 perplexity estimate based on a held-out corpus of 9 documents with 970 words
17:53:49 INFO: PROGRESS: pass 0, at document #9/10
17:53:49 DEBUG: performing inference on a chunk of 9 documents
17:53:49 DEBUG: 9/9 documents converged within 2000 iterations
17:53:49 DEBUG: updating topics
17:53:49 INFO: merging changes from 9 documents into a model of 10 documents
17:53:49 INFO: topic #0 (1.000): 0.066*"variable" + 0.040*"local" + 0.039*"global" + 0.033*"scope" + 0.032*"function" + 0.023*"name" + 0.020*"num" + 0.020*"assignment" + 0.019*"c" + 0.016*"line"
17:53:49 INFO: topic #1 (1.000): 0.059*"variable" + 0.041*"local" + 0.037*"function" + 0.036*"scope" + 0.031*"global" + 0.023*"name" + 0.019*"c" + 0.019*"assignment" + 0.017*"line" + 0.016*"="
17:53:49 INFO: topic #2 (1.000): 0.045*"variable" + 0.043*"global" + 0.041*"function" + 0.024*"local" + 0.021*"value" + 0.018*"scope" + 0.016*"assignment" + 0.014*"loop" + 0.011*"life" + 0.011*"name"
17:53:49 INFO: topic #3 (1.000): 0.090*"variable" + 0.065*"global" + 0.054*"function" + 0.045*"local" + 0.031*"scope" + 0.023*"var1" + 0.021*"f" + 0.017*"value" + 0.015*"assignment" + 0.015*"name"
17:53:49 INFO: topic #4 (1.000): 0.062*"variable" + 0.054*"global" + 0.036*"local" + 0.033*"function" + 0.022*"scope" + 0.021*"assignment" + 0.021*"line" + 0.020*"c" + 0.018*"name" + 0.018*"="
17:53:49 INFO: topic diff=2.647835, rho=1.000000
17:53:49 DEBUG: bound: at document #0
17:53:49 INFO: -15.753 per-word bound, 55226.5 perplexity estimate based on a held-out corpus of 1 documents with 17 words
17:53:49 INFO: PROGRESS: pass 0, at document #10/10
17:53:49 DEBUG: updating topics
17:53:49 INFO: merging changes from 1 documents into a model of 10 documents
17:53:49 INFO: topic #0 (1.000): 0.044*"variable" + 0.040*"value" + 0.027*"local" + 0.027*"global" + 0.022*"scope" + 0.022*"function" + 0.021*"solution" + 0.020*"=" + 0.019*"code" + 0.016*"side"
17:53:49 INFO: topic #1 (1.000): 0.068*"value" + 0.034*"=" + 0.034*"variable" + 0.033*"code" + 0.030*"condition" + 0.029*"note" + 0.029*"table" + 0.029*"side" + 0.028*"default" + 0.023*"local"
17:53:49 INFO: topic #2 (1.000): 0.072*"value" + 0.027*"bit" + 0.027*"instance" + 0.027*"execute" + 0.027*"define" + 0.027*"long" + 0.027*"comment" + 0.026*"condition" + 0.018*"variable" + 0.017*"global"
17:53:49 INFO: topic #3 (1.000): 0.070*"variable" + 0.051*"global" + 0.042*"function" + 0.036*"local" + 0.030*"value" + 0.024*"scope" + 0.018*"var1" + 0.017*"f" + 0.013*"code" + 0.012*"assignment"
17:53:49 INFO: topic #4 (1.000): 0.043*"variable" + 0.037*"global" + 0.025*"local" + 0.025*"=" + 0.024*"value" + 0.023*"function" + 0.018*"code" + 0.015*"scope" + 0.015*"assignment" + 0.015*"line"
17:53:49 INFO: topic diff=2.008703, rho=0.707107
17:53:49 DEBUG: bound: at document #0
17:53:49 DEBUG: bound: at document #9
17:53:49 INFO: Epoch 0: Perplexity estimate: 116.66409188839653
17:53:49 DEBUG: Setting topics to those of the model: LdaModel<num_terms=327, num_topics=5, decay=0.5, chunksize=9>
17:53:49 INFO: Epoch 0: Coherence estimate: -2.063181938735403
17:53:49 DEBUG: bound: at document #0
17:53:49 INFO: -6.858 per-word bound, 116.0 perplexity estimate based on a held-out corpus of 9 documents with 970 words
17:53:49 INFO: PROGRESS: pass 1, at document #9/10
17:53:49 DEBUG: performing inference on a chunk of 9 documents
17:53:49 DEBUG: 9/9 documents converged within 2000 iterations
17:53:49 DEBUG: updating topics
17:53:49 INFO: merging changes from 9 documents into a model of 10 documents
17:53:49 INFO: topic #0 (1.000): 0.059*"variable" + 0.041*"global" + 0.036*"local" + 0.030*"scope" + 0.026*"function" + 0.024*"num" + 0.024*"name" + 0.022*"c" + 0.020*"assignment" + 0.018*"line"
17:53:49 INFO: topic #1 (1.000): 0.048*"variable" + 0.032*"local" + 0.030*"scope" + 0.026*"global" + 0.026*"value" + 0.026*"function" + 0.024*"=" + 0.021*"code" + 0.020*"name" + 0.019*"c"
17:53:49 INFO: topic #2 (1.000): 0.052*"value" + 0.017*"condition" + 0.017*"comment" + 0.017*"bit" + 0.017*"long" + 0.017*"define" + 0.017*"instance" + 0.017*"execute" + 0.013*"global" + 0.013*"variable"
17:53:49 INFO: topic #3 (1.000): 0.107*"variable" + 0.079*"global" + 0.073*"function" + 0.054*"local" + 0.028*"scope" + 0.027*"var1" + 0.027*"f" + 0.021*"value" + 0.019*"inside" + 0.016*"assignment"
17:53:49 INFO: topic #4 (1.000): 0.039*"variable" + 0.038*"global" + 0.023*"function" + 0.022*"local" + 0.019*"value" + 0.018*"=" + 0.015*"line" + 0.014*"assignment" + 0.013*"code" + 0.013*"scope"
17:53:49 INFO: topic diff=1.454501, rho=0.566947
17:53:49 DEBUG: bound: at document #0
17:53:49 INFO: -9.705 per-word bound, 834.5 perplexity estimate based on a held-out corpus of 1 documents with 17 words
17:53:49 INFO: PROGRESS: pass 1, at document #10/10
17:53:49 DEBUG: updating topics
17:53:49 INFO: merging changes from 1 documents into a model of 10 documents
17:53:49 INFO: topic #0 (1.000): 0.049*"variable" + 0.034*"global" + 0.030*"local" + 0.026*"scope" + 0.022*"function" + 0.021*"num" + 0.020*"name" + 0.019*"c" + 0.017*"assignment" + 0.016*"value"
17:53:49 INFO: topic #1 (1.000): 0.045*"value" + 0.040*"=" + 0.037*"code" + 0.034*"variable" + 0.031*"side" + 0.029*"table" + 0.029*"default" + 0.029*"note" + 0.025*"solution" + 0.023*"local"
17:53:49 INFO: topic #2 (1.000): 0.131*"value" + 0.068*"bit" + 0.068*"comment" + 0.068*"instance" + 0.068*"execute" + 0.068*"define" + 0.068*"long" + 0.043*"condition" + 0.004*"global" + 0.004*"variable"
17:53:49 INFO: topic #3 (1.000): 0.090*"variable" + 0.066*"global" + 0.062*"function" + 0.046*"local" + 0.024*"scope" + 0.023*"var1" + 0.023*"f" + 0.021*"value" + 0.016*"inside" + 0.014*"assignment"
17:53:49 INFO: topic #4 (1.000): 0.025*"variable" + 0.025*"global" + 0.018*"value" + 0.017*"=" + 0.015*"function" + 0.015*"local" + 0.013*"code" + 0.011*"solution" + 0.011*"side" + 0.011*"table"
17:53:49 INFO: topic diff=1.002015, rho=0.566947
17:53:49 DEBUG: bound: at document #0
17:53:49 DEBUG: bound: at document #9
17:53:49 INFO: Epoch 1: Perplexity estimate: 77.36386865265189
17:53:49 DEBUG: Setting topics to those of the model: LdaModel<num_terms=327, num_topics=5, decay=0.5, chunksize=9>
17:53:49 INFO: Epoch 1: Coherence estimate: -2.009714498001428
17:53:49 DEBUG: bound: at document #0
17:53:49 INFO: -6.264 per-word bound, 76.8 perplexity estimate based on a held-out corpus of 9 documents with 970 words
17:53:49 INFO: PROGRESS: pass 2, at document #9/10
17:53:49 DEBUG: performing inference on a chunk of 9 documents
17:53:49 DEBUG: 9/9 documents converged within 2000 iterations
17:53:49 DEBUG: updating topics
17:53:49 INFO: merging changes from 9 documents into a model of 10 documents
17:53:49 INFO: topic #0 (1.000): 0.056*"variable" + 0.044*"global" + 0.035*"local" + 0.028*"scope" + 0.026*"num" + 0.024*"function" + 0.023*"name" + 0.022*"c" + 0.020*"assignment" + 0.019*"line"
17:53:49 INFO: topic #1 (1.000): 0.049*"variable" + 0.032*"local" + 0.030*"scope" + 0.028*"global" + 0.026*"=" + 0.024*"function" + 0.022*"value" + 0.022*"code" + 0.021*"name" + 0.020*"c"
17:53:49 INFO: topic #2 (1.000): 0.109*"value" + 0.049*"define" + 0.049*"bit" + 0.049*"comment" + 0.049*"long" + 0.049*"instance" + 0.049*"execute" + 0.035*"condition" + 0.005*"appropriate" + 0.004*"global"
17:53:49 INFO: topic #3 (1.000): 0.111*"variable" + 0.083*"global" + 0.079*"function" + 0.057*"local" + 0.028*"scope" + 0.027*"var1" + 0.027*"f" + 0.021*"inside" + 0.018*"value" + 0.016*"assignment"
17:53:49 INFO: topic #4 (1.000): 0.019*"global" + 0.018*"variable" + 0.014*"value" + 0.012*"function" + 0.012*"=" + 0.011*"local" + 0.009*"code" + 0.008*"solution" + 0.008*"line" + 0.008*"side"
17:53:49 INFO: topic diff=0.821554, rho=0.493197
17:53:49 DEBUG: bound: at document #0
17:53:49 INFO: -8.376 per-word bound, 332.2 perplexity estimate based on a held-out corpus of 1 documents with 17 words
17:53:49 INFO: PROGRESS: pass 2, at document #10/10
17:53:49 DEBUG: updating topics
17:53:49 INFO: merging changes from 1 documents into a model of 10 documents
17:53:49 INFO: topic #0 (1.000): 0.045*"variable" + 0.036*"global" + 0.028*"local" + 0.023*"scope" + 0.022*"num" + 0.020*"function" + 0.019*"name" + 0.018*"c" + 0.017*"assignment" + 0.016*"line"
17:53:49 INFO: topic #1 (1.000): 0.040*"variable" + 0.038*"=" + 0.034*"code" + 0.028*"side" + 0.026*"local" + 0.025*"value" + 0.025*"table" + 0.025*"scope" + 0.025*"default" + 0.024*"note"
17:53:49 INFO: topic #2 (1.000): 0.171*"value" + 0.069*"bit" + 0.069*"define" + 0.069*"comment" + 0.069*"long" + 0.069*"instance" + 0.069*"execute" + 0.060*"condition" + 0.002*"appropriate" + 0.002*"global"
17:53:49 INFO: topic #3 (1.000): 0.097*"variable" + 0.072*"global" + 0.069*"function" + 0.050*"local" + 0.024*"scope" + 0.024*"var1" + 0.024*"f" + 0.019*"inside" + 0.017*"value" + 0.015*"assignment"
17:53:49 INFO: topic #4 (1.000): 0.012*"global" + 0.012*"variable" + 0.010*"value" + 0.009*"=" + 0.008*"function" + 0.008*"solution" + 0.007*"local" + 0.007*"code" + 0.007*"table" + 0.007*"default"
17:53:49 INFO: topic diff=0.593303, rho=0.493197
17:53:49 DEBUG: bound: at document #0
17:53:49 DEBUG: bound: at document #9
17:53:49 INFO: Epoch 2: Perplexity estimate: 62.48011171760385
17:53:49 DEBUG: Setting topics to those of the model: LdaModel<num_terms=327, num_topics=5, decay=0.5, chunksize=9>
17:53:49 INFO: Epoch 2: Coherence estimate: -2.2498179979651516
17:53:49 DEBUG: bound: at document #0
17:53:49 INFO: -5.951 per-word bound, 61.9 perplexity estimate based on a held-out corpus of 9 documents with 970 words
17:53:49 INFO: PROGRESS: pass 3, at document #9/10
17:53:49 DEBUG: performing inference on a chunk of 9 documents
17:53:49 DEBUG: 9/9 documents converged within 2000 iterations
17:53:49 DEBUG: updating topics
17:53:49 INFO: merging changes from 9 documents into a model of 10 documents
17:53:49 INFO: topic #0 (1.000): 0.038*"variable" + 0.031*"global" + 0.024*"local" + 0.019*"scope" + 0.018*"num" + 0.018*"function" + 0.016*"name" + 0.015*"c" + 0.014*"line" + 0.014*"assignment"
17:53:49 INFO: topic #1 (1.000): 0.051*"variable" + 0.033*"local" + 0.031*"global" + 0.031*"scope" + 0.025*"=" + 0.024*"function" + 0.023*"name" + 0.021*"code" + 0.021*"c" + 0.019*"line"
17:53:49 INFO: topic #2 (1.000): 0.150*"value" + 0.054*"bit" + 0.054*"define" + 0.054*"comment" + 0.054*"long" + 0.054*"instance" + 0.054*"execute" + 0.053*"condition" + 0.003*"appropriate" + 0.002*"global"
17:53:49 INFO: topic #3 (1.000): 0.112*"variable" + 0.084*"global" + 0.081*"function" + 0.057*"local" + 0.027*"scope" + 0.026*"var1" + 0.026*"f" + 0.022*"inside" + 0.017*"assignment" + 0.016*"value"
17:53:49 INFO: topic #4 (1.000): 0.009*"global" + 0.008*"variable" + 0.007*"value" + 0.007*"=" + 0.006*"function" + 0.006*"solution" + 0.006*"local" + 0.006*"code" + 0.005*"table" + 0.005*"default"
17:53:49 INFO: topic diff=0.558985, rho=0.442326
17:53:49 DEBUG: bound: at document #0
17:53:49 INFO: -7.864 per-word bound, 232.9 perplexity estimate based on a held-out corpus of 1 documents with 17 words
17:53:49 INFO: PROGRESS: pass 3, at document #10/10
17:53:49 DEBUG: updating topics
17:53:49 INFO: merging changes from 1 documents into a model of 10 documents
17:53:49 INFO: topic #0 (1.000): 0.028*"variable" + 0.023*"global" + 0.018*"local" + 0.014*"scope" + 0.013*"num" + 0.013*"function" + 0.012*"name" + 0.011*"c" + 0.011*"line" + 0.011*"assignment"
17:53:49 INFO: topic #1 (1.000): 0.044*"variable" + 0.035*"=" + 0.031*"code" + 0.028*"local" + 0.027*"global" + 0.027*"scope" + 0.025*"side" + 0.022*"table" + 0.022*"default" + 0.021*"note"
17:53:49 INFO: topic #2 (1.000): 0.188*"value" + 0.068*"long" + 0.068*"define" + 0.068*"instance" + 0.068*"execute" + 0.068*"bit" + 0.068*"comment" + 0.067*"condition" + 0.002*"appropriate" + 0.001*"global"
17:53:49 INFO: topic #3 (1.000): 0.100*"variable" + 0.075*"global" + 0.072*"function" + 0.052*"local" + 0.025*"scope" + 0.024*"var1" + 0.024*"f" + 0.020*"inside" + 0.015*"value" + 0.015*"assignment"
17:53:49 INFO: topic #4 (1.000): 0.006*"global" + 0.006*"variable" + 0.006*"value" + 0.005*"=" + 0.005*"solution" + 0.005*"function" + 0.005*"local" + 0.005*"code" + 0.005*"table" + 0.004*"default"
17:53:49 INFO: topic diff=0.426040, rho=0.442326
17:53:49 DEBUG: bound: at document #0
17:53:49 DEBUG: bound: at document #9
17:53:49 INFO: Epoch 3: Perplexity estimate: 55.865596083854484
17:53:49 DEBUG: Setting topics to those of the model: LdaModel<num_terms=327, num_topics=5, decay=0.5, chunksize=9>
17:53:49 INFO: Epoch 3: Coherence estimate: -2.2750645869780284
17:53:49 DEBUG: bound: at document #0
17:53:49 INFO: -5.788 per-word bound, 55.3 perplexity estimate based on a held-out corpus of 9 documents with 970 words
17:53:49 INFO: PROGRESS: pass 4, at document #9/10
17:53:49 DEBUG: performing inference on a chunk of 9 documents
17:53:49 DEBUG: 9/9 documents converged within 2000 iterations
17:53:49 DEBUG: updating topics
17:53:49 INFO: merging changes from 9 documents into a model of 10 documents
17:53:49 INFO: topic #0 (1.000): 0.022*"variable" + 0.018*"global" + 0.013*"local" + 0.011*"scope" + 0.011*"function" + 0.010*"num" + 0.010*"name" + 0.009*"line" + 0.009*"c" + 0.009*"assignment"
17:53:49 INFO: topic #1 (1.000): 0.052*"variable" + 0.033*"local" + 0.032*"global" + 0.031*"scope" + 0.025*"=" + 0.024*"function" + 0.023*"name" + 0.022*"c" + 0.021*"code" + 0.019*"line"
17:53:49 INFO: topic #2 (1.000): 0.169*"value" + 0.060*"condition" + 0.054*"comment" + 0.054*"long" + 0.054*"instance" + 0.054*"execute" + 0.054*"define" + 0.054*"bit" + 0.002*"appropriate" + 0.002*"global"
17:53:49 INFO: topic #3 (1.000): 0.112*"variable" + 0.084*"global" + 0.081*"function" + 0.058*"local" + 0.027*"scope" + 0.026*"var1" + 0.026*"f" + 0.022*"inside" + 0.017*"assignment" + 0.015*"interpreter"
17:53:49 INFO: topic #4 (1.000): 0.005*"global" + 0.005*"variable" + 0.005*"value" + 0.004*"=" + 0.004*"solution" + 0.004*"function" + 0.004*"local" + 0.004*"code" + 0.004*"table" + 0.004*"default"
17:53:49 INFO: topic diff=0.387004, rho=0.404520
17:53:49 DEBUG: bound: at document #0
17:53:49 INFO: -7.638 per-word bound, 199.2 perplexity estimate based on a held-out corpus of 1 documents with 17 words
17:53:49 INFO: PROGRESS: pass 4, at document #10/10
17:53:49 DEBUG: updating topics
17:53:49 INFO: merging changes from 1 documents into a model of 10 documents
17:53:49 INFO: topic #0 (1.000): 0.015*"variable" + 0.013*"global" + 0.010*"local" + 0.008*"scope" + 0.008*"function" + 0.008*"num" + 0.007*"name" + 0.007*"line" + 0.007*"c" + 0.007*"assignment"
17:53:49 INFO: topic #1 (1.000): 0.046*"variable" + 0.034*"=" + 0.030*"code" + 0.029*"local" + 0.028*"global" + 0.028*"scope" + 0.024*"side" + 0.021*"function" + 0.020*"table" + 0.020*"default"
17:53:49 INFO: topic #2 (1.000): 0.195*"value" + 0.069*"condition" + 0.067*"comment" + 0.067*"instance" + 0.067*"execute" + 0.067*"long" + 0.067*"define" + 0.067*"bit" + 0.001*"appropriate" + 0.001*"global"
17:53:49 INFO: topic #3 (1.000): 0.101*"variable" + 0.077*"global" + 0.074*"function" + 0.052*"local" + 0.025*"scope" + 0.024*"var1" + 0.024*"f" + 0.021*"inside" + 0.015*"assignment" + 0.014*"value"
17:53:49 INFO: topic #4 (1.000): 0.004*"global" + 0.004*"variable" + 0.004*"value" + 0.004*"=" + 0.004*"solution" + 0.004*"function" + 0.004*"local" + 0.004*"code" + 0.004*"table" + 0.004*"default"
17:53:49 INFO: topic diff=0.319188, rho=0.404520
17:53:49 DEBUG: bound: at document #0
17:53:49 DEBUG: bound: at document #9
17:53:49 INFO: Epoch 4: Perplexity estimate: 53.79585065668323
17:53:49 DEBUG: Setting topics to those of the model: LdaModel<num_terms=327, num_topics=5, decay=0.5, chunksize=9>
17:53:49 INFO: Epoch 4: Coherence estimate: -2.2975311252354897
17:53:49 DEBUG: bound: at document #0
17:53:49 INFO: -5.733 per-word bound, 53.2 perplexity estimate based on a held-out corpus of 9 documents with 970 words
17:53:49 INFO: PROGRESS: pass 5, at document #9/10
17:53:49 DEBUG: performing inference on a chunk of 9 documents
17:53:49 DEBUG: 9/9 documents converged within 2000 iterations
17:53:49 DEBUG: updating topics
17:53:49 INFO: merging changes from 9 documents into a model of 10 documents
17:53:49 INFO: topic #0 (1.000): 0.012*"variable" + 0.010*"global" + 0.008*"local" + 0.007*"scope" + 0.006*"function" + 0.006*"num" + 0.006*"name" + 0.006*"line" + 0.006*"c" + 0.005*"assignment"
17:53:49 INFO: topic #1 (1.000): 0.052*"variable" + 0.033*"local" + 0.032*"global" + 0.031*"scope" + 0.025*"=" + 0.024*"function" + 0.023*"name" + 0.022*"c" + 0.022*"code" + 0.020*"line"
17:53:49 INFO: topic #2 (1.000): 0.179*"value" + 0.062*"condition" + 0.055*"bit" + 0.055*"comment" + 0.055*"define" + 0.055*"instance" + 0.055*"long" + 0.055*"execute" + 0.002*"appropriate" + 0.001*"global"
17:53:49 INFO: topic #3 (1.000): 0.111*"variable" + 0.084*"global" + 0.081*"function" + 0.057*"local" + 0.027*"scope" + 0.026*"var1" + 0.026*"f" + 0.023*"inside" + 0.017*"assignment" + 0.016*"interpreter"
17:53:49 INFO: topic #4 (1.000): 0.004*"global" + 0.004*"variable" + 0.004*"value" + 0.004*"=" + 0.004*"solution" + 0.003*"function" + 0.003*"local" + 0.003*"code" + 0.003*"table" + 0.003*"default"
17:53:49 INFO: topic diff=0.290551, rho=0.375000
17:53:49 DEBUG: bound: at document #0
17:53:49 INFO: -7.541 per-word bound, 186.3 perplexity estimate based on a held-out corpus of 1 documents with 17 words
17:53:49 INFO: PROGRESS: pass 5, at document #10/10
17:53:49 DEBUG: updating topics
17:53:49 INFO: merging changes from 1 documents into a model of 10 documents
17:53:49 INFO: topic #0 (1.000): 0.009*"variable" + 0.008*"global" + 0.006*"local" + 0.005*"scope" + 0.005*"function" + 0.005*"num" + 0.005*"name" + 0.005*"line" + 0.005*"c" + 0.005*"assignment"
17:53:49 INFO: topic #1 (1.000): 0.046*"variable" + 0.033*"=" + 0.030*"local" + 0.029*"code" + 0.029*"global" + 0.028*"scope" + 0.023*"side" + 0.021*"function" + 0.021*"name" + 0.019*"table"
17:53:49 INFO: topic #2 (1.000): 0.199*"value" + 0.070*"condition" + 0.066*"comment" + 0.066*"long" + 0.066*"instance" + 0.066*"execute" + 0.066*"define" + 0.066*"bit" + 0.001*"appropriate" + 0.001*"global"
17:53:49 INFO: topic #3 (1.000): 0.102*"variable" + 0.077*"global" + 0.074*"function" + 0.053*"local" + 0.025*"scope" + 0.024*"var1" + 0.024*"f" + 0.021*"inside" + 0.016*"assignment" + 0.015*"interpreter"
17:53:49 INFO: topic #4 (1.000): 0.004*"global" + 0.004*"variable" + 0.003*"value" + 0.003*"=" + 0.003*"solution" + 0.003*"function" + 0.003*"local" + 0.003*"code" + 0.003*"table" + 0.003*"default"
17:53:49 INFO: topic diff=0.251315, rho=0.375000
17:53:49 DEBUG: bound: at document #0
17:53:49 DEBUG: bound: at document #9
17:53:49 INFO: Epoch 5: Perplexity estimate: 52.90360541059756
17:53:49 DEBUG: Setting topics to those of the model: LdaModel<num_terms=327, num_topics=5, decay=0.5, chunksize=9>
17:53:49 INFO: Epoch 5: Coherence estimate: -2.2958000667751643
17:53:49 DEBUG: bound: at document #0
17:53:49 INFO: -5.708 per-word bound, 52.3 perplexity estimate based on a held-out corpus of 9 documents with 970 words
17:53:49 INFO: PROGRESS: pass 6, at document #9/10
17:53:49 DEBUG: performing inference on a chunk of 9 documents
17:53:49 DEBUG: 9/9 documents converged within 2000 iterations
17:53:49 DEBUG: updating topics
17:53:49 INFO: merging changes from 9 documents into a model of 10 documents
17:53:49 INFO: topic #0 (1.000): 0.007*"variable" + 0.006*"global" + 0.005*"local" + 0.005*"scope" + 0.005*"function" + 0.004*"num" + 0.004*"name" + 0.004*"line" + 0.004*"c" + 0.004*"assignment"
17:53:49 INFO: topic #1 (1.000): 0.052*"variable" + 0.033*"local" + 0.032*"global" + 0.031*"scope" + 0.026*"=" + 0.024*"function" + 0.023*"name" + 0.022*"code" + 0.022*"c" + 0.020*"line"
17:53:49 INFO: topic #2 (1.000): 0.184*"value" + 0.063*"condition" + 0.055*"comment" + 0.055*"instance" + 0.055*"execute" + 0.055*"define" + 0.055*"long" + 0.055*"bit" + 0.001*"appropriate" + 0.001*"global"
17:53:49 INFO: topic #3 (1.000): 0.111*"variable" + 0.084*"global" + 0.081*"function" + 0.057*"local" + 0.027*"scope" + 0.026*"var1" + 0.026*"f" + 0.023*"inside" + 0.017*"assignment" + 0.016*"interpreter"
17:53:49 INFO: topic #4 (1.000): 0.003*"global" + 0.003*"variable" + 0.003*"value" + 0.003*"=" + 0.003*"solution" + 0.003*"function" + 0.003*"local" + 0.003*"code" + 0.003*"table" + 0.003*"default"
17:53:49 INFO: topic diff=0.234412, rho=0.351123
17:53:49 DEBUG: bound: at document #0
17:53:49 INFO: -7.496 per-word bound, 180.5 perplexity estimate based on a held-out corpus of 1 documents with 17 words
17:53:49 INFO: PROGRESS: pass 6, at document #10/10
17:53:49 DEBUG: updating topics
17:53:49 INFO: merging changes from 1 documents into a model of 10 documents
17:53:49 INFO: topic #0 (1.000): 0.006*"variable" + 0.005*"global" + 0.004*"local" + 0.004*"scope" + 0.004*"function" + 0.004*"num" + 0.004*"name" + 0.004*"line" + 0.004*"c" + 0.004*"assignment"
17:53:49 INFO: topic #1 (1.000): 0.047*"variable" + 0.033*"=" + 0.030*"local" + 0.029*"global" + 0.029*"code" + 0.028*"scope" + 0.022*"side" + 0.021*"function" + 0.021*"name" + 0.020*"c"
17:53:49 INFO: topic #2 (1.000): 0.201*"value" + 0.070*"condition" + 0.066*"comment" + 0.066*"bit" + 0.066*"long" + 0.066*"instance" + 0.066*"execute" + 0.066*"define" + 0.001*"appropriate" + 0.001*"global"
17:53:49 INFO: topic #3 (1.000): 0.103*"variable" + 0.078*"global" + 0.075*"function" + 0.053*"local" + 0.025*"scope" + 0.024*"var1" + 0.024*"f" + 0.021*"inside" + 0.016*"assignment" + 0.015*"interpreter"
17:53:49 INFO: topic #4 (1.000): 0.003*"global" + 0.003*"variable" + 0.003*"value" + 0.003*"=" + 0.003*"solution" + 0.003*"function" + 0.003*"code" + 0.003*"local" + 0.003*"table" + 0.003*"default"
17:53:49 INFO: topic diff=0.210827, rho=0.351123
17:53:49 DEBUG: bound: at document #0
17:53:49 DEBUG: bound: at document #9
17:53:49 INFO: Epoch 6: Perplexity estimate: 52.42579072499801
17:53:49 DEBUG: Setting topics to those of the model: LdaModel<num_terms=327, num_topics=5, decay=0.5, chunksize=9>
17:53:49 INFO: Epoch 6: Coherence estimate: -2.3065374613453247
17:53:49 DEBUG: bound: at document #0
17:53:49 INFO: -5.694 per-word bound, 51.8 perplexity estimate based on a held-out corpus of 9 documents with 970 words
17:53:49 INFO: PROGRESS: pass 7, at document #9/10
17:53:49 DEBUG: performing inference on a chunk of 9 documents
17:53:49 DEBUG: 9/9 documents converged within 2000 iterations
17:53:49 DEBUG: updating topics
17:53:49 INFO: merging changes from 9 documents into a model of 10 documents
17:53:49 INFO: topic #0 (1.000): 0.005*"variable" + 0.004*"global" + 0.004*"local" + 0.004*"scope" + 0.004*"function" + 0.004*"num" + 0.004*"name" + 0.004*"line" + 0.004*"c" + 0.004*"assignment"
17:53:49 INFO: topic #1 (1.000): 0.052*"variable" + 0.033*"local" + 0.032*"global" + 0.031*"scope" + 0.026*"=" + 0.023*"function" + 0.023*"name" + 0.022*"code" + 0.022*"c" + 0.020*"line"
17:53:49 INFO: topic #2 (1.000): 0.187*"value" + 0.063*"condition" + 0.055*"long" + 0.055*"bit" + 0.055*"comment" + 0.055*"define" + 0.055*"instance" + 0.055*"execute" + 0.001*"appropriate" + 0.001*"global"
17:53:49 INFO: topic #3 (1.000): 0.111*"variable" + 0.084*"global" + 0.081*"function" + 0.057*"local" + 0.027*"scope" + 0.026*"var1" + 0.026*"f" + 0.023*"inside" + 0.017*"assignment" + 0.016*"interpreter"
17:53:49 INFO: topic #4 (1.000): 0.003*"global" + 0.003*"variable" + 0.003*"value" + 0.003*"=" + 0.003*"solution" + 0.003*"function" + 0.003*"code" + 0.003*"local" + 0.003*"table" + 0.003*"default"
17:53:49 INFO: topic diff=0.200194, rho=0.331295
17:53:49 DEBUG: bound: at document #0
17:53:49 INFO: -7.469 per-word bound, 177.2 perplexity estimate based on a held-out corpus of 1 documents with 17 words
17:53:49 INFO: PROGRESS: pass 7, at document #10/10
17:53:49 DEBUG: updating topics
17:53:49 INFO: merging changes from 1 documents into a model of 10 documents
17:53:49 INFO: topic #0 (1.000): 0.004*"variable" + 0.004*"global" + 0.004*"local" + 0.004*"scope" + 0.004*"function" + 0.003*"num" + 0.003*"name" + 0.003*"line" + 0.003*"c" + 0.003*"assignment"
17:53:49 INFO: topic #1 (1.000): 0.047*"variable" + 0.032*"=" + 0.030*"local" + 0.030*"global" + 0.029*"code" + 0.028*"scope" + 0.022*"side" + 0.021*"function" + 0.021*"name" + 0.020*"c"
17:53:49 INFO: topic #2 (1.000): 0.202*"value" + 0.070*"condition" + 0.065*"define" + 0.065*"bit" + 0.065*"comment" + 0.065*"long" + 0.065*"execute" + 0.065*"instance" + 0.001*"appropriate" + 0.001*"global"
17:53:49 INFO: topic #3 (1.000): 0.103*"variable" + 0.078*"global" + 0.075*"function" + 0.053*"local" + 0.025*"scope" + 0.024*"var1" + 0.024*"f" + 0.021*"inside" + 0.016*"assignment" + 0.015*"interpreter"
17:53:49 INFO: topic #4 (1.000): 0.003*"global" + 0.003*"variable" + 0.003*"value" + 0.003*"=" + 0.003*"solution" + 0.003*"function" + 0.003*"code" + 0.003*"local" + 0.003*"table" + 0.003*"default"
17:53:49 INFO: topic diff=0.185144, rho=0.331295
17:53:49 DEBUG: bound: at document #0
17:53:49 DEBUG: bound: at document #9
17:53:49 INFO: Epoch 7: Perplexity estimate: 52.120134365018245
17:53:49 DEBUG: Setting topics to those of the model: LdaModel<num_terms=327, num_topics=5, decay=0.5, chunksize=9>
17:53:49 INFO: Epoch 7: Coherence estimate: -2.3065374613453247
17:53:49 DEBUG: bound: at document #0
17:53:49 INFO: -5.685 per-word bound, 51.5 perplexity estimate based on a held-out corpus of 9 documents with 970 words
17:53:49 INFO: PROGRESS: pass 8, at document #9/10
17:53:49 DEBUG: performing inference on a chunk of 9 documents
17:53:49 DEBUG: 9/9 documents converged within 2000 iterations
17:53:49 DEBUG: updating topics
17:53:49 INFO: merging changes from 9 documents into a model of 10 documents
17:53:49 INFO: topic #0 (1.000): 0.004*"variable" + 0.004*"global" + 0.003*"local" + 0.003*"scope" + 0.003*"function" + 0.003*"num" + 0.003*"name" + 0.003*"line" + 0.003*"c" + 0.003*"assignment"
17:53:49 INFO: topic #1 (1.000): 0.052*"variable" + 0.033*"local" + 0.032*"global" + 0.031*"scope" + 0.026*"=" + 0.023*"function" + 0.023*"name" + 0.022*"code" + 0.022*"c" + 0.020*"line"
17:53:49 INFO: topic #2 (1.000): 0.189*"value" + 0.064*"condition" + 0.055*"long" + 0.055*"bit" + 0.055*"comment" + 0.055*"define" + 0.055*"instance" + 0.055*"execute" + 0.001*"appropriate" + 0.001*"global"
17:53:49 INFO: topic #3 (1.000): 0.111*"variable" + 0.084*"global" + 0.081*"function" + 0.057*"local" + 0.027*"scope" + 0.026*"var1" + 0.026*"f" + 0.022*"inside" + 0.017*"assignment" + 0.016*"interpreter"
17:53:49 INFO: topic #4 (1.000): 0.003*"global" + 0.003*"variable" + 0.003*"value" + 0.003*"=" + 0.003*"solution" + 0.003*"function" + 0.003*"code" + 0.003*"local" + 0.003*"table" + 0.003*"default"
17:53:49 INFO: topic diff=0.178474, rho=0.314485
17:53:49 DEBUG: bound: at document #0
17:53:49 INFO: -7.451 per-word bound, 175.0 perplexity estimate based on a held-out corpus of 1 documents with 17 words
17:53:49 INFO: PROGRESS: pass 8, at document #10/10
17:53:49 DEBUG: updating topics
17:53:49 INFO: merging changes from 1 documents into a model of 10 documents
17:53:49 INFO: topic #0 (1.000): 0.004*"variable" + 0.004*"global" + 0.003*"local" + 0.003*"scope" + 0.003*"function" + 0.003*"num" + 0.003*"name" + 0.003*"line" + 0.003*"c" + 0.003*"assignment"
17:53:49 INFO: topic #1 (1.000): 0.047*"variable" + 0.032*"=" + 0.030*"local" + 0.030*"global" + 0.029*"scope" + 0.028*"code" + 0.022*"side" + 0.022*"function" + 0.021*"name" + 0.020*"c"
17:53:49 INFO: topic #2 (1.000): 0.202*"value" + 0.069*"condition" + 0.065*"comment" + 0.065*"instance" + 0.065*"execute" + 0.065*"long" + 0.065*"define" + 0.065*"bit" + 0.001*"appropriate" + 0.001*"solution"
17:53:49 INFO: topic #3 (1.000): 0.104*"variable" + 0.078*"global" + 0.076*"function" + 0.054*"local" + 0.025*"scope" + 0.024*"var1" + 0.024*"f" + 0.021*"inside" + 0.016*"assignment" + 0.015*"interpreter"
17:53:49 INFO: topic #4 (1.000): 0.003*"global" + 0.003*"variable" + 0.003*"value" + 0.003*"=" + 0.003*"solution" + 0.003*"function" + 0.003*"table" + 0.003*"code" + 0.003*"local" + 0.003*"default"
17:53:49 INFO: topic diff=0.168047, rho=0.314485
17:53:49 DEBUG: bound: at document #0
17:53:49 DEBUG: bound: at document #9
17:53:49 INFO: Epoch 8: Perplexity estimate: 51.896450194055795
17:53:49 DEBUG: Setting topics to those of the model: LdaModel<num_terms=327, num_topics=5, decay=0.5, chunksize=9>
17:53:49 INFO: Epoch 8: Coherence estimate: -1.6290235957145878
17:53:49 DEBUG: bound: at document #0
17:53:49 INFO: -5.678 per-word bound, 51.2 perplexity estimate based on a held-out corpus of 9 documents with 970 words
17:53:49 INFO: PROGRESS: pass 9, at document #9/10
17:53:49 DEBUG: performing inference on a chunk of 9 documents
17:53:49 DEBUG: 9/9 documents converged within 2000 iterations
17:53:49 DEBUG: updating topics
17:53:49 INFO: merging changes from 9 documents into a model of 10 documents
17:53:49 INFO: topic #0 (1.000): 0.003*"variable" + 0.003*"global" + 0.003*"local" + 0.003*"scope" + 0.003*"function" + 0.003*"num" + 0.003*"name" + 0.003*"line" + 0.003*"c" + 0.003*"assignment"
17:53:49 INFO: topic #1 (1.000): 0.052*"variable" + 0.033*"local" + 0.032*"global" + 0.031*"scope" + 0.026*"=" + 0.023*"function" + 0.023*"name" + 0.022*"code" + 0.022*"c" + 0.020*"line"
17:53:49 INFO: topic #2 (1.000): 0.190*"value" + 0.064*"condition" + 0.056*"bit" + 0.056*"long" + 0.056*"instance" + 0.056*"execute" + 0.056*"define" + 0.056*"comment" + 0.001*"appropriate" + 0.001*"solution"
17:53:49 INFO: topic #3 (1.000): 0.111*"variable" + 0.084*"global" + 0.081*"function" + 0.057*"local" + 0.027*"scope" + 0.026*"var1" + 0.026*"f" + 0.022*"inside" + 0.017*"assignment" + 0.016*"interpreter"
17:53:49 INFO: topic #4 (1.000): 0.003*"global" + 0.003*"variable" + 0.003*"value" + 0.003*"=" + 0.003*"solution" + 0.003*"function" + 0.003*"code" + 0.003*"table" + 0.003*"local" + 0.003*"default"
17:53:49 INFO: topic diff=0.163839, rho=0.300000
17:53:49 DEBUG: bound: at document #0
17:53:49 INFO: -7.436 per-word bound, 173.2 perplexity estimate based on a held-out corpus of 1 documents with 17 words
17:53:49 INFO: PROGRESS: pass 9, at document #10/10
17:53:49 DEBUG: updating topics
17:53:49 INFO: merging changes from 1 documents into a model of 10 documents
17:53:49 INFO: topic #0 (1.000): 0.003*"variable" + 0.003*"global" + 0.003*"local" + 0.003*"scope" + 0.003*"function" + 0.003*"num" + 0.003*"name" + 0.003*"line" + 0.003*"c" + 0.003*"assignment"
17:53:49 INFO: topic #1 (1.000): 0.048*"variable" + 0.032*"=" + 0.030*"local" + 0.030*"global" + 0.029*"scope" + 0.028*"code" + 0.022*"function" + 0.021*"side" + 0.021*"name" + 0.020*"c"
17:53:49 INFO: topic #2 (1.000): 0.202*"value" + 0.069*"condition" + 0.065*"long" + 0.065*"instance" + 0.065*"execute" + 0.065*"define" + 0.065*"bit" + 0.065*"comment" + 0.001*"appropriate" + 0.001*"solution"
17:53:49 INFO: topic #3 (1.000): 0.104*"variable" + 0.078*"global" + 0.076*"function" + 0.054*"local" + 0.025*"scope" + 0.024*"var1" + 0.024*"f" + 0.021*"inside" + 0.016*"assignment" + 0.015*"interpreter"
17:53:49 INFO: topic #4 (1.000): 0.003*"global" + 0.003*"variable" + 0.003*"value" + 0.003*"=" + 0.003*"solution" + 0.003*"function" + 0.003*"table" + 0.003*"code" + 0.003*"default" + 0.003*"local"
17:53:49 INFO: topic diff=0.156203, rho=0.300000
17:53:49 DEBUG: bound: at document #0
17:53:49 DEBUG: bound: at document #9
17:53:49 INFO: Epoch 9: Perplexity estimate: 51.71959467782515
17:53:49 DEBUG: Setting topics to those of the model: LdaModel<num_terms=327, num_topics=5, decay=0.5, chunksize=9>
17:53:49 INFO: Epoch 9: Coherence estimate: -1.6305190278773487
17:53:49 DEBUG: starting a new internal lifecycle event log for LdaModel
17:53:49 INFO: LdaModel lifecycle event {'msg': 'trained LdaModel<num_terms=327, num_topics=5, decay=0.5, chunksize=9> in 0.22s', 'datetime': '2023-03-19T17:53:49.278439', 'gensim': '4.3.1', 'python': '3.9.2 (default, Mar  4 2021, 10:15:47) \n[Clang 10.0.0 (clang-1000.10.44.4)]', 'platform': 'macOS-10.16-x86_64-i386-64bit', 'event': 'created'}
17:53:49 INFO: <<Training Time>>: 0.25444889068603516
17:53:49 INFO: topic #0 (1.000): 0.003*"variable" + 0.003*"global" + 0.003*"local" + 0.003*"scope" + 0.003*"function" + 0.003*"num" + 0.003*"name" + 0.003*"line" + 0.003*"c" + 0.003*"assignment"
17:53:49 INFO: topic #1 (1.000): 0.048*"variable" + 0.032*"=" + 0.030*"local" + 0.030*"global" + 0.029*"scope" + 0.028*"code" + 0.022*"function" + 0.021*"side" + 0.021*"name" + 0.020*"c"
17:53:49 INFO: topic #2 (1.000): 0.202*"value" + 0.069*"condition" + 0.065*"long" + 0.065*"instance" + 0.065*"execute" + 0.065*"define" + 0.065*"bit" + 0.065*"comment" + 0.001*"appropriate" + 0.001*"solution"
17:53:49 INFO: topic #3 (1.000): 0.104*"variable" + 0.078*"global" + 0.076*"function" + 0.054*"local" + 0.025*"scope" + 0.024*"var1" + 0.024*"f" + 0.021*"inside" + 0.016*"assignment" + 0.015*"interpreter"
17:53:49 INFO: topic #4 (1.000): 0.003*"global" + 0.003*"variable" + 0.003*"value" + 0.003*"=" + 0.003*"solution" + 0.003*"function" + 0.003*"table" + 0.003*"code" + 0.003*"default" + 0.003*"local"
17:53:49 DEBUG: starting a new internal lifecycle event log for LdaState
17:53:49 INFO: LdaState lifecycle event {'fname_or_handle': 'model/chunksize/chunksize9/model.state', 'separately': 'None', 'sep_limit': 10485760, 'ignore': frozenset(), 'datetime': '2023-03-19T17:53:49.279616', 'gensim': '4.3.1', 'python': '3.9.2 (default, Mar  4 2021, 10:15:47) \n[Clang 10.0.0 (clang-1000.10.44.4)]', 'platform': 'macOS-10.16-x86_64-i386-64bit', 'event': 'saving'}
17:53:49 DEBUG: {'uri': 'model/chunksize/chunksize9/model.state', 'mode': 'wb', 'buffering': -1, 'encoding': None, 'errors': None, 'newline': None, 'closefd': True, 'opener': None, 'compression': 'infer_from_extension', 'transport_params': None}
17:53:49 INFO: saved model/chunksize/chunksize9/model.state
17:53:49 DEBUG: {'uri': 'model/chunksize/chunksize9/model.id2word', 'mode': 'wb', 'buffering': -1, 'encoding': None, 'errors': None, 'newline': None, 'closefd': True, 'opener': None, 'compression': 'infer_from_extension', 'transport_params': None}
17:53:49 INFO: LdaModel lifecycle event {'fname_or_handle': 'model/chunksize/chunksize9/model', 'separately': "['expElogbeta', 'sstats']", 'sep_limit': 10485760, 'ignore': ['dispatcher', 'state', 'id2word'], 'datetime': '2023-03-19T17:53:49.286630', 'gensim': '4.3.1', 'python': '3.9.2 (default, Mar  4 2021, 10:15:47) \n[Clang 10.0.0 (clang-1000.10.44.4)]', 'platform': 'macOS-10.16-x86_64-i386-64bit', 'event': 'saving'}
17:53:49 INFO: storing np array 'expElogbeta' to model/chunksize/chunksize9/model.expElogbeta.npy
17:53:49 INFO: not storing attribute dispatcher
17:53:49 INFO: not storing attribute state
17:53:49 INFO: not storing attribute id2word
17:53:49 DEBUG: {'uri': 'model/chunksize/chunksize9/model', 'mode': 'wb', 'buffering': -1, 'encoding': None, 'errors': None, 'newline': None, 'closefd': True, 'opener': None, 'compression': 'infer_from_extension', 'transport_params': None}
17:53:49 INFO: saved model/chunksize/chunksize9/model
